000 (10650.013.000) 08/31 10:25:39 Job submitted from host: <129.10.52.106:42847>
...
001 (10650.013.000) 08/31 10:25:55 Job executing on host: <10.1.255.244:42701>
...
006 (10650.013.000) 08/31 10:26:03 Image size of job updated: 21700
	10  -  MemoryUsage of job (MB)
	9476  -  ResidentSetSize of job (KB)
...
005 (10650.013.000) 08/31 10:26:03 Job terminated.
	(1) Normal termination (return value 0)
		Usr 0 00:00:00, Sys 0 00:00:00  -  Run Remote Usage
		Usr 0 00:00:00, Sys 0 00:00:00  -  Run Local Usage
		Usr 0 00:00:00, Sys 0 00:00:00  -  Total Remote Usage
		Usr 0 00:00:00, Sys 0 00:00:00  -  Total Local Usage
	0  -  Run Bytes Sent By Job
	0  -  Run Bytes Received By Job
	0  -  Total Bytes Sent By Job
	0  -  Total Bytes Received By Job
	Partitionable Resources :    Usage  Request          
	   Cpus                 :                 1          
	   Disk (KB)            :     7500     7500          
	   Memory (MB)          :       10       10          
...
000 (10652.013.000) 08/31 19:51:14 Job submitted from host: <129.10.52.106:42847>
...
001 (10652.013.000) 08/31 19:51:23 Job executing on host: <10.1.255.244:42701>
...
006 (10652.013.000) 08/31 19:51:31 Image size of job updated: 14004
	2  -  MemoryUsage of job (MB)
	1572  -  ResidentSetSize of job (KB)
...
005 (10652.013.000) 08/31 19:51:31 Job terminated.
	(1) Normal termination (return value 0)
		Usr 0 00:00:00, Sys 0 00:00:00  -  Run Remote Usage
		Usr 0 00:00:00, Sys 0 00:00:00  -  Run Local Usage
		Usr 0 00:00:00, Sys 0 00:00:00  -  Total Remote Usage
		Usr 0 00:00:00, Sys 0 00:00:00  -  Total Local Usage
	0  -  Run Bytes Sent By Job
	0  -  Run Bytes Received By Job
	0  -  Total Bytes Sent By Job
	0  -  Total Bytes Received By Job
	Partitionable Resources :    Usage  Request          
	   Cpus                 :                 1          
	   Disk (KB)            :     7500     7500          
	   Memory (MB)          :        2        2          
...
000 (10654.013.000) 08/31 20:16:53 Job submitted from host: <129.10.52.106:42847>
...
001 (10654.013.000) 08/31 20:16:55 Job executing on host: <10.1.255.248:44088>
...
006 (10654.013.000) 08/31 20:17:03 Image size of job updated: 95284
	0  -  MemoryUsage of job (MB)
	0  -  ResidentSetSize of job (KB)
...
005 (10654.013.000) 08/31 20:17:03 Job terminated.
	(1) Normal termination (return value 0)
		Usr 0 00:00:00, Sys 0 00:00:00  -  Run Remote Usage
		Usr 0 00:00:00, Sys 0 00:00:00  -  Run Local Usage
		Usr 0 00:00:00, Sys 0 00:00:00  -  Total Remote Usage
		Usr 0 00:00:00, Sys 0 00:00:00  -  Total Local Usage
	0  -  Run Bytes Sent By Job
	0  -  Run Bytes Received By Job
	0  -  Total Bytes Sent By Job
	0  -  Total Bytes Received By Job
	Partitionable Resources :    Usage  Request          
	   Cpus                 :                 1          
	   Disk (KB)            :     7500     7500          
	   Memory (MB)          :        0        0          
...
000 (10656.013.000) 08/31 21:02:12 Job submitted from host: <129.10.52.106:42847>
...
001 (10656.013.000) 08/31 21:02:14 Job executing on host: <10.1.255.242:42117>
...
006 (10656.013.000) 08/31 21:02:22 Image size of job updated: 45932
	0  -  MemoryUsage of job (MB)
	0  -  ResidentSetSize of job (KB)
...
005 (10656.013.000) 08/31 21:02:22 Job terminated.
	(1) Normal termination (return value 0)
		Usr 0 00:00:02, Sys 0 00:00:00  -  Run Remote Usage
		Usr 0 00:00:00, Sys 0 00:00:00  -  Run Local Usage
		Usr 0 00:00:02, Sys 0 00:00:00  -  Total Remote Usage
		Usr 0 00:00:00, Sys 0 00:00:00  -  Total Local Usage
	0  -  Run Bytes Sent By Job
	0  -  Run Bytes Received By Job
	0  -  Total Bytes Sent By Job
	0  -  Total Bytes Received By Job
	Partitionable Resources :    Usage  Request          
	   Cpus                 :                 1          
	   Disk (KB)            :     7500     7500          
	   Memory (MB)          :        0        0          
...
000 (10658.013.000) 08/31 21:08:37 Job submitted from host: <129.10.52.106:42847>
...
001 (10658.013.000) 08/31 21:08:56 Job executing on host: <10.1.255.239:44818>
...
006 (10658.013.000) 08/31 21:09:00 Image size of job updated: 7500
	0  -  MemoryUsage of job (MB)
	0  -  ResidentSetSize of job (KB)
...
005 (10658.013.000) 08/31 21:09:00 Job terminated.
	(1) Normal termination (return value 0)
		Usr 0 00:00:00, Sys 0 00:00:00  -  Run Remote Usage
		Usr 0 00:00:00, Sys 0 00:00:00  -  Run Local Usage
		Usr 0 00:00:00, Sys 0 00:00:00  -  Total Remote Usage
		Usr 0 00:00:00, Sys 0 00:00:00  -  Total Local Usage
	0  -  Run Bytes Sent By Job
	0  -  Run Bytes Received By Job
	0  -  Total Bytes Sent By Job
	0  -  Total Bytes Received By Job
	Partitionable Resources :    Usage  Request          
	   Cpus                 :                 1          
	   Disk (KB)            :     7500     7500          
	   Memory (MB)          :        0        0          
...
000 (10660.013.000) 08/31 21:09:35 Job submitted from host: <129.10.52.106:42847>
...
001 (10660.013.000) 08/31 21:09:36 Job executing on host: <10.1.255.246:47592>
...
006 (10660.013.000) 08/31 21:09:45 Image size of job updated: 7500
	3  -  MemoryUsage of job (MB)
	2172  -  ResidentSetSize of job (KB)
...
005 (10660.013.000) 08/31 21:09:45 Job terminated.
	(1) Normal termination (return value 0)
		Usr 0 00:00:00, Sys 0 00:00:00  -  Run Remote Usage
		Usr 0 00:00:00, Sys 0 00:00:00  -  Run Local Usage
		Usr 0 00:00:00, Sys 0 00:00:00  -  Total Remote Usage
		Usr 0 00:00:00, Sys 0 00:00:00  -  Total Local Usage
	0  -  Run Bytes Sent By Job
	0  -  Run Bytes Received By Job
	0  -  Total Bytes Sent By Job
	0  -  Total Bytes Received By Job
	Partitionable Resources :    Usage  Request          
	   Cpus                 :                 1          
	   Disk (KB)            :     7500     7500          
	   Memory (MB)          :        3        3          
...
000 (10662.013.000) 08/31 21:16:12 Job submitted from host: <129.10.52.106:42847>
...
001 (10662.013.000) 08/31 21:16:19 Job executing on host: <10.1.255.243:43504>
...
006 (10662.013.000) 08/31 21:16:28 Image size of job updated: 21436
	9  -  MemoryUsage of job (MB)
	9188  -  ResidentSetSize of job (KB)
...
005 (10662.013.000) 08/31 21:16:28 Job terminated.
	(1) Normal termination (return value 0)
		Usr 0 00:00:00, Sys 0 00:00:00  -  Run Remote Usage
		Usr 0 00:00:00, Sys 0 00:00:00  -  Run Local Usage
		Usr 0 00:00:00, Sys 0 00:00:00  -  Total Remote Usage
		Usr 0 00:00:00, Sys 0 00:00:00  -  Total Local Usage
	0  -  Run Bytes Sent By Job
	0  -  Run Bytes Received By Job
	0  -  Total Bytes Sent By Job
	0  -  Total Bytes Received By Job
	Partitionable Resources :    Usage  Request          
	   Cpus                 :                 1          
	   Disk (KB)            :     7500     7500          
	   Memory (MB)          :        9        9          
...
000 (10664.013.000) 08/31 23:17:37 Job submitted from host: <129.10.52.106:42847>
...
001 (10664.013.000) 08/31 23:17:38 Job executing on host: <10.1.255.246:47592>
...
006 (10664.013.000) 08/31 23:17:46 Image size of job updated: 353840
	0  -  MemoryUsage of job (MB)
	0  -  ResidentSetSize of job (KB)
...
005 (10664.013.000) 08/31 23:17:47 Job terminated.
	(1) Normal termination (return value 1)
		Usr 0 00:00:07, Sys 0 00:00:00  -  Run Remote Usage
		Usr 0 00:00:00, Sys 0 00:00:00  -  Run Local Usage
		Usr 0 00:00:07, Sys 0 00:00:00  -  Total Remote Usage
		Usr 0 00:00:00, Sys 0 00:00:00  -  Total Local Usage
	0  -  Run Bytes Sent By Job
	0  -  Run Bytes Received By Job
	0  -  Total Bytes Sent By Job
	0  -  Total Bytes Received By Job
	Partitionable Resources :    Usage  Request          
	   Cpus                 :                 1          
	   Disk (KB)            :     7500     7500          
	   Memory (MB)          :        0        0          
...
000 (10666.013.000) 08/31 23:29:12 Job submitted from host: <129.10.52.106:42847>
...
001 (10666.013.000) 08/31 23:29:14 Job executing on host: <10.1.255.245:47081>
...
006 (10666.013.000) 08/31 23:29:23 Image size of job updated: 28324
	16  -  MemoryUsage of job (MB)
	16204  -  ResidentSetSize of job (KB)
...
005 (10666.013.000) 08/31 23:29:23 Job terminated.
	(1) Normal termination (return value 0)
		Usr 0 00:00:00, Sys 0 00:00:00  -  Run Remote Usage
		Usr 0 00:00:00, Sys 0 00:00:00  -  Run Local Usage
		Usr 0 00:00:00, Sys 0 00:00:00  -  Total Remote Usage
		Usr 0 00:00:00, Sys 0 00:00:00  -  Total Local Usage
	0  -  Run Bytes Sent By Job
	0  -  Run Bytes Received By Job
	0  -  Total Bytes Sent By Job
	0  -  Total Bytes Received By Job
	Partitionable Resources :    Usage  Request          
	   Cpus                 :                 1          
	   Disk (KB)            :     7500     7500          
	   Memory (MB)          :       16       16          
...
000 (10668.013.000) 08/31 23:35:57 Job submitted from host: <129.10.52.106:42847>
...
001 (10668.013.000) 08/31 23:35:58 Job executing on host: <10.1.255.251:40584>
...
006 (10668.013.000) 08/31 23:36:03 Image size of job updated: 21036
	0  -  MemoryUsage of job (MB)
	0  -  ResidentSetSize of job (KB)
...
005 (10668.013.000) 08/31 23:36:03 Job terminated.
	(1) Normal termination (return value 0)
		Usr 0 00:00:00, Sys 0 00:00:00  -  Run Remote Usage
		Usr 0 00:00:00, Sys 0 00:00:00  -  Run Local Usage
		Usr 0 00:00:00, Sys 0 00:00:00  -  Total Remote Usage
		Usr 0 00:00:00, Sys 0 00:00:00  -  Total Local Usage
	0  -  Run Bytes Sent By Job
	0  -  Run Bytes Received By Job
	0  -  Total Bytes Sent By Job
	0  -  Total Bytes Received By Job
	Partitionable Resources :    Usage  Request          
	   Cpus                 :                 1          
	   Disk (KB)            :     7500     7500          
	   Memory (MB)          :        0        0          
...
