
; Multi2Sim 4.2 - A Simulation Framework for CPU-GPU Heterogeneous Computing
; Please use command 'm2s --help' for a list of command-line options.
; Simulation alpha-numeric ID: hsHqX


;
; Simulation Statistics Summary
;

[ General ]
RealTime = 4200.74 [s]
SimEnd = ContextsFinished
SimTime = 2356589.00 [ns]
Frequency = 1000 [MHz]
Cycles = 2356590

[ SouthernIslands ]
RealTime = 0.00 [s]
Instructions = 868352
InstructionsPerSecond = 0
NDRangeCount = 1
WorkGroupCount = 16384
BranchInstructions = 0
LDSInstructions = 32768
ScalarALUInstructions = 262144
ScalarMemInstructions = 180224
VectorALUInstructions = 360448
VectorMemInstructions = 32768
SimTime = 2356562.70 [ns]
Frequency = 925 [MHz]
Cycles = 2179984
CyclesPerSecond = 0

[ x86 ]
RealTime = 48.75 [s]
Instructions = 85529786
InstructionsPerSecond = 1754537
Contexts = 2
Memory = 60481536

Warning: empty y range [0:0], adjusting to [0:1]
