000 (10649.008.000) 08/30 23:02:21 Job submitted from host: <129.10.52.106:42847>
...
001 (10649.008.000) 08/30 23:02:41 Job executing on host: <10.1.255.242:42117>
...
006 (10649.008.000) 08/30 23:02:50 Image size of job updated: 27436
	15  -  MemoryUsage of job (MB)
	15300  -  ResidentSetSize of job (KB)
...
006 (10649.008.000) 08/30 23:07:51 Image size of job updated: 2057256
	1720  -  MemoryUsage of job (MB)
	1760772  -  ResidentSetSize of job (KB)
...
006 (10649.008.000) 08/30 23:12:52 Image size of job updated: 2057256
	1723  -  MemoryUsage of job (MB)
	1763880  -  ResidentSetSize of job (KB)
...
006 (10649.008.000) 08/30 23:17:52 Image size of job updated: 2057256
	1728  -  MemoryUsage of job (MB)
	1768960  -  ResidentSetSize of job (KB)
...
006 (10649.008.000) 08/30 23:22:52 Image size of job updated: 2057256
	1736  -  MemoryUsage of job (MB)
	1777108  -  ResidentSetSize of job (KB)
...
006 (10649.008.000) 08/30 23:27:53 Image size of job updated: 2057256
	1747  -  MemoryUsage of job (MB)
	1788528  -  ResidentSetSize of job (KB)
...
006 (10649.008.000) 08/30 23:32:54 Image size of job updated: 2057256
	1770  -  MemoryUsage of job (MB)
	1811808  -  ResidentSetSize of job (KB)
...
006 (10649.008.000) 08/30 23:37:54 Image size of job updated: 2057256
	1807  -  MemoryUsage of job (MB)
	1850192  -  ResidentSetSize of job (KB)
...
006 (10649.008.000) 08/30 23:42:54 Image size of job updated: 2057256
	1816  -  MemoryUsage of job (MB)
	1859164  -  ResidentSetSize of job (KB)
...
006 (10649.008.000) 08/30 23:47:55 Image size of job updated: 2057256
	1820  -  MemoryUsage of job (MB)
	1863260  -  ResidentSetSize of job (KB)
...
006 (10649.008.000) 08/30 23:52:55 Image size of job updated: 2057256
	1846  -  MemoryUsage of job (MB)
	1889884  -  ResidentSetSize of job (KB)
...
006 (10649.008.000) 08/30 23:57:55 Image size of job updated: 2057256
	1848  -  MemoryUsage of job (MB)
	1891932  -  ResidentSetSize of job (KB)
...
006 (10649.008.000) 08/31 00:07:57 Image size of job updated: 2057256
	1852  -  MemoryUsage of job (MB)
	1896028  -  ResidentSetSize of job (KB)
...
006 (10649.008.000) 08/31 00:17:58 Image size of job updated: 2057256
	1854  -  MemoryUsage of job (MB)
	1897868  -  ResidentSetSize of job (KB)
...
005 (10649.008.000) 08/31 01:07:56 Job terminated.
	(1) Normal termination (return value 0)
		Usr 0 02:05:03, Sys 0 00:00:00  -  Run Remote Usage
		Usr 0 00:00:00, Sys 0 00:00:00  -  Run Local Usage
		Usr 0 02:05:03, Sys 0 00:00:00  -  Total Remote Usage
		Usr 0 00:00:00, Sys 0 00:00:00  -  Total Local Usage
	0  -  Run Bytes Sent By Job
	0  -  Run Bytes Received By Job
	0  -  Total Bytes Sent By Job
	0  -  Total Bytes Received By Job
	Partitionable Resources :    Usage  Request          
	   Cpus                 :                 1          
	   Disk (KB)            :     7500     7500          
	   Memory (MB)          :     1854     1854          
...
000 (10651.008.000) 08/31 10:26:00 Job submitted from host: <129.10.52.106:42847>
...
001 (10651.008.000) 08/31 10:26:15 Job executing on host: <10.1.255.243:43504>
...
006 (10651.008.000) 08/31 10:26:24 Image size of job updated: 7500
	3  -  MemoryUsage of job (MB)
	2168  -  ResidentSetSize of job (KB)
...
006 (10651.008.000) 08/31 10:31:25 Image size of job updated: 2057072
	1692  -  MemoryUsage of job (MB)
	1732064  -  ResidentSetSize of job (KB)
...
006 (10651.008.000) 08/31 10:36:25 Image size of job updated: 2057072
	1707  -  MemoryUsage of job (MB)
	1747296  -  ResidentSetSize of job (KB)
...
006 (10651.008.000) 08/31 10:41:26 Image size of job updated: 2057072
	1723  -  MemoryUsage of job (MB)
	1763584  -  ResidentSetSize of job (KB)
...
006 (10651.008.000) 08/31 10:46:27 Image size of job updated: 2057072
	1734  -  MemoryUsage of job (MB)
	1775232  -  ResidentSetSize of job (KB)
...
006 (10651.008.000) 08/31 10:51:27 Image size of job updated: 2057072
	1745  -  MemoryUsage of job (MB)
	1786168  -  ResidentSetSize of job (KB)
...
006 (10651.008.000) 08/31 10:56:27 Image size of job updated: 2057072
	1753  -  MemoryUsage of job (MB)
	1794652  -  ResidentSetSize of job (KB)
...
006 (10651.008.000) 08/31 11:01:28 Image size of job updated: 2057072
	1761  -  MemoryUsage of job (MB)
	1802872  -  ResidentSetSize of job (KB)
...
006 (10651.008.000) 08/31 11:06:28 Image size of job updated: 2057072
	1763  -  MemoryUsage of job (MB)
	1805088  -  ResidentSetSize of job (KB)
...
006 (10651.008.000) 08/31 11:11:28 Image size of job updated: 2057072
	1764  -  MemoryUsage of job (MB)
	1805456  -  ResidentSetSize of job (KB)
...
006 (10651.008.000) 08/31 11:16:29 Image size of job updated: 2057072
	1773  -  MemoryUsage of job (MB)
	1814920  -  ResidentSetSize of job (KB)
...
006 (10651.008.000) 08/31 11:21:30 Image size of job updated: 2057072
	1777  -  MemoryUsage of job (MB)
	1818912  -  ResidentSetSize of job (KB)
...
006 (10651.008.000) 08/31 11:26:30 Image size of job updated: 2057072
	1778  -  MemoryUsage of job (MB)
	1819680  -  ResidentSetSize of job (KB)
...
006 (10651.008.000) 08/31 11:31:30 Image size of job updated: 2057072
	1778  -  MemoryUsage of job (MB)
	1819948  -  ResidentSetSize of job (KB)
...
006 (10651.008.000) 08/31 11:36:31 Image size of job updated: 2057072
	1789  -  MemoryUsage of job (MB)
	1831816  -  ResidentSetSize of job (KB)
...
006 (10651.008.000) 08/31 11:41:32 Image size of job updated: 2057072
	1831  -  MemoryUsage of job (MB)
	1874212  -  ResidentSetSize of job (KB)
...
006 (10651.008.000) 08/31 11:46:32 Image size of job updated: 2057072
	1846  -  MemoryUsage of job (MB)
	1889728  -  ResidentSetSize of job (KB)
...
006 (10651.008.000) 08/31 11:51:32 Image size of job updated: 2057072
	1846  -  MemoryUsage of job (MB)
	1889820  -  ResidentSetSize of job (KB)
...
006 (10651.008.000) 08/31 11:56:33 Image size of job updated: 2057072
	1846  -  MemoryUsage of job (MB)
	1890056  -  ResidentSetSize of job (KB)
...
006 (10651.008.000) 08/31 12:01:34 Image size of job updated: 2057072
	1846  -  MemoryUsage of job (MB)
	1890272  -  ResidentSetSize of job (KB)
...
006 (10651.008.000) 08/31 12:06:34 Image size of job updated: 2057072
	1847  -  MemoryUsage of job (MB)
	1890380  -  ResidentSetSize of job (KB)
...
006 (10651.008.000) 08/31 12:11:34 Image size of job updated: 2057072
	1847  -  MemoryUsage of job (MB)
	1890412  -  ResidentSetSize of job (KB)
...
006 (10651.008.000) 08/31 12:16:35 Image size of job updated: 2057072
	1847  -  MemoryUsage of job (MB)
	1890560  -  ResidentSetSize of job (KB)
...
006 (10651.008.000) 08/31 12:21:36 Image size of job updated: 2057072
	1847  -  MemoryUsage of job (MB)
	1890572  -  ResidentSetSize of job (KB)
...
006 (10651.008.000) 08/31 12:26:36 Image size of job updated: 2057072
	1852  -  MemoryUsage of job (MB)
	1896420  -  ResidentSetSize of job (KB)
...
006 (10651.008.000) 08/31 12:31:36 Image size of job updated: 2057072
	1854  -  MemoryUsage of job (MB)
	1898480  -  ResidentSetSize of job (KB)
...
005 (10651.008.000) 08/31 12:34:45 Job terminated.
	(1) Normal termination (return value 0)
		Usr 0 02:08:10, Sys 0 00:00:00  -  Run Remote Usage
		Usr 0 00:00:00, Sys 0 00:00:00  -  Run Local Usage
		Usr 0 02:08:10, Sys 0 00:00:00  -  Total Remote Usage
		Usr 0 00:00:00, Sys 0 00:00:00  -  Total Local Usage
	0  -  Run Bytes Sent By Job
	0  -  Run Bytes Received By Job
	0  -  Total Bytes Sent By Job
	0  -  Total Bytes Received By Job
	Partitionable Resources :    Usage  Request          
	   Cpus                 :                 1          
	   Disk (KB)            :     7500     7500          
	   Memory (MB)          :     1854     1854          
...
000 (10653.008.000) 08/31 19:52:09 Job submitted from host: <129.10.52.106:42847>
...
001 (10653.008.000) 08/31 19:52:10 Job executing on host: <10.1.255.245:47081>
...
006 (10653.008.000) 08/31 19:52:19 Image size of job updated: 20904
	9  -  MemoryUsage of job (MB)
	8668  -  ResidentSetSize of job (KB)
...
006 (10653.008.000) 08/31 19:57:20 Image size of job updated: 609048
	584  -  MemoryUsage of job (MB)
	597124  -  ResidentSetSize of job (KB)
...
005 (10653.008.000) 08/31 19:57:24 Job terminated.
	(1) Normal termination (return value 0)
		Usr 0 00:05:00, Sys 0 00:00:00  -  Run Remote Usage
		Usr 0 00:00:00, Sys 0 00:00:00  -  Run Local Usage
		Usr 0 00:05:00, Sys 0 00:00:00  -  Total Remote Usage
		Usr 0 00:00:00, Sys 0 00:00:00  -  Total Local Usage
	0  -  Run Bytes Sent By Job
	0  -  Run Bytes Received By Job
	0  -  Total Bytes Sent By Job
	0  -  Total Bytes Received By Job
	Partitionable Resources :    Usage  Request          
	   Cpus                 :                 1          
	   Disk (KB)            :     7500     7500          
	   Memory (MB)          :      584      584          
...
000 (10655.008.000) 08/31 20:17:22 Job submitted from host: <129.10.52.106:42847>
...
001 (10655.008.000) 08/31 20:17:23 Job executing on host: <10.1.255.245:47081>
...
006 (10655.008.000) 08/31 20:17:31 Image size of job updated: 28592
	16  -  MemoryUsage of job (MB)
	16380  -  ResidentSetSize of job (KB)
...
006 (10655.008.000) 08/31 20:22:31 Image size of job updated: 919468
	841  -  MemoryUsage of job (MB)
	860284  -  ResidentSetSize of job (KB)
...
006 (10655.008.000) 08/31 20:27:32 Image size of job updated: 919468
	857  -  MemoryUsage of job (MB)
	877440  -  ResidentSetSize of job (KB)
...
006 (10655.008.000) 08/31 20:32:33 Image size of job updated: 919468
	859  -  MemoryUsage of job (MB)
	879524  -  ResidentSetSize of job (KB)
...
006 (10655.008.000) 08/31 20:37:33 Image size of job updated: 919468
	859  -  MemoryUsage of job (MB)
	879564  -  ResidentSetSize of job (KB)
...
006 (10655.008.000) 08/31 20:42:33 Image size of job updated: 919468
	860  -  MemoryUsage of job (MB)
	879788  -  ResidentSetSize of job (KB)
...
006 (10655.008.000) 08/31 20:47:33 Image size of job updated: 919468
	863  -  MemoryUsage of job (MB)
	882920  -  ResidentSetSize of job (KB)
...
004 (10655.008.000) 08/31 20:58:10 Job was evicted.
	(0) Job was not checkpointed.
		Usr 0 00:40:43, Sys 0 00:00:00  -  Run Remote Usage
		Usr 0 00:00:00, Sys 0 00:00:00  -  Run Local Usage
	0  -  Run Bytes Sent By Job
	0  -  Run Bytes Received By Job
	Partitionable Resources :    Usage  Request          
	   Cpus                 :                 1          
	   Disk (KB)            :     7500     7500          
	   Memory (MB)          :      863      863          
...
009 (10655.008.000) 08/31 20:58:11 Job was aborted by the user.
	via condor_rm (by user amir)
...
000 (10657.008.000) 08/31 21:02:22 Job submitted from host: <129.10.52.106:42847>
...
001 (10657.008.000) 08/31 21:02:35 Job executing on host: <10.1.255.239:44818>
...
006 (10657.008.000) 08/31 21:02:44 Image size of job updated: 18112
	6  -  MemoryUsage of job (MB)
	5428  -  ResidentSetSize of job (KB)
...
006 (10657.008.000) 08/31 21:07:45 Image size of job updated: 612784
	587  -  MemoryUsage of job (MB)
	600220  -  ResidentSetSize of job (KB)
...
000 (10659.008.000) 08/31 21:08:49 Job submitted from host: <129.10.52.106:42847>
...
009 (10659.008.000) 08/31 21:09:17 Job was aborted by the user.
	via condor_rm (by user amir)
...
004 (10657.008.000) 08/31 21:09:20 Job was evicted.
	(0) Job was not checkpointed.
		Usr 0 00:06:44, Sys 0 00:00:00  -  Run Remote Usage
		Usr 0 00:00:00, Sys 0 00:00:00  -  Run Local Usage
	0  -  Run Bytes Sent By Job
	0  -  Run Bytes Received By Job
	Partitionable Resources :    Usage  Request          
	   Cpus                 :                 1          
	   Disk (KB)            :     7500     7500          
	   Memory (MB)          :      587      587          
...
009 (10657.008.000) 08/31 21:09:21 Job was aborted by the user.
	via condor_rm (by user amir)
...
000 (10661.008.000) 08/31 21:09:44 Job submitted from host: <129.10.52.106:42847>
...
001 (10661.008.000) 08/31 21:09:57 Job executing on host: <10.1.255.246:47592>
...
006 (10661.008.000) 08/31 21:10:05 Image size of job updated: 7500
	3  -  MemoryUsage of job (MB)
	2172  -  ResidentSetSize of job (KB)
...
006 (10661.008.000) 08/31 21:15:05 Image size of job updated: 612784
	582  -  MemoryUsage of job (MB)
	595312  -  ResidentSetSize of job (KB)
...
004 (10661.008.000) 08/31 21:15:48 Job was evicted.
	(0) Job was not checkpointed.
		Usr 0 00:05:50, Sys 0 00:00:00  -  Run Remote Usage
		Usr 0 00:00:00, Sys 0 00:00:00  -  Run Local Usage
	0  -  Run Bytes Sent By Job
	0  -  Run Bytes Received By Job
	Partitionable Resources :    Usage  Request          
	   Cpus                 :                 1          
	   Disk (KB)            :     7500     7500          
	   Memory (MB)          :      582      582          
...
009 (10661.008.000) 08/31 21:15:49 Job was aborted by the user.
	via condor_rm (by user amir)
...
000 (10663.008.000) 08/31 21:16:22 Job submitted from host: <129.10.52.106:42847>
...
001 (10663.008.000) 08/31 21:16:39 Job executing on host: <10.1.255.249:47081>
...
006 (10663.008.000) 08/31 21:16:48 Image size of job updated: 103580
	79  -  MemoryUsage of job (MB)
	80568  -  ResidentSetSize of job (KB)
...
006 (10663.008.000) 08/31 21:21:48 Image size of job updated: 612784
	581  -  MemoryUsage of job (MB)
	594196  -  ResidentSetSize of job (KB)
...
006 (10663.008.000) 08/31 21:26:48 Image size of job updated: 612784
	582  -  MemoryUsage of job (MB)
	595044  -  ResidentSetSize of job (KB)
...
006 (10663.008.000) 08/31 21:31:49 Image size of job updated: 612784
	582  -  MemoryUsage of job (MB)
	595888  -  ResidentSetSize of job (KB)
...
006 (10663.008.000) 08/31 21:36:50 Image size of job updated: 612784
	582  -  MemoryUsage of job (MB)
	595948  -  ResidentSetSize of job (KB)
...
006 (10663.008.000) 08/31 21:41:50 Image size of job updated: 612784
	582  -  MemoryUsage of job (MB)
	595964  -  ResidentSetSize of job (KB)
...
006 (10663.008.000) 08/31 21:46:51 Image size of job updated: 612784
	587  -  MemoryUsage of job (MB)
	600776  -  ResidentSetSize of job (KB)
...
006 (10663.008.000) 08/31 21:51:52 Image size of job updated: 612784
	587  -  MemoryUsage of job (MB)
	600796  -  ResidentSetSize of job (KB)
...
005 (10663.008.000) 08/31 23:13:39 Job terminated.
	(1) Normal termination (return value 0)
		Usr 0 01:56:41, Sys 0 00:00:00  -  Run Remote Usage
		Usr 0 00:00:00, Sys 0 00:00:00  -  Run Local Usage
		Usr 0 01:56:41, Sys 0 00:00:00  -  Total Remote Usage
		Usr 0 00:00:00, Sys 0 00:00:00  -  Total Local Usage
	0  -  Run Bytes Sent By Job
	0  -  Run Bytes Received By Job
	0  -  Total Bytes Sent By Job
	0  -  Total Bytes Received By Job
	Partitionable Resources :    Usage  Request          
	   Cpus                 :                 1          
	   Disk (KB)            :     7500     7500          
	   Memory (MB)          :      587      587          
...
000 (10665.008.000) 08/31 23:17:48 Job submitted from host: <129.10.52.106:42847>
...
001 (10665.008.000) 08/31 23:17:58 Job executing on host: <10.1.255.245:47081>
...
006 (10665.008.000) 08/31 23:18:07 Image size of job updated: 27172
	0  -  MemoryUsage of job (MB)
	0  -  ResidentSetSize of job (KB)
...
005 (10665.008.000) 08/31 23:18:07 Job terminated.
	(1) Normal termination (return value 1)
		Usr 0 00:00:00, Sys 0 00:00:00  -  Run Remote Usage
		Usr 0 00:00:00, Sys 0 00:00:00  -  Run Local Usage
		Usr 0 00:00:00, Sys 0 00:00:00  -  Total Remote Usage
		Usr 0 00:00:00, Sys 0 00:00:00  -  Total Local Usage
	0  -  Run Bytes Sent By Job
	0  -  Run Bytes Received By Job
	0  -  Total Bytes Sent By Job
	0  -  Total Bytes Received By Job
	Partitionable Resources :    Usage  Request          
	   Cpus                 :                 1          
	   Disk (KB)            :     7500     7500          
	   Memory (MB)          :        0        0          
...
000 (10667.008.000) 08/31 23:29:22 Job submitted from host: <129.10.52.106:42847>
...
001 (10667.008.000) 08/31 23:29:35 Job executing on host: <10.1.255.243:43504>
...
006 (10667.008.000) 08/31 23:29:43 Image size of job updated: 26760
	14  -  MemoryUsage of job (MB)
	14280  -  ResidentSetSize of job (KB)
...
006 (10667.008.000) 08/31 23:29:48 Image size of job updated: 270024
	14  -  MemoryUsage of job (MB)
	14280  -  ResidentSetSize of job (KB)
...
005 (10667.008.000) 08/31 23:29:48 Job terminated.
	(1) Normal termination (return value 1)
		Usr 0 00:00:08, Sys 0 00:00:00  -  Run Remote Usage
		Usr 0 00:00:00, Sys 0 00:00:00  -  Run Local Usage
		Usr 0 00:00:08, Sys 0 00:00:00  -  Total Remote Usage
		Usr 0 00:00:00, Sys 0 00:00:00  -  Total Local Usage
	0  -  Run Bytes Sent By Job
	0  -  Run Bytes Received By Job
	0  -  Total Bytes Sent By Job
	0  -  Total Bytes Received By Job
	Partitionable Resources :    Usage  Request          
	   Cpus                 :                 1          
	   Disk (KB)            :     7500     7500          
	   Memory (MB)          :       14       14          
...
000 (10669.008.000) 08/31 23:36:08 Job submitted from host: <129.10.52.106:42847>
...
001 (10669.008.000) 08/31 23:36:19 Job executing on host: <10.1.255.239:44818>
...
006 (10669.008.000) 08/31 23:36:27 Image size of job updated: 46024
	34  -  MemoryUsage of job (MB)
	33876  -  ResidentSetSize of job (KB)
...
006 (10669.008.000) 08/31 23:41:27 Image size of job updated: 405524
	335  -  MemoryUsage of job (MB)
	342560  -  ResidentSetSize of job (KB)
...
005 (10669.008.000) 08/31 23:45:33 Job terminated.
	(1) Normal termination (return value 0)
		Usr 0 00:08:58, Sys 0 00:00:00  -  Run Remote Usage
		Usr 0 00:00:00, Sys 0 00:00:00  -  Run Local Usage
		Usr 0 00:08:58, Sys 0 00:00:00  -  Total Remote Usage
		Usr 0 00:00:00, Sys 0 00:00:00  -  Total Local Usage
	0  -  Run Bytes Sent By Job
	0  -  Run Bytes Received By Job
	0  -  Total Bytes Sent By Job
	0  -  Total Bytes Received By Job
	Partitionable Resources :    Usage  Request          
	   Cpus                 :                 1          
	   Disk (KB)            :     7500     7500          
	   Memory (MB)          :      335      335          
...
000 (10671.008.000) 09/01 01:09:36 Job submitted from host: <129.10.52.106:42847>
...
001 (10671.008.000) 09/01 01:09:48 Job executing on host: <10.1.255.244:42701>
...
006 (10671.008.000) 09/01 01:09:56 Image size of job updated: 22228
	10  -  MemoryUsage of job (MB)
	10024  -  ResidentSetSize of job (KB)
...
006 (10671.008.000) 09/01 01:14:56 Image size of job updated: 2226864
	1868  -  MemoryUsage of job (MB)
	1912444  -  ResidentSetSize of job (KB)
...
006 (10671.008.000) 09/01 01:19:57 Image size of job updated: 2226864
	1898  -  MemoryUsage of job (MB)
	1942820  -  ResidentSetSize of job (KB)
...
006 (10671.008.000) 09/01 01:24:58 Image size of job updated: 2226864
	1945  -  MemoryUsage of job (MB)
	1990796  -  ResidentSetSize of job (KB)
...
006 (10671.008.000) 09/01 01:29:58 Image size of job updated: 2226864
	1979  -  MemoryUsage of job (MB)
	2026420  -  ResidentSetSize of job (KB)
...
006 (10671.008.000) 09/01 01:34:59 Image size of job updated: 2226864
	2020  -  MemoryUsage of job (MB)
	2067944  -  ResidentSetSize of job (KB)
...
006 (10671.008.000) 09/01 01:40:00 Image size of job updated: 2226864
	2020  -  MemoryUsage of job (MB)
	2067952  -  ResidentSetSize of job (KB)
...
006 (10671.008.000) 09/01 01:45:00 Image size of job updated: 2226864
	2020  -  MemoryUsage of job (MB)
	2067956  -  ResidentSetSize of job (KB)
...
006 (10671.008.000) 09/01 01:50:00 Image size of job updated: 2226864
	2025  -  MemoryUsage of job (MB)
	2073504  -  ResidentSetSize of job (KB)
...
005 (10671.008.000) 09/01 01:51:17 Job terminated.
	(1) Normal termination (return value 0)
		Usr 0 00:41:10, Sys 0 00:00:00  -  Run Remote Usage
		Usr 0 00:00:00, Sys 0 00:00:00  -  Run Local Usage
		Usr 0 00:41:10, Sys 0 00:00:00  -  Total Remote Usage
		Usr 0 00:00:00, Sys 0 00:00:00  -  Total Local Usage
	0  -  Run Bytes Sent By Job
	0  -  Run Bytes Received By Job
	0  -  Total Bytes Sent By Job
	0  -  Total Bytes Received By Job
	Partitionable Resources :    Usage  Request          
	   Cpus                 :                 1          
	   Disk (KB)            :     7500     7500          
	   Memory (MB)          :     2025     2025          
...
000 (10673.008.000) 09/01 11:26:58 Job submitted from host: <129.10.52.106:42847>
...
001 (10673.008.000) 09/01 11:27:14 Job executing on host: <10.1.255.249:47081>
...
006 (10673.008.000) 09/01 11:27:22 Image size of job updated: 14912
	3  -  MemoryUsage of job (MB)
	2604  -  ResidentSetSize of job (KB)
...
006 (10673.008.000) 09/01 11:32:22 Image size of job updated: 2321984
	1911  -  MemoryUsage of job (MB)
	1956436  -  ResidentSetSize of job (KB)
...
006 (10673.008.000) 09/01 11:37:22 Image size of job updated: 2321984
	1951  -  MemoryUsage of job (MB)
	1997368  -  ResidentSetSize of job (KB)
...
004 (10673.008.000) 09/01 11:39:45 Job was evicted.
	(0) Job was not checkpointed.
		Usr 0 00:12:28, Sys 0 00:00:01  -  Run Remote Usage
		Usr 0 00:00:00, Sys 0 00:00:00  -  Run Local Usage
	0  -  Run Bytes Sent By Job
	0  -  Run Bytes Received By Job
	Partitionable Resources :    Usage  Request          
	   Cpus                 :                 1          
	   Disk (KB)            :     7500     7500          
	   Memory (MB)          :     1951     1951          
...
009 (10673.008.000) 09/01 11:39:47 Job was aborted by the user.
	via condor_rm (by user amir)
...
000 (10675.008.000) 09/01 11:40:18 Job submitted from host: <129.10.52.106:42847>
...
001 (10675.008.000) 09/01 11:40:31 Job executing on host: <10.1.255.253:43139>
...
006 (10675.008.000) 09/01 11:40:40 Image size of job updated: 21832
	10  -  MemoryUsage of job (MB)
	9620  -  ResidentSetSize of job (KB)
...
006 (10675.008.000) 09/01 11:45:41 Image size of job updated: 2321984
	1870  -  MemoryUsage of job (MB)
	1914624  -  ResidentSetSize of job (KB)
...
006 (10675.008.000) 09/01 11:50:42 Image size of job updated: 2321984
	1924  -  MemoryUsage of job (MB)
	1969884  -  ResidentSetSize of job (KB)
...
006 (10675.008.000) 09/01 11:55:42 Image size of job updated: 2321984
	1966  -  MemoryUsage of job (MB)
	2012724  -  ResidentSetSize of job (KB)
...
006 (10675.008.000) 09/01 12:00:42 Image size of job updated: 2321984
	2022  -  MemoryUsage of job (MB)
	2069792  -  ResidentSetSize of job (KB)
...
006 (10675.008.000) 09/01 12:05:43 Image size of job updated: 2321984
	2060  -  MemoryUsage of job (MB)
	2109212  -  ResidentSetSize of job (KB)
...
006 (10675.008.000) 09/01 12:10:44 Image size of job updated: 2321984
	2084  -  MemoryUsage of job (MB)
	2133800  -  ResidentSetSize of job (KB)
...
006 (10675.008.000) 09/01 12:15:44 Image size of job updated: 2321984
	2144  -  MemoryUsage of job (MB)
	2195164  -  ResidentSetSize of job (KB)
...
006 (10675.008.000) 09/01 12:20:44 Image size of job updated: 2321984
	2195  -  MemoryUsage of job (MB)
	2246972  -  ResidentSetSize of job (KB)
...
006 (10675.008.000) 09/01 12:25:44 Image size of job updated: 2321984
	2213  -  MemoryUsage of job (MB)
	2265876  -  ResidentSetSize of job (KB)
...
006 (10675.008.000) 09/01 12:30:45 Image size of job updated: 2321984
	2243  -  MemoryUsage of job (MB)
	2296764  -  ResidentSetSize of job (KB)
...
006 (10675.008.000) 09/01 12:35:46 Image size of job updated: 2321984
	2248  -  MemoryUsage of job (MB)
	2301040  -  ResidentSetSize of job (KB)
...
006 (10675.008.000) 09/01 12:40:47 Image size of job updated: 2321984
	2250  -  MemoryUsage of job (MB)
	2303124  -  ResidentSetSize of job (KB)
...
006 (10675.008.000) 09/01 12:45:47 Image size of job updated: 2321984
	2252  -  MemoryUsage of job (MB)
	2305296  -  ResidentSetSize of job (KB)
...
006 (10675.008.000) 09/01 12:50:47 Image size of job updated: 2321984
	2252  -  MemoryUsage of job (MB)
	2305424  -  ResidentSetSize of job (KB)
...
006 (10675.008.000) 09/01 12:55:47 Image size of job updated: 2321984
	2252  -  MemoryUsage of job (MB)
	2305856  -  ResidentSetSize of job (KB)
...
006 (10675.008.000) 09/01 13:00:47 Image size of job updated: 2321984
	2253  -  MemoryUsage of job (MB)
	2306488  -  ResidentSetSize of job (KB)
...
006 (10675.008.000) 09/01 13:05:48 Image size of job updated: 2321984
	2253  -  MemoryUsage of job (MB)
	2306808  -  ResidentSetSize of job (KB)
...
006 (10675.008.000) 09/01 13:10:49 Image size of job updated: 2321984
	2254  -  MemoryUsage of job (MB)
	2307148  -  ResidentSetSize of job (KB)
...
006 (10675.008.000) 09/01 13:15:50 Image size of job updated: 2321984
	2254  -  MemoryUsage of job (MB)
	2307508  -  ResidentSetSize of job (KB)
...
006 (10675.008.000) 09/01 13:20:51 Image size of job updated: 2321984
	2255  -  MemoryUsage of job (MB)
	2308404  -  ResidentSetSize of job (KB)
...
006 (10675.008.000) 09/01 13:25:51 Image size of job updated: 2321984
	2255  -  MemoryUsage of job (MB)
	2308468  -  ResidentSetSize of job (KB)
...
006 (10675.008.000) 09/01 13:30:51 Image size of job updated: 2321984
	2255  -  MemoryUsage of job (MB)
	2308696  -  ResidentSetSize of job (KB)
...
006 (10675.008.000) 09/01 13:35:51 Image size of job updated: 2321984
	2255  -  MemoryUsage of job (MB)
	2308888  -  ResidentSetSize of job (KB)
...
006 (10675.008.000) 09/01 13:40:52 Image size of job updated: 2321984
	2255  -  MemoryUsage of job (MB)
	2309108  -  ResidentSetSize of job (KB)
...
005 (10675.008.000) 09/01 13:42:46 Job terminated.
	(1) Normal termination (return value 0)
		Usr 0 02:02:01, Sys 0 00:00:01  -  Run Remote Usage
		Usr 0 00:00:00, Sys 0 00:00:00  -  Run Local Usage
		Usr 0 02:02:01, Sys 0 00:00:01  -  Total Remote Usage
		Usr 0 00:00:00, Sys 0 00:00:00  -  Total Local Usage
	0  -  Run Bytes Sent By Job
	0  -  Run Bytes Received By Job
	0  -  Total Bytes Sent By Job
	0  -  Total Bytes Received By Job
	Partitionable Resources :    Usage  Request          
	   Cpus                 :                 1          
	   Disk (KB)            :     7500     7500          
	   Memory (MB)          :     2255     2255          
...
000 (10677.008.000) 09/01 15:35:23 Job submitted from host: <129.10.52.106:42847>
...
001 (10677.008.000) 09/01 15:35:35 Job executing on host: <10.1.255.239:44818>
...
006 (10677.008.000) 09/01 15:35:43 Image size of job updated: 7500
	3  -  MemoryUsage of job (MB)
	2188  -  ResidentSetSize of job (KB)
...
006 (10677.008.000) 09/01 15:40:43 Image size of job updated: 2321984
	1891  -  MemoryUsage of job (MB)
	1935692  -  ResidentSetSize of job (KB)
...
006 (10677.008.000) 09/01 15:45:44 Image size of job updated: 2321984
	1932  -  MemoryUsage of job (MB)
	1977384  -  ResidentSetSize of job (KB)
...
006 (10677.008.000) 09/01 15:50:44 Image size of job updated: 2321984
	2001  -  MemoryUsage of job (MB)
	2048572  -  ResidentSetSize of job (KB)
...
006 (10677.008.000) 09/01 15:55:44 Image size of job updated: 2321984
	2037  -  MemoryUsage of job (MB)
	2085352  -  ResidentSetSize of job (KB)
...
006 (10677.008.000) 09/01 16:00:45 Image size of job updated: 2321984
	2082  -  MemoryUsage of job (MB)
	2131296  -  ResidentSetSize of job (KB)
...
006 (10677.008.000) 09/01 16:05:46 Image size of job updated: 2321984
	2105  -  MemoryUsage of job (MB)
	2154660  -  ResidentSetSize of job (KB)
...
006 (10677.008.000) 09/01 16:10:46 Image size of job updated: 2321984
	2136  -  MemoryUsage of job (MB)
	2186848  -  ResidentSetSize of job (KB)
...
006 (10677.008.000) 09/01 16:15:46 Image size of job updated: 2321984
	2150  -  MemoryUsage of job (MB)
	2201544  -  ResidentSetSize of job (KB)
...
004 (10677.008.000) 09/01 16:17:46 Job was evicted.
	(0) Job was not checkpointed.
		Usr 0 00:42:05, Sys 0 00:00:01  -  Run Remote Usage
		Usr 0 00:00:00, Sys 0 00:00:00  -  Run Local Usage
	0  -  Run Bytes Sent By Job
	0  -  Run Bytes Received By Job
	Partitionable Resources :    Usage  Request          
	   Cpus                 :                 1          
	   Disk (KB)            :     7500     7500          
	   Memory (MB)          :     2150     2150          
...
009 (10677.008.000) 09/01 16:17:48 Job was aborted by the user.
	via condor_rm (by user amir)
...
000 (10679.008.000) 09/01 16:18:11 Job submitted from host: <129.10.52.106:42847>
...
001 (10679.008.000) 09/01 16:18:23 Job executing on host: <10.1.255.241:47008>
...
006 (10679.008.000) 09/01 16:18:32 Image size of job updated: 7500
	3  -  MemoryUsage of job (MB)
	2184  -  ResidentSetSize of job (KB)
...
006 (10679.008.000) 09/01 16:23:33 Image size of job updated: 2321984
	1947  -  MemoryUsage of job (MB)
	1993444  -  ResidentSetSize of job (KB)
...
006 (10679.008.000) 09/01 16:28:34 Image size of job updated: 2321984
	2028  -  MemoryUsage of job (MB)
	2076228  -  ResidentSetSize of job (KB)
...
006 (10679.008.000) 09/01 16:33:34 Image size of job updated: 2321984
	2114  -  MemoryUsage of job (MB)
	2164220  -  ResidentSetSize of job (KB)
...
006 (10679.008.000) 09/01 16:38:35 Image size of job updated: 2321984
	2187  -  MemoryUsage of job (MB)
	2239340  -  ResidentSetSize of job (KB)
...
006 (10679.008.000) 09/01 16:43:36 Image size of job updated: 2321984
	2220  -  MemoryUsage of job (MB)
	2273004  -  ResidentSetSize of job (KB)
...
006 (10679.008.000) 09/01 16:48:36 Image size of job updated: 2321984
	2250  -  MemoryUsage of job (MB)
	2303796  -  ResidentSetSize of job (KB)
...
006 (10679.008.000) 09/01 16:53:36 Image size of job updated: 2321984
	2256  -  MemoryUsage of job (MB)
	2309980  -  ResidentSetSize of job (KB)
...
006 (10679.008.000) 09/01 16:58:37 Image size of job updated: 2321984
	2256  -  MemoryUsage of job (MB)
	2309992  -  ResidentSetSize of job (KB)
...
005 (10679.008.000) 09/01 17:28:24 Job terminated.
	(1) Normal termination (return value 0)
		Usr 0 01:09:51, Sys 0 00:00:00  -  Run Remote Usage
		Usr 0 00:00:00, Sys 0 00:00:00  -  Run Local Usage
		Usr 0 01:09:51, Sys 0 00:00:00  -  Total Remote Usage
		Usr 0 00:00:00, Sys 0 00:00:00  -  Total Local Usage
	0  -  Run Bytes Sent By Job
	0  -  Run Bytes Received By Job
	0  -  Total Bytes Sent By Job
	0  -  Total Bytes Received By Job
	Partitionable Resources :    Usage  Request          
	   Cpus                 :                 1          
	   Disk (KB)            :     7500     7500          
	   Memory (MB)          :     2256     2256          
...
