
; Multi2Sim 4.2 - A Simulation Framework for CPU-GPU Heterogeneous Computing
; Please use command 'm2s --help' for a list of command-line options.
; Simulation alpha-numeric ID: Yh7Gp

warning: esim_schedule_event: number of in-flight events exceeds 10000.
	An excessive number of events are currently in-flight in the event-
	driven simulation library. This is probably the result of a timing
	model uncontrollably issuing events (typically a processor pipeline
	issuing memory accesses without checking for a limit in the number
	of in-flight accesses).
	If you still believe that this is an expected number of in-flight
	events, please increase the value of macro ESIM_OVERLOAD_EVENTS to
	avoid this warning.


;
; Simulation Statistics Summary
;

[ General ]
RealTime = 15219.68 [s]
SimEnd = ContextsFinished
SimTime = 1820484.00 [ns]
Frequency = 1000 [MHz]
Cycles = 1820485

[ SouthernIslands ]
RealTime = 0.00 [s]
Instructions = 1462272
InstructionsPerSecond = 0
NDRangeCount = 1
WorkGroupCount = 2048
BranchInstructions = 147456
LDSInstructions = 262144
ScalarALUInstructions = 577536
ScalarMemInstructions = 59392
VectorALUInstructions = 405504
VectorMemInstructions = 10240
SimTime = 1820293.74 [ns]
Frequency = 925 [MHz]
Cycles = 1683898
CyclesPerSecond = 0

[ x86 ]
RealTime = 117.10 [s]
Instructions = 185181089
InstructionsPerSecond = 1581405
Contexts = 2
Memory = 48214016

sh: gnuplot: command not found
warning: could not execute gnuplot, when creating network results

sh: gnuplot: command not found
warning: could not execute gnuplot, when creating network results

sh: gnuplot: command not found
warning: could not execute gnuplot, when creating network results

sh: gnuplot: command not found
warning: could not execute gnuplot, when creating network results

