000 (10650.014.000) 08/31 10:25:39 Job submitted from host: <129.10.52.106:42847>
...
001 (10650.014.000) 08/31 10:25:55 Job executing on host: <10.1.255.244:42701>
...
006 (10650.014.000) 08/31 10:26:03 Image size of job updated: 7500
	3  -  MemoryUsage of job (MB)
	2168  -  ResidentSetSize of job (KB)
...
006 (10650.014.000) 08/31 10:31:03 Image size of job updated: 513456
	399  -  MemoryUsage of job (MB)
	407584  -  ResidentSetSize of job (KB)
...
005 (10650.014.000) 08/31 10:32:48 Job terminated.
	(1) Normal termination (return value 0)
		Usr 0 00:06:45, Sys 0 00:00:00  -  Run Remote Usage
		Usr 0 00:00:00, Sys 0 00:00:00  -  Run Local Usage
		Usr 0 00:06:45, Sys 0 00:00:00  -  Total Remote Usage
		Usr 0 00:00:00, Sys 0 00:00:00  -  Total Local Usage
	0  -  Run Bytes Sent By Job
	0  -  Run Bytes Received By Job
	0  -  Total Bytes Sent By Job
	0  -  Total Bytes Received By Job
	Partitionable Resources :    Usage  Request          
	   Cpus                 :                 1          
	   Disk (KB)            :     7500     7500          
	   Memory (MB)          :      399      399          
...
000 (10652.014.000) 08/31 19:51:14 Job submitted from host: <129.10.52.106:42847>
...
001 (10652.014.000) 08/31 19:51:23 Job executing on host: <10.1.255.244:42701>
...
006 (10652.014.000) 08/31 19:51:31 Image size of job updated: 95284
	3  -  MemoryUsage of job (MB)
	2320  -  ResidentSetSize of job (KB)
...
006 (10652.014.000) 08/31 19:51:42 Image size of job updated: 426944
	3  -  MemoryUsage of job (MB)
	2320  -  ResidentSetSize of job (KB)
...
005 (10652.014.000) 08/31 19:51:42 Job terminated.
	(1) Normal termination (return value 0)
		Usr 0 00:00:10, Sys 0 00:00:00  -  Run Remote Usage
		Usr 0 00:00:00, Sys 0 00:00:00  -  Run Local Usage
		Usr 0 00:00:10, Sys 0 00:00:00  -  Total Remote Usage
		Usr 0 00:00:00, Sys 0 00:00:00  -  Total Local Usage
	0  -  Run Bytes Sent By Job
	0  -  Run Bytes Received By Job
	0  -  Total Bytes Sent By Job
	0  -  Total Bytes Received By Job
	Partitionable Resources :    Usage  Request          
	   Cpus                 :                 1          
	   Disk (KB)            :     7500     7500          
	   Memory (MB)          :        3        3          
...
000 (10654.014.000) 08/31 20:16:53 Job submitted from host: <129.10.52.106:42847>
...
001 (10654.014.000) 08/31 20:16:55 Job executing on host: <10.1.255.248:44088>
...
006 (10654.014.000) 08/31 20:17:04 Image size of job updated: 426812
	314  -  MemoryUsage of job (MB)
	320724  -  ResidentSetSize of job (KB)
...
006 (10654.014.000) 08/31 20:20:59 Image size of job updated: 461924
	314  -  MemoryUsage of job (MB)
	320724  -  ResidentSetSize of job (KB)
...
005 (10654.014.000) 08/31 20:20:59 Job terminated.
	(1) Normal termination (return value 0)
		Usr 0 00:04:01, Sys 0 00:00:00  -  Run Remote Usage
		Usr 0 00:00:00, Sys 0 00:00:00  -  Run Local Usage
		Usr 0 00:04:01, Sys 0 00:00:00  -  Total Remote Usage
		Usr 0 00:00:00, Sys 0 00:00:00  -  Total Local Usage
	0  -  Run Bytes Sent By Job
	0  -  Run Bytes Received By Job
	0  -  Total Bytes Sent By Job
	0  -  Total Bytes Received By Job
	Partitionable Resources :    Usage  Request          
	   Cpus                 :                 1          
	   Disk (KB)            :     7500     7500          
	   Memory (MB)          :      314      314          
...
000 (10656.014.000) 08/31 21:02:12 Job submitted from host: <129.10.52.106:42847>
...
001 (10656.014.000) 08/31 21:02:14 Job executing on host: <10.1.255.242:42117>
...
006 (10656.014.000) 08/31 21:02:23 Image size of job updated: 426812
	314  -  MemoryUsage of job (MB)
	320740  -  ResidentSetSize of job (KB)
...
006 (10656.014.000) 08/31 21:06:16 Image size of job updated: 461924
	314  -  MemoryUsage of job (MB)
	320740  -  ResidentSetSize of job (KB)
...
005 (10656.014.000) 08/31 21:06:16 Job terminated.
	(1) Normal termination (return value 0)
		Usr 0 00:03:48, Sys 0 00:00:00  -  Run Remote Usage
		Usr 0 00:00:00, Sys 0 00:00:00  -  Run Local Usage
		Usr 0 00:03:48, Sys 0 00:00:00  -  Total Remote Usage
		Usr 0 00:00:00, Sys 0 00:00:00  -  Total Local Usage
	0  -  Run Bytes Sent By Job
	0  -  Run Bytes Received By Job
	0  -  Total Bytes Sent By Job
	0  -  Total Bytes Received By Job
	Partitionable Resources :    Usage  Request          
	   Cpus                 :                 1          
	   Disk (KB)            :     7500     7500          
	   Memory (MB)          :      314      314          
...
000 (10658.014.000) 08/31 21:08:37 Job submitted from host: <129.10.52.106:42847>
...
001 (10658.014.000) 08/31 21:08:56 Job executing on host: <10.1.255.244:42701>
...
006 (10658.014.000) 08/31 21:09:04 Image size of job updated: 7500
	3  -  MemoryUsage of job (MB)
	2172  -  ResidentSetSize of job (KB)
...
006 (10658.014.000) 08/31 21:09:19 Image size of job updated: 461248
	3  -  MemoryUsage of job (MB)
	2172  -  ResidentSetSize of job (KB)
...
004 (10658.014.000) 08/31 21:09:19 Job was evicted.
	(0) Job was not checkpointed.
		Usr 0 00:00:22, Sys 0 00:00:00  -  Run Remote Usage
		Usr 0 00:00:00, Sys 0 00:00:00  -  Run Local Usage
	0  -  Run Bytes Sent By Job
	0  -  Run Bytes Received By Job
	Partitionable Resources :    Usage  Request          
	   Cpus                 :                 1          
	   Disk (KB)            :     7500     7500          
	   Memory (MB)          :        3        3          
...
009 (10658.014.000) 08/31 21:09:20 Job was aborted by the user.
	via condor_rm (by user amir)
...
000 (10660.014.000) 08/31 21:09:35 Job submitted from host: <129.10.52.106:42847>
...
001 (10660.014.000) 08/31 21:09:36 Job executing on host: <10.1.255.242:42117>
...
006 (10660.014.000) 08/31 21:09:45 Image size of job updated: 7500
	3  -  MemoryUsage of job (MB)
	2168  -  ResidentSetSize of job (KB)
...
006 (10660.014.000) 08/31 21:13:41 Image size of job updated: 461924
	3  -  MemoryUsage of job (MB)
	2168  -  ResidentSetSize of job (KB)
...
005 (10660.014.000) 08/31 21:13:41 Job terminated.
	(1) Normal termination (return value 0)
		Usr 0 00:03:59, Sys 0 00:00:00  -  Run Remote Usage
		Usr 0 00:00:00, Sys 0 00:00:00  -  Run Local Usage
		Usr 0 00:03:59, Sys 0 00:00:00  -  Total Remote Usage
		Usr 0 00:00:00, Sys 0 00:00:00  -  Total Local Usage
	0  -  Run Bytes Sent By Job
	0  -  Run Bytes Received By Job
	0  -  Total Bytes Sent By Job
	0  -  Total Bytes Received By Job
	Partitionable Resources :    Usage  Request          
	   Cpus                 :                 1          
	   Disk (KB)            :     7500     7500          
	   Memory (MB)          :        3        3          
...
000 (10662.014.000) 08/31 21:16:12 Job submitted from host: <129.10.52.106:42847>
...
001 (10662.014.000) 08/31 21:16:19 Job executing on host: <10.1.255.244:42701>
...
006 (10662.014.000) 08/31 21:16:28 Image size of job updated: 95280
	3  -  MemoryUsage of job (MB)
	2224  -  ResidentSetSize of job (KB)
...
006 (10662.014.000) 08/31 21:20:19 Image size of job updated: 461924
	3  -  MemoryUsage of job (MB)
	2224  -  ResidentSetSize of job (KB)
...
005 (10662.014.000) 08/31 21:20:19 Job terminated.
	(1) Normal termination (return value 0)
		Usr 0 00:03:45, Sys 0 00:00:00  -  Run Remote Usage
		Usr 0 00:00:00, Sys 0 00:00:00  -  Run Local Usage
		Usr 0 00:03:45, Sys 0 00:00:00  -  Total Remote Usage
		Usr 0 00:00:00, Sys 0 00:00:00  -  Total Local Usage
	0  -  Run Bytes Sent By Job
	0  -  Run Bytes Received By Job
	0  -  Total Bytes Sent By Job
	0  -  Total Bytes Received By Job
	Partitionable Resources :    Usage  Request          
	   Cpus                 :                 1          
	   Disk (KB)            :     7500     7500          
	   Memory (MB)          :        3        3          
...
000 (10664.014.000) 08/31 23:17:37 Job submitted from host: <129.10.52.106:42847>
...
001 (10664.014.000) 08/31 23:17:38 Job executing on host: <10.1.255.246:47592>
...
006 (10664.014.000) 08/31 23:17:46 Image size of job updated: 389168
	0  -  MemoryUsage of job (MB)
	0  -  ResidentSetSize of job (KB)
...
005 (10664.014.000) 08/31 23:17:46 Job terminated.
	(1) Normal termination (return value 1)
		Usr 0 00:00:07, Sys 0 00:00:00  -  Run Remote Usage
		Usr 0 00:00:00, Sys 0 00:00:00  -  Run Local Usage
		Usr 0 00:00:07, Sys 0 00:00:00  -  Total Remote Usage
		Usr 0 00:00:00, Sys 0 00:00:00  -  Total Local Usage
	0  -  Run Bytes Sent By Job
	0  -  Run Bytes Received By Job
	0  -  Total Bytes Sent By Job
	0  -  Total Bytes Received By Job
	Partitionable Resources :    Usage  Request          
	   Cpus                 :                 1          
	   Disk (KB)            :     7500     7500          
	   Memory (MB)          :        0        0          
...
000 (10666.014.000) 08/31 23:29:12 Job submitted from host: <129.10.52.106:42847>
...
001 (10666.014.000) 08/31 23:29:15 Job executing on host: <10.1.255.245:47081>
...
006 (10666.014.000) 08/31 23:29:23 Image size of job updated: 16048
	3  -  MemoryUsage of job (MB)
	3032  -  ResidentSetSize of job (KB)
...
006 (10666.014.000) 08/31 23:34:23 Image size of job updated: 588820
	488  -  MemoryUsage of job (MB)
	499476  -  ResidentSetSize of job (KB)
...
004 (10666.014.000) 08/31 23:35:21 Job was evicted.
	(0) Job was not checkpointed.
		Usr 0 00:06:05, Sys 0 00:00:00  -  Run Remote Usage
		Usr 0 00:00:00, Sys 0 00:00:00  -  Run Local Usage
	0  -  Run Bytes Sent By Job
	0  -  Run Bytes Received By Job
	Partitionable Resources :    Usage  Request          
	   Cpus                 :                 1          
	   Disk (KB)            :     7500     7500          
	   Memory (MB)          :      488      488          
...
009 (10666.014.000) 08/31 23:35:21 Job was aborted by the user.
	via condor_rm (by user amir)
...
000 (10668.014.000) 08/31 23:35:57 Job submitted from host: <129.10.52.106:42847>
...
001 (10668.014.000) 08/31 23:35:58 Job executing on host: <10.1.255.251:40584>
...
006 (10668.014.000) 08/31 23:36:07 Image size of job updated: 426812
	314  -  MemoryUsage of job (MB)
	320752  -  ResidentSetSize of job (KB)
...
006 (10668.014.000) 08/31 23:41:08 Image size of job updated: 588820
	535  -  MemoryUsage of job (MB)
	547828  -  ResidentSetSize of job (KB)
...
006 (10668.014.000) 08/31 23:46:08 Image size of job updated: 588820
	535  -  MemoryUsage of job (MB)
	547836  -  ResidentSetSize of job (KB)
...
006 (10668.014.000) 08/31 23:51:08 Image size of job updated: 588820
	536  -  MemoryUsage of job (MB)
	547856  -  ResidentSetSize of job (KB)
...
005 (10668.014.000) 08/31 23:51:20 Job terminated.
	(1) Normal termination (return value 0)
		Usr 0 00:15:15, Sys 0 00:00:00  -  Run Remote Usage
		Usr 0 00:00:00, Sys 0 00:00:00  -  Run Local Usage
		Usr 0 00:15:15, Sys 0 00:00:00  -  Total Remote Usage
		Usr 0 00:00:00, Sys 0 00:00:00  -  Total Local Usage
	0  -  Run Bytes Sent By Job
	0  -  Run Bytes Received By Job
	0  -  Total Bytes Sent By Job
	0  -  Total Bytes Received By Job
	Partitionable Resources :    Usage  Request          
	   Cpus                 :                 1          
	   Disk (KB)            :     7500     7500          
	   Memory (MB)          :      536      536          
...
000 (10670.013.000) 09/01 01:09:26 Job submitted from host: <129.10.52.106:42847>
...
001 (10670.013.000) 09/01 01:09:27 Job executing on host: <10.1.255.243:43504>
...
006 (10670.013.000) 09/01 01:09:36 Image size of job updated: 7500
	3  -  MemoryUsage of job (MB)
	2168  -  ResidentSetSize of job (KB)
...
006 (10670.013.000) 09/01 01:14:36 Image size of job updated: 1025536
	908  -  MemoryUsage of job (MB)
	929500  -  ResidentSetSize of job (KB)
...
006 (10670.013.000) 09/01 01:19:36 Image size of job updated: 1028324
	916  -  MemoryUsage of job (MB)
	937620  -  ResidentSetSize of job (KB)
...
006 (10670.013.000) 09/01 01:24:37 Image size of job updated: 1028324
	918  -  MemoryUsage of job (MB)
	939384  -  ResidentSetSize of job (KB)
...
006 (10670.013.000) 09/01 01:29:38 Image size of job updated: 1028324
	971  -  MemoryUsage of job (MB)
	993300  -  ResidentSetSize of job (KB)
...
006 (10670.013.000) 09/01 01:34:38 Image size of job updated: 1028324
	974  -  MemoryUsage of job (MB)
	996492  -  ResidentSetSize of job (KB)
...
006 (10670.013.000) 09/01 01:39:38 Image size of job updated: 1028324
	978  -  MemoryUsage of job (MB)
	1000884  -  ResidentSetSize of job (KB)
...
006 (10670.013.000) 09/01 01:44:39 Image size of job updated: 1028324
	980  -  MemoryUsage of job (MB)
	1003148  -  ResidentSetSize of job (KB)
...
006 (10670.013.000) 09/01 01:49:40 Image size of job updated: 1028324
	980  -  MemoryUsage of job (MB)
	1003308  -  ResidentSetSize of job (KB)
...
006 (10670.013.000) 09/01 01:54:40 Image size of job updated: 1028324
	980  -  MemoryUsage of job (MB)
	1003496  -  ResidentSetSize of job (KB)
...
006 (10670.013.000) 09/01 01:59:41 Image size of job updated: 1028324
	982  -  MemoryUsage of job (MB)
	1005132  -  ResidentSetSize of job (KB)
...
006 (10670.013.000) 09/01 02:04:42 Image size of job updated: 1028324
	982  -  MemoryUsage of job (MB)
	1005204  -  ResidentSetSize of job (KB)
...
006 (10670.013.000) 09/01 02:09:43 Image size of job updated: 1028324
	982  -  MemoryUsage of job (MB)
	1005296  -  ResidentSetSize of job (KB)
...
006 (10670.013.000) 09/01 02:14:43 Image size of job updated: 1028324
	982  -  MemoryUsage of job (MB)
	1005412  -  ResidentSetSize of job (KB)
...
006 (10670.013.000) 09/01 02:19:43 Image size of job updated: 1028324
	982  -  MemoryUsage of job (MB)
	1005460  -  ResidentSetSize of job (KB)
...
006 (10670.013.000) 09/01 02:24:44 Image size of job updated: 1028324
	985  -  MemoryUsage of job (MB)
	1007800  -  ResidentSetSize of job (KB)
...
006 (10670.013.000) 09/01 02:29:45 Image size of job updated: 1028324
	985  -  MemoryUsage of job (MB)
	1007840  -  ResidentSetSize of job (KB)
...
006 (10670.013.000) 09/01 02:34:45 Image size of job updated: 1028324
	985  -  MemoryUsage of job (MB)
	1007864  -  ResidentSetSize of job (KB)
...
006 (10670.013.000) 09/01 02:39:46 Image size of job updated: 1028324
	985  -  MemoryUsage of job (MB)
	1007884  -  ResidentSetSize of job (KB)
...
006 (10670.013.000) 09/01 02:44:47 Image size of job updated: 1028324
	985  -  MemoryUsage of job (MB)
	1007892  -  ResidentSetSize of job (KB)
...
006 (10670.013.000) 09/01 02:49:47 Image size of job updated: 1028324
	985  -  MemoryUsage of job (MB)
	1008160  -  ResidentSetSize of job (KB)
...
006 (10670.013.000) 09/01 02:54:47 Image size of job updated: 1028324
	985  -  MemoryUsage of job (MB)
	1008168  -  ResidentSetSize of job (KB)
...
006 (10670.013.000) 09/01 05:10:05 Image size of job updated: 1028324
	985  -  MemoryUsage of job (MB)
	1008172  -  ResidentSetSize of job (KB)
...
005 (10670.013.000) 09/01 05:35:56 Job terminated.
	(1) Normal termination (return value 0)
		Usr 0 04:25:56, Sys 0 00:00:00  -  Run Remote Usage
		Usr 0 00:00:00, Sys 0 00:00:00  -  Run Local Usage
		Usr 0 04:25:56, Sys 0 00:00:00  -  Total Remote Usage
		Usr 0 00:00:00, Sys 0 00:00:00  -  Total Local Usage
	0  -  Run Bytes Sent By Job
	0  -  Run Bytes Received By Job
	0  -  Total Bytes Sent By Job
	0  -  Total Bytes Received By Job
	Partitionable Resources :    Usage  Request          
	   Cpus                 :                 1          
	   Disk (KB)            :     7500     7500          
	   Memory (MB)          :      985      985          
...
000 (10672.011.000) 09/01 11:26:49 Job submitted from host: <129.10.52.106:42847>
...
001 (10672.011.000) 09/01 11:26:53 Job executing on host: <10.1.255.243:43504>
...
006 (10672.011.000) 09/01 11:27:02 Image size of job updated: 45932
	33  -  MemoryUsage of job (MB)
	33764  -  ResidentSetSize of job (KB)
...
006 (10672.011.000) 09/01 11:32:02 Image size of job updated: 1030308
	909  -  MemoryUsage of job (MB)
	930756  -  ResidentSetSize of job (KB)
...
006 (10672.011.000) 09/01 11:37:02 Image size of job updated: 1036264
	978  -  MemoryUsage of job (MB)
	1000872  -  ResidentSetSize of job (KB)
...
006 (10672.011.000) 09/01 11:39:45 Image size of job updated: 1036660
	978  -  MemoryUsage of job (MB)
	1000872  -  ResidentSetSize of job (KB)
...
004 (10672.011.000) 09/01 11:39:45 Job was evicted.
	(0) Job was not checkpointed.
		Usr 0 00:12:48, Sys 0 00:00:00  -  Run Remote Usage
		Usr 0 00:00:00, Sys 0 00:00:00  -  Run Local Usage
	0  -  Run Bytes Sent By Job
	0  -  Run Bytes Received By Job
	Partitionable Resources :    Usage  Request          
	   Cpus                 :                 1          
	   Disk (KB)            :     7500     7500          
	   Memory (MB)          :      978      978          
...
009 (10672.011.000) 09/01 11:39:46 Job was aborted by the user.
	via condor_rm (by user amir)
...
000 (10674.011.000) 09/01 11:40:09 Job submitted from host: <129.10.52.106:42847>
...
001 (10674.011.000) 09/01 11:40:10 Job executing on host: <10.1.255.241:47008>
...
006 (10674.011.000) 09/01 11:40:19 Image size of job updated: 95288
	15  -  MemoryUsage of job (MB)
	14552  -  ResidentSetSize of job (KB)
...
006 (10674.011.000) 09/01 11:45:20 Image size of job updated: 1033876
	918  -  MemoryUsage of job (MB)
	939892  -  ResidentSetSize of job (KB)
...
006 (10674.011.000) 09/01 11:50:20 Image size of job updated: 1036664
	973  -  MemoryUsage of job (MB)
	995384  -  ResidentSetSize of job (KB)
...
006 (10674.011.000) 09/01 11:55:20 Image size of job updated: 1036664
	988  -  MemoryUsage of job (MB)
	1011532  -  ResidentSetSize of job (KB)
...
006 (10674.011.000) 09/01 12:00:21 Image size of job updated: 1036664
	989  -  MemoryUsage of job (MB)
	1012012  -  ResidentSetSize of job (KB)
...
006 (10674.011.000) 09/01 12:05:22 Image size of job updated: 1036664
	989  -  MemoryUsage of job (MB)
	1012464  -  ResidentSetSize of job (KB)
...
006 (10674.011.000) 09/01 12:10:22 Image size of job updated: 1036664
	990  -  MemoryUsage of job (MB)
	1012812  -  ResidentSetSize of job (KB)
...
006 (10674.011.000) 09/01 12:15:23 Image size of job updated: 1036664
	990  -  MemoryUsage of job (MB)
	1013052  -  ResidentSetSize of job (KB)
...
006 (10674.011.000) 09/01 12:20:24 Image size of job updated: 1036664
	990  -  MemoryUsage of job (MB)
	1013304  -  ResidentSetSize of job (KB)
...
006 (10674.011.000) 09/01 12:25:24 Image size of job updated: 1036664
	995  -  MemoryUsage of job (MB)
	1018560  -  ResidentSetSize of job (KB)
...
006 (10674.011.000) 09/01 12:30:24 Image size of job updated: 1036664
	995  -  MemoryUsage of job (MB)
	1018564  -  ResidentSetSize of job (KB)
...
006 (10674.011.000) 09/01 12:35:25 Image size of job updated: 1036664
	995  -  MemoryUsage of job (MB)
	1018568  -  ResidentSetSize of job (KB)
...
006 (10674.011.000) 09/01 12:50:26 Image size of job updated: 1036664
	995  -  MemoryUsage of job (MB)
	1018580  -  ResidentSetSize of job (KB)
...
006 (10674.011.000) 09/01 12:55:27 Image size of job updated: 1036664
	995  -  MemoryUsage of job (MB)
	1018584  -  ResidentSetSize of job (KB)
...
006 (10674.011.000) 09/01 14:25:38 Image size of job updated: 1036664
	995  -  MemoryUsage of job (MB)
	1018588  -  ResidentSetSize of job (KB)
...
006 (10674.011.000) 09/01 14:40:39 Image size of job updated: 1036664
	997  -  MemoryUsage of job (MB)
	1020636  -  ResidentSetSize of job (KB)
...
006 (10674.011.000) 09/01 14:55:40 Image size of job updated: 1036664
	1001  -  MemoryUsage of job (MB)
	1024732  -  ResidentSetSize of job (KB)
...
004 (10674.011.000) 09/01 15:34:52 Job was evicted.
	(0) Job was not checkpointed.
		Usr 0 03:50:05, Sys 0 00:00:00  -  Run Remote Usage
		Usr 0 00:00:00, Sys 0 00:00:00  -  Run Local Usage
	0  -  Run Bytes Sent By Job
	0  -  Run Bytes Received By Job
	Partitionable Resources :    Usage  Request          
	   Cpus                 :                 1          
	   Disk (KB)            :     7500     7500          
	   Memory (MB)          :     1001     1001          
...
009 (10674.011.000) 09/01 15:34:53 Job was aborted by the user.
	via condor_rm (by user amir)
...
000 (10676.011.000) 09/01 15:35:13 Job submitted from host: <129.10.52.106:42847>
...
001 (10676.011.000) 09/01 15:35:14 Job executing on host: <10.1.255.244:42701>
...
006 (10676.011.000) 09/01 15:35:22 Image size of job updated: 95280
	2  -  MemoryUsage of job (MB)
	1576  -  ResidentSetSize of job (KB)
...
006 (10676.011.000) 09/01 15:40:23 Image size of job updated: 1030176
	974  -  MemoryUsage of job (MB)
	996836  -  ResidentSetSize of job (KB)
...
006 (10676.011.000) 09/01 15:45:24 Image size of job updated: 1036396
	985  -  MemoryUsage of job (MB)
	1008016  -  ResidentSetSize of job (KB)
...
006 (10676.011.000) 09/01 15:50:24 Image size of job updated: 1036660
	985  -  MemoryUsage of job (MB)
	1008296  -  ResidentSetSize of job (KB)
...
006 (10676.011.000) 09/01 15:55:24 Image size of job updated: 1036660
	993  -  MemoryUsage of job (MB)
	1016488  -  ResidentSetSize of job (KB)
...
004 (10676.011.000) 09/01 16:17:46 Job was evicted.
	(0) Job was not checkpointed.
		Usr 0 00:42:26, Sys 0 00:00:00  -  Run Remote Usage
		Usr 0 00:00:00, Sys 0 00:00:00  -  Run Local Usage
	0  -  Run Bytes Sent By Job
	0  -  Run Bytes Received By Job
	Partitionable Resources :    Usage  Request          
	   Cpus                 :                 1          
	   Disk (KB)            :     7500     7500          
	   Memory (MB)          :      993      993          
...
009 (10676.011.000) 09/01 16:17:47 Job was aborted by the user.
	via condor_rm (by user amir)
...
000 (10678.011.000) 09/01 16:18:01 Job submitted from host: <129.10.52.106:42847>
...
001 (10678.011.000) 09/01 16:18:02 Job executing on host: <10.1.255.251:40584>
...
006 (10678.011.000) 09/01 16:18:11 Image size of job updated: 20904
	9  -  MemoryUsage of job (MB)
	8676  -  ResidentSetSize of job (KB)
...
006 (10678.011.000) 09/01 16:23:12 Image size of job updated: 1033872
	935  -  MemoryUsage of job (MB)
	956456  -  ResidentSetSize of job (KB)
...
006 (10678.011.000) 09/01 16:28:13 Image size of job updated: 1036660
	980  -  MemoryUsage of job (MB)
	1003156  -  ResidentSetSize of job (KB)
...
006 (10678.011.000) 09/01 16:33:13 Image size of job updated: 1036660
	988  -  MemoryUsage of job (MB)
	1010696  -  ResidentSetSize of job (KB)
...
006 (10678.011.000) 09/01 16:38:14 Image size of job updated: 1036660
	988  -  MemoryUsage of job (MB)
	1011216  -  ResidentSetSize of job (KB)
...
006 (10678.011.000) 09/01 16:43:15 Image size of job updated: 1036660
	988  -  MemoryUsage of job (MB)
	1011440  -  ResidentSetSize of job (KB)
...
006 (10678.011.000) 09/01 16:48:15 Image size of job updated: 1036660
	989  -  MemoryUsage of job (MB)
	1011816  -  ResidentSetSize of job (KB)
...
006 (10678.011.000) 09/01 16:53:15 Image size of job updated: 1036660
	992  -  MemoryUsage of job (MB)
	1015592  -  ResidentSetSize of job (KB)
...
006 (10678.011.000) 09/01 16:58:16 Image size of job updated: 1036660
	992  -  MemoryUsage of job (MB)
	1015632  -  ResidentSetSize of job (KB)
...
006 (10678.011.000) 09/01 17:03:16 Image size of job updated: 1036660
	992  -  MemoryUsage of job (MB)
	1015644  -  ResidentSetSize of job (KB)
...
006 (10678.011.000) 09/01 17:08:16 Image size of job updated: 1036660
	992  -  MemoryUsage of job (MB)
	1015668  -  ResidentSetSize of job (KB)
...
006 (10678.011.000) 09/01 17:13:17 Image size of job updated: 1036660
	992  -  MemoryUsage of job (MB)
	1015684  -  ResidentSetSize of job (KB)
...
006 (10678.011.000) 09/01 17:18:18 Image size of job updated: 1036660
	992  -  MemoryUsage of job (MB)
	1015696  -  ResidentSetSize of job (KB)
...
006 (10678.011.000) 09/01 17:23:19 Image size of job updated: 1036660
	992  -  MemoryUsage of job (MB)
	1015700  -  ResidentSetSize of job (KB)
...
006 (10678.011.000) 09/01 17:28:19 Image size of job updated: 1036660
	992  -  MemoryUsage of job (MB)
	1015724  -  ResidentSetSize of job (KB)
...
006 (10678.011.000) 09/01 17:48:21 Image size of job updated: 1036660
	993  -  MemoryUsage of job (MB)
	1016536  -  ResidentSetSize of job (KB)
...
006 (10678.011.000) 09/01 18:58:27 Image size of job updated: 1036660
	993  -  MemoryUsage of job (MB)
	1016540  -  ResidentSetSize of job (KB)
...
006 (10678.011.000) 09/01 19:13:29 Image size of job updated: 1036660
	995  -  MemoryUsage of job (MB)
	1018588  -  ResidentSetSize of job (KB)
...
006 (10678.011.000) 09/01 19:18:29 Image size of job updated: 1036660
	1001  -  MemoryUsage of job (MB)
	1024732  -  ResidentSetSize of job (KB)
...
005 (10678.011.000) 09/01 20:31:42 Job terminated.
	(1) Normal termination (return value 0)
		Usr 0 04:13:10, Sys 0 00:00:00  -  Run Remote Usage
		Usr 0 00:00:00, Sys 0 00:00:00  -  Run Local Usage
		Usr 0 04:13:10, Sys 0 00:00:00  -  Total Remote Usage
		Usr 0 00:00:00, Sys 0 00:00:00  -  Total Local Usage
	0  -  Run Bytes Sent By Job
	0  -  Run Bytes Received By Job
	0  -  Total Bytes Sent By Job
	0  -  Total Bytes Received By Job
	Partitionable Resources :    Usage  Request          
	   Cpus                 :                 1          
	   Disk (KB)            :     7500     7500          
	   Memory (MB)          :     1001     1001          
...
