000 (10649.005.000) 08/30 23:02:21 Job submitted from host: <129.10.52.106:42847>
...
001 (10649.005.000) 08/30 23:02:41 Job executing on host: <10.1.255.249:47081>
...
006 (10649.005.000) 08/30 23:02:49 Image size of job updated: 27736
	16  -  MemoryUsage of job (MB)
	15652  -  ResidentSetSize of job (KB)
...
006 (10649.005.000) 08/30 23:07:49 Image size of job updated: 1603044
	1186  -  MemoryUsage of job (MB)
	1213940  -  ResidentSetSize of job (KB)
...
006 (10649.005.000) 08/30 23:17:51 Image size of job updated: 1603044
	1193  -  MemoryUsage of job (MB)
	1220860  -  ResidentSetSize of job (KB)
...
006 (10649.005.000) 08/30 23:22:51 Image size of job updated: 1603044
	1194  -  MemoryUsage of job (MB)
	1222064  -  ResidentSetSize of job (KB)
...
006 (10649.005.000) 08/30 23:27:51 Image size of job updated: 1603044
	1195  -  MemoryUsage of job (MB)
	1223424  -  ResidentSetSize of job (KB)
...
006 (10649.005.000) 08/30 23:32:52 Image size of job updated: 1603044
	1197  -  MemoryUsage of job (MB)
	1224940  -  ResidentSetSize of job (KB)
...
005 (10649.005.000) 08/30 23:34:44 Job terminated.
	(1) Normal termination (return value 0)
		Usr 0 00:31:47, Sys 0 00:00:00  -  Run Remote Usage
		Usr 0 00:00:00, Sys 0 00:00:00  -  Run Local Usage
		Usr 0 00:31:47, Sys 0 00:00:00  -  Total Remote Usage
		Usr 0 00:00:00, Sys 0 00:00:00  -  Total Local Usage
	0  -  Run Bytes Sent By Job
	0  -  Run Bytes Received By Job
	0  -  Total Bytes Sent By Job
	0  -  Total Bytes Received By Job
	Partitionable Resources :    Usage  Request          
	   Cpus                 :                 1          
	   Disk (KB)            :     7500     7500          
	   Memory (MB)          :     1197     1197          
...
000 (10651.005.000) 08/31 10:26:00 Job submitted from host: <129.10.52.106:42847>
...
001 (10651.005.000) 08/31 10:26:15 Job executing on host: <10.1.255.253:43139>
...
006 (10651.005.000) 08/31 10:26:24 Image size of job updated: 30232
	16  -  MemoryUsage of job (MB)
	16292  -  ResidentSetSize of job (KB)
...
006 (10651.005.000) 08/31 10:31:25 Image size of job updated: 1603048
	1193  -  MemoryUsage of job (MB)
	1220972  -  ResidentSetSize of job (KB)
...
006 (10651.005.000) 08/31 10:41:26 Image size of job updated: 1603048
	1194  -  MemoryUsage of job (MB)
	1221936  -  ResidentSetSize of job (KB)
...
006 (10651.005.000) 08/31 10:46:26 Image size of job updated: 1603048
	1195  -  MemoryUsage of job (MB)
	1222984  -  ResidentSetSize of job (KB)
...
006 (10651.005.000) 08/31 10:51:27 Image size of job updated: 1603048
	1196  -  MemoryUsage of job (MB)
	1224344  -  ResidentSetSize of job (KB)
...
006 (10651.005.000) 08/31 10:56:27 Image size of job updated: 1603048
	1198  -  MemoryUsage of job (MB)
	1225848  -  ResidentSetSize of job (KB)
...
005 (10651.005.000) 08/31 10:57:25 Job terminated.
	(1) Normal termination (return value 0)
		Usr 0 00:30:54, Sys 0 00:00:00  -  Run Remote Usage
		Usr 0 00:00:00, Sys 0 00:00:00  -  Run Local Usage
		Usr 0 00:30:54, Sys 0 00:00:00  -  Total Remote Usage
		Usr 0 00:00:00, Sys 0 00:00:00  -  Total Local Usage
	0  -  Run Bytes Sent By Job
	0  -  Run Bytes Received By Job
	0  -  Total Bytes Sent By Job
	0  -  Total Bytes Received By Job
	Partitionable Resources :    Usage  Request          
	   Cpus                 :                 1          
	   Disk (KB)            :     7500     7500          
	   Memory (MB)          :     1198     1198          
...
000 (10653.005.000) 08/31 19:52:09 Job submitted from host: <129.10.52.106:42847>
...
001 (10653.005.000) 08/31 19:52:10 Job executing on host: <10.1.255.243:43504>
...
006 (10653.005.000) 08/31 19:52:19 Image size of job updated: 20772
	9  -  MemoryUsage of job (MB)
	8520  -  ResidentSetSize of job (KB)
...
006 (10653.005.000) 08/31 19:53:33 Image size of job updated: 170504
	9  -  MemoryUsage of job (MB)
	8520  -  ResidentSetSize of job (KB)
...
005 (10653.005.000) 08/31 19:53:33 Job terminated.
	(1) Normal termination (return value 0)
		Usr 0 00:01:14, Sys 0 00:00:00  -  Run Remote Usage
		Usr 0 00:00:00, Sys 0 00:00:00  -  Run Local Usage
		Usr 0 00:01:14, Sys 0 00:00:00  -  Total Remote Usage
		Usr 0 00:00:00, Sys 0 00:00:00  -  Total Local Usage
	0  -  Run Bytes Sent By Job
	0  -  Run Bytes Received By Job
	0  -  Total Bytes Sent By Job
	0  -  Total Bytes Received By Job
	Partitionable Resources :    Usage  Request          
	   Cpus                 :                 1          
	   Disk (KB)            :     7500     7500          
	   Memory (MB)          :        9        9          
...
000 (10655.005.000) 08/31 20:17:22 Job submitted from host: <129.10.52.106:42847>
...
001 (10655.005.000) 08/31 20:17:23 Job executing on host: <10.1.255.243:43504>
...
006 (10655.005.000) 08/31 20:17:31 Image size of job updated: 21036
	9  -  MemoryUsage of job (MB)
	8848  -  ResidentSetSize of job (KB)
...
006 (10655.005.000) 08/31 20:22:31 Image size of job updated: 531544
	432  -  MemoryUsage of job (MB)
	441444  -  ResidentSetSize of job (KB)
...
006 (10655.005.000) 08/31 20:27:32 Image size of job updated: 531544
	442  -  MemoryUsage of job (MB)
	451944  -  ResidentSetSize of job (KB)
...
006 (10655.005.000) 08/31 20:32:33 Image size of job updated: 531544
	484  -  MemoryUsage of job (MB)
	495032  -  ResidentSetSize of job (KB)
...
005 (10655.005.000) 08/31 20:42:55 Job terminated.
	(1) Normal termination (return value 0)
		Usr 0 00:25:23, Sys 0 00:00:00  -  Run Remote Usage
		Usr 0 00:00:00, Sys 0 00:00:00  -  Run Local Usage
		Usr 0 00:25:23, Sys 0 00:00:00  -  Total Remote Usage
		Usr 0 00:00:00, Sys 0 00:00:00  -  Total Local Usage
	0  -  Run Bytes Sent By Job
	0  -  Run Bytes Received By Job
	0  -  Total Bytes Sent By Job
	0  -  Total Bytes Received By Job
	Partitionable Resources :    Usage  Request          
	   Cpus                 :                 1          
	   Disk (KB)            :     7500     7500          
	   Memory (MB)          :      484      484          
...
000 (10657.005.000) 08/31 21:02:22 Job submitted from host: <129.10.52.106:42847>
...
001 (10657.005.000) 08/31 21:02:35 Job executing on host: <10.1.255.241:47008>
...
006 (10657.005.000) 08/31 21:02:43 Image size of job updated: 38132
	26  -  MemoryUsage of job (MB)
	26028  -  ResidentSetSize of job (KB)
...
006 (10657.005.000) 08/31 21:07:43 Image size of job updated: 172432
	157  -  MemoryUsage of job (MB)
	160544  -  ResidentSetSize of job (KB)
...
000 (10659.005.000) 08/31 21:08:49 Job submitted from host: <129.10.52.106:42847>
...
009 (10659.005.000) 08/31 21:09:16 Job was aborted by the user.
	via condor_rm (by user amir)
...
004 (10657.005.000) 08/31 21:09:20 Job was evicted.
	(0) Job was not checkpointed.
		Usr 0 00:06:44, Sys 0 00:00:00  -  Run Remote Usage
		Usr 0 00:00:00, Sys 0 00:00:00  -  Run Local Usage
	0  -  Run Bytes Sent By Job
	0  -  Run Bytes Received By Job
	Partitionable Resources :    Usage  Request          
	   Cpus                 :                 1          
	   Disk (KB)            :     7500     7500          
	   Memory (MB)          :      157      157          
...
009 (10657.005.000) 08/31 21:09:21 Job was aborted by the user.
	via condor_rm (by user amir)
...
000 (10661.005.000) 08/31 21:09:44 Job submitted from host: <129.10.52.106:42847>
...
001 (10661.005.000) 08/31 21:09:56 Job executing on host: <10.1.255.253:43139>
...
006 (10661.005.000) 08/31 21:10:05 Image size of job updated: 46008
	34  -  MemoryUsage of job (MB)
	33844  -  ResidentSetSize of job (KB)
...
006 (10661.005.000) 08/31 21:15:05 Image size of job updated: 172432
	151  -  MemoryUsage of job (MB)
	154196  -  ResidentSetSize of job (KB)
...
004 (10661.005.000) 08/31 21:15:48 Job was evicted.
	(0) Job was not checkpointed.
		Usr 0 00:05:50, Sys 0 00:00:00  -  Run Remote Usage
		Usr 0 00:00:00, Sys 0 00:00:00  -  Run Local Usage
	0  -  Run Bytes Sent By Job
	0  -  Run Bytes Received By Job
	Partitionable Resources :    Usage  Request          
	   Cpus                 :                 1          
	   Disk (KB)            :     7500     7500          
	   Memory (MB)          :      151      151          
...
009 (10661.005.000) 08/31 21:15:49 Job was aborted by the user.
	via condor_rm (by user amir)
...
000 (10663.005.000) 08/31 21:16:22 Job submitted from host: <129.10.52.106:42847>
...
001 (10663.005.000) 08/31 21:16:39 Job executing on host: <10.1.255.239:44818>
...
006 (10663.005.000) 08/31 21:16:48 Image size of job updated: 7500
	3  -  MemoryUsage of job (MB)
	2180  -  ResidentSetSize of job (KB)
...
006 (10663.005.000) 08/31 21:21:49 Image size of job updated: 172432
	156  -  MemoryUsage of job (MB)
	159600  -  ResidentSetSize of job (KB)
...
006 (10663.005.000) 08/31 21:26:50 Image size of job updated: 188828
	173  -  MemoryUsage of job (MB)
	176928  -  ResidentSetSize of job (KB)
...
005 (10663.005.000) 08/31 21:31:00 Job terminated.
	(1) Normal termination (return value 0)
		Usr 0 00:14:18, Sys 0 00:00:00  -  Run Remote Usage
		Usr 0 00:00:00, Sys 0 00:00:00  -  Run Local Usage
		Usr 0 00:14:18, Sys 0 00:00:00  -  Total Remote Usage
		Usr 0 00:00:00, Sys 0 00:00:00  -  Total Local Usage
	0  -  Run Bytes Sent By Job
	0  -  Run Bytes Received By Job
	0  -  Total Bytes Sent By Job
	0  -  Total Bytes Received By Job
	Partitionable Resources :    Usage  Request          
	   Cpus                 :                 1          
	   Disk (KB)            :     7500     7500          
	   Memory (MB)          :      173      173          
...
000 (10665.005.000) 08/31 23:17:47 Job submitted from host: <129.10.52.106:42847>
...
001 (10665.005.000) 08/31 23:17:58 Job executing on host: <10.1.255.244:42701>
...
006 (10665.005.000) 08/31 23:18:06 Image size of job updated: 155144
	0  -  MemoryUsage of job (MB)
	0  -  ResidentSetSize of job (KB)
...
005 (10665.005.000) 08/31 23:18:07 Job terminated.
	(1) Normal termination (return value 1)
		Usr 0 00:00:07, Sys 0 00:00:00  -  Run Remote Usage
		Usr 0 00:00:00, Sys 0 00:00:00  -  Run Local Usage
		Usr 0 00:00:07, Sys 0 00:00:00  -  Total Remote Usage
		Usr 0 00:00:00, Sys 0 00:00:00  -  Total Local Usage
	0  -  Run Bytes Sent By Job
	0  -  Run Bytes Received By Job
	0  -  Total Bytes Sent By Job
	0  -  Total Bytes Received By Job
	Partitionable Resources :    Usage  Request          
	   Cpus                 :                 1          
	   Disk (KB)            :     7500     7500          
	   Memory (MB)          :        0        0          
...
000 (10667.005.000) 08/31 23:29:22 Job submitted from host: <129.10.52.106:42847>
...
001 (10667.005.000) 08/31 23:29:34 Job executing on host: <10.1.255.242:42117>
...
006 (10667.005.000) 08/31 23:29:43 Image size of job updated: 18376
	7  -  MemoryUsage of job (MB)
	6184  -  ResidentSetSize of job (KB)
...
006 (10667.005.000) 08/31 23:29:44 Image size of job updated: 339264
	7  -  MemoryUsage of job (MB)
	6184  -  ResidentSetSize of job (KB)
...
005 (10667.005.000) 08/31 23:29:44 Job terminated.
	(1) Normal termination (return value 1)
		Usr 0 00:00:09, Sys 0 00:00:00  -  Run Remote Usage
		Usr 0 00:00:00, Sys 0 00:00:00  -  Run Local Usage
		Usr 0 00:00:09, Sys 0 00:00:00  -  Total Remote Usage
		Usr 0 00:00:00, Sys 0 00:00:00  -  Total Local Usage
	0  -  Run Bytes Sent By Job
	0  -  Run Bytes Received By Job
	0  -  Total Bytes Sent By Job
	0  -  Total Bytes Received By Job
	Partitionable Resources :    Usage  Request          
	   Cpus                 :                 1          
	   Disk (KB)            :     7500     7500          
	   Memory (MB)          :        7        7          
...
000 (10669.005.000) 08/31 23:36:08 Job submitted from host: <129.10.52.106:42847>
...
001 (10669.005.000) 08/31 23:36:19 Job executing on host: <10.1.255.239:44818>
...
006 (10669.005.000) 08/31 23:36:27 Image size of job updated: 46020
	34  -  MemoryUsage of job (MB)
	33884  -  ResidentSetSize of job (KB)
...
006 (10669.005.000) 08/31 23:41:27 Image size of job updated: 357540
	322  -  MemoryUsage of job (MB)
	329196  -  ResidentSetSize of job (KB)
...
005 (10669.005.000) 08/31 23:49:42 Job terminated.
	(1) Normal termination (return value 0)
		Usr 0 00:13:12, Sys 0 00:00:00  -  Run Remote Usage
		Usr 0 00:00:00, Sys 0 00:00:00  -  Run Local Usage
		Usr 0 00:13:12, Sys 0 00:00:00  -  Total Remote Usage
		Usr 0 00:00:00, Sys 0 00:00:00  -  Total Local Usage
	0  -  Run Bytes Sent By Job
	0  -  Run Bytes Received By Job
	0  -  Total Bytes Sent By Job
	0  -  Total Bytes Received By Job
	Partitionable Resources :    Usage  Request          
	   Cpus                 :                 1          
	   Disk (KB)            :     7500     7500          
	   Memory (MB)          :      322      322          
...
000 (10671.005.000) 09/01 01:09:36 Job submitted from host: <129.10.52.106:42847>
...
001 (10671.005.000) 09/01 01:09:48 Job executing on host: <10.1.255.253:43139>
...
006 (10671.005.000) 09/01 01:09:56 Image size of job updated: 47068
	35  -  MemoryUsage of job (MB)
	34912  -  ResidentSetSize of job (KB)
...
006 (10671.005.000) 09/01 01:14:56 Image size of job updated: 1904828
	1466  -  MemoryUsage of job (MB)
	1500256  -  ResidentSetSize of job (KB)
...
006 (10671.005.000) 09/01 01:24:58 Image size of job updated: 1904828
	1478  -  MemoryUsage of job (MB)
	1512628  -  ResidentSetSize of job (KB)
...
006 (10671.005.000) 09/01 01:39:59 Image size of job updated: 1904828
	1480  -  MemoryUsage of job (MB)
	1514512  -  ResidentSetSize of job (KB)
...
005 (10671.005.000) 09/01 01:59:49 Job terminated.
	(1) Normal termination (return value 0)
		Usr 0 00:49:46, Sys 0 00:00:00  -  Run Remote Usage
		Usr 0 00:00:00, Sys 0 00:00:00  -  Run Local Usage
		Usr 0 00:49:46, Sys 0 00:00:00  -  Total Remote Usage
		Usr 0 00:00:00, Sys 0 00:00:00  -  Total Local Usage
	0  -  Run Bytes Sent By Job
	0  -  Run Bytes Received By Job
	0  -  Total Bytes Sent By Job
	0  -  Total Bytes Received By Job
	Partitionable Resources :    Usage  Request          
	   Cpus                 :                 1          
	   Disk (KB)            :     7500     7500          
	   Memory (MB)          :     1480     1480          
...
000 (10673.005.000) 09/01 11:26:58 Job submitted from host: <129.10.52.106:42847>
...
001 (10673.005.000) 09/01 11:27:13 Job executing on host: <10.1.255.244:42701>
...
006 (10673.005.000) 09/01 11:27:22 Image size of job updated: 7500
	3  -  MemoryUsage of job (MB)
	2172  -  ResidentSetSize of job (KB)
...
006 (10673.005.000) 09/01 11:32:22 Image size of job updated: 2046232
	1673  -  MemoryUsage of job (MB)
	1712272  -  ResidentSetSize of job (KB)
...
004 (10673.005.000) 09/01 11:39:45 Job was evicted.
	(0) Job was not checkpointed.
		Usr 0 00:12:29, Sys 0 00:00:00  -  Run Remote Usage
		Usr 0 00:00:00, Sys 0 00:00:00  -  Run Local Usage
	0  -  Run Bytes Sent By Job
	0  -  Run Bytes Received By Job
	Partitionable Resources :    Usage  Request          
	   Cpus                 :                 1          
	   Disk (KB)            :     7500     7500          
	   Memory (MB)          :     1673     1673          
...
009 (10673.005.000) 09/01 11:39:47 Job was aborted by the user.
	via condor_rm (by user amir)
...
000 (10675.005.000) 09/01 11:40:18 Job submitted from host: <129.10.52.106:42847>
...
001 (10675.005.000) 09/01 11:40:31 Job executing on host: <10.1.255.249:47081>
...
006 (10675.005.000) 09/01 11:40:39 Image size of job updated: 7500
	3  -  MemoryUsage of job (MB)
	2168  -  ResidentSetSize of job (KB)
...
006 (10675.005.000) 09/01 11:45:39 Image size of job updated: 2046232
	1694  -  MemoryUsage of job (MB)
	1733640  -  ResidentSetSize of job (KB)
...
006 (10675.005.000) 09/01 12:15:43 Image size of job updated: 2046232
	1710  -  MemoryUsage of job (MB)
	1750112  -  ResidentSetSize of job (KB)
...
006 (10675.005.000) 09/01 12:20:43 Image size of job updated: 2046232
	1711  -  MemoryUsage of job (MB)
	1751552  -  ResidentSetSize of job (KB)
...
006 (10675.005.000) 09/01 12:30:45 Image size of job updated: 2046232
	1715  -  MemoryUsage of job (MB)
	1755168  -  ResidentSetSize of job (KB)
...
006 (10675.005.000) 09/01 12:35:45 Image size of job updated: 2046232
	1742  -  MemoryUsage of job (MB)
	1783048  -  ResidentSetSize of job (KB)
...
006 (10675.005.000) 09/01 12:40:45 Image size of job updated: 2046232
	1771  -  MemoryUsage of job (MB)
	1813028  -  ResidentSetSize of job (KB)
...
006 (10675.005.000) 09/01 12:45:46 Image size of job updated: 2046232
	1771  -  MemoryUsage of job (MB)
	1813152  -  ResidentSetSize of job (KB)
...
005 (10675.005.000) 09/01 13:52:18 Job terminated.
	(1) Normal termination (return value 0)
		Usr 0 02:11:29, Sys 0 00:00:00  -  Run Remote Usage
		Usr 0 00:00:00, Sys 0 00:00:00  -  Run Local Usage
		Usr 0 02:11:29, Sys 0 00:00:00  -  Total Remote Usage
		Usr 0 00:00:00, Sys 0 00:00:00  -  Total Local Usage
	0  -  Run Bytes Sent By Job
	0  -  Run Bytes Received By Job
	0  -  Total Bytes Sent By Job
	0  -  Total Bytes Received By Job
	Partitionable Resources :    Usage  Request          
	   Cpus                 :                 1          
	   Disk (KB)            :     7500     7500          
	   Memory (MB)          :     1771     1771          
...
000 (10677.005.000) 09/01 15:35:23 Job submitted from host: <129.10.52.106:42847>
...
001 (10677.005.000) 09/01 15:35:35 Job executing on host: <10.1.255.239:44818>
...
006 (10677.005.000) 09/01 15:35:43 Image size of job updated: 39076
	27  -  MemoryUsage of job (MB)
	27020  -  ResidentSetSize of job (KB)
...
006 (10677.005.000) 09/01 15:40:43 Image size of job updated: 2222384
	1928  -  MemoryUsage of job (MB)
	1974140  -  ResidentSetSize of job (KB)
...
006 (10677.005.000) 09/01 15:45:44 Image size of job updated: 2222384
	1934  -  MemoryUsage of job (MB)
	1980176  -  ResidentSetSize of job (KB)
...
006 (10677.005.000) 09/01 15:50:45 Image size of job updated: 2222384
	1935  -  MemoryUsage of job (MB)
	1981016  -  ResidentSetSize of job (KB)
...
006 (10677.005.000) 09/01 15:55:46 Image size of job updated: 2222384
	1935  -  MemoryUsage of job (MB)
	1981272  -  ResidentSetSize of job (KB)
...
004 (10677.005.000) 09/01 16:17:46 Job was evicted.
	(0) Job was not checkpointed.
		Usr 0 00:42:07, Sys 0 00:00:01  -  Run Remote Usage
		Usr 0 00:00:00, Sys 0 00:00:00  -  Run Local Usage
	0  -  Run Bytes Sent By Job
	0  -  Run Bytes Received By Job
	Partitionable Resources :    Usage  Request          
	   Cpus                 :                 1          
	   Disk (KB)            :     7500     7500          
	   Memory (MB)          :     1935     1935          
...
009 (10677.005.000) 09/01 16:17:48 Job was aborted by the user.
	via condor_rm (by user amir)
...
000 (10679.005.000) 09/01 16:18:11 Job submitted from host: <129.10.52.106:42847>
...
001 (10679.005.000) 09/01 16:18:23 Job executing on host: <10.1.255.242:42117>
...
006 (10679.005.000) 09/01 16:18:32 Image size of job updated: 299508
	265  -  MemoryUsage of job (MB)
	271208  -  ResidentSetSize of job (KB)
...
006 (10679.005.000) 09/01 16:23:33 Image size of job updated: 2222380
	1918  -  MemoryUsage of job (MB)
	1963200  -  ResidentSetSize of job (KB)
...
006 (10679.005.000) 09/01 16:28:34 Image size of job updated: 2222380
	1940  -  MemoryUsage of job (MB)
	1985648  -  ResidentSetSize of job (KB)
...
006 (10679.005.000) 09/01 16:33:34 Image size of job updated: 2222380
	1941  -  MemoryUsage of job (MB)
	1986908  -  ResidentSetSize of job (KB)
...
006 (10679.005.000) 09/01 16:38:34 Image size of job updated: 2222380
	1941  -  MemoryUsage of job (MB)
	1987548  -  ResidentSetSize of job (KB)
...
006 (10679.005.000) 09/01 16:43:36 Image size of job updated: 2222380
	1944  -  MemoryUsage of job (MB)
	1990572  -  ResidentSetSize of job (KB)
...
006 (10679.005.000) 09/01 16:48:36 Image size of job updated: 2222380
	1986  -  MemoryUsage of job (MB)
	2033244  -  ResidentSetSize of job (KB)
...
006 (10679.005.000) 09/01 16:53:36 Image size of job updated: 2222380
	2021  -  MemoryUsage of job (MB)
	2068856  -  ResidentSetSize of job (KB)
...
006 (10679.005.000) 09/01 16:58:37 Image size of job updated: 2222380
	2021  -  MemoryUsage of job (MB)
	2069316  -  ResidentSetSize of job (KB)
...
006 (10679.005.000) 09/01 17:08:38 Image size of job updated: 2222380
	2021  -  MemoryUsage of job (MB)
	2069320  -  ResidentSetSize of job (KB)
...
006 (10679.005.000) 09/01 17:28:40 Image size of job updated: 2222380
	2023  -  MemoryUsage of job (MB)
	2071196  -  ResidentSetSize of job (KB)
...
006 (10679.005.000) 09/01 17:33:41 Image size of job updated: 2222380
	2049  -  MemoryUsage of job (MB)
	2097820  -  ResidentSetSize of job (KB)
...
006 (10679.005.000) 09/01 17:38:42 Image size of job updated: 2222380
	2133  -  MemoryUsage of job (MB)
	2183836  -  ResidentSetSize of job (KB)
...
006 (10679.005.000) 09/01 17:43:42 Image size of job updated: 2222380
	2141  -  MemoryUsage of job (MB)
	2192028  -  ResidentSetSize of job (KB)
...
006 (10679.005.000) 09/01 17:48:42 Image size of job updated: 2222380
	2159  -  MemoryUsage of job (MB)
	2210460  -  ResidentSetSize of job (KB)
...
006 (10679.005.000) 09/01 18:33:48 Image size of job updated: 2224628
	2161  -  MemoryUsage of job (MB)
	2212676  -  ResidentSetSize of job (KB)
...
006 (10679.005.000) 09/01 18:38:48 Image size of job updated: 2228988
	2166  -  MemoryUsage of job (MB)
	2217012  -  ResidentSetSize of job (KB)
...
006 (10679.005.000) 09/01 18:43:48 Image size of job updated: 2232156
	2169  -  MemoryUsage of job (MB)
	2220180  -  ResidentSetSize of job (KB)
...
006 (10679.005.000) 09/01 18:48:49 Image size of job updated: 2236248
	2173  -  MemoryUsage of job (MB)
	2224356  -  ResidentSetSize of job (KB)
...
006 (10679.005.000) 09/01 18:53:50 Image size of job updated: 2237964
	2174  -  MemoryUsage of job (MB)
	2226044  -  ResidentSetSize of job (KB)
...
006 (10679.005.000) 09/01 18:58:50 Image size of job updated: 2238888
	2175  -  MemoryUsage of job (MB)
	2226908  -  ResidentSetSize of job (KB)
...
006 (10679.005.000) 09/01 19:03:50 Image size of job updated: 2238888
	2175  -  MemoryUsage of job (MB)
	2227004  -  ResidentSetSize of job (KB)
...
