
; Multi2Sim 4.2 - A Simulation Framework for CPU-GPU Heterogeneous Computing
; Please use command 'm2s --help' for a list of command-line options.
; Simulation alpha-numeric ID: dyajd


;
; Simulation Statistics Summary
;

[ General ]
RealTime = 98.12 [s]
SimEnd = ContextsFinished
SimTime = 30624.00 [ns]
Frequency = 1000 [MHz]
Cycles = 30625

[ SouthernIslands ]
RealTime = 0.00 [s]
Instructions = 2717
InstructionsPerSecond = 0
NDRangeCount = 1
WorkGroupCount = 1
BranchInstructions = 352
LDSInstructions = 201
ScalarALUInstructions = 1322
ScalarMemInstructions = 32
VectorALUInstructions = 778
VectorMemInstructions = 32
SimTime = 30623.65 [ns]
Frequency = 925 [MHz]
Cycles = 28329
CyclesPerSecond = 0

[ x86 ]
RealTime = 88.19 [s]
Instructions = 100135646
InstructionsPerSecond = 1135490
Contexts = 2
Memory = 44531712

Warning: empty y range [0:0], adjusting to [0:1]
