000 (10649.010.000) 08/30 23:02:21 Job submitted from host: <129.10.52.106:42847>
...
001 (10649.010.000) 08/30 23:02:41 Job executing on host: <10.1.255.242:42117>
...
006 (10649.010.000) 08/30 23:02:50 Image size of job updated: 27552
	15  -  MemoryUsage of job (MB)
	15304  -  ResidentSetSize of job (KB)
...
006 (10649.010.000) 08/30 23:04:19 Image size of job updated: 1535212
	15  -  MemoryUsage of job (MB)
	15304  -  ResidentSetSize of job (KB)
...
005 (10649.010.000) 08/30 23:04:19 Job terminated.
	(1) Normal termination (return value 0)
		Usr 0 00:01:29, Sys 0 00:00:00  -  Run Remote Usage
		Usr 0 00:00:00, Sys 0 00:00:00  -  Run Local Usage
		Usr 0 00:01:29, Sys 0 00:00:00  -  Total Remote Usage
		Usr 0 00:00:00, Sys 0 00:00:00  -  Total Local Usage
	0  -  Run Bytes Sent By Job
	0  -  Run Bytes Received By Job
	0  -  Total Bytes Sent By Job
	0  -  Total Bytes Received By Job
	Partitionable Resources :    Usage  Request          
	   Cpus                 :                 1          
	   Disk (KB)            :     7500     7500          
	   Memory (MB)          :       15       15          
...
000 (10651.010.000) 08/31 10:26:00 Job submitted from host: <129.10.52.106:42847>
...
001 (10651.010.000) 08/31 10:26:15 Job executing on host: <10.1.255.243:43504>
...
006 (10651.010.000) 08/31 10:26:24 Image size of job updated: 18112
	6  -  MemoryUsage of job (MB)
	5936  -  ResidentSetSize of job (KB)
...
006 (10651.010.000) 08/31 10:27:53 Image size of job updated: 1535212
	6  -  MemoryUsage of job (MB)
	5936  -  ResidentSetSize of job (KB)
...
005 (10651.010.000) 08/31 10:27:53 Job terminated.
	(1) Normal termination (return value 0)
		Usr 0 00:01:28, Sys 0 00:00:00  -  Run Remote Usage
		Usr 0 00:00:00, Sys 0 00:00:00  -  Run Local Usage
		Usr 0 00:01:28, Sys 0 00:00:00  -  Total Remote Usage
		Usr 0 00:00:00, Sys 0 00:00:00  -  Total Local Usage
	0  -  Run Bytes Sent By Job
	0  -  Run Bytes Received By Job
	0  -  Total Bytes Sent By Job
	0  -  Total Bytes Received By Job
	Partitionable Resources :    Usage  Request          
	   Cpus                 :                 1          
	   Disk (KB)            :     7500     7500          
	   Memory (MB)          :        6        6          
...
000 (10653.010.000) 08/31 19:52:09 Job submitted from host: <129.10.52.106:42847>
...
001 (10653.010.000) 08/31 19:52:10 Job executing on host: <10.1.255.245:47081>
...
006 (10653.010.000) 08/31 19:52:19 Image size of job updated: 30232
	16  -  MemoryUsage of job (MB)
	16100  -  ResidentSetSize of job (KB)
...
006 (10653.010.000) 08/31 19:53:44 Image size of job updated: 107668
	16  -  MemoryUsage of job (MB)
	16100  -  ResidentSetSize of job (KB)
...
005 (10653.010.000) 08/31 19:53:44 Job terminated.
	(1) Normal termination (return value 0)
		Usr 0 00:01:31, Sys 0 00:00:00  -  Run Remote Usage
		Usr 0 00:00:00, Sys 0 00:00:00  -  Run Local Usage
		Usr 0 00:01:31, Sys 0 00:00:00  -  Total Remote Usage
		Usr 0 00:00:00, Sys 0 00:00:00  -  Total Local Usage
	0  -  Run Bytes Sent By Job
	0  -  Run Bytes Received By Job
	0  -  Total Bytes Sent By Job
	0  -  Total Bytes Received By Job
	Partitionable Resources :    Usage  Request          
	   Cpus                 :                 1          
	   Disk (KB)            :     7500     7500          
	   Memory (MB)          :       16       16          
...
000 (10655.010.000) 08/31 20:17:22 Job submitted from host: <129.10.52.106:42847>
...
001 (10655.010.000) 08/31 20:17:23 Job executing on host: <10.1.255.245:47081>
...
006 (10655.010.000) 08/31 20:17:32 Image size of job updated: 7500
	3  -  MemoryUsage of job (MB)
	2168  -  ResidentSetSize of job (KB)
...
006 (10655.010.000) 08/31 20:18:58 Image size of job updated: 430904
	3  -  MemoryUsage of job (MB)
	2168  -  ResidentSetSize of job (KB)
...
005 (10655.010.000) 08/31 20:18:58 Job terminated.
	(1) Normal termination (return value 0)
		Usr 0 00:01:29, Sys 0 00:00:00  -  Run Remote Usage
		Usr 0 00:00:00, Sys 0 00:00:00  -  Run Local Usage
		Usr 0 00:01:29, Sys 0 00:00:00  -  Total Remote Usage
		Usr 0 00:00:00, Sys 0 00:00:00  -  Total Local Usage
	0  -  Run Bytes Sent By Job
	0  -  Run Bytes Received By Job
	0  -  Total Bytes Sent By Job
	0  -  Total Bytes Received By Job
	Partitionable Resources :    Usage  Request          
	   Cpus                 :                 1          
	   Disk (KB)            :     7500     7500          
	   Memory (MB)          :        3        3          
...
000 (10657.010.000) 08/31 21:02:22 Job submitted from host: <129.10.52.106:42847>
...
001 (10657.010.000) 08/31 21:02:35 Job executing on host: <10.1.255.239:44818>
...
006 (10657.010.000) 08/31 21:02:44 Image size of job updated: 7500
	3  -  MemoryUsage of job (MB)
	2188  -  ResidentSetSize of job (KB)
...
006 (10657.010.000) 08/31 21:03:44 Image size of job updated: 107668
	3  -  MemoryUsage of job (MB)
	2188  -  ResidentSetSize of job (KB)
...
005 (10657.010.000) 08/31 21:03:44 Job terminated.
	(1) Normal termination (return value 0)
		Usr 0 00:00:59, Sys 0 00:00:00  -  Run Remote Usage
		Usr 0 00:00:00, Sys 0 00:00:00  -  Run Local Usage
		Usr 0 00:00:59, Sys 0 00:00:00  -  Total Remote Usage
		Usr 0 00:00:00, Sys 0 00:00:00  -  Total Local Usage
	0  -  Run Bytes Sent By Job
	0  -  Run Bytes Received By Job
	0  -  Total Bytes Sent By Job
	0  -  Total Bytes Received By Job
	Partitionable Resources :    Usage  Request          
	   Cpus                 :                 1          
	   Disk (KB)            :     7500     7500          
	   Memory (MB)          :        3        3          
...
000 (10659.010.000) 08/31 21:08:49 Job submitted from host: <129.10.52.106:42847>
...
009 (10659.010.000) 08/31 21:09:17 Job was aborted by the user.
	via condor_rm (by user amir)
...
000 (10661.010.000) 08/31 21:09:44 Job submitted from host: <129.10.52.106:42847>
...
001 (10661.010.000) 08/31 21:09:57 Job executing on host: <10.1.255.243:43504>
...
006 (10661.010.000) 08/31 21:10:05 Image size of job updated: 21436
	9  -  MemoryUsage of job (MB)
	9088  -  ResidentSetSize of job (KB)
...
006 (10661.010.000) 08/31 21:11:31 Image size of job updated: 107668
	9  -  MemoryUsage of job (MB)
	9088  -  ResidentSetSize of job (KB)
...
005 (10661.010.000) 08/31 21:11:31 Job terminated.
	(1) Normal termination (return value 0)
		Usr 0 00:01:24, Sys 0 00:00:00  -  Run Remote Usage
		Usr 0 00:00:00, Sys 0 00:00:00  -  Run Local Usage
		Usr 0 00:01:24, Sys 0 00:00:00  -  Total Remote Usage
		Usr 0 00:00:00, Sys 0 00:00:00  -  Total Local Usage
	0  -  Run Bytes Sent By Job
	0  -  Run Bytes Received By Job
	0  -  Total Bytes Sent By Job
	0  -  Total Bytes Received By Job
	Partitionable Resources :    Usage  Request          
	   Cpus                 :                 1          
	   Disk (KB)            :     7500     7500          
	   Memory (MB)          :        9        9          
...
000 (10663.010.000) 08/31 21:16:22 Job submitted from host: <129.10.52.106:42847>
...
001 (10663.010.000) 08/31 21:16:40 Job executing on host: <10.1.255.248:44088>
...
006 (10663.010.000) 08/31 21:16:48 Image size of job updated: 7500
	3  -  MemoryUsage of job (MB)
	2168  -  ResidentSetSize of job (KB)
...
006 (10663.010.000) 08/31 21:18:13 Image size of job updated: 107668
	3  -  MemoryUsage of job (MB)
	2168  -  ResidentSetSize of job (KB)
...
005 (10663.010.000) 08/31 21:18:13 Job terminated.
	(1) Normal termination (return value 0)
		Usr 0 00:01:24, Sys 0 00:00:00  -  Run Remote Usage
		Usr 0 00:00:00, Sys 0 00:00:00  -  Run Local Usage
		Usr 0 00:01:24, Sys 0 00:00:00  -  Total Remote Usage
		Usr 0 00:00:00, Sys 0 00:00:00  -  Total Local Usage
	0  -  Run Bytes Sent By Job
	0  -  Run Bytes Received By Job
	0  -  Total Bytes Sent By Job
	0  -  Total Bytes Received By Job
	Partitionable Resources :    Usage  Request          
	   Cpus                 :                 1          
	   Disk (KB)            :     7500     7500          
	   Memory (MB)          :        3        3          
...
000 (10665.010.000) 08/31 23:17:48 Job submitted from host: <129.10.52.106:42847>
...
001 (10665.010.000) 08/31 23:17:59 Job executing on host: <10.1.255.245:47081>
...
006 (10665.010.000) 08/31 23:18:07 Image size of job updated: 7500
	3  -  MemoryUsage of job (MB)
	2172  -  ResidentSetSize of job (KB)
...
005 (10665.010.000) 08/31 23:18:07 Job terminated.
	(1) Normal termination (return value 1)
		Usr 0 00:00:00, Sys 0 00:00:00  -  Run Remote Usage
		Usr 0 00:00:00, Sys 0 00:00:00  -  Run Local Usage
		Usr 0 00:00:00, Sys 0 00:00:00  -  Total Remote Usage
		Usr 0 00:00:00, Sys 0 00:00:00  -  Total Local Usage
	0  -  Run Bytes Sent By Job
	0  -  Run Bytes Received By Job
	0  -  Total Bytes Sent By Job
	0  -  Total Bytes Received By Job
	Partitionable Resources :    Usage  Request          
	   Cpus                 :                 1          
	   Disk (KB)            :     7500     7500          
	   Memory (MB)          :        3        3          
...
000 (10667.010.000) 08/31 23:29:22 Job submitted from host: <129.10.52.106:42847>
...
001 (10667.010.000) 08/31 23:29:35 Job executing on host: <10.1.255.243:43504>
...
006 (10667.010.000) 08/31 23:29:43 Image size of job updated: 26760
	14  -  MemoryUsage of job (MB)
	14280  -  ResidentSetSize of job (KB)
...
006 (10667.010.000) 08/31 23:31:07 Image size of job updated: 274116
	14  -  MemoryUsage of job (MB)
	14280  -  ResidentSetSize of job (KB)
...
005 (10667.010.000) 08/31 23:31:07 Job terminated.
	(1) Normal termination (return value 1)
		Usr 0 00:01:28, Sys 0 00:00:00  -  Run Remote Usage
		Usr 0 00:00:00, Sys 0 00:00:00  -  Run Local Usage
		Usr 0 00:01:28, Sys 0 00:00:00  -  Total Remote Usage
		Usr 0 00:00:00, Sys 0 00:00:00  -  Total Local Usage
	0  -  Run Bytes Sent By Job
	0  -  Run Bytes Received By Job
	0  -  Total Bytes Sent By Job
	0  -  Total Bytes Received By Job
	Partitionable Resources :    Usage  Request          
	   Cpus                 :                 1          
	   Disk (KB)            :     7500     7500          
	   Memory (MB)          :       14       14          
...
000 (10669.010.000) 08/31 23:36:08 Job submitted from host: <129.10.52.106:42847>
...
001 (10669.010.000) 08/31 23:36:19 Job executing on host: <10.1.255.242:42117>
...
006 (10669.010.000) 08/31 23:36:27 Image size of job updated: 7500
	3  -  MemoryUsage of job (MB)
	2168  -  ResidentSetSize of job (KB)
...
006 (10669.010.000) 08/31 23:37:54 Image size of job updated: 274112
	3  -  MemoryUsage of job (MB)
	2168  -  ResidentSetSize of job (KB)
...
005 (10669.010.000) 08/31 23:37:54 Job terminated.
	(1) Normal termination (return value 0)
		Usr 0 00:01:30, Sys 0 00:00:00  -  Run Remote Usage
		Usr 0 00:00:00, Sys 0 00:00:00  -  Run Local Usage
		Usr 0 00:01:30, Sys 0 00:00:00  -  Total Remote Usage
		Usr 0 00:00:00, Sys 0 00:00:00  -  Total Local Usage
	0  -  Run Bytes Sent By Job
	0  -  Run Bytes Received By Job
	0  -  Total Bytes Sent By Job
	0  -  Total Bytes Received By Job
	Partitionable Resources :    Usage  Request          
	   Cpus                 :                 1          
	   Disk (KB)            :     7500     7500          
	   Memory (MB)          :        3        3          
...
000 (10671.010.000) 09/01 01:09:36 Job submitted from host: <129.10.52.106:42847>
...
001 (10671.010.000) 09/01 01:09:48 Job executing on host: <10.1.255.249:47081>
...
006 (10671.010.000) 09/01 01:09:57 Image size of job updated: 46020
	34  -  MemoryUsage of job (MB)
	33840  -  ResidentSetSize of job (KB)
...
006 (10671.010.000) 09/01 01:11:28 Image size of job updated: 1701656
	34  -  MemoryUsage of job (MB)
	33840  -  ResidentSetSize of job (KB)
...
005 (10671.010.000) 09/01 01:11:28 Job terminated.
	(1) Normal termination (return value 0)
		Usr 0 00:01:33, Sys 0 00:00:00  -  Run Remote Usage
		Usr 0 00:00:00, Sys 0 00:00:00  -  Run Local Usage
		Usr 0 00:01:33, Sys 0 00:00:00  -  Total Remote Usage
		Usr 0 00:00:00, Sys 0 00:00:00  -  Total Local Usage
	0  -  Run Bytes Sent By Job
	0  -  Run Bytes Received By Job
	0  -  Total Bytes Sent By Job
	0  -  Total Bytes Received By Job
	Partitionable Resources :    Usage  Request          
	   Cpus                 :                 1          
	   Disk (KB)            :     7500     7500          
	   Memory (MB)          :       34       34          
...
