000 (10650.017.000) 08/31 10:25:39 Job submitted from host: <129.10.52.106:42847>
...
001 (10650.017.000) 08/31 10:25:55 Job executing on host: <10.1.255.245:47081>
...
006 (10650.017.000) 08/31 10:26:03 Image size of job updated: 7500
	3  -  MemoryUsage of job (MB)
	2168  -  ResidentSetSize of job (KB)
...
006 (10650.017.000) 08/31 10:31:03 Image size of job updated: 902476
	779  -  MemoryUsage of job (MB)
	796756  -  ResidentSetSize of job (KB)
...
006 (10650.017.000) 08/31 10:36:04 Image size of job updated: 902476
	796  -  MemoryUsage of job (MB)
	815048  -  ResidentSetSize of job (KB)
...
006 (10650.017.000) 08/31 10:41:04 Image size of job updated: 902476
	836  -  MemoryUsage of job (MB)
	855428  -  ResidentSetSize of job (KB)
...
006 (10650.017.000) 08/31 10:51:05 Image size of job updated: 902476
	836  -  MemoryUsage of job (MB)
	855440  -  ResidentSetSize of job (KB)
...
006 (10650.017.000) 08/31 10:56:06 Image size of job updated: 902476
	838  -  MemoryUsage of job (MB)
	857508  -  ResidentSetSize of job (KB)
...
006 (10650.017.000) 08/31 11:01:06 Image size of job updated: 902476
	838  -  MemoryUsage of job (MB)
	857548  -  ResidentSetSize of job (KB)
...
006 (10650.017.000) 08/31 11:06:06 Image size of job updated: 967060
	907  -  MemoryUsage of job (MB)
	928020  -  ResidentSetSize of job (KB)
...
006 (10650.017.000) 08/31 11:11:07 Image size of job updated: 967060
	907  -  MemoryUsage of job (MB)
	928024  -  ResidentSetSize of job (KB)
...
006 (10650.017.000) 08/31 11:16:08 Image size of job updated: 967060
	907  -  MemoryUsage of job (MB)
	928036  -  ResidentSetSize of job (KB)
...
006 (10650.017.000) 08/31 11:21:08 Image size of job updated: 967060
	907  -  MemoryUsage of job (MB)
	928040  -  ResidentSetSize of job (KB)
...
006 (10650.017.000) 08/31 11:26:09 Image size of job updated: 967060
	907  -  MemoryUsage of job (MB)
	928052  -  ResidentSetSize of job (KB)
...
006 (10650.017.000) 08/31 11:31:10 Image size of job updated: 967060
	907  -  MemoryUsage of job (MB)
	928132  -  ResidentSetSize of job (KB)
...
006 (10650.017.000) 08/31 11:36:10 Image size of job updated: 967060
	907  -  MemoryUsage of job (MB)
	928224  -  ResidentSetSize of job (KB)
...
006 (10650.017.000) 08/31 11:41:10 Image size of job updated: 967060
	907  -  MemoryUsage of job (MB)
	928408  -  ResidentSetSize of job (KB)
...
005 (10650.017.000) 08/31 11:42:33 Job terminated.
	(1) Normal termination (return value 0)
		Usr 0 01:16:23, Sys 0 00:00:00  -  Run Remote Usage
		Usr 0 00:00:00, Sys 0 00:00:00  -  Run Local Usage
		Usr 0 01:16:23, Sys 0 00:00:00  -  Total Remote Usage
		Usr 0 00:00:00, Sys 0 00:00:00  -  Total Local Usage
	0  -  Run Bytes Sent By Job
	0  -  Run Bytes Received By Job
	0  -  Total Bytes Sent By Job
	0  -  Total Bytes Received By Job
	Partitionable Resources :    Usage  Request          
	   Cpus                 :                 1          
	   Disk (KB)            :     7500     7500          
	   Memory (MB)          :      907      907          
...
000 (10652.017.000) 08/31 19:51:14 Job submitted from host: <129.10.52.106:42847>
...
001 (10652.017.000) 08/31 19:51:23 Job executing on host: <10.1.255.246:47592>
...
006 (10652.017.000) 08/31 19:51:31 Image size of job updated: 7500
	3  -  MemoryUsage of job (MB)
	2168  -  ResidentSetSize of job (KB)
...
006 (10652.017.000) 08/31 19:56:04 Image size of job updated: 881992
	3  -  MemoryUsage of job (MB)
	2168  -  ResidentSetSize of job (KB)
...
005 (10652.017.000) 08/31 19:56:04 Job terminated.
	(1) Normal termination (return value 0)
		Usr 0 00:04:29, Sys 0 00:00:00  -  Run Remote Usage
		Usr 0 00:00:00, Sys 0 00:00:00  -  Run Local Usage
		Usr 0 00:04:29, Sys 0 00:00:00  -  Total Remote Usage
		Usr 0 00:00:00, Sys 0 00:00:00  -  Total Local Usage
	0  -  Run Bytes Sent By Job
	0  -  Run Bytes Received By Job
	0  -  Total Bytes Sent By Job
	0  -  Total Bytes Received By Job
	Partitionable Resources :    Usage  Request          
	   Cpus                 :                 1          
	   Disk (KB)            :     7500     7500          
	   Memory (MB)          :        3        3          
...
000 (10654.017.000) 08/31 20:16:53 Job submitted from host: <129.10.52.106:42847>
...
001 (10654.017.000) 08/31 20:16:55 Job executing on host: <10.1.255.246:47592>
...
006 (10654.017.000) 08/31 20:17:04 Image size of job updated: 7500
	3  -  MemoryUsage of job (MB)
	2172  -  ResidentSetSize of job (KB)
...
006 (10654.017.000) 08/31 20:22:05 Image size of job updated: 889604
	766  -  MemoryUsage of job (MB)
	783632  -  ResidentSetSize of job (KB)
...
006 (10654.017.000) 08/31 20:27:06 Image size of job updated: 889604
	794  -  MemoryUsage of job (MB)
	812204  -  ResidentSetSize of job (KB)
...
006 (10654.017.000) 08/31 20:32:06 Image size of job updated: 889604
	826  -  MemoryUsage of job (MB)
	844812  -  ResidentSetSize of job (KB)
...
006 (10654.017.000) 08/31 20:42:08 Image size of job updated: 889604
	828  -  MemoryUsage of job (MB)
	846860  -  ResidentSetSize of job (KB)
...
006 (10654.017.000) 08/31 20:47:08 Image size of job updated: 889604
	834  -  MemoryUsage of job (MB)
	853008  -  ResidentSetSize of job (KB)
...
004 (10654.017.000) 08/31 20:58:10 Job was evicted.
	(0) Job was not checkpointed.
		Usr 0 00:41:11, Sys 0 00:00:00  -  Run Remote Usage
		Usr 0 00:00:00, Sys 0 00:00:00  -  Run Local Usage
	0  -  Run Bytes Sent By Job
	0  -  Run Bytes Received By Job
	Partitionable Resources :    Usage  Request          
	   Cpus                 :                 1          
	   Disk (KB)            :     7500     7500          
	   Memory (MB)          :      834      834          
...
009 (10654.017.000) 08/31 20:58:11 Job was aborted by the user.
	via condor_rm (by user amir)
...
000 (10656.017.000) 08/31 21:02:12 Job submitted from host: <129.10.52.106:42847>
...
001 (10656.017.000) 08/31 21:02:14 Job executing on host: <10.1.255.245:47081>
...
006 (10656.017.000) 08/31 21:02:23 Image size of job updated: 45936
	33  -  MemoryUsage of job (MB)
	33760  -  ResidentSetSize of job (KB)
...
006 (10656.017.000) 08/31 21:07:24 Image size of job updated: 889616
	834  -  MemoryUsage of job (MB)
	853016  -  ResidentSetSize of job (KB)
...
000 (10658.017.000) 08/31 21:08:37 Job submitted from host: <129.10.52.106:42847>
...
001 (10658.017.000) 08/31 21:09:00 Job executing on host: <10.1.255.239:44818>
...
006 (10658.017.000) 08/31 21:09:09 Image size of job updated: 429100
	316  -  MemoryUsage of job (MB)
	323072  -  ResidentSetSize of job (KB)
...
004 (10656.017.000) 08/31 21:09:19 Job was evicted.
	(0) Job was not checkpointed.
		Usr 0 00:07:02, Sys 0 00:00:00  -  Run Remote Usage
		Usr 0 00:00:00, Sys 0 00:00:00  -  Run Local Usage
	0  -  Run Bytes Sent By Job
	0  -  Run Bytes Received By Job
	Partitionable Resources :    Usage  Request          
	   Cpus                 :                 1          
	   Disk (KB)            :     7500     7500          
	   Memory (MB)          :      834      834          
...
006 (10658.017.000) 08/31 21:09:19 Image size of job updated: 802236
	316  -  MemoryUsage of job (MB)
	323072  -  ResidentSetSize of job (KB)
...
004 (10658.017.000) 08/31 21:09:19 Job was evicted.
	(0) Job was not checkpointed.
		Usr 0 00:00:18, Sys 0 00:00:00  -  Run Remote Usage
		Usr 0 00:00:00, Sys 0 00:00:00  -  Run Local Usage
	0  -  Run Bytes Sent By Job
	0  -  Run Bytes Received By Job
	Partitionable Resources :    Usage  Request          
	   Cpus                 :                 1          
	   Disk (KB)            :     7500     7500          
	   Memory (MB)          :      316      316          
...
009 (10656.017.000) 08/31 21:09:20 Job was aborted by the user.
	via condor_rm (by user amir)
...
009 (10658.017.000) 08/31 21:09:21 Job was aborted by the user.
	via condor_rm (by user amir)
...
000 (10660.017.000) 08/31 21:09:35 Job submitted from host: <129.10.52.106:42847>
...
001 (10660.017.000) 08/31 21:09:36 Job executing on host: <10.1.255.251:40584>
...
006 (10660.017.000) 08/31 21:09:45 Image size of job updated: 7500
	3  -  MemoryUsage of job (MB)
	2184  -  ResidentSetSize of job (KB)
...
006 (10660.017.000) 08/31 21:14:46 Image size of job updated: 889608
	783  -  MemoryUsage of job (MB)
	801556  -  ResidentSetSize of job (KB)
...
004 (10660.017.000) 08/31 21:15:48 Job was evicted.
	(0) Job was not checkpointed.
		Usr 0 00:06:10, Sys 0 00:00:00  -  Run Remote Usage
		Usr 0 00:00:00, Sys 0 00:00:00  -  Run Local Usage
	0  -  Run Bytes Sent By Job
	0  -  Run Bytes Received By Job
	Partitionable Resources :    Usage  Request          
	   Cpus                 :                 1          
	   Disk (KB)            :     7500     7500          
	   Memory (MB)          :      783      783          
...
009 (10660.017.000) 08/31 21:15:49 Job was aborted by the user.
	via condor_rm (by user amir)
...
000 (10662.017.000) 08/31 21:16:12 Job submitted from host: <129.10.52.106:42847>
...
001 (10662.017.000) 08/31 21:16:19 Job executing on host: <10.1.255.248:44088>
...
006 (10662.017.000) 08/31 21:16:28 Image size of job updated: 7500
	3  -  MemoryUsage of job (MB)
	2168  -  ResidentSetSize of job (KB)
...
006 (10662.017.000) 08/31 21:21:28 Image size of job updated: 889604
	783  -  MemoryUsage of job (MB)
	801536  -  ResidentSetSize of job (KB)
...
006 (10662.017.000) 08/31 21:26:28 Image size of job updated: 889604
	836  -  MemoryUsage of job (MB)
	855060  -  ResidentSetSize of job (KB)
...
006 (10662.017.000) 08/31 21:31:29 Image size of job updated: 889604
	836  -  MemoryUsage of job (MB)
	855072  -  ResidentSetSize of job (KB)
...
006 (10662.017.000) 08/31 21:46:31 Image size of job updated: 889604
	836  -  MemoryUsage of job (MB)
	855076  -  ResidentSetSize of job (KB)
...
006 (10662.017.000) 08/31 23:06:40 Image size of job updated: 889604
	838  -  MemoryUsage of job (MB)
	857124  -  ResidentSetSize of job (KB)
...
006 (10662.017.000) 08/31 23:11:40 Image size of job updated: 889604
	840  -  MemoryUsage of job (MB)
	859172  -  ResidentSetSize of job (KB)
...
004 (10662.017.000) 08/31 23:16:37 Job was evicted.
	(0) Job was not checkpointed.
		Usr 0 02:00:07, Sys 0 00:00:00  -  Run Remote Usage
		Usr 0 00:00:00, Sys 0 00:00:00  -  Run Local Usage
	0  -  Run Bytes Sent By Job
	0  -  Run Bytes Received By Job
	Partitionable Resources :    Usage  Request          
	   Cpus                 :                 1          
	   Disk (KB)            :     7500     7500          
	   Memory (MB)          :      840      840          
...
009 (10662.017.000) 08/31 23:16:38 Job was aborted by the user.
	via condor_rm (by user amir)
...
000 (10664.017.000) 08/31 23:17:37 Job submitted from host: <129.10.52.106:42847>
...
001 (10664.017.000) 08/31 23:17:38 Job executing on host: <10.1.255.242:42117>
...
006 (10664.017.000) 08/31 23:17:47 Image size of job updated: 45932
	33  -  MemoryUsage of job (MB)
	33752  -  ResidentSetSize of job (KB)
...
005 (10664.017.000) 08/31 23:17:47 Job terminated.
	(1) Normal termination (return value 1)
		Usr 0 00:00:02, Sys 0 00:00:00  -  Run Remote Usage
		Usr 0 00:00:00, Sys 0 00:00:00  -  Run Local Usage
		Usr 0 00:00:02, Sys 0 00:00:00  -  Total Remote Usage
		Usr 0 00:00:00, Sys 0 00:00:00  -  Total Local Usage
	0  -  Run Bytes Sent By Job
	0  -  Run Bytes Received By Job
	0  -  Total Bytes Sent By Job
	0  -  Total Bytes Received By Job
	Partitionable Resources :    Usage  Request          
	   Cpus                 :                 1          
	   Disk (KB)            :     7500     7500          
	   Memory (MB)          :       33       33          
...
000 (10666.017.000) 08/31 23:29:12 Job submitted from host: <129.10.52.106:42847>
...
001 (10666.017.000) 08/31 23:29:15 Job executing on host: <10.1.255.246:47592>
...
006 (10666.017.000) 08/31 23:29:23 Image size of job updated: 7500
	3  -  MemoryUsage of job (MB)
	2172  -  ResidentSetSize of job (KB)
...
006 (10666.017.000) 08/31 23:34:23 Image size of job updated: 627252
	525  -  MemoryUsage of job (MB)
	537184  -  ResidentSetSize of job (KB)
...
004 (10666.017.000) 08/31 23:35:21 Job was evicted.
	(0) Job was not checkpointed.
		Usr 0 00:06:05, Sys 0 00:00:00  -  Run Remote Usage
		Usr 0 00:00:00, Sys 0 00:00:00  -  Run Local Usage
	0  -  Run Bytes Sent By Job
	0  -  Run Bytes Received By Job
	Partitionable Resources :    Usage  Request          
	   Cpus                 :                 1          
	   Disk (KB)            :     7500     7500          
	   Memory (MB)          :      525      525          
...
009 (10666.017.000) 08/31 23:35:22 Job was aborted by the user.
	via condor_rm (by user amir)
...
000 (10668.017.000) 08/31 23:35:57 Job submitted from host: <129.10.52.106:42847>
...
001 (10668.017.000) 08/31 23:35:58 Job executing on host: <10.1.255.241:47008>
...
006 (10668.017.000) 08/31 23:36:07 Image size of job updated: 7500
	3  -  MemoryUsage of job (MB)
	2184  -  ResidentSetSize of job (KB)
...
006 (10668.017.000) 08/31 23:41:08 Image size of job updated: 627252
	577  -  MemoryUsage of job (MB)
	590768  -  ResidentSetSize of job (KB)
...
005 (10668.017.000) 08/31 23:42:56 Job terminated.
	(1) Normal termination (return value 0)
		Usr 0 00:06:46, Sys 0 00:00:00  -  Run Remote Usage
		Usr 0 00:00:00, Sys 0 00:00:00  -  Run Local Usage
		Usr 0 00:06:46, Sys 0 00:00:00  -  Total Remote Usage
		Usr 0 00:00:00, Sys 0 00:00:00  -  Total Local Usage
	0  -  Run Bytes Sent By Job
	0  -  Run Bytes Received By Job
	0  -  Total Bytes Sent By Job
	0  -  Total Bytes Received By Job
	Partitionable Resources :    Usage  Request          
	   Cpus                 :                 1          
	   Disk (KB)            :     7500     7500          
	   Memory (MB)          :      577      577          
...
000 (10670.016.000) 09/01 01:09:26 Job submitted from host: <129.10.52.106:42847>
...
001 (10670.016.000) 09/01 01:09:28 Job executing on host: <10.1.255.242:42117>
...
006 (10670.016.000) 09/01 01:09:36 Image size of job updated: 7500
	3  -  MemoryUsage of job (MB)
	2172  -  ResidentSetSize of job (KB)
...
006 (10670.016.000) 09/01 01:14:36 Image size of job updated: 902476
	781  -  MemoryUsage of job (MB)
	798824  -  ResidentSetSize of job (KB)
...
006 (10670.016.000) 09/01 01:19:37 Image size of job updated: 902476
	824  -  MemoryUsage of job (MB)
	843464  -  ResidentSetSize of job (KB)
...
006 (10670.016.000) 09/01 01:24:38 Image size of job updated: 902476
	840  -  MemoryUsage of job (MB)
	859888  -  ResidentSetSize of job (KB)
...
006 (10670.016.000) 09/01 01:49:40 Image size of job updated: 967060
	903  -  MemoryUsage of job (MB)
	924188  -  ResidentSetSize of job (KB)
...
006 (10670.016.000) 09/01 01:59:42 Image size of job updated: 967060
	903  -  MemoryUsage of job (MB)
	924196  -  ResidentSetSize of job (KB)
...
006 (10670.016.000) 09/01 02:09:42 Image size of job updated: 967060
	905  -  MemoryUsage of job (MB)
	926244  -  ResidentSetSize of job (KB)
...
006 (10670.016.000) 09/01 02:14:43 Image size of job updated: 967060
	909  -  MemoryUsage of job (MB)
	930340  -  ResidentSetSize of job (KB)
...
005 (10670.016.000) 09/01 02:26:02 Job terminated.
	(1) Normal termination (return value 0)
		Usr 0 01:16:25, Sys 0 00:00:00  -  Run Remote Usage
		Usr 0 00:00:00, Sys 0 00:00:00  -  Run Local Usage
		Usr 0 01:16:25, Sys 0 00:00:00  -  Total Remote Usage
		Usr 0 00:00:00, Sys 0 00:00:00  -  Total Local Usage
	0  -  Run Bytes Sent By Job
	0  -  Run Bytes Received By Job
	0  -  Total Bytes Sent By Job
	0  -  Total Bytes Received By Job
	Partitionable Resources :    Usage  Request          
	   Cpus                 :                 1          
	   Disk (KB)            :     7500     7500          
	   Memory (MB)          :      909      909          
...
000 (10672.014.000) 09/01 11:26:49 Job submitted from host: <129.10.52.106:42847>
...
001 (10672.014.000) 09/01 11:26:53 Job executing on host: <10.1.255.243:43504>
...
006 (10672.014.000) 09/01 11:27:02 Image size of job updated: 45932
	33  -  MemoryUsage of job (MB)
	33780  -  ResidentSetSize of job (KB)
...
006 (10672.014.000) 09/01 11:32:02 Image size of job updated: 980876
	874  -  MemoryUsage of job (MB)
	894696  -  ResidentSetSize of job (KB)
...
006 (10672.014.000) 09/01 11:37:02 Image size of job updated: 980876
	874  -  MemoryUsage of job (MB)
	894784  -  ResidentSetSize of job (KB)
...
004 (10672.014.000) 09/01 11:39:45 Job was evicted.
	(0) Job was not checkpointed.
		Usr 0 00:12:48, Sys 0 00:00:00  -  Run Remote Usage
		Usr 0 00:00:00, Sys 0 00:00:00  -  Run Local Usage
	0  -  Run Bytes Sent By Job
	0  -  Run Bytes Received By Job
	Partitionable Resources :    Usage  Request          
	   Cpus                 :                 1          
	   Disk (KB)            :     7500     7500          
	   Memory (MB)          :      874      874          
...
009 (10672.014.000) 09/01 11:39:46 Job was aborted by the user.
	via condor_rm (by user amir)
...
000 (10674.014.000) 09/01 11:40:09 Job submitted from host: <129.10.52.106:42847>
...
001 (10674.014.000) 09/01 11:40:10 Job executing on host: <10.1.255.242:42117>
...
006 (10674.014.000) 09/01 11:40:19 Image size of job updated: 7500
	3  -  MemoryUsage of job (MB)
	2168  -  ResidentSetSize of job (KB)
...
006 (10674.014.000) 09/01 11:45:20 Image size of job updated: 980876
	861  -  MemoryUsage of job (MB)
	880908  -  ResidentSetSize of job (KB)
...
006 (10674.014.000) 09/01 11:50:20 Image size of job updated: 980876
	915  -  MemoryUsage of job (MB)
	936220  -  ResidentSetSize of job (KB)
...
006 (10674.014.000) 09/01 11:55:20 Image size of job updated: 980876
	915  -  MemoryUsage of job (MB)
	936236  -  ResidentSetSize of job (KB)
...
006 (10674.014.000) 09/01 12:00:21 Image size of job updated: 980876
	915  -  MemoryUsage of job (MB)
	936248  -  ResidentSetSize of job (KB)
...
006 (10674.014.000) 09/01 12:10:21 Image size of job updated: 980876
	915  -  MemoryUsage of job (MB)
	936272  -  ResidentSetSize of job (KB)
...
006 (10674.014.000) 09/01 12:15:22 Image size of job updated: 980876
	915  -  MemoryUsage of job (MB)
	936416  -  ResidentSetSize of job (KB)
...
006 (10674.014.000) 09/01 12:20:23 Image size of job updated: 980876
	915  -  MemoryUsage of job (MB)
	936504  -  ResidentSetSize of job (KB)
...
006 (10674.014.000) 09/01 12:25:23 Image size of job updated: 980876
	915  -  MemoryUsage of job (MB)
	936512  -  ResidentSetSize of job (KB)
...
006 (10674.014.000) 09/01 12:30:23 Image size of job updated: 980876
	915  -  MemoryUsage of job (MB)
	936516  -  ResidentSetSize of job (KB)
...
006 (10674.014.000) 09/01 12:35:24 Image size of job updated: 980876
	915  -  MemoryUsage of job (MB)
	936520  -  ResidentSetSize of job (KB)
...
006 (10674.014.000) 09/01 12:45:24 Image size of job updated: 980876
	915  -  MemoryUsage of job (MB)
	936672  -  ResidentSetSize of job (KB)
...
006 (10674.014.000) 09/01 12:50:25 Image size of job updated: 980876
	920  -  MemoryUsage of job (MB)
	941104  -  ResidentSetSize of job (KB)
...
006 (10674.014.000) 09/01 12:55:26 Image size of job updated: 980876
	920  -  MemoryUsage of job (MB)
	941448  -  ResidentSetSize of job (KB)
...
006 (10674.014.000) 09/01 13:00:26 Image size of job updated: 980876
	920  -  MemoryUsage of job (MB)
	941860  -  ResidentSetSize of job (KB)
...
006 (10674.014.000) 09/01 13:05:27 Image size of job updated: 980876
	921  -  MemoryUsage of job (MB)
	942308  -  ResidentSetSize of job (KB)
...
006 (10674.014.000) 09/01 13:10:28 Image size of job updated: 980876
	921  -  MemoryUsage of job (MB)
	942620  -  ResidentSetSize of job (KB)
...
006 (10674.014.000) 09/01 13:15:28 Image size of job updated: 980876
	921  -  MemoryUsage of job (MB)
	942836  -  ResidentSetSize of job (KB)
...
006 (10674.014.000) 09/01 13:20:28 Image size of job updated: 980876
	921  -  MemoryUsage of job (MB)
	942996  -  ResidentSetSize of job (KB)
...
006 (10674.014.000) 09/01 13:25:28 Image size of job updated: 980876
	922  -  MemoryUsage of job (MB)
	943188  -  ResidentSetSize of job (KB)
...
006 (10674.014.000) 09/01 13:30:29 Image size of job updated: 980876
	922  -  MemoryUsage of job (MB)
	943376  -  ResidentSetSize of job (KB)
...
006 (10674.014.000) 09/01 13:35:29 Image size of job updated: 980876
	924  -  MemoryUsage of job (MB)
	945548  -  ResidentSetSize of job (KB)
...
006 (10674.014.000) 09/01 13:40:29 Image size of job updated: 980876
	928  -  MemoryUsage of job (MB)
	949760  -  ResidentSetSize of job (KB)
...
006 (10674.014.000) 09/01 13:45:29 Image size of job updated: 980876
	928  -  MemoryUsage of job (MB)
	949936  -  ResidentSetSize of job (KB)
...
006 (10674.014.000) 09/01 13:50:30 Image size of job updated: 980876
	928  -  MemoryUsage of job (MB)
	950100  -  ResidentSetSize of job (KB)
...
006 (10674.014.000) 09/01 13:55:31 Image size of job updated: 980876
	928  -  MemoryUsage of job (MB)
	950260  -  ResidentSetSize of job (KB)
...
006 (10674.014.000) 09/01 14:00:31 Image size of job updated: 980876
	929  -  MemoryUsage of job (MB)
	950336  -  ResidentSetSize of job (KB)
...
006 (10674.014.000) 09/01 14:05:31 Image size of job updated: 980876
	929  -  MemoryUsage of job (MB)
	950432  -  ResidentSetSize of job (KB)
...
006 (10674.014.000) 09/01 14:10:32 Image size of job updated: 980876
	929  -  MemoryUsage of job (MB)
	950632  -  ResidentSetSize of job (KB)
...
006 (10674.014.000) 09/01 14:15:33 Image size of job updated: 980876
	929  -  MemoryUsage of job (MB)
	950848  -  ResidentSetSize of job (KB)
...
006 (10674.014.000) 09/01 14:20:33 Image size of job updated: 980876
	929  -  MemoryUsage of job (MB)
	950968  -  ResidentSetSize of job (KB)
...
006 (10674.014.000) 09/01 14:25:33 Image size of job updated: 980876
	929  -  MemoryUsage of job (MB)
	950976  -  ResidentSetSize of job (KB)
...
005 (10674.014.000) 09/01 14:27:24 Job terminated.
	(1) Normal termination (return value 0)
		Usr 0 02:46:54, Sys 0 00:00:00  -  Run Remote Usage
		Usr 0 00:00:00, Sys 0 00:00:00  -  Run Local Usage
		Usr 0 02:46:54, Sys 0 00:00:00  -  Total Remote Usage
		Usr 0 00:00:00, Sys 0 00:00:00  -  Total Local Usage
	0  -  Run Bytes Sent By Job
	0  -  Run Bytes Received By Job
	0  -  Total Bytes Sent By Job
	0  -  Total Bytes Received By Job
	Partitionable Resources :    Usage  Request          
	   Cpus                 :                 1          
	   Disk (KB)            :     7500     7500          
	   Memory (MB)          :      929      929          
...
000 (10676.014.000) 09/01 15:35:13 Job submitted from host: <129.10.52.106:42847>
...
001 (10676.014.000) 09/01 15:35:14 Job executing on host: <10.1.255.245:47081>
...
006 (10676.014.000) 09/01 15:35:23 Image size of job updated: 7500
	3  -  MemoryUsage of job (MB)
	2168  -  ResidentSetSize of job (KB)
...
006 (10676.014.000) 09/01 15:40:24 Image size of job updated: 980876
	857  -  MemoryUsage of job (MB)
	876820  -  ResidentSetSize of job (KB)
...
006 (10676.014.000) 09/01 15:45:25 Image size of job updated: 980876
	857  -  MemoryUsage of job (MB)
	876908  -  ResidentSetSize of job (KB)
...
006 (10676.014.000) 09/01 15:50:25 Image size of job updated: 980876
	902  -  MemoryUsage of job (MB)
	923632  -  ResidentSetSize of job (KB)
...
006 (10676.014.000) 09/01 15:55:26 Image size of job updated: 980876
	915  -  MemoryUsage of job (MB)
	936932  -  ResidentSetSize of job (KB)
...
006 (10676.014.000) 09/01 16:10:28 Image size of job updated: 980876
	915  -  MemoryUsage of job (MB)
	936948  -  ResidentSetSize of job (KB)
...
006 (10676.014.000) 09/01 16:15:29 Image size of job updated: 980876
	920  -  MemoryUsage of job (MB)
	941072  -  ResidentSetSize of job (KB)
...
004 (10676.014.000) 09/01 16:17:46 Job was evicted.
	(0) Job was not checkpointed.
		Usr 0 00:42:27, Sys 0 00:00:00  -  Run Remote Usage
		Usr 0 00:00:00, Sys 0 00:00:00  -  Run Local Usage
	0  -  Run Bytes Sent By Job
	0  -  Run Bytes Received By Job
	Partitionable Resources :    Usage  Request          
	   Cpus                 :                 1          
	   Disk (KB)            :     7500     7500          
	   Memory (MB)          :      920      920          
...
009 (10676.014.000) 09/01 16:17:47 Job was aborted by the user.
	via condor_rm (by user amir)
...
000 (10678.014.000) 09/01 16:18:01 Job submitted from host: <129.10.52.106:42847>
...
001 (10678.014.000) 09/01 16:18:02 Job executing on host: <10.1.255.249:47081>
...
006 (10678.014.000) 09/01 16:18:11 Image size of job updated: 7500
	3  -  MemoryUsage of job (MB)
	2172  -  ResidentSetSize of job (KB)
...
006 (10678.014.000) 09/01 16:23:12 Image size of job updated: 980876
	872  -  MemoryUsage of job (MB)
	892644  -  ResidentSetSize of job (KB)
...
006 (10678.014.000) 09/01 16:28:12 Image size of job updated: 980876
	922  -  MemoryUsage of job (MB)
	943836  -  ResidentSetSize of job (KB)
...
006 (10678.014.000) 09/01 16:33:12 Image size of job updated: 980876
	922  -  MemoryUsage of job (MB)
	943848  -  ResidentSetSize of job (KB)
...
006 (10678.014.000) 09/01 16:38:13 Image size of job updated: 980876
	922  -  MemoryUsage of job (MB)
	943860  -  ResidentSetSize of job (KB)
...
006 (10678.014.000) 09/01 16:48:14 Image size of job updated: 980876
	922  -  MemoryUsage of job (MB)
	943880  -  ResidentSetSize of job (KB)
...
006 (10678.014.000) 09/01 16:53:15 Image size of job updated: 980876
	923  -  MemoryUsage of job (MB)
	944564  -  ResidentSetSize of job (KB)
...
006 (10678.014.000) 09/01 16:58:16 Image size of job updated: 980876
	923  -  MemoryUsage of job (MB)
	944624  -  ResidentSetSize of job (KB)
...
006 (10678.014.000) 09/01 17:08:16 Image size of job updated: 980876
	923  -  MemoryUsage of job (MB)
	944628  -  ResidentSetSize of job (KB)
...
006 (10678.014.000) 09/01 17:13:17 Image size of job updated: 980876
	923  -  MemoryUsage of job (MB)
	944836  -  ResidentSetSize of job (KB)
...
006 (10678.014.000) 09/01 17:18:18 Image size of job updated: 980876
	927  -  MemoryUsage of job (MB)
	948932  -  ResidentSetSize of job (KB)
...
006 (10678.014.000) 09/01 17:23:18 Image size of job updated: 980876
	927  -  MemoryUsage of job (MB)
	949004  -  ResidentSetSize of job (KB)
...
006 (10678.014.000) 09/01 17:28:19 Image size of job updated: 980876
	939  -  MemoryUsage of job (MB)
	961340  -  ResidentSetSize of job (KB)
...
006 (10678.014.000) 09/01 17:33:20 Image size of job updated: 980876
	939  -  MemoryUsage of job (MB)
	961372  -  ResidentSetSize of job (KB)
...
006 (10678.014.000) 09/01 17:38:20 Image size of job updated: 980876
	939  -  MemoryUsage of job (MB)
	961464  -  ResidentSetSize of job (KB)
...
006 (10678.014.000) 09/01 17:43:20 Image size of job updated: 980876
	939  -  MemoryUsage of job (MB)
	961528  -  ResidentSetSize of job (KB)
...
006 (10678.014.000) 09/01 17:48:21 Image size of job updated: 980876
	940  -  MemoryUsage of job (MB)
	961564  -  ResidentSetSize of job (KB)
...
006 (10678.014.000) 09/01 17:53:21 Image size of job updated: 980876
	940  -  MemoryUsage of job (MB)
	961604  -  ResidentSetSize of job (KB)
...
006 (10678.014.000) 09/01 17:58:21 Image size of job updated: 980876
	940  -  MemoryUsage of job (MB)
	961628  -  ResidentSetSize of job (KB)
...
006 (10678.014.000) 09/01 18:03:22 Image size of job updated: 980876
	940  -  MemoryUsage of job (MB)
	961664  -  ResidentSetSize of job (KB)
...
006 (10678.014.000) 09/01 18:08:23 Image size of job updated: 980876
	940  -  MemoryUsage of job (MB)
	961688  -  ResidentSetSize of job (KB)
...
006 (10678.014.000) 09/01 18:13:23 Image size of job updated: 980876
	940  -  MemoryUsage of job (MB)
	961712  -  ResidentSetSize of job (KB)
...
006 (10678.014.000) 09/01 18:18:23 Image size of job updated: 980876
	940  -  MemoryUsage of job (MB)
	961736  -  ResidentSetSize of job (KB)
...
006 (10678.014.000) 09/01 18:23:24 Image size of job updated: 980876
	940  -  MemoryUsage of job (MB)
	961764  -  ResidentSetSize of job (KB)
...
006 (10678.014.000) 09/01 18:28:24 Image size of job updated: 980876
	940  -  MemoryUsage of job (MB)
	961796  -  ResidentSetSize of job (KB)
...
006 (10678.014.000) 09/01 18:33:24 Image size of job updated: 980876
	940  -  MemoryUsage of job (MB)
	961804  -  ResidentSetSize of job (KB)
...
006 (10678.014.000) 09/01 18:38:25 Image size of job updated: 980876
	940  -  MemoryUsage of job (MB)
	961816  -  ResidentSetSize of job (KB)
...
006 (10678.014.000) 09/01 18:43:26 Image size of job updated: 980876
	940  -  MemoryUsage of job (MB)
	961836  -  ResidentSetSize of job (KB)
...
006 (10678.014.000) 09/01 18:48:26 Image size of job updated: 980876
	946  -  MemoryUsage of job (MB)
	968016  -  ResidentSetSize of job (KB)
...
006 (10678.014.000) 09/01 18:53:26 Image size of job updated: 980876
	946  -  MemoryUsage of job (MB)
	968020  -  ResidentSetSize of job (KB)
...
006 (10678.014.000) 09/01 18:58:27 Image size of job updated: 980876
	947  -  MemoryUsage of job (MB)
	969036  -  ResidentSetSize of job (KB)
...
005 (10678.014.000) 09/01 18:59:05 Job terminated.
	(1) Normal termination (return value 0)
		Usr 0 02:40:44, Sys 0 00:00:00  -  Run Remote Usage
		Usr 0 00:00:00, Sys 0 00:00:00  -  Run Local Usage
		Usr 0 02:40:44, Sys 0 00:00:00  -  Total Remote Usage
		Usr 0 00:00:00, Sys 0 00:00:00  -  Total Local Usage
	0  -  Run Bytes Sent By Job
	0  -  Run Bytes Received By Job
	0  -  Total Bytes Sent By Job
	0  -  Total Bytes Received By Job
	Partitionable Resources :    Usage  Request          
	   Cpus                 :                 1          
	   Disk (KB)            :     7500     7500          
	   Memory (MB)          :      947      947          
...
