000 (10650.007.000) 08/31 10:25:39 Job submitted from host: <129.10.52.106:42847>
...
001 (10650.007.000) 08/31 10:25:54 Job executing on host: <10.1.255.242:42117>
...
006 (10650.007.000) 08/31 10:26:03 Image size of job updated: 95288
	2  -  MemoryUsage of job (MB)
	1572  -  ResidentSetSize of job (KB)
...
006 (10650.007.000) 08/31 10:31:04 Image size of job updated: 471412
	384  -  MemoryUsage of job (MB)
	393168  -  ResidentSetSize of job (KB)
...
006 (10650.007.000) 08/31 10:36:04 Image size of job updated: 471412
	421  -  MemoryUsage of job (MB)
	430140  -  ResidentSetSize of job (KB)
...
006 (10650.007.000) 08/31 10:41:05 Image size of job updated: 471412
	439  -  MemoryUsage of job (MB)
	448944  -  ResidentSetSize of job (KB)
...
006 (10650.007.000) 08/31 10:46:06 Image size of job updated: 471412
	439  -  MemoryUsage of job (MB)
	449464  -  ResidentSetSize of job (KB)
...
006 (10650.007.000) 08/31 10:51:06 Image size of job updated: 471412
	440  -  MemoryUsage of job (MB)
	449900  -  ResidentSetSize of job (KB)
...
005 (10650.007.000) 08/31 10:51:58 Job terminated.
	(1) Normal termination (return value 0)
		Usr 0 00:25:52, Sys 0 00:00:00  -  Run Remote Usage
		Usr 0 00:00:00, Sys 0 00:00:00  -  Run Local Usage
		Usr 0 00:25:52, Sys 0 00:00:00  -  Total Remote Usage
		Usr 0 00:00:00, Sys 0 00:00:00  -  Total Local Usage
	0  -  Run Bytes Sent By Job
	0  -  Run Bytes Received By Job
	0  -  Total Bytes Sent By Job
	0  -  Total Bytes Received By Job
	Partitionable Resources :    Usage  Request          
	   Cpus                 :                 1          
	   Disk (KB)            :     7500     7500          
	   Memory (MB)          :      440      440          
...
000 (10652.007.000) 08/31 19:51:14 Job submitted from host: <129.10.52.106:42847>
...
001 (10652.007.000) 08/31 19:51:22 Job executing on host: <10.1.255.248:44088>
...
006 (10652.007.000) 08/31 19:51:31 Image size of job updated: 27704
	16  -  MemoryUsage of job (MB)
	15572  -  ResidentSetSize of job (KB)
...
006 (10652.007.000) 08/31 19:53:49 Image size of job updated: 443860
	16  -  MemoryUsage of job (MB)
	15572  -  ResidentSetSize of job (KB)
...
005 (10652.007.000) 08/31 19:53:49 Job terminated.
	(1) Normal termination (return value 0)
		Usr 0 00:02:15, Sys 0 00:00:00  -  Run Remote Usage
		Usr 0 00:00:00, Sys 0 00:00:00  -  Run Local Usage
		Usr 0 00:02:15, Sys 0 00:00:00  -  Total Remote Usage
		Usr 0 00:00:00, Sys 0 00:00:00  -  Total Local Usage
	0  -  Run Bytes Sent By Job
	0  -  Run Bytes Received By Job
	0  -  Total Bytes Sent By Job
	0  -  Total Bytes Received By Job
	Partitionable Resources :    Usage  Request          
	   Cpus                 :                 1          
	   Disk (KB)            :     7500     7500          
	   Memory (MB)          :       16       16          
...
000 (10654.007.000) 08/31 20:16:53 Job submitted from host: <129.10.52.106:42847>
...
001 (10654.007.000) 08/31 20:16:54 Job executing on host: <10.1.255.244:42701>
...
006 (10654.007.000) 08/31 20:17:03 Image size of job updated: 7500
	3  -  MemoryUsage of job (MB)
	2172  -  ResidentSetSize of job (KB)
...
006 (10654.007.000) 08/31 20:22:03 Image size of job updated: 456172
	379  -  MemoryUsage of job (MB)
	387356  -  ResidentSetSize of job (KB)
...
006 (10654.007.000) 08/31 20:27:03 Image size of job updated: 456172
	383  -  MemoryUsage of job (MB)
	391256  -  ResidentSetSize of job (KB)
...
006 (10654.007.000) 08/31 20:32:04 Image size of job updated: 456172
	386  -  MemoryUsage of job (MB)
	394844  -  ResidentSetSize of job (KB)
...
006 (10654.007.000) 08/31 20:37:05 Image size of job updated: 456172
	426  -  MemoryUsage of job (MB)
	435392  -  ResidentSetSize of job (KB)
...
005 (10654.007.000) 08/31 20:37:40 Job terminated.
	(1) Normal termination (return value 0)
		Usr 0 00:20:32, Sys 0 00:00:00  -  Run Remote Usage
		Usr 0 00:00:00, Sys 0 00:00:00  -  Run Local Usage
		Usr 0 00:20:32, Sys 0 00:00:00  -  Total Remote Usage
		Usr 0 00:00:00, Sys 0 00:00:00  -  Total Local Usage
	0  -  Run Bytes Sent By Job
	0  -  Run Bytes Received By Job
	0  -  Total Bytes Sent By Job
	0  -  Total Bytes Received By Job
	Partitionable Resources :    Usage  Request          
	   Cpus                 :                 1          
	   Disk (KB)            :     7500     7500          
	   Memory (MB)          :      426      426          
...
000 (10656.007.000) 08/31 21:02:12 Job submitted from host: <129.10.52.106:42847>
...
001 (10656.007.000) 08/31 21:02:13 Job executing on host: <10.1.255.248:44088>
...
006 (10656.007.000) 08/31 21:02:22 Image size of job updated: 95284
	17  -  MemoryUsage of job (MB)
	16460  -  ResidentSetSize of job (KB)
...
006 (10656.007.000) 08/31 21:07:23 Image size of job updated: 456172
	426  -  MemoryUsage of job (MB)
	435384  -  ResidentSetSize of job (KB)
...
000 (10658.007.000) 08/31 21:08:37 Job submitted from host: <129.10.52.106:42847>
...
001 (10658.007.000) 08/31 21:08:55 Job executing on host: <10.1.255.242:42117>
...
006 (10658.007.000) 08/31 21:09:04 Image size of job updated: 426820
	329  -  MemoryUsage of job (MB)
	336560  -  ResidentSetSize of job (KB)
...
004 (10656.007.000) 08/31 21:09:17 Job was evicted.
	(0) Job was not checkpointed.
		Usr 0 00:07:02, Sys 0 00:00:00  -  Run Remote Usage
		Usr 0 00:00:00, Sys 0 00:00:00  -  Run Local Usage
	0  -  Run Bytes Sent By Job
	0  -  Run Bytes Received By Job
	Partitionable Resources :    Usage  Request          
	   Cpus                 :                 1          
	   Disk (KB)            :     7500     7500          
	   Memory (MB)          :      426      426          
...
009 (10656.007.000) 08/31 21:09:18 Job was aborted by the user.
	via condor_rm (by user amir)
...
006 (10658.007.000) 08/31 21:09:18 Image size of job updated: 427744
	329  -  MemoryUsage of job (MB)
	336560  -  ResidentSetSize of job (KB)
...
004 (10658.007.000) 08/31 21:09:18 Job was evicted.
	(0) Job was not checkpointed.
		Usr 0 00:00:22, Sys 0 00:00:00  -  Run Remote Usage
		Usr 0 00:00:00, Sys 0 00:00:00  -  Run Local Usage
	0  -  Run Bytes Sent By Job
	0  -  Run Bytes Received By Job
	Partitionable Resources :    Usage  Request          
	   Cpus                 :                 1          
	   Disk (KB)            :     7500     7500          
	   Memory (MB)          :      329      329          
...
009 (10658.007.000) 08/31 21:09:20 Job was aborted by the user.
	via condor_rm (by user amir)
...
000 (10660.007.000) 08/31 21:09:35 Job submitted from host: <129.10.52.106:42847>
...
001 (10660.007.000) 08/31 21:09:36 Job executing on host: <10.1.255.249:47081>
...
006 (10660.007.000) 08/31 21:09:44 Image size of job updated: 7500
	3  -  MemoryUsage of job (MB)
	2168  -  ResidentSetSize of job (KB)
...
006 (10660.007.000) 08/31 21:14:44 Image size of job updated: 456172
	379  -  MemoryUsage of job (MB)
	387416  -  ResidentSetSize of job (KB)
...
004 (10660.007.000) 08/31 21:15:48 Job was evicted.
	(0) Job was not checkpointed.
		Usr 0 00:06:11, Sys 0 00:00:00  -  Run Remote Usage
		Usr 0 00:00:00, Sys 0 00:00:00  -  Run Local Usage
	0  -  Run Bytes Sent By Job
	0  -  Run Bytes Received By Job
	Partitionable Resources :    Usage  Request          
	   Cpus                 :                 1          
	   Disk (KB)            :     7500     7500          
	   Memory (MB)          :      379      379          
...
009 (10660.007.000) 08/31 21:15:49 Job was aborted by the user.
	via condor_rm (by user amir)
...
000 (10662.007.000) 08/31 21:16:12 Job submitted from host: <129.10.52.106:42847>
...
001 (10662.007.000) 08/31 21:16:19 Job executing on host: <10.1.255.241:47008>
...
006 (10662.007.000) 08/31 21:16:27 Image size of job updated: 7500
	3  -  MemoryUsage of job (MB)
	2188  -  ResidentSetSize of job (KB)
...
006 (10662.007.000) 08/31 21:21:27 Image size of job updated: 456172
	408  -  MemoryUsage of job (MB)
	416864  -  ResidentSetSize of job (KB)
...
006 (10662.007.000) 08/31 21:26:28 Image size of job updated: 456172
	426  -  MemoryUsage of job (MB)
	435708  -  ResidentSetSize of job (KB)
...
005 (10662.007.000) 08/31 21:29:47 Job terminated.
	(1) Normal termination (return value 0)
		Usr 0 00:13:19, Sys 0 00:00:00  -  Run Remote Usage
		Usr 0 00:00:00, Sys 0 00:00:00  -  Run Local Usage
		Usr 0 00:13:19, Sys 0 00:00:00  -  Total Remote Usage
		Usr 0 00:00:00, Sys 0 00:00:00  -  Total Local Usage
	0  -  Run Bytes Sent By Job
	0  -  Run Bytes Received By Job
	0  -  Total Bytes Sent By Job
	0  -  Total Bytes Received By Job
	Partitionable Resources :    Usage  Request          
	   Cpus                 :                 1          
	   Disk (KB)            :     7500     7500          
	   Memory (MB)          :      426      426          
...
000 (10664.007.000) 08/31 23:17:37 Job submitted from host: <129.10.52.106:42847>
...
001 (10664.007.000) 08/31 23:17:38 Job executing on host: <10.1.255.248:44088>
...
006 (10664.007.000) 08/31 23:17:46 Image size of job updated: 383280
	288  -  MemoryUsage of job (MB)
	294172  -  ResidentSetSize of job (KB)
...
005 (10664.007.000) 08/31 23:17:46 Job terminated.
	(1) Normal termination (return value 1)
		Usr 0 00:00:07, Sys 0 00:00:00  -  Run Remote Usage
		Usr 0 00:00:00, Sys 0 00:00:00  -  Run Local Usage
		Usr 0 00:00:07, Sys 0 00:00:00  -  Total Remote Usage
		Usr 0 00:00:00, Sys 0 00:00:00  -  Total Local Usage
	0  -  Run Bytes Sent By Job
	0  -  Run Bytes Received By Job
	0  -  Total Bytes Sent By Job
	0  -  Total Bytes Received By Job
	Partitionable Resources :    Usage  Request          
	   Cpus                 :                 1          
	   Disk (KB)            :     7500     7500          
	   Memory (MB)          :      288      288          
...
000 (10666.007.000) 08/31 23:29:12 Job submitted from host: <129.10.52.106:42847>
...
001 (10666.007.000) 08/31 23:29:14 Job executing on host: <10.1.255.249:47081>
...
006 (10666.007.000) 08/31 23:29:23 Image size of job updated: 95288
	3  -  MemoryUsage of job (MB)
	2224  -  ResidentSetSize of job (KB)
...
006 (10666.007.000) 08/31 23:34:24 Image size of job updated: 456172
	379  -  MemoryUsage of job (MB)
	387500  -  ResidentSetSize of job (KB)
...
004 (10666.007.000) 08/31 23:35:21 Job was evicted.
	(0) Job was not checkpointed.
		Usr 0 00:06:05, Sys 0 00:00:00  -  Run Remote Usage
		Usr 0 00:00:00, Sys 0 00:00:00  -  Run Local Usage
	0  -  Run Bytes Sent By Job
	0  -  Run Bytes Received By Job
	Partitionable Resources :    Usage  Request          
	   Cpus                 :                 1          
	   Disk (KB)            :     7500     7500          
	   Memory (MB)          :      379      379          
...
009 (10666.007.000) 08/31 23:35:21 Job was aborted by the user.
	via condor_rm (by user amir)
...
000 (10668.007.000) 08/31 23:35:57 Job submitted from host: <129.10.52.106:42847>
...
001 (10668.007.000) 08/31 23:35:58 Job executing on host: <10.1.255.243:43504>
...
006 (10668.007.000) 08/31 23:36:06 Image size of job updated: 21036
	9  -  MemoryUsage of job (MB)
	8840  -  ResidentSetSize of job (KB)
...
006 (10668.007.000) 08/31 23:41:06 Image size of job updated: 456172
	372  -  MemoryUsage of job (MB)
	380104  -  ResidentSetSize of job (KB)
...
006 (10668.007.000) 08/31 23:46:07 Image size of job updated: 456172
	422  -  MemoryUsage of job (MB)
	431680  -  ResidentSetSize of job (KB)
...
006 (10668.007.000) 08/31 23:51:08 Image size of job updated: 456172
	423  -  MemoryUsage of job (MB)
	432184  -  ResidentSetSize of job (KB)
...
005 (10668.007.000) 08/31 23:56:05 Job terminated.
	(1) Normal termination (return value 0)
		Usr 0 00:20:03, Sys 0 00:00:00  -  Run Remote Usage
		Usr 0 00:00:00, Sys 0 00:00:00  -  Run Local Usage
		Usr 0 00:20:03, Sys 0 00:00:00  -  Total Remote Usage
		Usr 0 00:00:00, Sys 0 00:00:00  -  Total Local Usage
	0  -  Run Bytes Sent By Job
	0  -  Run Bytes Received By Job
	0  -  Total Bytes Sent By Job
	0  -  Total Bytes Received By Job
	Partitionable Resources :    Usage  Request          
	   Cpus                 :                 1          
	   Disk (KB)            :     7500     7500          
	   Memory (MB)          :      423      423          
...
000 (10670.007.000) 09/01 01:09:26 Job submitted from host: <129.10.52.106:42847>
...
001 (10670.007.000) 09/01 01:09:27 Job executing on host: <10.1.255.246:47592>
...
006 (10670.007.000) 09/01 01:09:36 Image size of job updated: 18112
	6  -  MemoryUsage of job (MB)
	5408  -  ResidentSetSize of job (KB)
...
006 (10670.007.000) 09/01 01:14:37 Image size of job updated: 455256
	357  -  MemoryUsage of job (MB)
	364976  -  ResidentSetSize of job (KB)
...
006 (10670.007.000) 09/01 01:19:38 Image size of job updated: 473084
	374  -  MemoryUsage of job (MB)
	382808  -  ResidentSetSize of job (KB)
...
006 (10670.007.000) 09/01 01:24:38 Image size of job updated: 490908
	431  -  MemoryUsage of job (MB)
	440744  -  ResidentSetSize of job (KB)
...
006 (10670.007.000) 09/01 01:29:38 Image size of job updated: 727616
	675  -  MemoryUsage of job (MB)
	691032  -  ResidentSetSize of job (KB)
...
006 (10670.007.000) 09/01 01:34:39 Image size of job updated: 735776
	701  -  MemoryUsage of job (MB)
	717720  -  ResidentSetSize of job (KB)
...
006 (10670.007.000) 09/01 01:39:39 Image size of job updated: 750032
	715  -  MemoryUsage of job (MB)
	731956  -  ResidentSetSize of job (KB)
...
006 (10670.007.000) 09/01 01:44:39 Image size of job updated: 757808
	723  -  MemoryUsage of job (MB)
	739672  -  ResidentSetSize of job (KB)
...
006 (10670.007.000) 09/01 01:49:40 Image size of job updated: 762428
	727  -  MemoryUsage of job (MB)
	744336  -  ResidentSetSize of job (KB)
...
006 (10670.007.000) 09/01 01:54:41 Image size of job updated: 762560
	728  -  MemoryUsage of job (MB)
	744476  -  ResidentSetSize of job (KB)
...
006 (10670.007.000) 09/01 02:34:44 Image size of job updated: 762560
	734  -  MemoryUsage of job (MB)
	750620  -  ResidentSetSize of job (KB)
...
006 (10670.007.000) 09/01 02:39:45 Image size of job updated: 791996
	762  -  MemoryUsage of job (MB)
	780020  -  ResidentSetSize of job (KB)
...
006 (10670.007.000) 09/01 02:44:46 Image size of job updated: 808760
	779  -  MemoryUsage of job (MB)
	796840  -  ResidentSetSize of job (KB)
...
006 (10670.007.000) 09/01 02:49:46 Image size of job updated: 816020
	786  -  MemoryUsage of job (MB)
	804108  -  ResidentSetSize of job (KB)
...
006 (10670.007.000) 09/01 02:54:46 Image size of job updated: 816944
	787  -  MemoryUsage of job (MB)
	805040  -  ResidentSetSize of job (KB)
...
006 (10670.007.000) 09/01 02:59:47 Image size of job updated: 817208
	787  -  MemoryUsage of job (MB)
	805300  -  ResidentSetSize of job (KB)
...
004 (10670.007.000) 09/01 11:22:41 Job was evicted.
	(0) Job was not checkpointed.
		Usr 0 10:12:26, Sys 0 00:00:01  -  Run Remote Usage
		Usr 0 00:00:00, Sys 0 00:00:00  -  Run Local Usage
	0  -  Run Bytes Sent By Job
	0  -  Run Bytes Received By Job
	Partitionable Resources :    Usage  Request          
	   Cpus                 :                 1          
	   Disk (KB)            :     7500     7500          
	   Memory (MB)          :      787      787          
...
009 (10670.007.000) 09/01 11:22:42 Job was aborted by the user.
	via condor_rm (by user amir)
...
000 (10672.007.000) 09/01 11:26:49 Job submitted from host: <129.10.52.106:42847>
...
001 (10672.007.000) 09/01 11:26:53 Job executing on host: <10.1.255.253:43139>
...
006 (10672.007.000) 09/01 11:27:02 Image size of job updated: 27700
	16  -  MemoryUsage of job (MB)
	15648  -  ResidentSetSize of job (KB)
...
006 (10672.007.000) 09/01 11:32:04 Image size of job updated: 455124
	357  -  MemoryUsage of job (MB)
	364900  -  ResidentSetSize of job (KB)
...
006 (10672.007.000) 09/01 11:37:04 Image size of job updated: 472952
	374  -  MemoryUsage of job (MB)
	382732  -  ResidentSetSize of job (KB)
...
006 (10672.007.000) 09/01 11:39:45 Image size of job updated: 483116
	374  -  MemoryUsage of job (MB)
	382732  -  ResidentSetSize of job (KB)
...
004 (10672.007.000) 09/01 11:39:45 Job was evicted.
	(0) Job was not checkpointed.
		Usr 0 00:12:49, Sys 0 00:00:00  -  Run Remote Usage
		Usr 0 00:00:00, Sys 0 00:00:00  -  Run Local Usage
	0  -  Run Bytes Sent By Job
	0  -  Run Bytes Received By Job
	Partitionable Resources :    Usage  Request          
	   Cpus                 :                 1          
	   Disk (KB)            :     7500     7500          
	   Memory (MB)          :      374      374          
...
009 (10672.007.000) 09/01 11:39:46 Job was aborted by the user.
	via condor_rm (by user amir)
...
000 (10674.007.000) 09/01 11:40:09 Job submitted from host: <129.10.52.106:42847>
...
001 (10674.007.000) 09/01 11:40:10 Job executing on host: <10.1.255.251:40584>
...
006 (10674.007.000) 09/01 11:40:19 Image size of job updated: 18112
	6  -  MemoryUsage of job (MB)
	5916  -  ResidentSetSize of job (KB)
...
006 (10674.007.000) 09/01 11:45:20 Image size of job updated: 460144
	346  -  MemoryUsage of job (MB)
	354016  -  ResidentSetSize of job (KB)
...
006 (10674.007.000) 09/01 11:50:21 Image size of job updated: 483248
	369  -  MemoryUsage of job (MB)
	377164  -  ResidentSetSize of job (KB)
...
006 (10674.007.000) 09/01 11:55:21 Image size of job updated: 727616
	667  -  MemoryUsage of job (MB)
	682868  -  ResidentSetSize of job (KB)
...
006 (10674.007.000) 09/01 12:00:21 Image size of job updated: 738548
	710  -  MemoryUsage of job (MB)
	726612  -  ResidentSetSize of job (KB)
...
006 (10674.007.000) 09/01 12:05:22 Image size of job updated: 755708
	727  -  MemoryUsage of job (MB)
	743716  -  ResidentSetSize of job (KB)
...
006 (10674.007.000) 09/01 12:10:22 Image size of job updated: 762560
	733  -  MemoryUsage of job (MB)
	750556  -  ResidentSetSize of job (KB)
...
006 (10674.007.000) 09/01 12:15:22 Image size of job updated: 762560
	733  -  MemoryUsage of job (MB)
	750584  -  ResidentSetSize of job (KB)
...
006 (10674.007.000) 09/01 12:25:24 Image size of job updated: 762560
	734  -  MemoryUsage of job (MB)
	750648  -  ResidentSetSize of job (KB)
...
006 (10674.007.000) 09/01 12:45:26 Image size of job updated: 767576
	738  -  MemoryUsage of job (MB)
	755712  -  ResidentSetSize of job (KB)
...
006 (10674.007.000) 09/01 12:50:26 Image size of job updated: 801104
	771  -  MemoryUsage of job (MB)
	789140  -  ResidentSetSize of job (KB)
...
006 (10674.007.000) 09/01 12:55:27 Image size of job updated: 815096
	785  -  MemoryUsage of job (MB)
	803132  -  ResidentSetSize of job (KB)
...
006 (10674.007.000) 09/01 13:00:28 Image size of job updated: 816944
	787  -  MemoryUsage of job (MB)
	804976  -  ResidentSetSize of job (KB)
...
006 (10674.007.000) 09/01 13:05:28 Image size of job updated: 817208
	787  -  MemoryUsage of job (MB)
	805328  -  ResidentSetSize of job (KB)
...
004 (10674.007.000) 09/01 15:34:52 Job was evicted.
	(0) Job was not checkpointed.
		Usr 0 03:54:16, Sys 0 00:00:00  -  Run Remote Usage
		Usr 0 00:00:00, Sys 0 00:00:00  -  Run Local Usage
	0  -  Run Bytes Sent By Job
	0  -  Run Bytes Received By Job
	Partitionable Resources :    Usage  Request          
	   Cpus                 :                 1          
	   Disk (KB)            :     7500     7500          
	   Memory (MB)          :      787      787          
...
009 (10674.007.000) 09/01 15:34:53 Job was aborted by the user.
	via condor_rm (by user amir)
...
000 (10676.007.000) 09/01 15:35:13 Job submitted from host: <129.10.52.106:42847>
...
001 (10676.007.000) 09/01 15:35:14 Job executing on host: <10.1.255.249:47081>
...
006 (10676.007.000) 09/01 15:35:22 Image size of job updated: 7500
	3  -  MemoryUsage of job (MB)
	2172  -  ResidentSetSize of job (KB)
...
006 (10676.007.000) 09/01 15:40:22 Image size of job updated: 455124
	357  -  MemoryUsage of job (MB)
	364876  -  ResidentSetSize of job (KB)
...
006 (10676.007.000) 09/01 15:45:22 Image size of job updated: 472820
	426  -  MemoryUsage of job (MB)
	436092  -  ResidentSetSize of job (KB)
...
006 (10676.007.000) 09/01 15:50:23 Image size of job updated: 490512
	444  -  MemoryUsage of job (MB)
	453724  -  ResidentSetSize of job (KB)
...
006 (10676.007.000) 09/01 15:55:23 Image size of job updated: 727616
	675  -  MemoryUsage of job (MB)
	691032  -  ResidentSetSize of job (KB)
...
006 (10676.007.000) 09/01 16:00:23 Image size of job updated: 735908
	689  -  MemoryUsage of job (MB)
	705508  -  ResidentSetSize of job (KB)
...
006 (10676.007.000) 09/01 16:05:24 Image size of job updated: 750956
	704  -  MemoryUsage of job (MB)
	720492  -  ResidentSetSize of job (KB)
...
006 (10676.007.000) 09/01 16:10:25 Image size of job updated: 758072
	711  -  MemoryUsage of job (MB)
	727700  -  ResidentSetSize of job (KB)
...
006 (10676.007.000) 09/01 16:15:25 Image size of job updated: 762560
	715  -  MemoryUsage of job (MB)
	732160  -  ResidentSetSize of job (KB)
...
004 (10676.007.000) 09/01 16:17:46 Job was evicted.
	(0) Job was not checkpointed.
		Usr 0 00:42:29, Sys 0 00:00:00  -  Run Remote Usage
		Usr 0 00:00:00, Sys 0 00:00:00  -  Run Local Usage
	0  -  Run Bytes Sent By Job
	0  -  Run Bytes Received By Job
	Partitionable Resources :    Usage  Request          
	   Cpus                 :                 1          
	   Disk (KB)            :     7500     7500          
	   Memory (MB)          :      715      715          
...
009 (10676.007.000) 09/01 16:17:47 Job was aborted by the user.
	via condor_rm (by user amir)
...
000 (10678.007.000) 09/01 16:18:01 Job submitted from host: <129.10.52.106:42847>
...
001 (10678.007.000) 09/01 16:18:02 Job executing on host: <10.1.255.246:47592>
...
006 (10678.007.000) 09/01 16:18:10 Image size of job updated: 22228
	10  -  MemoryUsage of job (MB)
	10072  -  ResidentSetSize of job (KB)
...
006 (10678.007.000) 09/01 16:23:10 Image size of job updated: 455124
	357  -  MemoryUsage of job (MB)
	364912  -  ResidentSetSize of job (KB)
...
006 (10678.007.000) 09/01 16:28:11 Image size of job updated: 472952
	427  -  MemoryUsage of job (MB)
	436244  -  ResidentSetSize of job (KB)
...
006 (10678.007.000) 09/01 16:33:12 Image size of job updated: 490776
	444  -  MemoryUsage of job (MB)
	454092  -  ResidentSetSize of job (KB)
...
006 (10678.007.000) 09/01 16:38:12 Image size of job updated: 727616
	675  -  MemoryUsage of job (MB)
	691036  -  ResidentSetSize of job (KB)
...
006 (10678.007.000) 09/01 16:43:13 Image size of job updated: 735908
	707  -  MemoryUsage of job (MB)
	723944  -  ResidentSetSize of job (KB)
...
006 (10678.007.000) 09/01 16:48:14 Image size of job updated: 750560
	722  -  MemoryUsage of job (MB)
	738532  -  ResidentSetSize of job (KB)
...
006 (10678.007.000) 09/01 16:53:14 Image size of job updated: 758072
	729  -  MemoryUsage of job (MB)
	746136  -  ResidentSetSize of job (KB)
...
006 (10678.007.000) 09/01 16:58:14 Image size of job updated: 762560
	733  -  MemoryUsage of job (MB)
	750532  -  ResidentSetSize of job (KB)
...
006 (10678.007.000) 09/01 17:03:15 Image size of job updated: 762560
	733  -  MemoryUsage of job (MB)
	750560  -  ResidentSetSize of job (KB)
...
006 (10678.007.000) 09/01 17:53:20 Image size of job updated: 790676
	761  -  MemoryUsage of job (MB)
	778672  -  ResidentSetSize of job (KB)
...
006 (10678.007.000) 09/01 17:58:20 Image size of job updated: 806912
	777  -  MemoryUsage of job (MB)
	794872  -  ResidentSetSize of job (KB)
...
006 (10678.007.000) 09/01 18:03:20 Image size of job updated: 815096
	785  -  MemoryUsage of job (MB)
	803044  -  ResidentSetSize of job (KB)
...
006 (10678.007.000) 09/01 18:08:21 Image size of job updated: 816812
	786  -  MemoryUsage of job (MB)
	804808  -  ResidentSetSize of job (KB)
...
006 (10678.007.000) 09/01 18:13:22 Image size of job updated: 817076
	787  -  MemoryUsage of job (MB)
	805100  -  ResidentSetSize of job (KB)
...
006 (10678.007.000) 09/01 18:18:22 Image size of job updated: 817208
	787  -  MemoryUsage of job (MB)
	805240  -  ResidentSetSize of job (KB)
...
006 (10678.007.000) 09/01 18:43:25 Image size of job updated: 817208
	787  -  MemoryUsage of job (MB)
	805304  -  ResidentSetSize of job (KB)
...
