000 (10650.002.000) 08/31 10:25:39 Job submitted from host: <129.10.52.106:42847>
...
001 (10650.002.000) 08/31 10:25:54 Job executing on host: <10.1.255.248:44088>
...
006 (10650.002.000) 08/31 10:26:03 Image size of job updated: 45932
	33  -  MemoryUsage of job (MB)
	33768  -  ResidentSetSize of job (KB)
...
006 (10650.002.000) 08/31 10:31:04 Image size of job updated: 985788
	935  -  MemoryUsage of job (MB)
	957436  -  ResidentSetSize of job (KB)
...
006 (10650.002.000) 08/31 10:36:05 Image size of job updated: 985788
	938  -  MemoryUsage of job (MB)
	959492  -  ResidentSetSize of job (KB)
...
006 (10650.002.000) 08/31 10:46:05 Image size of job updated: 985788
	952  -  MemoryUsage of job (MB)
	973828  -  ResidentSetSize of job (KB)
...
005 (10650.002.000) 08/31 12:51:53 Job terminated.
	(1) Normal termination (return value 0)
		Usr 0 02:25:43, Sys 0 00:00:00  -  Run Remote Usage
		Usr 0 00:00:00, Sys 0 00:00:00  -  Run Local Usage
		Usr 0 02:25:43, Sys 0 00:00:00  -  Total Remote Usage
		Usr 0 00:00:00, Sys 0 00:00:00  -  Total Local Usage
	0  -  Run Bytes Sent By Job
	0  -  Run Bytes Received By Job
	0  -  Total Bytes Sent By Job
	0  -  Total Bytes Received By Job
	Partitionable Resources :    Usage  Request          
	   Cpus                 :                 1          
	   Disk (KB)            :     7500     7500          
	   Memory (MB)          :      952      952          
...
000 (10652.002.000) 08/31 19:51:14 Job submitted from host: <129.10.52.106:42847>
...
001 (10652.002.000) 08/31 19:51:21 Job executing on host: <10.1.255.242:42117>
...
006 (10652.002.000) 08/31 19:51:30 Image size of job updated: 45928
	20  -  MemoryUsage of job (MB)
	20320  -  ResidentSetSize of job (KB)
...
006 (10652.002.000) 08/31 19:56:31 Image size of job updated: 973784
	914  -  MemoryUsage of job (MB)
	935900  -  ResidentSetSize of job (KB)
...
006 (10652.002.000) 08/31 20:01:31 Image size of job updated: 973784
	936  -  MemoryUsage of job (MB)
	958332  -  ResidentSetSize of job (KB)
...
005 (10652.002.000) 08/31 20:03:00 Job terminated.
	(1) Normal termination (return value 0)
		Usr 0 00:11:30, Sys 0 00:00:00  -  Run Remote Usage
		Usr 0 00:00:00, Sys 0 00:00:00  -  Run Local Usage
		Usr 0 00:11:30, Sys 0 00:00:00  -  Total Remote Usage
		Usr 0 00:00:00, Sys 0 00:00:00  -  Total Local Usage
	0  -  Run Bytes Sent By Job
	0  -  Run Bytes Received By Job
	0  -  Total Bytes Sent By Job
	0  -  Total Bytes Received By Job
	Partitionable Resources :    Usage  Request          
	   Cpus                 :                 1          
	   Disk (KB)            :     7500     7500          
	   Memory (MB)          :      936      936          
...
000 (10654.002.000) 08/31 20:16:53 Job submitted from host: <129.10.52.106:42847>
...
001 (10654.002.000) 08/31 20:16:54 Job executing on host: <10.1.255.253:43139>
...
006 (10654.002.000) 08/31 20:17:03 Image size of job updated: 7500
	3  -  MemoryUsage of job (MB)
	2172  -  ResidentSetSize of job (KB)
...
006 (10654.002.000) 08/31 20:22:04 Image size of job updated: 979384
	872  -  MemoryUsage of job (MB)
	892628  -  ResidentSetSize of job (KB)
...
006 (10654.002.000) 08/31 20:27:04 Image size of job updated: 979384
	874  -  MemoryUsage of job (MB)
	894288  -  ResidentSetSize of job (KB)
...
006 (10654.002.000) 08/31 20:32:04 Image size of job updated: 979384
	874  -  MemoryUsage of job (MB)
	894932  -  ResidentSetSize of job (KB)
...
006 (10654.002.000) 08/31 20:37:05 Image size of job updated: 979384
	876  -  MemoryUsage of job (MB)
	897020  -  ResidentSetSize of job (KB)
...
006 (10654.002.000) 08/31 20:42:06 Image size of job updated: 979384
	887  -  MemoryUsage of job (MB)
	907392  -  ResidentSetSize of job (KB)
...
006 (10654.002.000) 08/31 20:47:07 Image size of job updated: 979384
	943  -  MemoryUsage of job (MB)
	965228  -  ResidentSetSize of job (KB)
...
006 (10654.002.000) 08/31 20:52:07 Image size of job updated: 979384
	943  -  MemoryUsage of job (MB)
	965284  -  ResidentSetSize of job (KB)
...
006 (10654.002.000) 08/31 20:57:07 Image size of job updated: 979384
	943  -  MemoryUsage of job (MB)
	965352  -  ResidentSetSize of job (KB)
...
004 (10654.002.000) 08/31 20:58:10 Job was evicted.
	(0) Job was not checkpointed.
		Usr 0 00:41:10, Sys 0 00:00:00  -  Run Remote Usage
		Usr 0 00:00:00, Sys 0 00:00:00  -  Run Local Usage
	0  -  Run Bytes Sent By Job
	0  -  Run Bytes Received By Job
	Partitionable Resources :    Usage  Request          
	   Cpus                 :                 1          
	   Disk (KB)            :     7500     7500          
	   Memory (MB)          :      943      943          
...
009 (10654.002.000) 08/31 20:58:11 Job was aborted by the user.
	via condor_rm (by user amir)
...
000 (10656.002.000) 08/31 21:02:12 Job submitted from host: <129.10.52.106:42847>
...
001 (10656.002.000) 08/31 21:02:13 Job executing on host: <10.1.255.253:43139>
...
006 (10656.002.000) 08/31 21:02:22 Image size of job updated: 45932
	33  -  MemoryUsage of job (MB)
	33748  -  ResidentSetSize of job (KB)
...
006 (10656.002.000) 08/31 21:07:23 Image size of job updated: 979384
	881  -  MemoryUsage of job (MB)
	902036  -  ResidentSetSize of job (KB)
...
000 (10658.002.000) 08/31 21:08:37 Job submitted from host: <129.10.52.106:42847>
...
001 (10658.002.000) 08/31 21:08:55 Job executing on host: <10.1.255.244:42701>
...
006 (10658.002.000) 08/31 21:09:04 Image size of job updated: 45932
	33  -  MemoryUsage of job (MB)
	33752  -  ResidentSetSize of job (KB)
...
004 (10656.002.000) 08/31 21:09:16 Job was evicted.
	(0) Job was not checkpointed.
		Usr 0 00:07:01, Sys 0 00:00:00  -  Run Remote Usage
		Usr 0 00:00:00, Sys 0 00:00:00  -  Run Local Usage
	0  -  Run Bytes Sent By Job
	0  -  Run Bytes Received By Job
	Partitionable Resources :    Usage  Request          
	   Cpus                 :                 1          
	   Disk (KB)            :     7500     7500          
	   Memory (MB)          :      881      881          
...
009 (10656.002.000) 08/31 21:09:17 Job was aborted by the user.
	via condor_rm (by user amir)
...
006 (10658.002.000) 08/31 21:09:18 Image size of job updated: 427608
	33  -  MemoryUsage of job (MB)
	33752  -  ResidentSetSize of job (KB)
...
004 (10658.002.000) 08/31 21:09:18 Job was evicted.
	(0) Job was not checkpointed.
		Usr 0 00:00:22, Sys 0 00:00:00  -  Run Remote Usage
		Usr 0 00:00:00, Sys 0 00:00:00  -  Run Local Usage
	0  -  Run Bytes Sent By Job
	0  -  Run Bytes Received By Job
	Partitionable Resources :    Usage  Request          
	   Cpus                 :                 1          
	   Disk (KB)            :     7500     7500          
	   Memory (MB)          :       33       33          
...
009 (10658.002.000) 08/31 21:09:18 Job was aborted by the user.
	via condor_rm (by user amir)
...
000 (10660.002.000) 08/31 21:09:35 Job submitted from host: <129.10.52.106:42847>
...
001 (10660.002.000) 08/31 21:09:35 Job executing on host: <10.1.255.244:42701>
...
006 (10660.002.000) 08/31 21:09:44 Image size of job updated: 45936
	33  -  MemoryUsage of job (MB)
	33764  -  ResidentSetSize of job (KB)
...
006 (10660.002.000) 08/31 21:14:44 Image size of job updated: 979388
	872  -  MemoryUsage of job (MB)
	892416  -  ResidentSetSize of job (KB)
...
004 (10660.002.000) 08/31 21:15:48 Job was evicted.
	(0) Job was not checkpointed.
		Usr 0 00:06:11, Sys 0 00:00:00  -  Run Remote Usage
		Usr 0 00:00:00, Sys 0 00:00:00  -  Run Local Usage
	0  -  Run Bytes Sent By Job
	0  -  Run Bytes Received By Job
	Partitionable Resources :    Usage  Request          
	   Cpus                 :                 1          
	   Disk (KB)            :     7500     7500          
	   Memory (MB)          :      872      872          
...
009 (10660.002.000) 08/31 21:15:50 Job was aborted by the user.
	via condor_rm (by user amir)
...
000 (10662.002.000) 08/31 21:16:12 Job submitted from host: <129.10.52.106:42847>
...
001 (10662.002.000) 08/31 21:16:18 Job executing on host: <10.1.255.249:47081>
...
006 (10662.002.000) 08/31 21:16:27 Image size of job updated: 45932
	33  -  MemoryUsage of job (MB)
	33748  -  ResidentSetSize of job (KB)
...
006 (10662.002.000) 08/31 21:21:28 Image size of job updated: 979384
	872  -  MemoryUsage of job (MB)
	892440  -  ResidentSetSize of job (KB)
...
006 (10662.002.000) 08/31 21:26:28 Image size of job updated: 979384
	874  -  MemoryUsage of job (MB)
	893988  -  ResidentSetSize of job (KB)
...
006 (10662.002.000) 08/31 21:31:29 Image size of job updated: 979384
	929  -  MemoryUsage of job (MB)
	950884  -  ResidentSetSize of job (KB)
...
006 (10662.002.000) 08/31 21:36:30 Image size of job updated: 979384
	931  -  MemoryUsage of job (MB)
	952932  -  ResidentSetSize of job (KB)
...
006 (10662.002.000) 08/31 21:41:30 Image size of job updated: 979384
	943  -  MemoryUsage of job (MB)
	965220  -  ResidentSetSize of job (KB)
...
006 (10662.002.000) 08/31 21:46:30 Image size of job updated: 979384
	945  -  MemoryUsage of job (MB)
	967268  -  ResidentSetSize of job (KB)
...
004 (10662.002.000) 08/31 23:16:37 Job was evicted.
	(0) Job was not checkpointed.
		Usr 0 02:00:05, Sys 0 00:00:00  -  Run Remote Usage
		Usr 0 00:00:00, Sys 0 00:00:00  -  Run Local Usage
	0  -  Run Bytes Sent By Job
	0  -  Run Bytes Received By Job
	Partitionable Resources :    Usage  Request          
	   Cpus                 :                 1          
	   Disk (KB)            :     7500     7500          
	   Memory (MB)          :      945      945          
...
009 (10662.002.000) 08/31 23:16:38 Job was aborted by the user.
	via condor_rm (by user amir)
...
000 (10664.002.000) 08/31 23:17:37 Job submitted from host: <129.10.52.106:42847>
...
001 (10664.002.000) 08/31 23:17:37 Job executing on host: <10.1.255.253:43139>
...
006 (10664.002.000) 08/31 23:17:45 Image size of job updated: 7500
	0  -  MemoryUsage of job (MB)
	0  -  ResidentSetSize of job (KB)
...
005 (10664.002.000) 08/31 23:17:46 Job terminated.
	(1) Normal termination (return value 1)
		Usr 0 00:00:07, Sys 0 00:00:00  -  Run Remote Usage
		Usr 0 00:00:00, Sys 0 00:00:00  -  Run Local Usage
		Usr 0 00:00:07, Sys 0 00:00:00  -  Total Remote Usage
		Usr 0 00:00:00, Sys 0 00:00:00  -  Total Local Usage
	0  -  Run Bytes Sent By Job
	0  -  Run Bytes Received By Job
	0  -  Total Bytes Sent By Job
	0  -  Total Bytes Received By Job
	Partitionable Resources :    Usage  Request          
	   Cpus                 :                 1          
	   Disk (KB)            :     7500     7500          
	   Memory (MB)          :        0        0          
...
000 (10666.002.000) 08/31 23:29:12 Job submitted from host: <129.10.52.106:42847>
...
001 (10666.002.000) 08/31 23:29:14 Job executing on host: <10.1.255.244:42701>
...
006 (10666.002.000) 08/31 23:29:22 Image size of job updated: 45932
	33  -  MemoryUsage of job (MB)
	33772  -  ResidentSetSize of job (KB)
...
006 (10666.002.000) 08/31 23:34:22 Image size of job updated: 886040
	767  -  MemoryUsage of job (MB)
	785304  -  ResidentSetSize of job (KB)
...
004 (10666.002.000) 08/31 23:35:21 Job was evicted.
	(0) Job was not checkpointed.
		Usr 0 00:06:05, Sys 0 00:00:00  -  Run Remote Usage
		Usr 0 00:00:00, Sys 0 00:00:00  -  Run Local Usage
	0  -  Run Bytes Sent By Job
	0  -  Run Bytes Received By Job
	Partitionable Resources :    Usage  Request          
	   Cpus                 :                 1          
	   Disk (KB)            :     7500     7500          
	   Memory (MB)          :      767      767          
...
009 (10666.002.000) 08/31 23:35:22 Job was aborted by the user.
	via condor_rm (by user amir)
...
000 (10668.002.000) 08/31 23:35:57 Job submitted from host: <129.10.52.106:42847>
...
001 (10668.002.000) 08/31 23:35:57 Job executing on host: <10.1.255.246:47592>
...
006 (10668.002.000) 08/31 23:36:06 Image size of job updated: 18112
	6  -  MemoryUsage of job (MB)
	5400  -  ResidentSetSize of job (KB)
...
006 (10668.002.000) 08/31 23:41:07 Image size of job updated: 886040
	773  -  MemoryUsage of job (MB)
	791224  -  ResidentSetSize of job (KB)
...
006 (10668.002.000) 08/31 23:46:07 Image size of job updated: 886040
	829  -  MemoryUsage of job (MB)
	848708  -  ResidentSetSize of job (KB)
...
006 (10668.002.000) 08/31 23:51:07 Image size of job updated: 886040
	829  -  MemoryUsage of job (MB)
	848716  -  ResidentSetSize of job (KB)
...
006 (10668.002.000) 08/31 23:56:08 Image size of job updated: 886040
	830  -  MemoryUsage of job (MB)
	849492  -  ResidentSetSize of job (KB)
...
005 (10668.002.000) 09/01 00:03:54 Job terminated.
	(1) Normal termination (return value 0)
		Usr 0 00:27:45, Sys 0 00:00:00  -  Run Remote Usage
		Usr 0 00:00:00, Sys 0 00:00:00  -  Run Local Usage
		Usr 0 00:27:45, Sys 0 00:00:00  -  Total Remote Usage
		Usr 0 00:00:00, Sys 0 00:00:00  -  Total Local Usage
	0  -  Run Bytes Sent By Job
	0  -  Run Bytes Received By Job
	0  -  Total Bytes Sent By Job
	0  -  Total Bytes Received By Job
	Partitionable Resources :    Usage  Request          
	   Cpus                 :                 1          
	   Disk (KB)            :     7500     7500          
	   Memory (MB)          :      830      830          
...
000 (10670.002.000) 09/01 01:09:26 Job submitted from host: <129.10.52.106:42847>
...
001 (10670.002.000) 09/01 01:09:27 Job executing on host: <10.1.255.245:47081>
...
006 (10670.002.000) 09/01 01:09:35 Image size of job updated: 20904
	9  -  MemoryUsage of job (MB)
	8728  -  ResidentSetSize of job (KB)
...
006 (10670.002.000) 09/01 01:14:35 Image size of job updated: 985788
	881  -  MemoryUsage of job (MB)
	901396  -  ResidentSetSize of job (KB)
...
006 (10670.002.000) 09/01 01:19:36 Image size of job updated: 985788
	894  -  MemoryUsage of job (MB)
	914724  -  ResidentSetSize of job (KB)
...
006 (10670.002.000) 09/01 01:24:37 Image size of job updated: 985788
	937  -  MemoryUsage of job (MB)
	959460  -  ResidentSetSize of job (KB)
...
006 (10670.002.000) 09/01 01:29:37 Image size of job updated: 985788
	951  -  MemoryUsage of job (MB)
	973804  -  ResidentSetSize of job (KB)
...
005 (10670.002.000) 09/01 03:35:44 Job terminated.
	(1) Normal termination (return value 0)
		Usr 0 02:25:53, Sys 0 00:00:00  -  Run Remote Usage
		Usr 0 00:00:00, Sys 0 00:00:00  -  Run Local Usage
		Usr 0 02:25:53, Sys 0 00:00:00  -  Total Remote Usage
		Usr 0 00:00:00, Sys 0 00:00:00  -  Total Local Usage
	0  -  Run Bytes Sent By Job
	0  -  Run Bytes Received By Job
	0  -  Total Bytes Sent By Job
	0  -  Total Bytes Received By Job
	Partitionable Resources :    Usage  Request          
	   Cpus                 :                 1          
	   Disk (KB)            :     7500     7500          
	   Memory (MB)          :      951      951          
...
000 (10672.002.000) 09/01 11:26:49 Job submitted from host: <129.10.52.106:42847>
...
001 (10672.002.000) 09/01 11:26:53 Job executing on host: <10.1.255.245:47081>
...
006 (10672.002.000) 09/01 11:27:01 Image size of job updated: 45932
	33  -  MemoryUsage of job (MB)
	33780  -  ResidentSetSize of job (KB)
...
006 (10672.002.000) 09/01 11:32:01 Image size of job updated: 980540
	922  -  MemoryUsage of job (MB)
	943968  -  ResidentSetSize of job (KB)
...
006 (10672.002.000) 09/01 11:37:02 Image size of job updated: 1023492
	964  -  MemoryUsage of job (MB)
	987072  -  ResidentSetSize of job (KB)
...
004 (10672.002.000) 09/01 11:39:45 Job was evicted.
	(0) Job was not checkpointed.
		Usr 0 00:12:50, Sys 0 00:00:00  -  Run Remote Usage
		Usr 0 00:00:00, Sys 0 00:00:00  -  Run Local Usage
	0  -  Run Bytes Sent By Job
	0  -  Run Bytes Received By Job
	Partitionable Resources :    Usage  Request          
	   Cpus                 :                 1          
	   Disk (KB)            :     7500     7500          
	   Memory (MB)          :      964      964          
...
009 (10672.002.000) 09/01 11:39:46 Job was aborted by the user.
	via condor_rm (by user amir)
...
000 (10674.002.000) 09/01 11:40:09 Job submitted from host: <129.10.52.106:42847>
...
001 (10674.002.000) 09/01 11:40:10 Job executing on host: <10.1.255.245:47081>
...
006 (10674.002.000) 09/01 11:40:18 Image size of job updated: 16048
	3  -  MemoryUsage of job (MB)
	2964  -  ResidentSetSize of job (KB)
...
006 (10674.002.000) 09/01 11:45:18 Image size of job updated: 970328
	895  -  MemoryUsage of job (MB)
	915568  -  ResidentSetSize of job (KB)
...
006 (10674.002.000) 09/01 11:50:19 Image size of job updated: 1023492
	961  -  MemoryUsage of job (MB)
	984060  -  ResidentSetSize of job (KB)
...
006 (10674.002.000) 09/01 11:55:20 Image size of job updated: 1023492
	962  -  MemoryUsage of job (MB)
	984148  -  ResidentSetSize of job (KB)
...
006 (10674.002.000) 09/01 12:00:20 Image size of job updated: 1023492
	962  -  MemoryUsage of job (MB)
	984168  -  ResidentSetSize of job (KB)
...
006 (10674.002.000) 09/01 12:10:21 Image size of job updated: 1024284
	965  -  MemoryUsage of job (MB)
	987856  -  ResidentSetSize of job (KB)
...
006 (10674.002.000) 09/01 12:15:22 Image size of job updated: 1024284
	973  -  MemoryUsage of job (MB)
	996048  -  ResidentSetSize of job (KB)
...
006 (10674.002.000) 09/01 13:00:26 Image size of job updated: 1024284
	981  -  MemoryUsage of job (MB)
	1004240  -  ResidentSetSize of job (KB)
...
006 (10674.002.000) 09/01 13:50:31 Image size of job updated: 1024284
	983  -  MemoryUsage of job (MB)
	1006288  -  ResidentSetSize of job (KB)
...
006 (10674.002.000) 09/01 13:55:32 Image size of job updated: 1024284
	987  -  MemoryUsage of job (MB)
	1010384  -  ResidentSetSize of job (KB)
...
006 (10674.002.000) 09/01 14:00:33 Image size of job updated: 1024284
	989  -  MemoryUsage of job (MB)
	1012432  -  ResidentSetSize of job (KB)
...
004 (10674.002.000) 09/01 15:34:52 Job was evicted.
	(0) Job was not checkpointed.
		Usr 0 03:54:21, Sys 0 00:00:00  -  Run Remote Usage
		Usr 0 00:00:00, Sys 0 00:00:00  -  Run Local Usage
	0  -  Run Bytes Sent By Job
	0  -  Run Bytes Received By Job
	Partitionable Resources :    Usage  Request          
	   Cpus                 :                 1          
	   Disk (KB)            :     7500     7500          
	   Memory (MB)          :      989      989          
...
009 (10674.002.000) 09/01 15:34:52 Job was aborted by the user.
	via condor_rm (by user amir)
...
000 (10676.002.000) 09/01 15:35:13 Job submitted from host: <129.10.52.106:42847>
...
001 (10676.002.000) 09/01 15:35:13 Job executing on host: <10.1.255.253:43139>
...
006 (10676.002.000) 09/01 15:35:22 Image size of job updated: 22096
	10  -  MemoryUsage of job (MB)
	9896  -  ResidentSetSize of job (KB)
...
006 (10676.002.000) 09/01 15:40:23 Image size of job updated: 970328
	860  -  MemoryUsage of job (MB)
	880212  -  ResidentSetSize of job (KB)
...
006 (10676.002.000) 09/01 15:45:23 Image size of job updated: 1023492
	914  -  MemoryUsage of job (MB)
	935540  -  ResidentSetSize of job (KB)
...
006 (10676.002.000) 09/01 15:50:23 Image size of job updated: 1023492
	962  -  MemoryUsage of job (MB)
	984232  -  ResidentSetSize of job (KB)
...
006 (10676.002.000) 09/01 15:55:24 Image size of job updated: 1023492
	962  -  MemoryUsage of job (MB)
	984368  -  ResidentSetSize of job (KB)
...
006 (10676.002.000) 09/01 16:00:25 Image size of job updated: 1023492
	962  -  MemoryUsage of job (MB)
	984380  -  ResidentSetSize of job (KB)
...
006 (10676.002.000) 09/01 16:05:25 Image size of job updated: 1024284
	963  -  MemoryUsage of job (MB)
	985168  -  ResidentSetSize of job (KB)
...
006 (10676.002.000) 09/01 16:10:25 Image size of job updated: 1024284
	963  -  MemoryUsage of job (MB)
	985304  -  ResidentSetSize of job (KB)
...
006 (10676.002.000) 09/01 16:15:25 Image size of job updated: 1024284
	967  -  MemoryUsage of job (MB)
	989624  -  ResidentSetSize of job (KB)
...
004 (10676.002.000) 09/01 16:17:46 Job was evicted.
	(0) Job was not checkpointed.
		Usr 0 00:42:27, Sys 0 00:00:00  -  Run Remote Usage
		Usr 0 00:00:00, Sys 0 00:00:00  -  Run Local Usage
	0  -  Run Bytes Sent By Job
	0  -  Run Bytes Received By Job
	Partitionable Resources :    Usage  Request          
	   Cpus                 :                 1          
	   Disk (KB)            :     7500     7500          
	   Memory (MB)          :      967      967          
...
009 (10676.002.000) 09/01 16:17:47 Job was aborted by the user.
	via condor_rm (by user amir)
...
000 (10678.002.000) 09/01 16:18:01 Job submitted from host: <129.10.52.106:42847>
...
001 (10678.002.000) 09/01 16:18:01 Job executing on host: <10.1.255.253:43139>
...
006 (10678.002.000) 09/01 16:18:10 Image size of job updated: 45932
	33  -  MemoryUsage of job (MB)
	33764  -  ResidentSetSize of job (KB)
...
006 (10678.002.000) 09/01 16:23:10 Image size of job updated: 970328
	860  -  MemoryUsage of job (MB)
	880208  -  ResidentSetSize of job (KB)
...
006 (10678.002.000) 09/01 16:28:10 Image size of job updated: 1023492
	960  -  MemoryUsage of job (MB)
	982652  -  ResidentSetSize of job (KB)
...
006 (10678.002.000) 09/01 16:33:12 Image size of job updated: 1023492
	960  -  MemoryUsage of job (MB)
	982760  -  ResidentSetSize of job (KB)
...
006 (10678.002.000) 09/01 16:38:12 Image size of job updated: 1023492
	960  -  MemoryUsage of job (MB)
	982908  -  ResidentSetSize of job (KB)
...
006 (10678.002.000) 09/01 16:43:12 Image size of job updated: 1023492
	960  -  MemoryUsage of job (MB)
	982920  -  ResidentSetSize of job (KB)
...
006 (10678.002.000) 09/01 16:48:13 Image size of job updated: 1024284
	961  -  MemoryUsage of job (MB)
	983708  -  ResidentSetSize of job (KB)
...
006 (10678.002.000) 09/01 16:53:14 Image size of job updated: 1024284
	961  -  MemoryUsage of job (MB)
	983848  -  ResidentSetSize of job (KB)
...
006 (10678.002.000) 09/01 16:58:14 Image size of job updated: 1024284
	965  -  MemoryUsage of job (MB)
	988092  -  ResidentSetSize of job (KB)
...
006 (10678.002.000) 09/01 17:03:15 Image size of job updated: 1024284
	966  -  MemoryUsage of job (MB)
	988208  -  ResidentSetSize of job (KB)
...
006 (10678.002.000) 09/01 17:08:16 Image size of job updated: 1024284
	966  -  MemoryUsage of job (MB)
	988276  -  ResidentSetSize of job (KB)
...
006 (10678.002.000) 09/01 19:23:29 Image size of job updated: 1024284
	973  -  MemoryUsage of job (MB)
	996196  -  ResidentSetSize of job (KB)
...
006 (10678.002.000) 09/01 19:28:30 Image size of job updated: 1024284
	974  -  MemoryUsage of job (MB)
	996604  -  ResidentSetSize of job (KB)
...
006 (10678.002.000) 09/01 19:33:30 Image size of job updated: 1024284
	974  -  MemoryUsage of job (MB)
	996976  -  ResidentSetSize of job (KB)
...
006 (10678.002.000) 09/01 19:38:30 Image size of job updated: 1024284
	974  -  MemoryUsage of job (MB)
	997328  -  ResidentSetSize of job (KB)
...
006 (10678.002.000) 09/01 19:43:30 Image size of job updated: 1024284
	975  -  MemoryUsage of job (MB)
	997556  -  ResidentSetSize of job (KB)
...
006 (10678.002.000) 09/01 19:48:31 Image size of job updated: 1024284
	975  -  MemoryUsage of job (MB)
	997708  -  ResidentSetSize of job (KB)
...
006 (10678.002.000) 09/01 19:53:32 Image size of job updated: 1024284
	975  -  MemoryUsage of job (MB)
	997748  -  ResidentSetSize of job (KB)
...
