000 (10645.000.000) 08/30 14:12:25 Job submitted from host: <129.10.52.106:42847>
...
001 (10645.000.000) 08/30 14:12:25 Job executing on host: <10.1.255.248:44088>
...
006 (10645.000.000) 08/30 14:12:34 Image size of job updated: 7500
	3  -  MemoryUsage of job (MB)
	2168  -  ResidentSetSize of job (KB)
...
006 (10645.000.000) 08/30 14:13:01 Image size of job updated: 17776184
	3  -  MemoryUsage of job (MB)
	2168  -  ResidentSetSize of job (KB)
...
005 (10645.000.000) 08/30 14:13:01 Job terminated.
	(0) Abnormal termination (signal 6)
	(0) No core file
		Usr 0 00:00:23, Sys 0 00:00:05  -  Run Remote Usage
		Usr 0 00:00:00, Sys 0 00:00:00  -  Run Local Usage
		Usr 0 00:00:23, Sys 0 00:00:05  -  Total Remote Usage
		Usr 0 00:00:00, Sys 0 00:00:00  -  Total Local Usage
	0  -  Run Bytes Sent By Job
	0  -  Run Bytes Received By Job
	0  -  Total Bytes Sent By Job
	0  -  Total Bytes Received By Job
	Partitionable Resources :    Usage  Request          
	   Cpus                 :                 1          
	   Disk (KB)            :     7500     7500          
	   Memory (MB)          :        3        3          
...
000 (10646.000.000) 08/30 14:27:03 Job submitted from host: <129.10.52.106:42847>
...
001 (10646.000.000) 08/30 14:27:03 Job executing on host: <10.1.255.248:44088>
...
006 (10646.000.000) 08/30 14:27:12 Image size of job updated: 7500
	3  -  MemoryUsage of job (MB)
	2168  -  ResidentSetSize of job (KB)
...
006 (10646.000.000) 08/30 14:27:38 Image size of job updated: 14089704
	3  -  MemoryUsage of job (MB)
	2168  -  ResidentSetSize of job (KB)
...
005 (10646.000.000) 08/30 14:27:38 Job terminated.
	(0) Abnormal termination (signal 6)
	(0) No core file
		Usr 0 00:00:20, Sys 0 00:00:04  -  Run Remote Usage
		Usr 0 00:00:00, Sys 0 00:00:00  -  Run Local Usage
		Usr 0 00:00:20, Sys 0 00:00:04  -  Total Remote Usage
		Usr 0 00:00:00, Sys 0 00:00:00  -  Total Local Usage
	0  -  Run Bytes Sent By Job
	0  -  Run Bytes Received By Job
	0  -  Total Bytes Sent By Job
	0  -  Total Bytes Received By Job
	Partitionable Resources :    Usage  Request          
	   Cpus                 :                 1          
	   Disk (KB)            :     7500     7500          
	   Memory (MB)          :        3        3          
...
000 (10647.000.000) 08/30 14:30:49 Job submitted from host: <129.10.52.106:42847>
...
001 (10647.000.000) 08/30 14:30:49 Job executing on host: <10.1.255.248:44088>
...
006 (10647.000.000) 08/30 14:30:58 Image size of job updated: 7500
	3  -  MemoryUsage of job (MB)
	2172  -  ResidentSetSize of job (KB)
...
006 (10647.000.000) 08/30 14:31:25 Image size of job updated: 17407536
	3  -  MemoryUsage of job (MB)
	2172  -  ResidentSetSize of job (KB)
...
005 (10647.000.000) 08/30 14:31:25 Job terminated.
	(0) Abnormal termination (signal 6)
	(0) No core file
		Usr 0 00:00:22, Sys 0 00:00:05  -  Run Remote Usage
		Usr 0 00:00:00, Sys 0 00:00:00  -  Run Local Usage
		Usr 0 00:00:22, Sys 0 00:00:05  -  Total Remote Usage
		Usr 0 00:00:00, Sys 0 00:00:00  -  Total Local Usage
	0  -  Run Bytes Sent By Job
	0  -  Run Bytes Received By Job
	0  -  Total Bytes Sent By Job
	0  -  Total Bytes Received By Job
	Partitionable Resources :    Usage  Request          
	   Cpus                 :                 1          
	   Disk (KB)            :     7500     7500          
	   Memory (MB)          :        3        3          
...
000 (10648.000.000) 08/30 16:51:49 Job submitted from host: <129.10.52.106:42847>
...
001 (10648.000.000) 08/30 16:51:50 Job executing on host: <10.1.255.248:44088>
...
006 (10648.000.000) 08/30 16:51:58 Image size of job updated: 7500
	3  -  MemoryUsage of job (MB)
	2172  -  ResidentSetSize of job (KB)
...
006 (10648.000.000) 08/30 16:56:58 Image size of job updated: 1558436
	1192  -  MemoryUsage of job (MB)
	1220148  -  ResidentSetSize of job (KB)
...
006 (10648.000.000) 08/30 17:01:59 Image size of job updated: 1558436
	1213  -  MemoryUsage of job (MB)
	1241876  -  ResidentSetSize of job (KB)
...
006 (10648.000.000) 08/30 17:07:00 Image size of job updated: 1558436
	1248  -  MemoryUsage of job (MB)
	1277768  -  ResidentSetSize of job (KB)
...
006 (10648.000.000) 08/30 17:12:00 Image size of job updated: 1558436
	1249  -  MemoryUsage of job (MB)
	1277964  -  ResidentSetSize of job (KB)
...
006 (10648.000.000) 08/30 17:17:00 Image size of job updated: 1558436
	1249  -  MemoryUsage of job (MB)
	1278212  -  ResidentSetSize of job (KB)
...
006 (10648.000.000) 08/30 17:22:01 Image size of job updated: 1558436
	1249  -  MemoryUsage of job (MB)
	1278344  -  ResidentSetSize of job (KB)
...
006 (10648.000.000) 08/30 17:27:02 Image size of job updated: 1558436
	1249  -  MemoryUsage of job (MB)
	1278548  -  ResidentSetSize of job (KB)
...
006 (10648.000.000) 08/30 17:32:02 Image size of job updated: 1558436
	1249  -  MemoryUsage of job (MB)
	1278576  -  ResidentSetSize of job (KB)
...
006 (10648.000.000) 08/30 17:37:02 Image size of job updated: 1558436
	1250  -  MemoryUsage of job (MB)
	1279240  -  ResidentSetSize of job (KB)
...
006 (10648.000.000) 08/30 17:42:03 Image size of job updated: 1558436
	1250  -  MemoryUsage of job (MB)
	1279284  -  ResidentSetSize of job (KB)
...
006 (10648.000.000) 08/30 17:47:04 Image size of job updated: 1558436
	1250  -  MemoryUsage of job (MB)
	1279332  -  ResidentSetSize of job (KB)
...
006 (10648.000.000) 08/30 17:52:04 Image size of job updated: 1558436
	1250  -  MemoryUsage of job (MB)
	1279348  -  ResidentSetSize of job (KB)
...
006 (10648.000.000) 08/30 17:57:04 Image size of job updated: 1558436
	1250  -  MemoryUsage of job (MB)
	1279404  -  ResidentSetSize of job (KB)
...
006 (10648.000.000) 08/30 18:02:05 Image size of job updated: 1558436
	1250  -  MemoryUsage of job (MB)
	1279444  -  ResidentSetSize of job (KB)
...
006 (10648.000.000) 08/30 18:07:05 Image size of job updated: 1558436
	1250  -  MemoryUsage of job (MB)
	1279480  -  ResidentSetSize of job (KB)
...
006 (10648.000.000) 08/30 18:12:05 Image size of job updated: 1558436
	1250  -  MemoryUsage of job (MB)
	1279512  -  ResidentSetSize of job (KB)
...
006 (10648.000.000) 08/30 18:17:06 Image size of job updated: 1558436
	1250  -  MemoryUsage of job (MB)
	1279560  -  ResidentSetSize of job (KB)
...
006 (10648.000.000) 08/30 18:22:07 Image size of job updated: 1558436
	1250  -  MemoryUsage of job (MB)
	1279608  -  ResidentSetSize of job (KB)
...
006 (10648.000.000) 08/30 18:27:07 Image size of job updated: 1558436
	1250  -  MemoryUsage of job (MB)
	1279632  -  ResidentSetSize of job (KB)
...
006 (10648.000.000) 08/30 18:32:08 Image size of job updated: 1558436
	1250  -  MemoryUsage of job (MB)
	1279652  -  ResidentSetSize of job (KB)
...
006 (10648.000.000) 08/30 18:57:10 Image size of job updated: 1558436
	1254  -  MemoryUsage of job (MB)
	1283752  -  ResidentSetSize of job (KB)
...
005 (10648.000.000) 08/30 19:02:02 Job terminated.
	(1) Normal termination (return value 0)
		Usr 0 02:09:57, Sys 0 00:00:00  -  Run Remote Usage
		Usr 0 00:00:00, Sys 0 00:00:00  -  Run Local Usage
		Usr 0 02:09:57, Sys 0 00:00:00  -  Total Remote Usage
		Usr 0 00:00:00, Sys 0 00:00:00  -  Total Local Usage
	0  -  Run Bytes Sent By Job
	0  -  Run Bytes Received By Job
	0  -  Total Bytes Sent By Job
	0  -  Total Bytes Received By Job
	Partitionable Resources :    Usage  Request          
	   Cpus                 :                 1          
	   Disk (KB)            :     7500     7500          
	   Memory (MB)          :     1254     1254          
...
000 (10649.000.000) 08/30 23:02:21 Job submitted from host: <129.10.52.106:42847>
...
001 (10649.000.000) 08/30 23:02:40 Job executing on host: <10.1.255.248:44088>
...
006 (10649.000.000) 08/30 23:02:49 Image size of job updated: 27684
	16  -  MemoryUsage of job (MB)
	15440  -  ResidentSetSize of job (KB)
...
006 (10649.000.000) 08/30 23:07:50 Image size of job updated: 1552104
	1148  -  MemoryUsage of job (MB)
	1174776  -  ResidentSetSize of job (KB)
...
006 (10649.000.000) 08/30 23:12:50 Image size of job updated: 1552104
	1169  -  MemoryUsage of job (MB)
	1197008  -  ResidentSetSize of job (KB)
...
006 (10649.000.000) 08/30 23:17:50 Image size of job updated: 1552104
	1208  -  MemoryUsage of job (MB)
	1236904  -  ResidentSetSize of job (KB)
...
006 (10649.000.000) 08/31 00:58:00 Image size of job updated: 1552104
	1214  -  MemoryUsage of job (MB)
	1243048  -  ResidentSetSize of job (KB)
...
006 (10649.000.000) 08/31 01:03:01 Image size of job updated: 1552104
	1216  -  MemoryUsage of job (MB)
	1245096  -  ResidentSetSize of job (KB)
...
006 (10649.000.000) 08/31 01:23:03 Image size of job updated: 1552104
	1216  -  MemoryUsage of job (MB)
	1245100  -  ResidentSetSize of job (KB)
...
005 (10649.000.000) 08/31 01:27:22 Job terminated.
	(1) Normal termination (return value 0)
		Usr 0 02:24:15, Sys 0 00:00:00  -  Run Remote Usage
		Usr 0 00:00:00, Sys 0 00:00:00  -  Run Local Usage
		Usr 0 02:24:15, Sys 0 00:00:00  -  Total Remote Usage
		Usr 0 00:00:00, Sys 0 00:00:00  -  Total Local Usage
	0  -  Run Bytes Sent By Job
	0  -  Run Bytes Received By Job
	0  -  Total Bytes Sent By Job
	0  -  Total Bytes Received By Job
	Partitionable Resources :    Usage  Request          
	   Cpus                 :                 1          
	   Disk (KB)            :     7500     7500          
	   Memory (MB)          :     1216     1216          
...
000 (10651.000.000) 08/31 10:26:00 Job submitted from host: <129.10.52.106:42847>
...
001 (10651.000.000) 08/31 10:26:04 Job executing on host: <10.1.255.244:42701>
...
006 (10651.000.000) 08/31 10:26:12 Image size of job updated: 46008
	34  -  MemoryUsage of job (MB)
	33840  -  ResidentSetSize of job (KB)
...
006 (10651.000.000) 08/31 10:31:12 Image size of job updated: 1551576
	1156  -  MemoryUsage of job (MB)
	1183264  -  ResidentSetSize of job (KB)
...
006 (10651.000.000) 08/31 10:36:12 Image size of job updated: 1551576
	1157  -  MemoryUsage of job (MB)
	1183912  -  ResidentSetSize of job (KB)
...
006 (10651.000.000) 08/31 10:41:13 Image size of job updated: 1551576
	1164  -  MemoryUsage of job (MB)
	1191296  -  ResidentSetSize of job (KB)
...
006 (10651.000.000) 08/31 10:46:13 Image size of job updated: 1551576
	1200  -  MemoryUsage of job (MB)
	1228404  -  ResidentSetSize of job (KB)
...
006 (10651.000.000) 08/31 10:51:13 Image size of job updated: 1551576
	1213  -  MemoryUsage of job (MB)
	1241540  -  ResidentSetSize of job (KB)
...
006 (10651.000.000) 08/31 10:56:14 Image size of job updated: 1551576
	1213  -  MemoryUsage of job (MB)
	1241824  -  ResidentSetSize of job (KB)
...
006 (10651.000.000) 08/31 11:01:15 Image size of job updated: 1551576
	1221  -  MemoryUsage of job (MB)
	1250304  -  ResidentSetSize of job (KB)
...
006 (10651.000.000) 08/31 11:06:15 Image size of job updated: 1551576
	1222  -  MemoryUsage of job (MB)
	1250584  -  ResidentSetSize of job (KB)
...
006 (10651.000.000) 08/31 11:11:16 Image size of job updated: 1551576
	1222  -  MemoryUsage of job (MB)
	1250836  -  ResidentSetSize of job (KB)
...
006 (10651.000.000) 08/31 11:16:17 Image size of job updated: 1551576
	1222  -  MemoryUsage of job (MB)
	1251136  -  ResidentSetSize of job (KB)
...
006 (10651.000.000) 08/31 11:21:17 Image size of job updated: 1551576
	1223  -  MemoryUsage of job (MB)
	1252044  -  ResidentSetSize of job (KB)
...
006 (10651.000.000) 08/31 11:26:17 Image size of job updated: 1551576
	1223  -  MemoryUsage of job (MB)
	1252228  -  ResidentSetSize of job (KB)
...
005 (10651.000.000) 08/31 11:27:14 Job terminated.
	(1) Normal termination (return value 0)
		Usr 0 01:01:00, Sys 0 00:00:00  -  Run Remote Usage
		Usr 0 00:00:00, Sys 0 00:00:00  -  Run Local Usage
		Usr 0 01:01:00, Sys 0 00:00:00  -  Total Remote Usage
		Usr 0 00:00:00, Sys 0 00:00:00  -  Total Local Usage
	0  -  Run Bytes Sent By Job
	0  -  Run Bytes Received By Job
	0  -  Total Bytes Sent By Job
	0  -  Total Bytes Received By Job
	Partitionable Resources :    Usage  Request          
	   Cpus                 :                 1          
	   Disk (KB)            :     7500     7500          
	   Memory (MB)          :     1223     1223          
...
000 (10653.000.000) 08/31 19:52:09 Job submitted from host: <129.10.52.106:42847>
...
001 (10653.000.000) 08/31 19:52:10 Job executing on host: <10.1.255.244:42701>
...
006 (10653.000.000) 08/31 19:52:18 Image size of job updated: 7500
	3  -  MemoryUsage of job (MB)
	2168  -  ResidentSetSize of job (KB)
...
006 (10653.000.000) 08/31 19:54:01 Image size of job updated: 121772
	3  -  MemoryUsage of job (MB)
	2168  -  ResidentSetSize of job (KB)
...
005 (10653.000.000) 08/31 19:54:01 Job terminated.
	(1) Normal termination (return value 0)
		Usr 0 00:01:44, Sys 0 00:00:00  -  Run Remote Usage
		Usr 0 00:00:00, Sys 0 00:00:00  -  Run Local Usage
		Usr 0 00:01:44, Sys 0 00:00:00  -  Total Remote Usage
		Usr 0 00:00:00, Sys 0 00:00:00  -  Total Local Usage
	0  -  Run Bytes Sent By Job
	0  -  Run Bytes Received By Job
	0  -  Total Bytes Sent By Job
	0  -  Total Bytes Received By Job
	Partitionable Resources :    Usage  Request          
	   Cpus                 :                 1          
	   Disk (KB)            :     7500     7500          
	   Memory (MB)          :        3        3          
...
000 (10655.000.000) 08/31 20:17:22 Job submitted from host: <129.10.52.106:42847>
...
001 (10655.000.000) 08/31 20:17:22 Job executing on host: <10.1.255.246:47592>
...
006 (10655.000.000) 08/31 20:17:31 Image size of job updated: 45932
	33  -  MemoryUsage of job (MB)
	33752  -  ResidentSetSize of job (KB)
...
006 (10655.000.000) 08/31 20:22:32 Image size of job updated: 446520
	349  -  MemoryUsage of job (MB)
	356416  -  ResidentSetSize of job (KB)
...
006 (10655.000.000) 08/31 20:37:34 Image size of job updated: 446520
	398  -  MemoryUsage of job (MB)
	406888  -  ResidentSetSize of job (KB)
...
006 (10655.000.000) 08/31 20:57:36 Image size of job updated: 446520
	401  -  MemoryUsage of job (MB)
	409944  -  ResidentSetSize of job (KB)
...
004 (10655.000.000) 08/31 20:58:10 Job was evicted.
	(0) Job was not checkpointed.
		Usr 0 00:40:43, Sys 0 00:00:00  -  Run Remote Usage
		Usr 0 00:00:00, Sys 0 00:00:00  -  Run Local Usage
	0  -  Run Bytes Sent By Job
	0  -  Run Bytes Received By Job
	Partitionable Resources :    Usage  Request          
	   Cpus                 :                 1          
	   Disk (KB)            :     7500     7500          
	   Memory (MB)          :      401      401          
...
009 (10655.000.000) 08/31 20:58:11 Job was aborted by the user.
	via condor_rm (by user amir)
...
000 (10657.000.000) 08/31 21:02:22 Job submitted from host: <129.10.52.106:42847>
...
001 (10657.000.000) 08/31 21:02:23 Job executing on host: <10.1.255.242:42117>
...
006 (10657.000.000) 08/31 21:02:31 Image size of job updated: 7500
	3  -  MemoryUsage of job (MB)
	2168  -  ResidentSetSize of job (KB)
...
006 (10657.000.000) 08/31 21:07:31 Image size of job updated: 123160
	101  -  MemoryUsage of job (MB)
	102468  -  ResidentSetSize of job (KB)
...
000 (10659.000.000) 08/31 21:08:49 Job submitted from host: <129.10.52.106:42847>
...
001 (10659.000.000) 08/31 21:09:08 Job executing on host: <10.1.255.243:43504>
...
006 (10659.000.000) 08/31 21:09:16 Image size of job updated: 7500
	3  -  MemoryUsage of job (MB)
	2148  -  ResidentSetSize of job (KB)
...
004 (10657.000.000) 08/31 21:09:20 Job was evicted.
	(0) Job was not checkpointed.
		Usr 0 00:06:56, Sys 0 00:00:00  -  Run Remote Usage
		Usr 0 00:00:00, Sys 0 00:00:00  -  Run Local Usage
	0  -  Run Bytes Sent By Job
	0  -  Run Bytes Received By Job
	Partitionable Resources :    Usage  Request          
	   Cpus                 :                 1          
	   Disk (KB)            :     7500     7500          
	   Memory (MB)          :      101      101          
...
006 (10659.000.000) 08/31 21:09:21 Image size of job updated: 103848
	3  -  MemoryUsage of job (MB)
	2148  -  ResidentSetSize of job (KB)
...
004 (10659.000.000) 08/31 21:09:21 Job was evicted.
	(0) Job was not checkpointed.
		Usr 0 00:00:12, Sys 0 00:00:00  -  Run Remote Usage
		Usr 0 00:00:00, Sys 0 00:00:00  -  Run Local Usage
	0  -  Run Bytes Sent By Job
	0  -  Run Bytes Received By Job
	Partitionable Resources :    Usage  Request          
	   Cpus                 :                 1          
	   Disk (KB)            :     7500     7500          
	   Memory (MB)          :        3        3          
...
009 (10657.000.000) 08/31 21:09:21 Job was aborted by the user.
	via condor_rm (by user amir)
...
009 (10659.000.000) 08/31 21:09:21 Job was aborted by the user.
	via condor_rm (by user amir)
...
000 (10661.000.000) 08/31 21:09:44 Job submitted from host: <129.10.52.106:42847>
...
001 (10661.000.000) 08/31 21:09:45 Job executing on host: <10.1.255.246:47592>
...
006 (10661.000.000) 08/31 21:09:53 Image size of job updated: 46008
	34  -  MemoryUsage of job (MB)
	33840  -  ResidentSetSize of job (KB)
...
006 (10661.000.000) 08/31 21:14:53 Image size of job updated: 123160
	101  -  MemoryUsage of job (MB)
	102496  -  ResidentSetSize of job (KB)
...
004 (10661.000.000) 08/31 21:15:48 Job was evicted.
	(0) Job was not checkpointed.
		Usr 0 00:06:01, Sys 0 00:00:00  -  Run Remote Usage
		Usr 0 00:00:00, Sys 0 00:00:00  -  Run Local Usage
	0  -  Run Bytes Sent By Job
	0  -  Run Bytes Received By Job
	Partitionable Resources :    Usage  Request          
	   Cpus                 :                 1          
	   Disk (KB)            :     7500     7500          
	   Memory (MB)          :      101      101          
...
009 (10661.000.000) 08/31 21:15:49 Job was aborted by the user.
	via condor_rm (by user amir)
...
000 (10663.000.000) 08/31 21:16:22 Job submitted from host: <129.10.52.106:42847>
...
001 (10663.000.000) 08/31 21:16:28 Job executing on host: <10.1.255.243:43504>
...
006 (10663.000.000) 08/31 21:16:37 Image size of job updated: 46008
	34  -  MemoryUsage of job (MB)
	33824  -  ResidentSetSize of job (KB)
...
006 (10663.000.000) 08/31 21:21:38 Image size of job updated: 123160
	101  -  MemoryUsage of job (MB)
	102472  -  ResidentSetSize of job (KB)
...
006 (10663.000.000) 08/31 21:26:39 Image size of job updated: 123160
	102  -  MemoryUsage of job (MB)
	104164  -  ResidentSetSize of job (KB)
...
006 (10663.000.000) 08/31 21:31:39 Image size of job updated: 123160
	108  -  MemoryUsage of job (MB)
	110300  -  ResidentSetSize of job (KB)
...
006 (10663.000.000) 08/31 21:36:40 Image size of job updated: 123160
	109  -  MemoryUsage of job (MB)
	110612  -  ResidentSetSize of job (KB)
...
006 (10663.000.000) 08/31 21:41:41 Image size of job updated: 123160
	109  -  MemoryUsage of job (MB)
	110836  -  ResidentSetSize of job (KB)
...
006 (10663.000.000) 08/31 21:46:41 Image size of job updated: 123160
	109  -  MemoryUsage of job (MB)
	111224  -  ResidentSetSize of job (KB)
...
006 (10663.000.000) 08/31 22:01:43 Image size of job updated: 123160
	109  -  MemoryUsage of job (MB)
	111228  -  ResidentSetSize of job (KB)
...
005 (10663.000.000) 08/31 22:05:54 Job terminated.
	(1) Normal termination (return value 0)
		Usr 0 00:49:18, Sys 0 00:00:00  -  Run Remote Usage
		Usr 0 00:00:00, Sys 0 00:00:00  -  Run Local Usage
		Usr 0 00:49:18, Sys 0 00:00:00  -  Total Remote Usage
		Usr 0 00:00:00, Sys 0 00:00:00  -  Total Local Usage
	0  -  Run Bytes Sent By Job
	0  -  Run Bytes Received By Job
	0  -  Total Bytes Sent By Job
	0  -  Total Bytes Received By Job
	Partitionable Resources :    Usage  Request          
	   Cpus                 :                 1          
	   Disk (KB)            :     7500     7500          
	   Memory (MB)          :      109      109          
...
000 (10665.000.000) 08/31 23:17:47 Job submitted from host: <129.10.52.106:42847>
...
001 (10665.000.000) 08/31 23:17:58 Job executing on host: <10.1.255.253:43139>
...
006 (10665.000.000) 08/31 23:18:06 Image size of job updated: 18508
	0  -  MemoryUsage of job (MB)
	0  -  ResidentSetSize of job (KB)
...
005 (10665.000.000) 08/31 23:18:06 Job terminated.
	(1) Normal termination (return value 1)
		Usr 0 00:00:07, Sys 0 00:00:00  -  Run Remote Usage
		Usr 0 00:00:00, Sys 0 00:00:00  -  Run Local Usage
		Usr 0 00:00:07, Sys 0 00:00:00  -  Total Remote Usage
		Usr 0 00:00:00, Sys 0 00:00:00  -  Total Local Usage
	0  -  Run Bytes Sent By Job
	0  -  Run Bytes Received By Job
	0  -  Total Bytes Sent By Job
	0  -  Total Bytes Received By Job
	Partitionable Resources :    Usage  Request          
	   Cpus                 :                 1          
	   Disk (KB)            :     7500     7500          
	   Memory (MB)          :        0        0          
...
000 (10667.000.000) 08/31 23:29:22 Job submitted from host: <129.10.52.106:42847>
...
001 (10667.000.000) 08/31 23:29:23 Job executing on host: <10.1.255.245:47081>
...
006 (10667.000.000) 08/31 23:29:32 Image size of job updated: 46020
	34  -  MemoryUsage of job (MB)
	33860  -  ResidentSetSize of job (KB)
...
005 (10667.000.000) 08/31 23:29:43 Job terminated.
	(1) Normal termination (return value 1)
		Usr 0 00:00:06, Sys 0 00:00:00  -  Run Remote Usage
		Usr 0 00:00:00, Sys 0 00:00:00  -  Run Local Usage
		Usr 0 00:00:06, Sys 0 00:00:00  -  Total Remote Usage
		Usr 0 00:00:00, Sys 0 00:00:00  -  Total Local Usage
	0  -  Run Bytes Sent By Job
	0  -  Run Bytes Received By Job
	0  -  Total Bytes Sent By Job
	0  -  Total Bytes Received By Job
	Partitionable Resources :    Usage  Request          
	   Cpus                 :                 1          
	   Disk (KB)            :     7500     7500          
	   Memory (MB)          :       34       34          
...
000 (10669.000.000) 08/31 23:36:08 Job submitted from host: <129.10.52.106:42847>
...
001 (10669.000.000) 08/31 23:36:12 Job executing on host: <10.1.255.253:43139>
...
006 (10669.000.000) 08/31 23:36:21 Image size of job updated: 270032
	199  -  MemoryUsage of job (MB)
	203028  -  ResidentSetSize of job (KB)
...
006 (10669.000.000) 08/31 23:41:22 Image size of job updated: 305932
	236  -  MemoryUsage of job (MB)
	240748  -  ResidentSetSize of job (KB)
...
006 (10669.000.000) 08/31 23:46:23 Image size of job updated: 305932
	237  -  MemoryUsage of job (MB)
	242620  -  ResidentSetSize of job (KB)
...
006 (10669.000.000) 08/31 23:51:24 Image size of job updated: 305932
	238  -  MemoryUsage of job (MB)
	243468  -  ResidentSetSize of job (KB)
...
006 (10669.000.000) 08/31 23:56:24 Image size of job updated: 305932
	264  -  MemoryUsage of job (MB)
	269612  -  ResidentSetSize of job (KB)
...
006 (10669.000.000) 09/01 00:01:24 Image size of job updated: 305932
	264  -  MemoryUsage of job (MB)
	269768  -  ResidentSetSize of job (KB)
...
005 (10669.000.000) 09/01 00:05:23 Job terminated.
	(1) Normal termination (return value 0)
		Usr 0 00:29:06, Sys 0 00:00:00  -  Run Remote Usage
		Usr 0 00:00:00, Sys 0 00:00:00  -  Run Local Usage
		Usr 0 00:29:06, Sys 0 00:00:00  -  Total Remote Usage
		Usr 0 00:00:00, Sys 0 00:00:00  -  Total Local Usage
	0  -  Run Bytes Sent By Job
	0  -  Run Bytes Received By Job
	0  -  Total Bytes Sent By Job
	0  -  Total Bytes Received By Job
	Partitionable Resources :    Usage  Request          
	   Cpus                 :                 1          
	   Disk (KB)            :     7500     7500          
	   Memory (MB)          :      264      264          
...
000 (10671.000.000) 09/01 01:09:36 Job submitted from host: <129.10.52.106:42847>
...
001 (10671.000.000) 09/01 01:09:41 Job executing on host: <10.1.255.248:44088>
...
006 (10671.000.000) 09/01 01:09:50 Image size of job updated: 7500
	3  -  MemoryUsage of job (MB)
	2160  -  ResidentSetSize of job (KB)
...
006 (10671.000.000) 09/01 01:14:51 Image size of job updated: 1969648
	1584  -  MemoryUsage of job (MB)
	1621680  -  ResidentSetSize of job (KB)
...
006 (10671.000.000) 09/01 01:19:52 Image size of job updated: 1969648
	1585  -  MemoryUsage of job (MB)
	1622848  -  ResidentSetSize of job (KB)
...
006 (10671.000.000) 09/01 01:24:52 Image size of job updated: 1969648
	1586  -  MemoryUsage of job (MB)
	1623044  -  ResidentSetSize of job (KB)
...
006 (10671.000.000) 09/01 01:29:52 Image size of job updated: 1969648
	1586  -  MemoryUsage of job (MB)
	1623196  -  ResidentSetSize of job (KB)
...
006 (10671.000.000) 09/01 01:34:53 Image size of job updated: 1969648
	1600  -  MemoryUsage of job (MB)
	1638196  -  ResidentSetSize of job (KB)
...
006 (10671.000.000) 09/01 01:39:54 Image size of job updated: 1969648
	1642  -  MemoryUsage of job (MB)
	1680588  -  ResidentSetSize of job (KB)
...
006 (10671.000.000) 09/01 01:44:54 Image size of job updated: 1969648
	1711  -  MemoryUsage of job (MB)
	1751516  -  ResidentSetSize of job (KB)
...
006 (10671.000.000) 09/01 01:49:54 Image size of job updated: 1969648
	1757  -  MemoryUsage of job (MB)
	1798976  -  ResidentSetSize of job (KB)
...
006 (10671.000.000) 09/01 01:54:55 Image size of job updated: 1969648
	1763  -  MemoryUsage of job (MB)
	1805236  -  ResidentSetSize of job (KB)
...
006 (10671.000.000) 09/01 01:59:56 Image size of job updated: 1969648
	1766  -  MemoryUsage of job (MB)
	1807376  -  ResidentSetSize of job (KB)
...
006 (10671.000.000) 09/01 02:04:56 Image size of job updated: 1969648
	1766  -  MemoryUsage of job (MB)
	1808028  -  ResidentSetSize of job (KB)
...
006 (10671.000.000) 09/01 02:09:56 Image size of job updated: 1969648
	1766  -  MemoryUsage of job (MB)
	1808112  -  ResidentSetSize of job (KB)
...
006 (10671.000.000) 09/01 02:14:57 Image size of job updated: 1969648
	1786  -  MemoryUsage of job (MB)
	1828656  -  ResidentSetSize of job (KB)
...
006 (10671.000.000) 09/01 02:19:57 Image size of job updated: 1969648
	1816  -  MemoryUsage of job (MB)
	1859440  -  ResidentSetSize of job (KB)
...
006 (10671.000.000) 09/01 02:24:57 Image size of job updated: 1969648
	1830  -  MemoryUsage of job (MB)
	1872960  -  ResidentSetSize of job (KB)
...
006 (10671.000.000) 09/01 02:29:58 Image size of job updated: 1969648
	1830  -  MemoryUsage of job (MB)
	1873004  -  ResidentSetSize of job (KB)
...
006 (10671.000.000) 09/01 02:34:59 Image size of job updated: 1969648
	1832  -  MemoryUsage of job (MB)
	1875088  -  ResidentSetSize of job (KB)
...
006 (10671.000.000) 09/01 02:39:59 Image size of job updated: 1969648
	1838  -  MemoryUsage of job (MB)
	1881264  -  ResidentSetSize of job (KB)
...
006 (10671.000.000) 09/01 02:45:00 Image size of job updated: 1969648
	1852  -  MemoryUsage of job (MB)
	1895652  -  ResidentSetSize of job (KB)
...
006 (10671.000.000) 09/01 02:50:01 Image size of job updated: 1969648
	1876  -  MemoryUsage of job (MB)
	1920312  -  ResidentSetSize of job (KB)
...
006 (10671.000.000) 09/01 02:55:01 Image size of job updated: 1969648
	1906  -  MemoryUsage of job (MB)
	1951220  -  ResidentSetSize of job (KB)
...
006 (10671.000.000) 09/01 03:00:01 Image size of job updated: 1969648
	1910  -  MemoryUsage of job (MB)
	1955396  -  ResidentSetSize of job (KB)
...
006 (10671.000.000) 09/01 03:05:02 Image size of job updated: 1969648
	1911  -  MemoryUsage of job (MB)
	1956692  -  ResidentSetSize of job (KB)
...
006 (10671.000.000) 09/01 03:10:02 Image size of job updated: 1969648
	1911  -  MemoryUsage of job (MB)
	1956712  -  ResidentSetSize of job (KB)
...
006 (10671.000.000) 09/01 03:15:02 Image size of job updated: 1969648
	1911  -  MemoryUsage of job (MB)
	1956740  -  ResidentSetSize of job (KB)
...
006 (10671.000.000) 09/01 03:20:03 Image size of job updated: 1969648
	1911  -  MemoryUsage of job (MB)
	1956760  -  ResidentSetSize of job (KB)
...
006 (10671.000.000) 09/01 03:25:04 Image size of job updated: 1969648
	1911  -  MemoryUsage of job (MB)
	1956780  -  ResidentSetSize of job (KB)
...
006 (10671.000.000) 09/01 03:30:04 Image size of job updated: 1969648
	1911  -  MemoryUsage of job (MB)
	1956840  -  ResidentSetSize of job (KB)
...
006 (10671.000.000) 09/01 03:35:04 Image size of job updated: 1969648
	1911  -  MemoryUsage of job (MB)
	1956856  -  ResidentSetSize of job (KB)
...
006 (10671.000.000) 09/01 03:40:05 Image size of job updated: 1969648
	1912  -  MemoryUsage of job (MB)
	1956904  -  ResidentSetSize of job (KB)
...
006 (10671.000.000) 09/01 03:45:06 Image size of job updated: 1969648
	1912  -  MemoryUsage of job (MB)
	1956912  -  ResidentSetSize of job (KB)
...
006 (10671.000.000) 09/01 03:50:06 Image size of job updated: 1969648
	1912  -  MemoryUsage of job (MB)
	1956952  -  ResidentSetSize of job (KB)
...
006 (10671.000.000) 09/01 03:55:07 Image size of job updated: 1969648
	1912  -  MemoryUsage of job (MB)
	1956972  -  ResidentSetSize of job (KB)
...
006 (10671.000.000) 09/01 04:00:08 Image size of job updated: 1969648
	1912  -  MemoryUsage of job (MB)
	1957016  -  ResidentSetSize of job (KB)
...
006 (10671.000.000) 09/01 04:05:08 Image size of job updated: 1969648
	1912  -  MemoryUsage of job (MB)
	1957056  -  ResidentSetSize of job (KB)
...
006 (10671.000.000) 09/01 04:10:08 Image size of job updated: 1969648
	1912  -  MemoryUsage of job (MB)
	1957112  -  ResidentSetSize of job (KB)
...
006 (10671.000.000) 09/01 04:15:09 Image size of job updated: 1969648
	1912  -  MemoryUsage of job (MB)
	1957164  -  ResidentSetSize of job (KB)
...
006 (10671.000.000) 09/01 04:20:09 Image size of job updated: 1969648
	1912  -  MemoryUsage of job (MB)
	1957240  -  ResidentSetSize of job (KB)
...
006 (10671.000.000) 09/01 04:25:09 Image size of job updated: 1969648
	1912  -  MemoryUsage of job (MB)
	1957260  -  ResidentSetSize of job (KB)
...
006 (10671.000.000) 09/01 04:30:09 Image size of job updated: 1969648
	1912  -  MemoryUsage of job (MB)
	1957288  -  ResidentSetSize of job (KB)
...
006 (10671.000.000) 09/01 04:35:11 Image size of job updated: 1969648
	1912  -  MemoryUsage of job (MB)
	1957384  -  ResidentSetSize of job (KB)
...
006 (10671.000.000) 09/01 04:40:11 Image size of job updated: 1969648
	1912  -  MemoryUsage of job (MB)
	1957436  -  ResidentSetSize of job (KB)
...
006 (10671.000.000) 09/01 04:45:11 Image size of job updated: 1969648
	1912  -  MemoryUsage of job (MB)
	1957452  -  ResidentSetSize of job (KB)
...
006 (10671.000.000) 09/01 04:50:12 Image size of job updated: 1969648
	1912  -  MemoryUsage of job (MB)
	1957484  -  ResidentSetSize of job (KB)
...
006 (10671.000.000) 09/01 04:55:13 Image size of job updated: 1969648
	1912  -  MemoryUsage of job (MB)
	1957548  -  ResidentSetSize of job (KB)
...
006 (10671.000.000) 09/01 05:00:13 Image size of job updated: 1969648
	1912  -  MemoryUsage of job (MB)
	1957568  -  ResidentSetSize of job (KB)
...
006 (10671.000.000) 09/01 05:10:14 Image size of job updated: 1969648
	1912  -  MemoryUsage of job (MB)
	1957652  -  ResidentSetSize of job (KB)
...
006 (10671.000.000) 09/01 07:30:25 Image size of job updated: 1969648
	1912  -  MemoryUsage of job (MB)
	1957660  -  ResidentSetSize of job (KB)
...
006 (10671.000.000) 09/01 09:15:36 Image size of job updated: 1969648
	1912  -  MemoryUsage of job (MB)
	1957664  -  ResidentSetSize of job (KB)
...
006 (10671.000.000) 09/01 10:15:41 Image size of job updated: 1969648
	1912  -  MemoryUsage of job (MB)
	1957668  -  ResidentSetSize of job (KB)
...
004 (10671.000.000) 09/01 11:22:41 Job was evicted.
	(0) Job was not checkpointed.
		Usr 0 10:12:11, Sys 0 00:00:00  -  Run Remote Usage
		Usr 0 00:00:00, Sys 0 00:00:00  -  Run Local Usage
	0  -  Run Bytes Sent By Job
	0  -  Run Bytes Received By Job
	Partitionable Resources :    Usage  Request          
	   Cpus                 :                 1          
	   Disk (KB)            :     7500     7500          
	   Memory (MB)          :     1912     1912          
...
009 (10671.000.000) 09/01 11:22:42 Job was aborted by the user.
	via condor_rm (by user amir)
...
000 (10673.000.000) 09/01 11:26:58 Job submitted from host: <129.10.52.106:42847>
...
001 (10673.000.000) 09/01 11:27:13 Job executing on host: <10.1.255.242:42117>
...
006 (10673.000.000) 09/01 11:27:22 Image size of job updated: 20904
	9  -  MemoryUsage of job (MB)
	8724  -  ResidentSetSize of job (KB)
...
006 (10673.000.000) 09/01 11:32:23 Image size of job updated: 1969648
	1605  -  MemoryUsage of job (MB)
	1643064  -  ResidentSetSize of job (KB)
...
006 (10673.000.000) 09/01 11:37:23 Image size of job updated: 1969648
	1605  -  MemoryUsage of job (MB)
	1643088  -  ResidentSetSize of job (KB)
...
004 (10673.000.000) 09/01 11:39:45 Job was evicted.
	(0) Job was not checkpointed.
		Usr 0 00:12:29, Sys 0 00:00:00  -  Run Remote Usage
		Usr 0 00:00:00, Sys 0 00:00:00  -  Run Local Usage
	0  -  Run Bytes Sent By Job
	0  -  Run Bytes Received By Job
	Partitionable Resources :    Usage  Request          
	   Cpus                 :                 1          
	   Disk (KB)            :     7500     7500          
	   Memory (MB)          :     1605     1605          
...
009 (10673.000.000) 09/01 11:39:46 Job was aborted by the user.
	via condor_rm (by user amir)
...
000 (10675.000.000) 09/01 11:40:18 Job submitted from host: <129.10.52.106:42847>
...
001 (10675.000.000) 09/01 11:40:30 Job executing on host: <10.1.255.248:44088>
...
006 (10675.000.000) 09/01 11:40:40 Image size of job updated: 1138452
	966  -  MemoryUsage of job (MB)
	988452  -  ResidentSetSize of job (KB)
...
006 (10675.000.000) 09/01 11:45:40 Image size of job updated: 1969648
	1621  -  MemoryUsage of job (MB)
	1659016  -  ResidentSetSize of job (KB)
...
006 (10675.000.000) 09/01 11:50:40 Image size of job updated: 1969648
	1624  -  MemoryUsage of job (MB)
	1662136  -  ResidentSetSize of job (KB)
...
006 (10675.000.000) 09/01 11:55:40 Image size of job updated: 1969648
	1640  -  MemoryUsage of job (MB)
	1678608  -  ResidentSetSize of job (KB)
...
006 (10675.000.000) 09/01 12:00:42 Image size of job updated: 1969648
	1677  -  MemoryUsage of job (MB)
	1716908  -  ResidentSetSize of job (KB)
...
006 (10675.000.000) 09/01 12:05:42 Image size of job updated: 1969648
	1686  -  MemoryUsage of job (MB)
	1725504  -  ResidentSetSize of job (KB)
...
006 (10675.000.000) 09/01 12:10:42 Image size of job updated: 1969648
	1696  -  MemoryUsage of job (MB)
	1735808  -  ResidentSetSize of job (KB)
...
006 (10675.000.000) 09/01 12:15:43 Image size of job updated: 1969648
	1740  -  MemoryUsage of job (MB)
	1780924  -  ResidentSetSize of job (KB)
...
006 (10675.000.000) 09/01 12:20:44 Image size of job updated: 1969648
	1766  -  MemoryUsage of job (MB)
	1807660  -  ResidentSetSize of job (KB)
...
006 (10675.000.000) 09/01 12:25:44 Image size of job updated: 1969648
	1766  -  MemoryUsage of job (MB)
	1808132  -  ResidentSetSize of job (KB)
...
006 (10675.000.000) 09/01 12:30:44 Image size of job updated: 1969648
	1770  -  MemoryUsage of job (MB)
	1812260  -  ResidentSetSize of job (KB)
...
006 (10675.000.000) 09/01 12:35:45 Image size of job updated: 1969648
	1770  -  MemoryUsage of job (MB)
	1812296  -  ResidentSetSize of job (KB)
...
006 (10675.000.000) 09/01 12:40:46 Image size of job updated: 1969648
	1774  -  MemoryUsage of job (MB)
	1816476  -  ResidentSetSize of job (KB)
...
006 (10675.000.000) 09/01 12:45:46 Image size of job updated: 1969648
	1800  -  MemoryUsage of job (MB)
	1843144  -  ResidentSetSize of job (KB)
...
006 (10675.000.000) 09/01 12:50:47 Image size of job updated: 1969648
	1839  -  MemoryUsage of job (MB)
	1882116  -  ResidentSetSize of job (KB)
...
006 (10675.000.000) 09/01 12:55:48 Image size of job updated: 1969648
	1847  -  MemoryUsage of job (MB)
	1890428  -  ResidentSetSize of job (KB)
...
006 (10675.000.000) 09/01 13:00:49 Image size of job updated: 1969648
	1847  -  MemoryUsage of job (MB)
	1890460  -  ResidentSetSize of job (KB)
...
006 (10675.000.000) 09/01 13:05:49 Image size of job updated: 1969648
	1849  -  MemoryUsage of job (MB)
	1892572  -  ResidentSetSize of job (KB)
...
006 (10675.000.000) 09/01 13:10:49 Image size of job updated: 1969648
	1855  -  MemoryUsage of job (MB)
	1898748  -  ResidentSetSize of job (KB)
...
006 (10675.000.000) 09/01 13:15:50 Image size of job updated: 1969648
	1863  -  MemoryUsage of job (MB)
	1907020  -  ResidentSetSize of job (KB)
...
006 (10675.000.000) 09/01 13:20:51 Image size of job updated: 1969648
	1889  -  MemoryUsage of job (MB)
	1933692  -  ResidentSetSize of job (KB)
...
006 (10675.000.000) 09/01 13:25:51 Image size of job updated: 1969648
	1911  -  MemoryUsage of job (MB)
	1956324  -  ResidentSetSize of job (KB)
...
006 (10675.000.000) 09/01 13:30:52 Image size of job updated: 1969648
	1911  -  MemoryUsage of job (MB)
	1956388  -  ResidentSetSize of job (KB)
...
006 (10675.000.000) 09/01 13:35:53 Image size of job updated: 1969648
	1911  -  MemoryUsage of job (MB)
	1956412  -  ResidentSetSize of job (KB)
...
006 (10675.000.000) 09/01 13:40:53 Image size of job updated: 1969648
	1911  -  MemoryUsage of job (MB)
	1956428  -  ResidentSetSize of job (KB)
...
006 (10675.000.000) 09/01 13:45:53 Image size of job updated: 1969648
	1912  -  MemoryUsage of job (MB)
	1957668  -  ResidentSetSize of job (KB)
...
004 (10675.000.000) 09/01 15:34:52 Job was evicted.
	(0) Job was not checkpointed.
		Usr 0 03:54:01, Sys 0 00:00:00  -  Run Remote Usage
		Usr 0 00:00:00, Sys 0 00:00:00  -  Run Local Usage
	0  -  Run Bytes Sent By Job
	0  -  Run Bytes Received By Job
	Partitionable Resources :    Usage  Request          
	   Cpus                 :                 1          
	   Disk (KB)            :     7500     7500          
	   Memory (MB)          :     1912     1912          
...
009 (10675.000.000) 09/01 15:34:53 Job was aborted by the user.
	via condor_rm (by user amir)
...
000 (10677.000.000) 09/01 15:35:23 Job submitted from host: <129.10.52.106:42847>
...
001 (10677.000.000) 09/01 15:35:34 Job executing on host: <10.1.255.245:47081>
...
006 (10677.000.000) 09/01 15:35:43 Image size of job updated: 7500
	3  -  MemoryUsage of job (MB)
	2168  -  ResidentSetSize of job (KB)
...
006 (10677.000.000) 09/01 15:40:44 Image size of job updated: 1969648
	1583  -  MemoryUsage of job (MB)
	1620424  -  ResidentSetSize of job (KB)
...
006 (10677.000.000) 09/01 15:45:44 Image size of job updated: 1969648
	1584  -  MemoryUsage of job (MB)
	1621540  -  ResidentSetSize of job (KB)
...
006 (10677.000.000) 09/01 15:50:44 Image size of job updated: 1969648
	1584  -  MemoryUsage of job (MB)
	1621744  -  ResidentSetSize of job (KB)
...
006 (10677.000.000) 09/01 15:55:45 Image size of job updated: 1969648
	1584  -  MemoryUsage of job (MB)
	1621896  -  ResidentSetSize of job (KB)
...
006 (10677.000.000) 09/01 16:00:45 Image size of job updated: 1969648
	1585  -  MemoryUsage of job (MB)
	1622552  -  ResidentSetSize of job (KB)
...
006 (10677.000.000) 09/01 16:05:45 Image size of job updated: 1969648
	1588  -  MemoryUsage of job (MB)
	1625520  -  ResidentSetSize of job (KB)
...
006 (10677.000.000) 09/01 16:10:46 Image size of job updated: 1969648
	1645  -  MemoryUsage of job (MB)
	1683544  -  ResidentSetSize of job (KB)
...
006 (10677.000.000) 09/01 16:15:47 Image size of job updated: 1969648
	1718  -  MemoryUsage of job (MB)
	1758632  -  ResidentSetSize of job (KB)
...
004 (10677.000.000) 09/01 16:17:46 Job was evicted.
	(0) Job was not checkpointed.
		Usr 0 00:42:07, Sys 0 00:00:00  -  Run Remote Usage
		Usr 0 00:00:00, Sys 0 00:00:00  -  Run Local Usage
	0  -  Run Bytes Sent By Job
	0  -  Run Bytes Received By Job
	Partitionable Resources :    Usage  Request          
	   Cpus                 :                 1          
	   Disk (KB)            :     7500     7500          
	   Memory (MB)          :     1718     1718          
...
009 (10677.000.000) 09/01 16:17:47 Job was aborted by the user.
	via condor_rm (by user amir)
...
000 (10679.000.000) 09/01 16:18:11 Job submitted from host: <129.10.52.106:42847>
...
001 (10679.000.000) 09/01 16:18:23 Job executing on host: <10.1.255.248:44088>
...
006 (10679.000.000) 09/01 16:18:31 Image size of job updated: 46020
	34  -  MemoryUsage of job (MB)
	33856  -  ResidentSetSize of job (KB)
...
006 (10679.000.000) 09/01 16:23:31 Image size of job updated: 1969648
	1584  -  MemoryUsage of job (MB)
	1621704  -  ResidentSetSize of job (KB)
...
006 (10679.000.000) 09/01 16:28:31 Image size of job updated: 1969648
	1601  -  MemoryUsage of job (MB)
	1638960  -  ResidentSetSize of job (KB)
...
006 (10679.000.000) 09/01 16:33:33 Image size of job updated: 1969648
	1638  -  MemoryUsage of job (MB)
	1677140  -  ResidentSetSize of job (KB)
...
006 (10679.000.000) 09/01 16:38:33 Image size of job updated: 1969648
	1672  -  MemoryUsage of job (MB)
	1711328  -  ResidentSetSize of job (KB)
...
006 (10679.000.000) 09/01 16:43:33 Image size of job updated: 1969648
	1672  -  MemoryUsage of job (MB)
	1711336  -  ResidentSetSize of job (KB)
...
006 (10679.000.000) 09/01 16:48:34 Image size of job updated: 1969648
	1686  -  MemoryUsage of job (MB)
	1725696  -  ResidentSetSize of job (KB)
...
006 (10679.000.000) 09/01 16:53:35 Image size of job updated: 1969648
	1742  -  MemoryUsage of job (MB)
	1783084  -  ResidentSetSize of job (KB)
...
006 (10679.000.000) 09/01 16:58:35 Image size of job updated: 1969648
	1768  -  MemoryUsage of job (MB)
	1809724  -  ResidentSetSize of job (KB)
...
006 (10679.000.000) 09/01 17:03:36 Image size of job updated: 1969648
	1768  -  MemoryUsage of job (MB)
	1809740  -  ResidentSetSize of job (KB)
...
006 (10679.000.000) 09/01 17:08:37 Image size of job updated: 1969648
	1770  -  MemoryUsage of job (MB)
	1811816  -  ResidentSetSize of job (KB)
...
006 (10679.000.000) 09/01 17:13:37 Image size of job updated: 1969648
	1770  -  MemoryUsage of job (MB)
	1811836  -  ResidentSetSize of job (KB)
...
006 (10679.000.000) 09/01 17:18:37 Image size of job updated: 1969648
	1770  -  MemoryUsage of job (MB)
	1811852  -  ResidentSetSize of job (KB)
...
006 (10679.000.000) 09/01 17:23:38 Image size of job updated: 1969648
	1790  -  MemoryUsage of job (MB)
	1832356  -  ResidentSetSize of job (KB)
...
006 (10679.000.000) 09/01 17:28:38 Image size of job updated: 1969648
	1820  -  MemoryUsage of job (MB)
	1863100  -  ResidentSetSize of job (KB)
...
006 (10679.000.000) 09/01 17:33:38 Image size of job updated: 1969648
	1832  -  MemoryUsage of job (MB)
	1875404  -  ResidentSetSize of job (KB)
...
006 (10679.000.000) 09/01 17:38:39 Image size of job updated: 1969648
	1832  -  MemoryUsage of job (MB)
	1875420  -  ResidentSetSize of job (KB)
...
006 (10679.000.000) 09/01 17:43:40 Image size of job updated: 1969648
	1834  -  MemoryUsage of job (MB)
	1877484  -  ResidentSetSize of job (KB)
...
006 (10679.000.000) 09/01 17:48:40 Image size of job updated: 1969648
	1840  -  MemoryUsage of job (MB)
	1883660  -  ResidentSetSize of job (KB)
...
006 (10679.000.000) 09/01 17:53:41 Image size of job updated: 1969648
	1852  -  MemoryUsage of job (MB)
	1895948  -  ResidentSetSize of job (KB)
...
006 (10679.000.000) 09/01 17:58:42 Image size of job updated: 1969648
	1876  -  MemoryUsage of job (MB)
	1920800  -  ResidentSetSize of job (KB)
...
006 (10679.000.000) 09/01 18:03:42 Image size of job updated: 1969648
	1904  -  MemoryUsage of job (MB)
	1949480  -  ResidentSetSize of job (KB)
...
006 (10679.000.000) 09/01 18:08:42 Image size of job updated: 1969648
	1912  -  MemoryUsage of job (MB)
	1957672  -  ResidentSetSize of job (KB)
...
