000 (10649.014.000) 08/30 23:02:21 Job submitted from host: <129.10.52.106:42847>
...
001 (10649.014.000) 08/30 23:02:41 Job executing on host: <10.1.255.253:43139>
...
006 (10649.014.000) 08/30 23:02:50 Image size of job updated: 95280
	9  -  MemoryUsage of job (MB)
	8952  -  ResidentSetSize of job (KB)
...
006 (10649.014.000) 08/30 23:07:51 Image size of job updated: 1569024
	1150  -  MemoryUsage of job (MB)
	1177012  -  ResidentSetSize of job (KB)
...
006 (10649.014.000) 08/30 23:12:51 Image size of job updated: 1569024
	1150  -  MemoryUsage of job (MB)
	1177024  -  ResidentSetSize of job (KB)
...
005 (10649.014.000) 08/30 23:16:04 Job terminated.
	(1) Normal termination (return value 0)
		Usr 0 00:13:15, Sys 0 00:00:00  -  Run Remote Usage
		Usr 0 00:00:00, Sys 0 00:00:00  -  Run Local Usage
		Usr 0 00:13:15, Sys 0 00:00:00  -  Total Remote Usage
		Usr 0 00:00:00, Sys 0 00:00:00  -  Total Local Usage
	0  -  Run Bytes Sent By Job
	0  -  Run Bytes Received By Job
	0  -  Total Bytes Sent By Job
	0  -  Total Bytes Received By Job
	Partitionable Resources :    Usage  Request          
	   Cpus                 :                 1          
	   Disk (KB)            :     7500     7500          
	   Memory (MB)          :     1150     1150          
...
000 (10651.014.000) 08/31 10:26:00 Job submitted from host: <129.10.52.106:42847>
...
001 (10651.014.000) 08/31 10:26:16 Job executing on host: <10.1.255.246:47592>
...
006 (10651.014.000) 08/31 10:26:24 Image size of job updated: 7500
	3  -  MemoryUsage of job (MB)
	2172  -  ResidentSetSize of job (KB)
...
006 (10651.014.000) 08/31 10:31:24 Image size of job updated: 1568800
	1176  -  MemoryUsage of job (MB)
	1203412  -  ResidentSetSize of job (KB)
...
006 (10651.014.000) 08/31 10:36:25 Image size of job updated: 1568800
	1178  -  MemoryUsage of job (MB)
	1205484  -  ResidentSetSize of job (KB)
...
005 (10651.014.000) 08/31 10:39:16 Job terminated.
	(1) Normal termination (return value 0)
		Usr 0 00:12:45, Sys 0 00:00:00  -  Run Remote Usage
		Usr 0 00:00:00, Sys 0 00:00:00  -  Run Local Usage
		Usr 0 00:12:45, Sys 0 00:00:00  -  Total Remote Usage
		Usr 0 00:00:00, Sys 0 00:00:00  -  Total Local Usage
	0  -  Run Bytes Sent By Job
	0  -  Run Bytes Received By Job
	0  -  Total Bytes Sent By Job
	0  -  Total Bytes Received By Job
	Partitionable Resources :    Usage  Request          
	   Cpus                 :                 1          
	   Disk (KB)            :     7500     7500          
	   Memory (MB)          :     1178     1178          
...
000 (10653.014.000) 08/31 19:52:09 Job submitted from host: <129.10.52.106:42847>
...
001 (10653.014.000) 08/31 19:52:11 Job executing on host: <10.1.255.239:44818>
...
006 (10653.014.000) 08/31 19:52:19 Image size of job updated: 103840
	79  -  MemoryUsage of job (MB)
	80816  -  ResidentSetSize of job (KB)
...
005 (10653.014.000) 08/31 19:52:23 Job terminated.
	(1) Normal termination (return value 0)
		Usr 0 00:00:07, Sys 0 00:00:00  -  Run Remote Usage
		Usr 0 00:00:00, Sys 0 00:00:00  -  Run Local Usage
		Usr 0 00:00:07, Sys 0 00:00:00  -  Total Remote Usage
		Usr 0 00:00:00, Sys 0 00:00:00  -  Total Local Usage
	0  -  Run Bytes Sent By Job
	0  -  Run Bytes Received By Job
	0  -  Total Bytes Sent By Job
	0  -  Total Bytes Received By Job
	Partitionable Resources :    Usage  Request          
	   Cpus                 :                 1          
	   Disk (KB)            :     7500     7500          
	   Memory (MB)          :       79       79          
...
000 (10655.014.000) 08/31 20:17:22 Job submitted from host: <129.10.52.106:42847>
...
001 (10655.014.000) 08/31 20:17:23 Job executing on host: <10.1.255.241:47008>
...
006 (10655.014.000) 08/31 20:17:32 Image size of job updated: 451944
	338  -  MemoryUsage of job (MB)
	346096  -  ResidentSetSize of job (KB)
...
006 (10655.014.000) 08/31 20:19:57 Image size of job updated: 461924
	338  -  MemoryUsage of job (MB)
	346096  -  ResidentSetSize of job (KB)
...
005 (10655.014.000) 08/31 20:19:57 Job terminated.
	(1) Normal termination (return value 0)
		Usr 0 00:02:30, Sys 0 00:00:00  -  Run Remote Usage
		Usr 0 00:00:00, Sys 0 00:00:00  -  Run Local Usage
		Usr 0 00:02:30, Sys 0 00:00:00  -  Total Remote Usage
		Usr 0 00:00:00, Sys 0 00:00:00  -  Total Local Usage
	0  -  Run Bytes Sent By Job
	0  -  Run Bytes Received By Job
	0  -  Total Bytes Sent By Job
	0  -  Total Bytes Received By Job
	Partitionable Resources :    Usage  Request          
	   Cpus                 :                 1          
	   Disk (KB)            :     7500     7500          
	   Memory (MB)          :      338      338          
...
000 (10657.014.000) 08/31 21:02:22 Job submitted from host: <129.10.52.106:42847>
...
001 (10657.014.000) 08/31 21:02:35 Job executing on host: <10.1.255.251:40584>
...
006 (10657.014.000) 08/31 21:02:44 Image size of job updated: 103576
	79  -  MemoryUsage of job (MB)
	80556  -  ResidentSetSize of job (KB)
...
006 (10657.014.000) 08/31 21:07:36 Image size of job updated: 136784
	79  -  MemoryUsage of job (MB)
	80556  -  ResidentSetSize of job (KB)
...
005 (10657.014.000) 08/31 21:07:36 Job terminated.
	(1) Normal termination (return value 0)
		Usr 0 00:04:58, Sys 0 00:00:00  -  Run Remote Usage
		Usr 0 00:00:00, Sys 0 00:00:00  -  Run Local Usage
		Usr 0 00:04:58, Sys 0 00:00:00  -  Total Remote Usage
		Usr 0 00:00:00, Sys 0 00:00:00  -  Total Local Usage
	0  -  Run Bytes Sent By Job
	0  -  Run Bytes Received By Job
	0  -  Total Bytes Sent By Job
	0  -  Total Bytes Received By Job
	Partitionable Resources :    Usage  Request          
	   Cpus                 :                 1          
	   Disk (KB)            :     7500     7500          
	   Memory (MB)          :       79       79          
...
000 (10659.014.000) 08/31 21:08:49 Job submitted from host: <129.10.52.106:42847>
...
009 (10659.014.000) 08/31 21:09:18 Job was aborted by the user.
	via condor_rm (by user amir)
...
000 (10661.014.000) 08/31 21:09:44 Job submitted from host: <129.10.52.106:42847>
...
001 (10661.014.000) 08/31 21:09:57 Job executing on host: <10.1.255.245:47081>
...
006 (10661.014.000) 08/31 21:10:06 Image size of job updated: 103576
	79  -  MemoryUsage of job (MB)
	80564  -  ResidentSetSize of job (KB)
...
006 (10661.014.000) 08/31 21:15:07 Image size of job updated: 136784
	121  -  MemoryUsage of job (MB)
	123808  -  ResidentSetSize of job (KB)
...
004 (10661.014.000) 08/31 21:15:48 Job was evicted.
	(0) Job was not checkpointed.
		Usr 0 00:05:49, Sys 0 00:00:00  -  Run Remote Usage
		Usr 0 00:00:00, Sys 0 00:00:00  -  Run Local Usage
	0  -  Run Bytes Sent By Job
	0  -  Run Bytes Received By Job
	Partitionable Resources :    Usage  Request          
	   Cpus                 :                 1          
	   Disk (KB)            :     7500     7500          
	   Memory (MB)          :      121      121          
...
009 (10661.014.000) 08/31 21:15:49 Job was aborted by the user.
	via condor_rm (by user amir)
...
000 (10663.014.000) 08/31 21:16:22 Job submitted from host: <129.10.52.106:42847>
...
001 (10663.014.000) 08/31 21:16:40 Job executing on host: <10.1.255.242:42117>
...
006 (10663.014.000) 08/31 21:16:48 Image size of job updated: 103576
	79  -  MemoryUsage of job (MB)
	80536  -  ResidentSetSize of job (KB)
...
006 (10663.014.000) 08/31 21:21:48 Image size of job updated: 136784
	116  -  MemoryUsage of job (MB)
	117776  -  ResidentSetSize of job (KB)
...
005 (10663.014.000) 08/31 21:24:18 Job terminated.
	(1) Normal termination (return value 0)
		Usr 0 00:07:31, Sys 0 00:00:00  -  Run Remote Usage
		Usr 0 00:00:00, Sys 0 00:00:00  -  Run Local Usage
		Usr 0 00:07:31, Sys 0 00:00:00  -  Total Remote Usage
		Usr 0 00:00:00, Sys 0 00:00:00  -  Total Local Usage
	0  -  Run Bytes Sent By Job
	0  -  Run Bytes Received By Job
	0  -  Total Bytes Sent By Job
	0  -  Total Bytes Received By Job
	Partitionable Resources :    Usage  Request          
	   Cpus                 :                 1          
	   Disk (KB)            :     7500     7500          
	   Memory (MB)          :      116      116          
...
000 (10665.014.000) 08/31 23:17:48 Job submitted from host: <129.10.52.106:42847>
...
001 (10665.014.000) 08/31 23:17:59 Job executing on host: <10.1.255.242:42117>
...
006 (10665.014.000) 08/31 23:18:07 Image size of job updated: 7500
	3  -  MemoryUsage of job (MB)
	2164  -  ResidentSetSize of job (KB)
...
005 (10665.014.000) 08/31 23:18:07 Job terminated.
	(1) Normal termination (return value 1)
		Usr 0 00:00:00, Sys 0 00:00:00  -  Run Remote Usage
		Usr 0 00:00:00, Sys 0 00:00:00  -  Run Local Usage
		Usr 0 00:00:00, Sys 0 00:00:00  -  Total Remote Usage
		Usr 0 00:00:00, Sys 0 00:00:00  -  Total Local Usage
	0  -  Run Bytes Sent By Job
	0  -  Run Bytes Received By Job
	0  -  Total Bytes Sent By Job
	0  -  Total Bytes Received By Job
	Partitionable Resources :    Usage  Request          
	   Cpus                 :                 1          
	   Disk (KB)            :     7500     7500          
	   Memory (MB)          :        3        3          
...
000 (10667.014.000) 08/31 23:29:22 Job submitted from host: <129.10.52.106:42847>
...
001 (10667.014.000) 08/31 23:29:35 Job executing on host: <10.1.255.253:43139>
...
006 (10667.014.000) 08/31 23:29:44 Image size of job updated: 270024
	199  -  MemoryUsage of job (MB)
	202956  -  ResidentSetSize of job (KB)
...
006 (10667.014.000) 08/31 23:30:04 Image size of job updated: 270420
	199  -  MemoryUsage of job (MB)
	202956  -  ResidentSetSize of job (KB)
...
005 (10667.014.000) 08/31 23:30:04 Job terminated.
	(1) Normal termination (return value 1)
		Usr 0 00:00:14, Sys 0 00:00:00  -  Run Remote Usage
		Usr 0 00:00:00, Sys 0 00:00:00  -  Run Local Usage
		Usr 0 00:00:14, Sys 0 00:00:00  -  Total Remote Usage
		Usr 0 00:00:00, Sys 0 00:00:00  -  Total Local Usage
	0  -  Run Bytes Sent By Job
	0  -  Run Bytes Received By Job
	0  -  Total Bytes Sent By Job
	0  -  Total Bytes Received By Job
	Partitionable Resources :    Usage  Request          
	   Cpus                 :                 1          
	   Disk (KB)            :     7500     7500          
	   Memory (MB)          :      199      199          
...
000 (10669.014.000) 08/31 23:36:08 Job submitted from host: <129.10.52.106:42847>
...
001 (10669.014.000) 08/31 23:36:19 Job executing on host: <10.1.255.249:47081>
...
006 (10669.014.000) 08/31 23:36:28 Image size of job updated: 270024
	199  -  MemoryUsage of job (MB)
	202956  -  ResidentSetSize of job (KB)
...
006 (10669.014.000) 08/31 23:41:30 Image size of job updated: 413840
	363  -  MemoryUsage of job (MB)
	371260  -  ResidentSetSize of job (KB)
...
006 (10669.014.000) 08/31 23:46:30 Image size of job updated: 413840
	381  -  MemoryUsage of job (MB)
	389824  -  ResidentSetSize of job (KB)
...
006 (10669.014.000) 08/31 23:51:30 Image size of job updated: 413840
	384  -  MemoryUsage of job (MB)
	392852  -  ResidentSetSize of job (KB)
...
006 (10669.014.000) 08/31 23:56:31 Image size of job updated: 413840
	384  -  MemoryUsage of job (MB)
	392872  -  ResidentSetSize of job (KB)
...
005 (10669.014.000) 08/31 23:56:47 Job terminated.
	(1) Normal termination (return value 0)
		Usr 0 00:20:12, Sys 0 00:00:00  -  Run Remote Usage
		Usr 0 00:00:00, Sys 0 00:00:00  -  Run Local Usage
		Usr 0 00:20:12, Sys 0 00:00:00  -  Total Remote Usage
		Usr 0 00:00:00, Sys 0 00:00:00  -  Total Local Usage
	0  -  Run Bytes Sent By Job
	0  -  Run Bytes Received By Job
	0  -  Total Bytes Sent By Job
	0  -  Total Bytes Received By Job
	Partitionable Resources :    Usage  Request          
	   Cpus                 :                 1          
	   Disk (KB)            :     7500     7500          
	   Memory (MB)          :      384      384          
...
000 (10671.013.000) 09/01 01:09:36 Job submitted from host: <129.10.52.106:42847>
...
001 (10671.013.000) 09/01 01:09:48 Job executing on host: <10.1.255.239:44818>
...
006 (10671.013.000) 09/01 01:09:57 Image size of job updated: 7500
	1  -  MemoryUsage of job (MB)
	40  -  ResidentSetSize of job (KB)
...
006 (10671.013.000) 09/01 01:14:58 Image size of job updated: 2260036
	1985  -  MemoryUsage of job (MB)
	2032000  -  ResidentSetSize of job (KB)
...
006 (10671.013.000) 09/01 01:19:58 Image size of job updated: 2260060
	2025  -  MemoryUsage of job (MB)
	2072972  -  ResidentSetSize of job (KB)
...
006 (10671.013.000) 09/01 01:24:58 Image size of job updated: 2260060
	2032  -  MemoryUsage of job (MB)
	2079792  -  ResidentSetSize of job (KB)
...
006 (10671.013.000) 09/01 01:29:59 Image size of job updated: 2260060
	2037  -  MemoryUsage of job (MB)
	2084940  -  ResidentSetSize of job (KB)
...
006 (10671.013.000) 09/01 01:34:59 Image size of job updated: 2260060
	2039  -  MemoryUsage of job (MB)
	2087640  -  ResidentSetSize of job (KB)
...
006 (10671.013.000) 09/01 01:39:59 Image size of job updated: 2260060
	2041  -  MemoryUsage of job (MB)
	2089720  -  ResidentSetSize of job (KB)
...
005 (10671.013.000) 09/01 03:42:10 Job terminated.
	(1) Normal termination (return value 0)
		Usr 0 02:31:49, Sys 0 00:00:01  -  Run Remote Usage
		Usr 0 00:00:00, Sys 0 00:00:00  -  Run Local Usage
		Usr 0 02:31:49, Sys 0 00:00:01  -  Total Remote Usage
		Usr 0 00:00:00, Sys 0 00:00:00  -  Total Local Usage
	0  -  Run Bytes Sent By Job
	0  -  Run Bytes Received By Job
	0  -  Total Bytes Sent By Job
	0  -  Total Bytes Received By Job
	Partitionable Resources :    Usage  Request          
	   Cpus                 :                 1          
	   Disk (KB)            :     7500     7500          
	   Memory (MB)          :     2041     2041          
...
000 (10673.011.000) 09/01 11:26:58 Job submitted from host: <129.10.52.106:42847>
...
001 (10673.011.000) 09/01 11:27:14 Job executing on host: <10.1.255.239:44818>
...
006 (10673.011.000) 09/01 11:27:23 Image size of job updated: 46020
	34  -  MemoryUsage of job (MB)
	33864  -  ResidentSetSize of job (KB)
...
006 (10673.011.000) 09/01 11:29:46 Image size of job updated: 1705220
	34  -  MemoryUsage of job (MB)
	33864  -  ResidentSetSize of job (KB)
...
005 (10673.011.000) 09/01 11:29:46 Job terminated.
	(0) Abnormal termination (signal 6)
	(0) No core file
		Usr 0 00:02:05, Sys 0 00:00:00  -  Run Remote Usage
		Usr 0 00:00:00, Sys 0 00:00:00  -  Run Local Usage
		Usr 0 00:02:05, Sys 0 00:00:00  -  Total Remote Usage
		Usr 0 00:00:00, Sys 0 00:00:00  -  Total Local Usage
	0  -  Run Bytes Sent By Job
	0  -  Run Bytes Received By Job
	0  -  Total Bytes Sent By Job
	0  -  Total Bytes Received By Job
	Partitionable Resources :    Usage  Request          
	   Cpus                 :                 1          
	   Disk (KB)            :     7500     7500          
	   Memory (MB)          :       34       34          
...
000 (10675.011.000) 09/01 11:40:18 Job submitted from host: <129.10.52.106:42847>
...
001 (10675.011.000) 09/01 11:40:31 Job executing on host: <10.1.255.243:43504>
...
006 (10675.011.000) 09/01 11:40:40 Image size of job updated: 27420
	15  -  MemoryUsage of job (MB)
	15184  -  ResidentSetSize of job (KB)
...
006 (10675.011.000) 09/01 11:45:41 Image size of job updated: 2263484
	1968  -  MemoryUsage of job (MB)
	2014580  -  ResidentSetSize of job (KB)
...
006 (10675.011.000) 09/01 11:50:41 Image size of job updated: 2268380
	2036  -  MemoryUsage of job (MB)
	2084520  -  ResidentSetSize of job (KB)
...
006 (10675.011.000) 09/01 11:55:41 Image size of job updated: 2268404
	2120  -  MemoryUsage of job (MB)
	2170832  -  ResidentSetSize of job (KB)
...
006 (10675.011.000) 09/01 12:00:42 Image size of job updated: 2268404
	2184  -  MemoryUsage of job (MB)
	2235764  -  ResidentSetSize of job (KB)
...
006 (10675.011.000) 09/01 12:05:43 Image size of job updated: 2268404
	2196  -  MemoryUsage of job (MB)
	2248300  -  ResidentSetSize of job (KB)
...
006 (10675.011.000) 09/01 12:10:43 Image size of job updated: 2268404
	2199  -  MemoryUsage of job (MB)
	2251372  -  ResidentSetSize of job (KB)
...
006 (10675.011.000) 09/01 12:15:43 Image size of job updated: 2268404
	2199  -  MemoryUsage of job (MB)
	2251512  -  ResidentSetSize of job (KB)
...
006 (10675.011.000) 09/01 12:20:44 Image size of job updated: 2268404
	2199  -  MemoryUsage of job (MB)
	2251652  -  ResidentSetSize of job (KB)
...
006 (10675.011.000) 09/01 12:25:44 Image size of job updated: 2268404
	2199  -  MemoryUsage of job (MB)
	2251756  -  ResidentSetSize of job (KB)
...
006 (10675.011.000) 09/01 12:30:44 Image size of job updated: 2268404
	2200  -  MemoryUsage of job (MB)
	2251800  -  ResidentSetSize of job (KB)
...
006 (10675.011.000) 09/01 12:35:45 Image size of job updated: 2268404
	2200  -  MemoryUsage of job (MB)
	2251868  -  ResidentSetSize of job (KB)
...
006 (10675.011.000) 09/01 12:40:46 Image size of job updated: 2268404
	2200  -  MemoryUsage of job (MB)
	2251880  -  ResidentSetSize of job (KB)
...
006 (10675.011.000) 09/01 12:45:46 Image size of job updated: 2268404
	2200  -  MemoryUsage of job (MB)
	2251924  -  ResidentSetSize of job (KB)
...
006 (10675.011.000) 09/01 12:50:46 Image size of job updated: 2268404
	2200  -  MemoryUsage of job (MB)
	2251956  -  ResidentSetSize of job (KB)
...
006 (10675.011.000) 09/01 12:55:47 Image size of job updated: 2268404
	2200  -  MemoryUsage of job (MB)
	2252036  -  ResidentSetSize of job (KB)
...
006 (10675.011.000) 09/01 13:00:48 Image size of job updated: 2268404
	2200  -  MemoryUsage of job (MB)
	2252072  -  ResidentSetSize of job (KB)
...
006 (10675.011.000) 09/01 13:05:48 Image size of job updated: 2268404
	2200  -  MemoryUsage of job (MB)
	2252096  -  ResidentSetSize of job (KB)
...
006 (10675.011.000) 09/01 13:30:51 Image size of job updated: 2268404
	2200  -  MemoryUsage of job (MB)
	2252220  -  ResidentSetSize of job (KB)
...
006 (10675.011.000) 09/01 13:35:52 Image size of job updated: 2268404
	2200  -  MemoryUsage of job (MB)
	2252232  -  ResidentSetSize of job (KB)
...
006 (10675.011.000) 09/01 13:40:52 Image size of job updated: 2268404
	2200  -  MemoryUsage of job (MB)
	2252240  -  ResidentSetSize of job (KB)
...
006 (10675.011.000) 09/01 13:50:53 Image size of job updated: 2268404
	2200  -  MemoryUsage of job (MB)
	2252252  -  ResidentSetSize of job (KB)
...
006 (10675.011.000) 09/01 14:45:58 Image size of job updated: 2268404
	2200  -  MemoryUsage of job (MB)
	2252396  -  ResidentSetSize of job (KB)
...
004 (10675.011.000) 09/01 15:34:52 Job was evicted.
	(0) Job was not checkpointed.
		Usr 0 03:54:03, Sys 0 00:00:01  -  Run Remote Usage
		Usr 0 00:00:00, Sys 0 00:00:00  -  Run Local Usage
	0  -  Run Bytes Sent By Job
	0  -  Run Bytes Received By Job
	Partitionable Resources :    Usage  Request          
	   Cpus                 :                 1          
	   Disk (KB)            :     7500     7500          
	   Memory (MB)          :     2200     2200          
...
009 (10675.011.000) 09/01 15:34:53 Job was aborted by the user.
	via condor_rm (by user amir)
...
000 (10677.011.000) 09/01 15:35:23 Job submitted from host: <129.10.52.106:42847>
...
001 (10677.011.000) 09/01 15:35:35 Job executing on host: <10.1.255.248:44088>
...
006 (10677.011.000) 09/01 15:35:44 Image size of job updated: 509764
	486  -  MemoryUsage of job (MB)
	497468  -  ResidentSetSize of job (KB)
...
006 (10677.011.000) 09/01 15:40:45 Image size of job updated: 2264016
	1954  -  MemoryUsage of job (MB)
	2000260  -  ResidentSetSize of job (KB)
...
006 (10677.011.000) 09/01 15:45:46 Image size of job updated: 2268384
	2016  -  MemoryUsage of job (MB)
	2064076  -  ResidentSetSize of job (KB)
...
006 (10677.011.000) 09/01 15:50:46 Image size of job updated: 2268408
	2088  -  MemoryUsage of job (MB)
	2137832  -  ResidentSetSize of job (KB)
...
006 (10677.011.000) 09/01 15:55:46 Image size of job updated: 2268408
	2156  -  MemoryUsage of job (MB)
	2206840  -  ResidentSetSize of job (KB)
...
006 (10677.011.000) 09/01 16:00:47 Image size of job updated: 2268408
	2197  -  MemoryUsage of job (MB)
	2248900  -  ResidentSetSize of job (KB)
...
006 (10677.011.000) 09/01 16:05:47 Image size of job updated: 2268408
	2198  -  MemoryUsage of job (MB)
	2250392  -  ResidentSetSize of job (KB)
...
006 (10677.011.000) 09/01 16:10:47 Image size of job updated: 2268408
	2199  -  MemoryUsage of job (MB)
	2250796  -  ResidentSetSize of job (KB)
...
006 (10677.011.000) 09/01 16:15:47 Image size of job updated: 2268408
	2199  -  MemoryUsage of job (MB)
	2251136  -  ResidentSetSize of job (KB)
...
004 (10677.011.000) 09/01 16:17:46 Job was evicted.
	(0) Job was not checkpointed.
		Usr 0 00:42:06, Sys 0 00:00:00  -  Run Remote Usage
		Usr 0 00:00:00, Sys 0 00:00:00  -  Run Local Usage
	0  -  Run Bytes Sent By Job
	0  -  Run Bytes Received By Job
	Partitionable Resources :    Usage  Request          
	   Cpus                 :                 1          
	   Disk (KB)            :     7500     7500          
	   Memory (MB)          :     2199     2199          
...
009 (10677.011.000) 09/01 16:17:47 Job was aborted by the user.
	via condor_rm (by user amir)
...
000 (10679.011.000) 09/01 16:18:11 Job submitted from host: <129.10.52.106:42847>
...
001 (10679.011.000) 09/01 16:18:23 Job executing on host: <10.1.255.248:44088>
...
006 (10679.011.000) 09/01 16:18:32 Image size of job updated: 7500
	3  -  MemoryUsage of job (MB)
	2164  -  ResidentSetSize of job (KB)
...
006 (10679.011.000) 09/01 16:23:32 Image size of job updated: 2263220
	1967  -  MemoryUsage of job (MB)
	2014116  -  ResidentSetSize of job (KB)
...
006 (10679.011.000) 09/01 16:28:32 Image size of job updated: 2268380
	2028  -  MemoryUsage of job (MB)
	2075888  -  ResidentSetSize of job (KB)
...
006 (10679.011.000) 09/01 16:33:33 Image size of job updated: 2268404
	2092  -  MemoryUsage of job (MB)
	2141752  -  ResidentSetSize of job (KB)
...
006 (10679.011.000) 09/01 16:38:34 Image size of job updated: 2268404
	2121  -  MemoryUsage of job (MB)
	2170968  -  ResidentSetSize of job (KB)
...
006 (10679.011.000) 09/01 16:43:34 Image size of job updated: 2268404
	2128  -  MemoryUsage of job (MB)
	2178916  -  ResidentSetSize of job (KB)
...
006 (10679.011.000) 09/01 16:48:35 Image size of job updated: 2268404
	2130  -  MemoryUsage of job (MB)
	2180140  -  ResidentSetSize of job (KB)
...
006 (10679.011.000) 09/01 16:53:36 Image size of job updated: 2268404
	2130  -  MemoryUsage of job (MB)
	2181000  -  ResidentSetSize of job (KB)
...
006 (10679.011.000) 09/01 16:58:36 Image size of job updated: 2268404
	2131  -  MemoryUsage of job (MB)
	2181948  -  ResidentSetSize of job (KB)
...
006 (10679.011.000) 09/01 17:03:36 Image size of job updated: 2268404
	2132  -  MemoryUsage of job (MB)
	2182700  -  ResidentSetSize of job (KB)
...
006 (10679.011.000) 09/01 17:08:37 Image size of job updated: 2268404
	2133  -  MemoryUsage of job (MB)
	2183216  -  ResidentSetSize of job (KB)
...
006 (10679.011.000) 09/01 17:13:37 Image size of job updated: 2268404
	2133  -  MemoryUsage of job (MB)
	2183420  -  ResidentSetSize of job (KB)
...
006 (10679.011.000) 09/01 17:18:37 Image size of job updated: 2268404
	2133  -  MemoryUsage of job (MB)
	2183556  -  ResidentSetSize of job (KB)
...
006 (10679.011.000) 09/01 17:23:38 Image size of job updated: 2268404
	2133  -  MemoryUsage of job (MB)
	2183724  -  ResidentSetSize of job (KB)
...
006 (10679.011.000) 09/01 17:28:39 Image size of job updated: 2268404
	2143  -  MemoryUsage of job (MB)
	2194248  -  ResidentSetSize of job (KB)
...
006 (10679.011.000) 09/01 17:33:39 Image size of job updated: 2268404
	2180  -  MemoryUsage of job (MB)
	2231348  -  ResidentSetSize of job (KB)
...
006 (10679.011.000) 09/01 17:38:40 Image size of job updated: 2268404
	2201  -  MemoryUsage of job (MB)
	2253796  -  ResidentSetSize of job (KB)
...
006 (10679.011.000) 09/01 17:43:41 Image size of job updated: 2268404
	2202  -  MemoryUsage of job (MB)
	2254704  -  ResidentSetSize of job (KB)
...
006 (10679.011.000) 09/01 17:48:41 Image size of job updated: 2268404
	2202  -  MemoryUsage of job (MB)
	2254736  -  ResidentSetSize of job (KB)
...
006 (10679.011.000) 09/01 18:03:42 Image size of job updated: 2268404
	2202  -  MemoryUsage of job (MB)
	2254740  -  ResidentSetSize of job (KB)
...
006 (10679.011.000) 09/01 18:18:44 Image size of job updated: 2268404
	2202  -  MemoryUsage of job (MB)
	2254752  -  ResidentSetSize of job (KB)
...
006 (10679.011.000) 09/01 18:23:44 Image size of job updated: 2268404
	2202  -  MemoryUsage of job (MB)
	2254760  -  ResidentSetSize of job (KB)
...
006 (10679.011.000) 09/01 18:58:47 Image size of job updated: 2268404
	2204  -  MemoryUsage of job (MB)
	2256468  -  ResidentSetSize of job (KB)
...
