000 (10650.010.000) 08/31 10:25:39 Job submitted from host: <129.10.52.106:42847>
...
001 (10650.010.000) 08/31 10:25:54 Job executing on host: <10.1.255.242:42117>
...
006 (10650.010.000) 08/31 10:26:03 Image size of job updated: 14004
	2  -  MemoryUsage of job (MB)
	1580  -  ResidentSetSize of job (KB)
...
006 (10650.010.000) 08/31 10:27:28 Image size of job updated: 441516
	2  -  MemoryUsage of job (MB)
	1580  -  ResidentSetSize of job (KB)
...
005 (10650.010.000) 08/31 10:27:28 Job terminated.
	(1) Normal termination (return value 0)
		Usr 0 00:01:27, Sys 0 00:00:00  -  Run Remote Usage
		Usr 0 00:00:00, Sys 0 00:00:00  -  Run Local Usage
		Usr 0 00:01:27, Sys 0 00:00:00  -  Total Remote Usage
		Usr 0 00:00:00, Sys 0 00:00:00  -  Total Local Usage
	0  -  Run Bytes Sent By Job
	0  -  Run Bytes Received By Job
	0  -  Total Bytes Sent By Job
	0  -  Total Bytes Received By Job
	Partitionable Resources :    Usage  Request          
	   Cpus                 :                 1          
	   Disk (KB)            :     7500     7500          
	   Memory (MB)          :        2        2          
...
000 (10652.010.000) 08/31 19:51:14 Job submitted from host: <129.10.52.106:42847>
...
001 (10652.010.000) 08/31 19:51:22 Job executing on host: <10.1.255.249:47081>
...
006 (10652.010.000) 08/31 19:51:31 Image size of job updated: 45932
	33  -  MemoryUsage of job (MB)
	33772  -  ResidentSetSize of job (KB)
...
006 (10652.010.000) 08/31 19:52:57 Image size of job updated: 430904
	33  -  MemoryUsage of job (MB)
	33772  -  ResidentSetSize of job (KB)
...
005 (10652.010.000) 08/31 19:52:57 Job terminated.
	(1) Normal termination (return value 0)
		Usr 0 00:01:33, Sys 0 00:00:00  -  Run Remote Usage
		Usr 0 00:00:00, Sys 0 00:00:00  -  Run Local Usage
		Usr 0 00:01:33, Sys 0 00:00:00  -  Total Remote Usage
		Usr 0 00:00:00, Sys 0 00:00:00  -  Total Local Usage
	0  -  Run Bytes Sent By Job
	0  -  Run Bytes Received By Job
	0  -  Total Bytes Sent By Job
	0  -  Total Bytes Received By Job
	Partitionable Resources :    Usage  Request          
	   Cpus                 :                 1          
	   Disk (KB)            :     7500     7500          
	   Memory (MB)          :       33       33          
...
000 (10654.010.000) 08/31 20:16:53 Job submitted from host: <129.10.52.106:42847>
...
001 (10654.010.000) 08/31 20:16:55 Job executing on host: <10.1.255.249:47081>
...
006 (10654.010.000) 08/31 20:17:03 Image size of job updated: 18244
	6  -  MemoryUsage of job (MB)
	6084  -  ResidentSetSize of job (KB)
...
006 (10654.010.000) 08/31 20:18:29 Image size of job updated: 430904
	6  -  MemoryUsage of job (MB)
	6084  -  ResidentSetSize of job (KB)
...
005 (10654.010.000) 08/31 20:18:29 Job terminated.
	(1) Normal termination (return value 0)
		Usr 0 00:01:29, Sys 0 00:00:00  -  Run Remote Usage
		Usr 0 00:00:00, Sys 0 00:00:00  -  Run Local Usage
		Usr 0 00:01:29, Sys 0 00:00:00  -  Total Remote Usage
		Usr 0 00:00:00, Sys 0 00:00:00  -  Total Local Usage
	0  -  Run Bytes Sent By Job
	0  -  Run Bytes Received By Job
	0  -  Total Bytes Sent By Job
	0  -  Total Bytes Received By Job
	Partitionable Resources :    Usage  Request          
	   Cpus                 :                 1          
	   Disk (KB)            :     7500     7500          
	   Memory (MB)          :        6        6          
...
000 (10656.010.000) 08/31 21:02:12 Job submitted from host: <129.10.52.106:42847>
...
001 (10656.010.000) 08/31 21:02:14 Job executing on host: <10.1.255.246:47592>
...
006 (10656.010.000) 08/31 21:02:22 Image size of job updated: 21440
	9  -  MemoryUsage of job (MB)
	9172  -  ResidentSetSize of job (KB)
...
006 (10656.010.000) 08/31 21:03:47 Image size of job updated: 430908
	9  -  MemoryUsage of job (MB)
	9172  -  ResidentSetSize of job (KB)
...
005 (10656.010.000) 08/31 21:03:47 Job terminated.
	(1) Normal termination (return value 0)
		Usr 0 00:01:29, Sys 0 00:00:00  -  Run Remote Usage
		Usr 0 00:00:00, Sys 0 00:00:00  -  Run Local Usage
		Usr 0 00:01:29, Sys 0 00:00:00  -  Total Remote Usage
		Usr 0 00:00:00, Sys 0 00:00:00  -  Total Local Usage
	0  -  Run Bytes Sent By Job
	0  -  Run Bytes Received By Job
	0  -  Total Bytes Sent By Job
	0  -  Total Bytes Received By Job
	Partitionable Resources :    Usage  Request          
	   Cpus                 :                 1          
	   Disk (KB)            :     7500     7500          
	   Memory (MB)          :        9        9          
...
000 (10658.010.000) 08/31 21:08:37 Job submitted from host: <129.10.52.106:42847>
...
001 (10658.010.000) 08/31 21:08:56 Job executing on host: <10.1.255.239:44818>
...
006 (10658.010.000) 08/31 21:09:04 Image size of job updated: 426816
	329  -  MemoryUsage of job (MB)
	336628  -  ResidentSetSize of job (KB)
...
006 (10658.010.000) 08/31 21:09:19 Image size of job updated: 428136
	329  -  MemoryUsage of job (MB)
	336628  -  ResidentSetSize of job (KB)
...
004 (10658.010.000) 08/31 21:09:19 Job was evicted.
	(0) Job was not checkpointed.
		Usr 0 00:00:22, Sys 0 00:00:00  -  Run Remote Usage
		Usr 0 00:00:00, Sys 0 00:00:00  -  Run Local Usage
	0  -  Run Bytes Sent By Job
	0  -  Run Bytes Received By Job
	Partitionable Resources :    Usage  Request          
	   Cpus                 :                 1          
	   Disk (KB)            :     7500     7500          
	   Memory (MB)          :      329      329          
...
009 (10658.010.000) 08/31 21:09:20 Job was aborted by the user.
	via condor_rm (by user amir)
...
000 (10660.010.000) 08/31 21:09:35 Job submitted from host: <129.10.52.106:42847>
...
001 (10660.010.000) 08/31 21:09:36 Job executing on host: <10.1.255.246:47592>
...
006 (10660.010.000) 08/31 21:09:44 Image size of job updated: 29924
	18  -  MemoryUsage of job (MB)
	17712  -  ResidentSetSize of job (KB)
...
006 (10660.010.000) 08/31 21:11:10 Image size of job updated: 430904
	18  -  MemoryUsage of job (MB)
	17712  -  ResidentSetSize of job (KB)
...
005 (10660.010.000) 08/31 21:11:10 Job terminated.
	(1) Normal termination (return value 0)
		Usr 0 00:01:29, Sys 0 00:00:00  -  Run Remote Usage
		Usr 0 00:00:00, Sys 0 00:00:00  -  Run Local Usage
		Usr 0 00:01:29, Sys 0 00:00:00  -  Total Remote Usage
		Usr 0 00:00:00, Sys 0 00:00:00  -  Total Local Usage
	0  -  Run Bytes Sent By Job
	0  -  Run Bytes Received By Job
	0  -  Total Bytes Sent By Job
	0  -  Total Bytes Received By Job
	Partitionable Resources :    Usage  Request          
	   Cpus                 :                 1          
	   Disk (KB)            :     7500     7500          
	   Memory (MB)          :       18       18          
...
000 (10662.010.000) 08/31 21:16:12 Job submitted from host: <129.10.52.106:42847>
...
001 (10662.010.000) 08/31 21:16:19 Job executing on host: <10.1.255.245:47081>
...
006 (10662.010.000) 08/31 21:16:28 Image size of job updated: 7500
	3  -  MemoryUsage of job (MB)
	2168  -  ResidentSetSize of job (KB)
...
006 (10662.010.000) 08/31 21:17:53 Image size of job updated: 430904
	3  -  MemoryUsage of job (MB)
	2168  -  ResidentSetSize of job (KB)
...
005 (10662.010.000) 08/31 21:17:53 Job terminated.
	(1) Normal termination (return value 0)
		Usr 0 00:01:29, Sys 0 00:00:00  -  Run Remote Usage
		Usr 0 00:00:00, Sys 0 00:00:00  -  Run Local Usage
		Usr 0 00:01:29, Sys 0 00:00:00  -  Total Remote Usage
		Usr 0 00:00:00, Sys 0 00:00:00  -  Total Local Usage
	0  -  Run Bytes Sent By Job
	0  -  Run Bytes Received By Job
	0  -  Total Bytes Sent By Job
	0  -  Total Bytes Received By Job
	Partitionable Resources :    Usage  Request          
	   Cpus                 :                 1          
	   Disk (KB)            :     7500     7500          
	   Memory (MB)          :        3        3          
...
000 (10664.010.000) 08/31 23:17:37 Job submitted from host: <129.10.52.106:42847>
...
001 (10664.010.000) 08/31 23:17:38 Job executing on host: <10.1.255.245:47081>
...
006 (10664.010.000) 08/31 23:17:46 Image size of job updated: 406832
	0  -  MemoryUsage of job (MB)
	0  -  ResidentSetSize of job (KB)
...
005 (10664.010.000) 08/31 23:17:47 Job terminated.
	(1) Normal termination (return value 1)
		Usr 0 00:00:07, Sys 0 00:00:00  -  Run Remote Usage
		Usr 0 00:00:00, Sys 0 00:00:00  -  Run Local Usage
		Usr 0 00:00:07, Sys 0 00:00:00  -  Total Remote Usage
		Usr 0 00:00:00, Sys 0 00:00:00  -  Total Local Usage
	0  -  Run Bytes Sent By Job
	0  -  Run Bytes Received By Job
	0  -  Total Bytes Sent By Job
	0  -  Total Bytes Received By Job
	Partitionable Resources :    Usage  Request          
	   Cpus                 :                 1          
	   Disk (KB)            :     7500     7500          
	   Memory (MB)          :        0        0          
...
000 (10666.010.000) 08/31 23:29:12 Job submitted from host: <129.10.52.106:42847>
...
001 (10666.010.000) 08/31 23:29:14 Job executing on host: <10.1.255.248:44088>
...
006 (10666.010.000) 08/31 23:29:23 Image size of job updated: 45932
	33  -  MemoryUsage of job (MB)
	33772  -  ResidentSetSize of job (KB)
...
006 (10666.010.000) 08/31 23:30:48 Image size of job updated: 430904
	33  -  MemoryUsage of job (MB)
	33772  -  ResidentSetSize of job (KB)
...
005 (10666.010.000) 08/31 23:30:48 Job terminated.
	(1) Normal termination (return value 0)
		Usr 0 00:01:31, Sys 0 00:00:00  -  Run Remote Usage
		Usr 0 00:00:00, Sys 0 00:00:00  -  Run Local Usage
		Usr 0 00:01:31, Sys 0 00:00:00  -  Total Remote Usage
		Usr 0 00:00:00, Sys 0 00:00:00  -  Total Local Usage
	0  -  Run Bytes Sent By Job
	0  -  Run Bytes Received By Job
	0  -  Total Bytes Sent By Job
	0  -  Total Bytes Received By Job
	Partitionable Resources :    Usage  Request          
	   Cpus                 :                 1          
	   Disk (KB)            :     7500     7500          
	   Memory (MB)          :       33       33          
...
000 (10668.010.000) 08/31 23:35:57 Job submitted from host: <129.10.52.106:42847>
...
001 (10668.010.000) 08/31 23:35:58 Job executing on host: <10.1.255.253:43139>
...
006 (10668.010.000) 08/31 23:36:06 Image size of job updated: 421268
	324  -  MemoryUsage of job (MB)
	330860  -  ResidentSetSize of job (KB)
...
006 (10668.010.000) 08/31 23:37:32 Image size of job updated: 430904
	324  -  MemoryUsage of job (MB)
	330860  -  ResidentSetSize of job (KB)
...
005 (10668.010.000) 08/31 23:37:32 Job terminated.
	(1) Normal termination (return value 0)
		Usr 0 00:01:22, Sys 0 00:00:00  -  Run Remote Usage
		Usr 0 00:00:00, Sys 0 00:00:00  -  Run Local Usage
		Usr 0 00:01:22, Sys 0 00:00:00  -  Total Remote Usage
		Usr 0 00:00:00, Sys 0 00:00:00  -  Total Local Usage
	0  -  Run Bytes Sent By Job
	0  -  Run Bytes Received By Job
	0  -  Total Bytes Sent By Job
	0  -  Total Bytes Received By Job
	Partitionable Resources :    Usage  Request          
	   Cpus                 :                 1          
	   Disk (KB)            :     7500     7500          
	   Memory (MB)          :      324      324          
...
000 (10670.010.000) 09/01 01:09:26 Job submitted from host: <129.10.52.106:42847>
...
001 (10670.010.000) 09/01 01:09:27 Job executing on host: <10.1.255.248:44088>
...
006 (10670.010.000) 09/01 01:09:36 Image size of job updated: 7500
	3  -  MemoryUsage of job (MB)
	2168  -  ResidentSetSize of job (KB)
...
006 (10670.010.000) 09/01 01:11:01 Image size of job updated: 441516
	3  -  MemoryUsage of job (MB)
	2168  -  ResidentSetSize of job (KB)
...
005 (10670.010.000) 09/01 01:11:01 Job terminated.
	(1) Normal termination (return value 0)
		Usr 0 00:01:25, Sys 0 00:00:00  -  Run Remote Usage
		Usr 0 00:00:00, Sys 0 00:00:00  -  Run Local Usage
		Usr 0 00:01:25, Sys 0 00:00:00  -  Total Remote Usage
		Usr 0 00:00:00, Sys 0 00:00:00  -  Total Local Usage
	0  -  Run Bytes Sent By Job
	0  -  Run Bytes Received By Job
	0  -  Total Bytes Sent By Job
	0  -  Total Bytes Received By Job
	Partitionable Resources :    Usage  Request          
	   Cpus                 :                 1          
	   Disk (KB)            :     7500     7500          
	   Memory (MB)          :        3        3          
...
