000 (10650.004.000) 08/31 10:25:39 Job submitted from host: <129.10.52.106:42847>
...
001 (10650.004.000) 08/31 10:25:54 Job executing on host: <10.1.255.249:47081>
...
006 (10650.004.000) 08/31 10:26:03 Image size of job updated: 30232
	16  -  MemoryUsage of job (MB)
	15400  -  ResidentSetSize of job (KB)
...
006 (10650.004.000) 08/31 10:31:04 Image size of job updated: 454240
	400  -  MemoryUsage of job (MB)
	409520  -  ResidentSetSize of job (KB)
...
006 (10650.004.000) 08/31 10:46:05 Image size of job updated: 454240
	400  -  MemoryUsage of job (MB)
	409524  -  ResidentSetSize of job (KB)
...
006 (10650.004.000) 08/31 10:56:06 Image size of job updated: 458048
	404  -  MemoryUsage of job (MB)
	413352  -  ResidentSetSize of job (KB)
...
006 (10650.004.000) 08/31 12:01:12 Image size of job updated: 458048
	404  -  MemoryUsage of job (MB)
	413372  -  ResidentSetSize of job (KB)
...
006 (10650.004.000) 08/31 13:06:18 Image size of job updated: 458048
	404  -  MemoryUsage of job (MB)
	413396  -  ResidentSetSize of job (KB)
...
006 (10650.004.000) 08/31 15:11:32 Image size of job updated: 458180
	404  -  MemoryUsage of job (MB)
	413444  -  ResidentSetSize of job (KB)
...
006 (10650.004.000) 08/31 17:16:45 Image size of job updated: 458180
	404  -  MemoryUsage of job (MB)
	413448  -  ResidentSetSize of job (KB)
...
005 (10650.004.000) 08/31 19:15:12 Job terminated.
	(1) Normal termination (return value 0)
		Usr 0 08:48:25, Sys 0 00:00:00  -  Run Remote Usage
		Usr 0 00:00:00, Sys 0 00:00:00  -  Run Local Usage
		Usr 0 08:48:25, Sys 0 00:00:00  -  Total Remote Usage
		Usr 0 00:00:00, Sys 0 00:00:00  -  Total Local Usage
	0  -  Run Bytes Sent By Job
	0  -  Run Bytes Received By Job
	0  -  Total Bytes Sent By Job
	0  -  Total Bytes Received By Job
	Partitionable Resources :    Usage  Request          
	   Cpus                 :                 1          
	   Disk (KB)            :     7500     7500          
	   Memory (MB)          :      404      404          
...
000 (10652.004.000) 08/31 19:51:14 Job submitted from host: <129.10.52.106:42847>
...
001 (10652.004.000) 08/31 19:51:21 Job executing on host: <10.1.255.242:42117>
...
006 (10652.004.000) 08/31 19:51:30 Image size of job updated: 21436
	9  -  MemoryUsage of job (MB)
	9084  -  ResidentSetSize of job (KB)
...
006 (10652.004.000) 08/31 19:56:30 Image size of job updated: 443880
	331  -  MemoryUsage of job (MB)
	337928  -  ResidentSetSize of job (KB)
...
006 (10652.004.000) 08/31 20:06:31 Image size of job updated: 443880
	384  -  MemoryUsage of job (MB)
	393080  -  ResidentSetSize of job (KB)
...
006 (10652.004.000) 08/31 20:11:32 Image size of job updated: 443880
	390  -  MemoryUsage of job (MB)
	399116  -  ResidentSetSize of job (KB)
...
004 (10652.004.000) 08/31 20:15:05 Job was evicted.
	(0) Job was not checkpointed.
		Usr 0 00:23:40, Sys 0 00:00:00  -  Run Remote Usage
		Usr 0 00:00:00, Sys 0 00:00:00  -  Run Local Usage
	0  -  Run Bytes Sent By Job
	0  -  Run Bytes Received By Job
	Partitionable Resources :    Usage  Request          
	   Cpus                 :                 1          
	   Disk (KB)            :     7500     7500          
	   Memory (MB)          :      390      390          
...
009 (10652.004.000) 08/31 20:15:05 Job was aborted by the user.
	via condor_rm (by user amir)
...
000 (10654.004.000) 08/31 20:16:53 Job submitted from host: <129.10.52.106:42847>
...
001 (10654.004.000) 08/31 20:16:54 Job executing on host: <10.1.255.244:42701>
...
006 (10654.004.000) 08/31 20:17:03 Image size of job updated: 28592
	17  -  MemoryUsage of job (MB)
	16420  -  ResidentSetSize of job (KB)
...
006 (10654.004.000) 08/31 20:22:04 Image size of job updated: 443268
	398  -  MemoryUsage of job (MB)
	406824  -  ResidentSetSize of job (KB)
...
006 (10654.004.000) 08/31 20:32:04 Image size of job updated: 443268
	398  -  MemoryUsage of job (MB)
	406828  -  ResidentSetSize of job (KB)
...
006 (10654.004.000) 08/31 20:47:06 Image size of job updated: 446924
	401  -  MemoryUsage of job (MB)
	410444  -  ResidentSetSize of job (KB)
...
004 (10654.004.000) 08/31 20:58:10 Job was evicted.
	(0) Job was not checkpointed.
		Usr 0 00:41:10, Sys 0 00:00:00  -  Run Remote Usage
		Usr 0 00:00:00, Sys 0 00:00:00  -  Run Local Usage
	0  -  Run Bytes Sent By Job
	0  -  Run Bytes Received By Job
	Partitionable Resources :    Usage  Request          
	   Cpus                 :                 1          
	   Disk (KB)            :     7500     7500          
	   Memory (MB)          :      401      401          
...
009 (10654.004.000) 08/31 20:58:11 Job was aborted by the user.
	via condor_rm (by user amir)
...
000 (10656.004.000) 08/31 21:02:12 Job submitted from host: <129.10.52.106:42847>
...
001 (10656.004.000) 08/31 21:02:13 Job executing on host: <10.1.255.249:47081>
...
006 (10656.004.000) 08/31 21:02:22 Image size of job updated: 45932
	33  -  MemoryUsage of job (MB)
	33756  -  ResidentSetSize of job (KB)
...
006 (10656.004.000) 08/31 21:07:23 Image size of job updated: 443268
	390  -  MemoryUsage of job (MB)
	398596  -  ResidentSetSize of job (KB)
...
000 (10658.004.000) 08/31 21:08:37 Job submitted from host: <129.10.52.106:42847>
...
001 (10658.004.000) 08/31 21:08:55 Job executing on host: <10.1.255.248:44088>
...
006 (10658.004.000) 08/31 21:09:04 Image size of job updated: 336176
	272  -  MemoryUsage of job (MB)
	278476  -  ResidentSetSize of job (KB)
...
004 (10656.004.000) 08/31 21:09:16 Job was evicted.
	(0) Job was not checkpointed.
		Usr 0 00:07:02, Sys 0 00:00:00  -  Run Remote Usage
		Usr 0 00:00:00, Sys 0 00:00:00  -  Run Local Usage
	0  -  Run Bytes Sent By Job
	0  -  Run Bytes Received By Job
	Partitionable Resources :    Usage  Request          
	   Cpus                 :                 1          
	   Disk (KB)            :     7500     7500          
	   Memory (MB)          :      390      390          
...
009 (10656.004.000) 08/31 21:09:17 Job was aborted by the user.
	via condor_rm (by user amir)
...
006 (10658.004.000) 08/31 21:09:18 Image size of job updated: 443268
	272  -  MemoryUsage of job (MB)
	278476  -  ResidentSetSize of job (KB)
...
004 (10658.004.000) 08/31 21:09:18 Job was evicted.
	(0) Job was not checkpointed.
		Usr 0 00:00:22, Sys 0 00:00:00  -  Run Remote Usage
		Usr 0 00:00:00, Sys 0 00:00:00  -  Run Local Usage
	0  -  Run Bytes Sent By Job
	0  -  Run Bytes Received By Job
	Partitionable Resources :    Usage  Request          
	   Cpus                 :                 1          
	   Disk (KB)            :     7500     7500          
	   Memory (MB)          :      272      272          
...
009 (10658.004.000) 08/31 21:09:19 Job was aborted by the user.
	via condor_rm (by user amir)
...
000 (10660.004.000) 08/31 21:09:35 Job submitted from host: <129.10.52.106:42847>
...
001 (10660.004.000) 08/31 21:09:35 Job executing on host: <10.1.255.251:40584>
...
006 (10660.004.000) 08/31 21:09:44 Image size of job updated: 45936
	33  -  MemoryUsage of job (MB)
	33788  -  ResidentSetSize of job (KB)
...
006 (10660.004.000) 08/31 21:14:45 Image size of job updated: 443272
	346  -  MemoryUsage of job (MB)
	353300  -  ResidentSetSize of job (KB)
...
004 (10660.004.000) 08/31 21:15:48 Job was evicted.
	(0) Job was not checkpointed.
		Usr 0 00:06:11, Sys 0 00:00:00  -  Run Remote Usage
		Usr 0 00:00:00, Sys 0 00:00:00  -  Run Local Usage
	0  -  Run Bytes Sent By Job
	0  -  Run Bytes Received By Job
	Partitionable Resources :    Usage  Request          
	   Cpus                 :                 1          
	   Disk (KB)            :     7500     7500          
	   Memory (MB)          :      346      346          
...
009 (10660.004.000) 08/31 21:15:49 Job was aborted by the user.
	via condor_rm (by user amir)
...
000 (10662.004.000) 08/31 21:16:12 Job submitted from host: <129.10.52.106:42847>
...
001 (10662.004.000) 08/31 21:16:18 Job executing on host: <10.1.255.243:43504>
...
006 (10662.004.000) 08/31 21:16:28 Image size of job updated: 45932
	33  -  MemoryUsage of job (MB)
	33776  -  ResidentSetSize of job (KB)
...
006 (10662.004.000) 08/31 21:21:28 Image size of job updated: 443268
	345  -  MemoryUsage of job (MB)
	353272  -  ResidentSetSize of job (KB)
...
006 (10662.004.000) 08/31 21:26:28 Image size of job updated: 443268
	398  -  MemoryUsage of job (MB)
	406828  -  ResidentSetSize of job (KB)
...
006 (10662.004.000) 08/31 21:31:29 Image size of job updated: 443268
	398  -  MemoryUsage of job (MB)
	406832  -  ResidentSetSize of job (KB)
...
006 (10662.004.000) 08/31 21:46:30 Image size of job updated: 446924
	401  -  MemoryUsage of job (MB)
	410448  -  ResidentSetSize of job (KB)
...
004 (10662.004.000) 08/31 23:16:37 Job was evicted.
	(0) Job was not checkpointed.
		Usr 0 02:00:06, Sys 0 00:00:00  -  Run Remote Usage
		Usr 0 00:00:00, Sys 0 00:00:00  -  Run Local Usage
	0  -  Run Bytes Sent By Job
	0  -  Run Bytes Received By Job
	Partitionable Resources :    Usage  Request          
	   Cpus                 :                 1          
	   Disk (KB)            :     7500     7500          
	   Memory (MB)          :      401      401          
...
009 (10662.004.000) 08/31 23:16:38 Job was aborted by the user.
	via condor_rm (by user amir)
...
000 (10664.004.000) 08/31 23:17:37 Job submitted from host: <129.10.52.106:42847>
...
001 (10664.004.000) 08/31 23:17:38 Job executing on host: <10.1.255.244:42701>
...
006 (10664.004.000) 08/31 23:17:46 Image size of job updated: 353840
	283  -  MemoryUsage of job (MB)
	288976  -  ResidentSetSize of job (KB)
...
005 (10664.004.000) 08/31 23:17:46 Job terminated.
	(1) Normal termination (return value 1)
		Usr 0 00:00:07, Sys 0 00:00:00  -  Run Remote Usage
		Usr 0 00:00:00, Sys 0 00:00:00  -  Run Local Usage
		Usr 0 00:00:07, Sys 0 00:00:00  -  Total Remote Usage
		Usr 0 00:00:00, Sys 0 00:00:00  -  Total Local Usage
	0  -  Run Bytes Sent By Job
	0  -  Run Bytes Received By Job
	0  -  Total Bytes Sent By Job
	0  -  Total Bytes Received By Job
	Partitionable Resources :    Usage  Request          
	   Cpus                 :                 1          
	   Disk (KB)            :     7500     7500          
	   Memory (MB)          :      283      283          
...
000 (10666.004.000) 08/31 23:29:12 Job submitted from host: <129.10.52.106:42847>
...
001 (10666.004.000) 08/31 23:29:14 Job executing on host: <10.1.255.249:47081>
...
006 (10666.004.000) 08/31 23:29:22 Image size of job updated: 26760
	15  -  MemoryUsage of job (MB)
	14600  -  ResidentSetSize of job (KB)
...
006 (10666.004.000) 08/31 23:34:22 Image size of job updated: 436488
	339  -  MemoryUsage of job (MB)
	346388  -  ResidentSetSize of job (KB)
...
004 (10666.004.000) 08/31 23:35:21 Job was evicted.
	(0) Job was not checkpointed.
		Usr 0 00:06:05, Sys 0 00:00:00  -  Run Remote Usage
		Usr 0 00:00:00, Sys 0 00:00:00  -  Run Local Usage
	0  -  Run Bytes Sent By Job
	0  -  Run Bytes Received By Job
	Partitionable Resources :    Usage  Request          
	   Cpus                 :                 1          
	   Disk (KB)            :     7500     7500          
	   Memory (MB)          :      339      339          
...
009 (10666.004.000) 08/31 23:35:22 Job was aborted by the user.
	via condor_rm (by user amir)
...
000 (10668.004.000) 08/31 23:35:57 Job submitted from host: <129.10.52.106:42847>
...
001 (10668.004.000) 08/31 23:35:57 Job executing on host: <10.1.255.242:42117>
...
006 (10668.004.000) 08/31 23:36:06 Image size of job updated: 45932
	33  -  MemoryUsage of job (MB)
	33764  -  ResidentSetSize of job (KB)
...
006 (10668.004.000) 08/31 23:41:06 Image size of job updated: 436488
	383  -  MemoryUsage of job (MB)
	391288  -  ResidentSetSize of job (KB)
...
006 (10668.004.000) 08/31 23:46:06 Image size of job updated: 436884
	392  -  MemoryUsage of job (MB)
	400388  -  ResidentSetSize of job (KB)
...
004 (10668.004.000) 09/01 01:05:55 Job was evicted.
	(0) Job was not checkpointed.
		Usr 0 01:29:48, Sys 0 00:00:00  -  Run Remote Usage
		Usr 0 00:00:00, Sys 0 00:00:00  -  Run Local Usage
	0  -  Run Bytes Sent By Job
	0  -  Run Bytes Received By Job
	Partitionable Resources :    Usage  Request          
	   Cpus                 :                 1          
	   Disk (KB)            :     7500     7500          
	   Memory (MB)          :      392      392          
...
009 (10668.004.000) 09/01 01:05:55 Job was aborted by the user.
	via condor_rm (by user amir)
...
000 (10670.004.000) 09/01 01:09:26 Job submitted from host: <129.10.52.106:42847>
...
001 (10670.004.000) 09/01 01:09:27 Job executing on host: <10.1.255.246:47592>
...
006 (10670.004.000) 09/01 01:09:35 Image size of job updated: 30232
	15  -  MemoryUsage of job (MB)
	14972  -  ResidentSetSize of job (KB)
...
006 (10670.004.000) 09/01 01:14:35 Image size of job updated: 454240
	400  -  MemoryUsage of job (MB)
	409504  -  ResidentSetSize of job (KB)
...
006 (10670.004.000) 09/01 01:29:37 Image size of job updated: 454240
	400  -  MemoryUsage of job (MB)
	409508  -  ResidentSetSize of job (KB)
...
006 (10670.004.000) 09/01 01:39:39 Image size of job updated: 458048
	404  -  MemoryUsage of job (MB)
	413336  -  ResidentSetSize of job (KB)
...
006 (10670.004.000) 09/01 02:44:44 Image size of job updated: 458048
	404  -  MemoryUsage of job (MB)
	413356  -  ResidentSetSize of job (KB)
...
006 (10670.004.000) 09/01 03:49:51 Image size of job updated: 458048
	404  -  MemoryUsage of job (MB)
	413380  -  ResidentSetSize of job (KB)
...
006 (10670.004.000) 09/01 06:00:02 Image size of job updated: 458180
	404  -  MemoryUsage of job (MB)
	413428  -  ResidentSetSize of job (KB)
...
006 (10670.004.000) 09/01 08:10:17 Image size of job updated: 458180
	404  -  MemoryUsage of job (MB)
	413436  -  ResidentSetSize of job (KB)
...
005 (10670.004.000) 09/01 10:09:43 Job terminated.
	(1) Normal termination (return value 0)
		Usr 0 08:59:07, Sys 0 00:00:00  -  Run Remote Usage
		Usr 0 00:00:00, Sys 0 00:00:00  -  Run Local Usage
		Usr 0 08:59:07, Sys 0 00:00:00  -  Total Remote Usage
		Usr 0 00:00:00, Sys 0 00:00:00  -  Total Local Usage
	0  -  Run Bytes Sent By Job
	0  -  Run Bytes Received By Job
	0  -  Total Bytes Sent By Job
	0  -  Total Bytes Received By Job
	Partitionable Resources :    Usage  Request          
	   Cpus                 :                 1          
	   Disk (KB)            :     7500     7500          
	   Memory (MB)          :      404      404          
...
000 (10672.004.000) 09/01 11:26:49 Job submitted from host: <129.10.52.106:42847>
...
001 (10672.004.000) 09/01 11:26:53 Job executing on host: <10.1.255.248:44088>
...
006 (10672.004.000) 09/01 11:27:01 Image size of job updated: 26892
	15  -  MemoryUsage of job (MB)
	14644  -  ResidentSetSize of job (KB)
...
006 (10672.004.000) 09/01 11:32:01 Image size of job updated: 454240
	400  -  MemoryUsage of job (MB)
	409512  -  ResidentSetSize of job (KB)
...
004 (10672.004.000) 09/01 11:39:45 Job was evicted.
	(0) Job was not checkpointed.
		Usr 0 00:12:50, Sys 0 00:00:00  -  Run Remote Usage
		Usr 0 00:00:00, Sys 0 00:00:00  -  Run Local Usage
	0  -  Run Bytes Sent By Job
	0  -  Run Bytes Received By Job
	Partitionable Resources :    Usage  Request          
	   Cpus                 :                 1          
	   Disk (KB)            :     7500     7500          
	   Memory (MB)          :      400      400          
...
009 (10672.004.000) 09/01 11:39:45 Job was aborted by the user.
	via condor_rm (by user amir)
...
000 (10674.004.000) 09/01 11:40:09 Job submitted from host: <129.10.52.106:42847>
...
001 (10674.004.000) 09/01 11:40:10 Job executing on host: <10.1.255.248:44088>
...
006 (10674.004.000) 09/01 11:40:18 Image size of job updated: 7500
	3  -  MemoryUsage of job (MB)
	2168  -  ResidentSetSize of job (KB)
...
006 (10674.004.000) 09/01 11:45:18 Image size of job updated: 454240
	408  -  MemoryUsage of job (MB)
	417716  -  ResidentSetSize of job (KB)
...
006 (10674.004.000) 09/01 11:55:20 Image size of job updated: 454240
	408  -  MemoryUsage of job (MB)
	417720  -  ResidentSetSize of job (KB)
...
006 (10674.004.000) 09/01 12:10:21 Image size of job updated: 458048
	412  -  MemoryUsage of job (MB)
	421548  -  ResidentSetSize of job (KB)
...
006 (10674.004.000) 09/01 13:15:27 Image size of job updated: 458048
	412  -  MemoryUsage of job (MB)
	421568  -  ResidentSetSize of job (KB)
...
006 (10674.004.000) 09/01 14:20:34 Image size of job updated: 458048
	412  -  MemoryUsage of job (MB)
	421592  -  ResidentSetSize of job (KB)
...
004 (10674.004.000) 09/01 15:34:52 Job was evicted.
	(0) Job was not checkpointed.
		Usr 0 03:54:19, Sys 0 00:00:00  -  Run Remote Usage
		Usr 0 00:00:00, Sys 0 00:00:00  -  Run Local Usage
	0  -  Run Bytes Sent By Job
	0  -  Run Bytes Received By Job
	Partitionable Resources :    Usage  Request          
	   Cpus                 :                 1          
	   Disk (KB)            :     7500     7500          
	   Memory (MB)          :      412      412          
...
009 (10674.004.000) 09/01 15:34:52 Job was aborted by the user.
	via condor_rm (by user amir)
...
000 (10676.004.000) 09/01 15:35:13 Job submitted from host: <129.10.52.106:42847>
...
001 (10676.004.000) 09/01 15:35:13 Job executing on host: <10.1.255.242:42117>
...
006 (10676.004.000) 09/01 15:35:22 Image size of job updated: 21436
	9  -  MemoryUsage of job (MB)
	9180  -  ResidentSetSize of job (KB)
...
006 (10676.004.000) 09/01 15:40:23 Image size of job updated: 454240
	341  -  MemoryUsage of job (MB)
	348348  -  ResidentSetSize of job (KB)
...
006 (10676.004.000) 09/01 15:45:23 Image size of job updated: 454240
	400  -  MemoryUsage of job (MB)
	409532  -  ResidentSetSize of job (KB)
...
006 (10676.004.000) 09/01 15:55:25 Image size of job updated: 454240
	400  -  MemoryUsage of job (MB)
	409536  -  ResidentSetSize of job (KB)
...
006 (10676.004.000) 09/01 16:05:26 Image size of job updated: 458048
	404  -  MemoryUsage of job (MB)
	413364  -  ResidentSetSize of job (KB)
...
004 (10676.004.000) 09/01 16:17:46 Job was evicted.
	(0) Job was not checkpointed.
		Usr 0 00:42:28, Sys 0 00:00:00  -  Run Remote Usage
		Usr 0 00:00:00, Sys 0 00:00:00  -  Run Local Usage
	0  -  Run Bytes Sent By Job
	0  -  Run Bytes Received By Job
	Partitionable Resources :    Usage  Request          
	   Cpus                 :                 1          
	   Disk (KB)            :     7500     7500          
	   Memory (MB)          :      404      404          
...
009 (10676.004.000) 09/01 16:17:47 Job was aborted by the user.
	via condor_rm (by user amir)
...
000 (10678.004.000) 09/01 16:18:01 Job submitted from host: <129.10.52.106:42847>
...
001 (10678.004.000) 09/01 16:18:02 Job executing on host: <10.1.255.243:43504>
...
006 (10678.004.000) 09/01 16:18:10 Image size of job updated: 20640
	9  -  MemoryUsage of job (MB)
	8380  -  ResidentSetSize of job (KB)
...
006 (10678.004.000) 09/01 16:23:10 Image size of job updated: 454240
	356  -  MemoryUsage of job (MB)
	364168  -  ResidentSetSize of job (KB)
...
006 (10678.004.000) 09/01 16:33:11 Image size of job updated: 454240
	369  -  MemoryUsage of job (MB)
	377044  -  ResidentSetSize of job (KB)
...
006 (10678.004.000) 09/01 16:38:11 Image size of job updated: 454240
	408  -  MemoryUsage of job (MB)
	417708  -  ResidentSetSize of job (KB)
...
006 (10678.004.000) 09/01 16:53:12 Image size of job updated: 458048
	412  -  MemoryUsage of job (MB)
	421536  -  ResidentSetSize of job (KB)
...
006 (10678.004.000) 09/01 17:08:13 Image size of job updated: 458048
	412  -  MemoryUsage of job (MB)
	421568  -  ResidentSetSize of job (KB)
...
006 (10678.004.000) 09/01 18:58:24 Image size of job updated: 458048
	412  -  MemoryUsage of job (MB)
	421588  -  ResidentSetSize of job (KB)
...
