
Sparse Cholesky Factorization
     Problem:         
     1 Processors
     Postpass partition size: 32
     16384 byte cache


true partitions
Fan-out, no block copy-across
LB domain, embedded distribution
No ordering
503 supers, 3.59 nodes/super, 135 max super
503/193 supers before/after
9795237/10681750 (1.09) ops before/after amalgamation
before partition
Divide for 1 P, 41 domains, 1.00 of work static, 1.00 eff, (inf overall)
0 total domain updates
409 max height, 10681750 ops, 8705.58 conc, 93.30 bl for 1 P
Target partition size 0, postpass size 32
Processor array is 1 by 1
No redistribution
Supers: 
Blocks: 
1 partitions
1 partitions, 0 blocks
10681750 operations for factorization

                            PROCESS STATISTICS
              Total
 Proc         Time 
    0            18
                            TIMING INFORMATION
Start time                        :       1438277166
Initialization finish time        :       1438277180
Overall finish time               :       1438277198
Total time with initialization    :               32
Total time without initialization :               18

