000 (10650.011.000) 08/31 10:25:39 Job submitted from host: <129.10.52.106:42847>
...
001 (10650.011.000) 08/31 10:25:54 Job executing on host: <10.1.255.244:42701>
...
006 (10650.011.000) 08/31 10:26:03 Image size of job updated: 95284
	16  -  MemoryUsage of job (MB)
	15980  -  ResidentSetSize of job (KB)
...
006 (10650.011.000) 08/31 10:26:08 Image size of job updated: 447600
	16  -  MemoryUsage of job (MB)
	15980  -  ResidentSetSize of job (KB)
...
005 (10650.011.000) 08/31 10:26:08 Job terminated.
	(1) Normal termination (return value 0)
		Usr 0 00:00:08, Sys 0 00:00:00  -  Run Remote Usage
		Usr 0 00:00:00, Sys 0 00:00:00  -  Run Local Usage
		Usr 0 00:00:08, Sys 0 00:00:00  -  Total Remote Usage
		Usr 0 00:00:00, Sys 0 00:00:00  -  Total Local Usage
	0  -  Run Bytes Sent By Job
	0  -  Run Bytes Received By Job
	0  -  Total Bytes Sent By Job
	0  -  Total Bytes Received By Job
	Partitionable Resources :    Usage  Request          
	   Cpus                 :                 1          
	   Disk (KB)            :     7500     7500          
	   Memory (MB)          :       16       16          
...
000 (10652.011.000) 08/31 19:51:14 Job submitted from host: <129.10.52.106:42847>
...
001 (10652.011.000) 08/31 19:51:22 Job executing on host: <10.1.255.249:47081>
...
006 (10652.011.000) 08/31 19:51:31 Image size of job updated: 45932
	33  -  MemoryUsage of job (MB)
	33748  -  ResidentSetSize of job (KB)
...
005 (10652.011.000) 08/31 19:51:34 Job terminated.
	(1) Normal termination (return value 0)
		Usr 0 00:00:03, Sys 0 00:00:00  -  Run Remote Usage
		Usr 0 00:00:00, Sys 0 00:00:00  -  Run Local Usage
		Usr 0 00:00:03, Sys 0 00:00:00  -  Total Remote Usage
		Usr 0 00:00:00, Sys 0 00:00:00  -  Total Local Usage
	0  -  Run Bytes Sent By Job
	0  -  Run Bytes Received By Job
	0  -  Total Bytes Sent By Job
	0  -  Total Bytes Received By Job
	Partitionable Resources :    Usage  Request          
	   Cpus                 :                 1          
	   Disk (KB)            :     7500     7500          
	   Memory (MB)          :       33       33          
...
000 (10654.011.000) 08/31 20:16:53 Job submitted from host: <129.10.52.106:42847>
...
001 (10654.011.000) 08/31 20:16:55 Job executing on host: <10.1.255.249:47081>
...
006 (10654.011.000) 08/31 20:17:03 Image size of job updated: 7500
	3  -  MemoryUsage of job (MB)
	2168  -  ResidentSetSize of job (KB)
...
006 (10654.011.000) 08/31 20:17:09 Image size of job updated: 445820
	3  -  MemoryUsage of job (MB)
	2168  -  ResidentSetSize of job (KB)
...
005 (10654.011.000) 08/31 20:17:09 Job terminated.
	(1) Normal termination (return value 0)
		Usr 0 00:00:13, Sys 0 00:00:00  -  Run Remote Usage
		Usr 0 00:00:00, Sys 0 00:00:00  -  Run Local Usage
		Usr 0 00:00:13, Sys 0 00:00:00  -  Total Remote Usage
		Usr 0 00:00:00, Sys 0 00:00:00  -  Total Local Usage
	0  -  Run Bytes Sent By Job
	0  -  Run Bytes Received By Job
	0  -  Total Bytes Sent By Job
	0  -  Total Bytes Received By Job
	Partitionable Resources :    Usage  Request          
	   Cpus                 :                 1          
	   Disk (KB)            :     7500     7500          
	   Memory (MB)          :        3        3          
...
000 (10656.011.000) 08/31 21:02:12 Job submitted from host: <129.10.52.106:42847>
...
001 (10656.011.000) 08/31 21:02:14 Job executing on host: <10.1.255.246:47592>
...
006 (10656.011.000) 08/31 21:02:22 Image size of job updated: 7500
	3  -  MemoryUsage of job (MB)
	2172  -  ResidentSetSize of job (KB)
...
006 (10656.011.000) 08/31 21:02:28 Image size of job updated: 54352
	3  -  MemoryUsage of job (MB)
	2172  -  ResidentSetSize of job (KB)
...
005 (10656.011.000) 08/31 21:02:28 Job terminated.
	(1) Normal termination (return value 0)
		Usr 0 00:00:13, Sys 0 00:00:00  -  Run Remote Usage
		Usr 0 00:00:00, Sys 0 00:00:00  -  Run Local Usage
		Usr 0 00:00:13, Sys 0 00:00:00  -  Total Remote Usage
		Usr 0 00:00:00, Sys 0 00:00:00  -  Total Local Usage
	0  -  Run Bytes Sent By Job
	0  -  Run Bytes Received By Job
	0  -  Total Bytes Sent By Job
	0  -  Total Bytes Received By Job
	Partitionable Resources :    Usage  Request          
	   Cpus                 :                 1          
	   Disk (KB)            :     7500     7500          
	   Memory (MB)          :        3        3          
...
000 (10658.011.000) 08/31 21:08:37 Job submitted from host: <129.10.52.106:42847>
...
001 (10658.011.000) 08/31 21:08:56 Job executing on host: <10.1.255.246:47592>
...
006 (10658.011.000) 08/31 21:09:04 Image size of job updated: 45932
	33  -  MemoryUsage of job (MB)
	33772  -  ResidentSetSize of job (KB)
...
005 (10658.011.000) 08/31 21:09:10 Job terminated.
	(1) Normal termination (return value 0)
		Usr 0 00:00:01, Sys 0 00:00:00  -  Run Remote Usage
		Usr 0 00:00:00, Sys 0 00:00:00  -  Run Local Usage
		Usr 0 00:00:01, Sys 0 00:00:00  -  Total Remote Usage
		Usr 0 00:00:00, Sys 0 00:00:00  -  Total Local Usage
	0  -  Run Bytes Sent By Job
	0  -  Run Bytes Received By Job
	0  -  Total Bytes Sent By Job
	0  -  Total Bytes Received By Job
	Partitionable Resources :    Usage  Request          
	   Cpus                 :                 1          
	   Disk (KB)            :     7500     7500          
	   Memory (MB)          :       33       33          
...
000 (10660.011.000) 08/31 21:09:35 Job submitted from host: <129.10.52.106:42847>
...
001 (10660.011.000) 08/31 21:09:36 Job executing on host: <10.1.255.239:44818>
...
006 (10660.011.000) 08/31 21:09:44 Image size of job updated: 22232
	10  -  MemoryUsage of job (MB)
	10048  -  ResidentSetSize of job (KB)
...
005 (10660.011.000) 08/31 21:09:44 Job terminated.
	(1) Normal termination (return value 0)
		Usr 0 00:00:00, Sys 0 00:00:00  -  Run Remote Usage
		Usr 0 00:00:00, Sys 0 00:00:00  -  Run Local Usage
		Usr 0 00:00:00, Sys 0 00:00:00  -  Total Remote Usage
		Usr 0 00:00:00, Sys 0 00:00:00  -  Total Local Usage
	0  -  Run Bytes Sent By Job
	0  -  Run Bytes Received By Job
	0  -  Total Bytes Sent By Job
	0  -  Total Bytes Received By Job
	Partitionable Resources :    Usage  Request          
	   Cpus                 :                 1          
	   Disk (KB)            :     7500     7500          
	   Memory (MB)          :       10       10          
...
000 (10662.011.000) 08/31 21:16:12 Job submitted from host: <129.10.52.106:42847>
...
001 (10662.011.000) 08/31 21:16:19 Job executing on host: <10.1.255.246:47592>
...
006 (10662.011.000) 08/31 21:16:28 Image size of job updated: 7500
	3  -  MemoryUsage of job (MB)
	2168  -  ResidentSetSize of job (KB)
...
005 (10662.011.000) 08/31 21:16:33 Job terminated.
	(1) Normal termination (return value 0)
		Usr 0 00:00:00, Sys 0 00:00:00  -  Run Remote Usage
		Usr 0 00:00:00, Sys 0 00:00:00  -  Run Local Usage
		Usr 0 00:00:00, Sys 0 00:00:00  -  Total Remote Usage
		Usr 0 00:00:00, Sys 0 00:00:00  -  Total Local Usage
	0  -  Run Bytes Sent By Job
	0  -  Run Bytes Received By Job
	0  -  Total Bytes Sent By Job
	0  -  Total Bytes Received By Job
	Partitionable Resources :    Usage  Request          
	   Cpus                 :                 1          
	   Disk (KB)            :     7500     7500          
	   Memory (MB)          :        3        3          
...
000 (10664.011.000) 08/31 23:17:37 Job submitted from host: <129.10.52.106:42847>
...
001 (10664.011.000) 08/31 23:17:38 Job executing on host: <10.1.255.245:47081>
...
006 (10664.011.000) 08/31 23:17:46 Image size of job updated: 28060
	0  -  MemoryUsage of job (MB)
	0  -  ResidentSetSize of job (KB)
...
005 (10664.011.000) 08/31 23:17:47 Job terminated.
	(1) Normal termination (return value 1)
		Usr 0 00:00:07, Sys 0 00:00:00  -  Run Remote Usage
		Usr 0 00:00:00, Sys 0 00:00:00  -  Run Local Usage
		Usr 0 00:00:07, Sys 0 00:00:00  -  Total Remote Usage
		Usr 0 00:00:00, Sys 0 00:00:00  -  Total Local Usage
	0  -  Run Bytes Sent By Job
	0  -  Run Bytes Received By Job
	0  -  Total Bytes Sent By Job
	0  -  Total Bytes Received By Job
	Partitionable Resources :    Usage  Request          
	   Cpus                 :                 1          
	   Disk (KB)            :     7500     7500          
	   Memory (MB)          :        0        0          
...
000 (10666.011.000) 08/31 23:29:12 Job submitted from host: <129.10.52.106:42847>
...
001 (10666.011.000) 08/31 23:29:14 Job executing on host: <10.1.255.248:44088>
...
006 (10666.011.000) 08/31 23:29:23 Image size of job updated: 45932
	33  -  MemoryUsage of job (MB)
	33760  -  ResidentSetSize of job (KB)
...
005 (10666.011.000) 08/31 23:29:28 Job terminated.
	(1) Normal termination (return value 0)
		Usr 0 00:00:01, Sys 0 00:00:00  -  Run Remote Usage
		Usr 0 00:00:00, Sys 0 00:00:00  -  Run Local Usage
		Usr 0 00:00:01, Sys 0 00:00:00  -  Total Remote Usage
		Usr 0 00:00:00, Sys 0 00:00:00  -  Total Local Usage
	0  -  Run Bytes Sent By Job
	0  -  Run Bytes Received By Job
	0  -  Total Bytes Sent By Job
	0  -  Total Bytes Received By Job
	Partitionable Resources :    Usage  Request          
	   Cpus                 :                 1          
	   Disk (KB)            :     7500     7500          
	   Memory (MB)          :       33       33          
...
000 (10668.011.000) 08/31 23:35:57 Job submitted from host: <129.10.52.106:42847>
...
001 (10668.011.000) 08/31 23:35:58 Job executing on host: <10.1.255.253:43139>
...
006 (10668.011.000) 08/31 23:36:07 Image size of job updated: 424316
	327  -  MemoryUsage of job (MB)
	334244  -  ResidentSetSize of job (KB)
...
005 (10668.011.000) 08/31 23:36:12 Job terminated.
	(1) Normal termination (return value 0)
		Usr 0 00:00:07, Sys 0 00:00:00  -  Run Remote Usage
		Usr 0 00:00:00, Sys 0 00:00:00  -  Run Local Usage
		Usr 0 00:00:07, Sys 0 00:00:00  -  Total Remote Usage
		Usr 0 00:00:00, Sys 0 00:00:00  -  Total Local Usage
	0  -  Run Bytes Sent By Job
	0  -  Run Bytes Received By Job
	0  -  Total Bytes Sent By Job
	0  -  Total Bytes Received By Job
	Partitionable Resources :    Usage  Request          
	   Cpus                 :                 1          
	   Disk (KB)            :     7500     7500          
	   Memory (MB)          :      327      327          
...
000 (10670.011.000) 09/01 01:09:26 Job submitted from host: <129.10.52.106:42847>
...
001 (10670.011.000) 09/01 01:09:27 Job executing on host: <10.1.255.248:44088>
...
006 (10670.011.000) 09/01 01:09:36 Image size of job updated: 20908
	9  -  MemoryUsage of job (MB)
	8748  -  ResidentSetSize of job (KB)
...
006 (10670.011.000) 09/01 01:09:41 Image size of job updated: 447620
	9  -  MemoryUsage of job (MB)
	8748  -  ResidentSetSize of job (KB)
...
005 (10670.011.000) 09/01 01:09:41 Job terminated.
	(1) Normal termination (return value 0)
		Usr 0 00:00:11, Sys 0 00:00:00  -  Run Remote Usage
		Usr 0 00:00:00, Sys 0 00:00:00  -  Run Local Usage
		Usr 0 00:00:11, Sys 0 00:00:00  -  Total Remote Usage
		Usr 0 00:00:00, Sys 0 00:00:00  -  Total Local Usage
	0  -  Run Bytes Sent By Job
	0  -  Run Bytes Received By Job
	0  -  Total Bytes Sent By Job
	0  -  Total Bytes Received By Job
	Partitionable Resources :    Usage  Request          
	   Cpus                 :                 1          
	   Disk (KB)            :     7500     7500          
	   Memory (MB)          :        9        9          
...
