
; Multi2Sim 4.2 - A Simulation Framework for CPU-GPU Heterogeneous Computing
; Please use command 'm2s --help' for a list of command-line options.
; Simulation alpha-numeric ID: hrbTB


;
; Simulation Statistics Summary
;

[ General ]
RealTime = 1175.16 [s]
SimEnd = ContextsFinished
SimTime = 327678.00 [ns]
Frequency = 1000 [MHz]
Cycles = 327679

[ SouthernIslands ]
RealTime = 0.00 [s]
Instructions = 1139712
InstructionsPerSecond = 0
NDRangeCount = 1
WorkGroupCount = 256
BranchInstructions = 0
LDSInstructions = 0
ScalarALUInstructions = 13312
ScalarMemInstructions = 9216
VectorALUInstructions = 1105920
VectorMemInstructions = 11264
SimTime = 327520.30 [ns]
Frequency = 925 [MHz]
Cycles = 302979
CyclesPerSecond = 0

[ x86 ]
RealTime = 14.53 [s]
Instructions = 22347556
InstructionsPerSecond = 1538403
Contexts = 2
Memory = 35782656

Warning: empty y range [0:0], adjusting to [0:1]
