000 (10649.001.000) 08/30 23:02:21 Job submitted from host: <129.10.52.106:42847>
...
001 (10649.001.000) 08/30 23:02:40 Job executing on host: <10.1.255.248:44088>
...
006 (10649.001.000) 08/30 23:02:49 Image size of job updated: 30236
	13  -  MemoryUsage of job (MB)
	12344  -  ResidentSetSize of job (KB)
...
006 (10649.001.000) 08/30 23:07:50 Image size of job updated: 1665304
	1364  -  MemoryUsage of job (MB)
	1396080  -  ResidentSetSize of job (KB)
...
006 (10649.001.000) 08/30 23:12:50 Image size of job updated: 1670320
	1369  -  MemoryUsage of job (MB)
	1401244  -  ResidentSetSize of job (KB)
...
006 (10649.001.000) 08/30 23:17:51 Image size of job updated: 1675336
	1374  -  MemoryUsage of job (MB)
	1406972  -  ResidentSetSize of job (KB)
...
006 (10649.001.000) 08/30 23:22:52 Image size of job updated: 1675336
	1377  -  MemoryUsage of job (MB)
	1409372  -  ResidentSetSize of job (KB)
...
006 (10649.001.000) 08/30 23:27:52 Image size of job updated: 1675336
	1393  -  MemoryUsage of job (MB)
	1425936  -  ResidentSetSize of job (KB)
...
006 (10649.001.000) 08/30 23:32:52 Image size of job updated: 1675336
	1428  -  MemoryUsage of job (MB)
	1462144  -  ResidentSetSize of job (KB)
...
006 (10649.001.000) 08/30 23:37:53 Image size of job updated: 1675336
	1432  -  MemoryUsage of job (MB)
	1466072  -  ResidentSetSize of job (KB)
...
006 (10649.001.000) 08/30 23:42:53 Image size of job updated: 1675336
	1432  -  MemoryUsage of job (MB)
	1466144  -  ResidentSetSize of job (KB)
...
006 (10649.001.000) 08/30 23:47:53 Image size of job updated: 1675336
	1432  -  MemoryUsage of job (MB)
	1466360  -  ResidentSetSize of job (KB)
...
006 (10649.001.000) 08/30 23:52:54 Image size of job updated: 1675336
	1433  -  MemoryUsage of job (MB)
	1466444  -  ResidentSetSize of job (KB)
...
006 (10649.001.000) 08/30 23:57:55 Image size of job updated: 1675336
	1435  -  MemoryUsage of job (MB)
	1468508  -  ResidentSetSize of job (KB)
...
006 (10649.001.000) 08/31 00:02:55 Image size of job updated: 1675336
	1437  -  MemoryUsage of job (MB)
	1470564  -  ResidentSetSize of job (KB)
...
006 (10649.001.000) 08/31 00:07:56 Image size of job updated: 1675336
	1509  -  MemoryUsage of job (MB)
	1544292  -  ResidentSetSize of job (KB)
...
006 (10649.001.000) 08/31 00:12:57 Image size of job updated: 1675336
	1525  -  MemoryUsage of job (MB)
	1560676  -  ResidentSetSize of job (KB)
...
006 (10649.001.000) 08/31 00:17:57 Image size of job updated: 1675336
	1529  -  MemoryUsage of job (MB)
	1564772  -  ResidentSetSize of job (KB)
...
006 (10649.001.000) 08/31 00:32:58 Image size of job updated: 1675336
	1589  -  MemoryUsage of job (MB)
	1626212  -  ResidentSetSize of job (KB)
...
006 (10649.001.000) 08/31 00:48:00 Image size of job updated: 1675336
	1593  -  MemoryUsage of job (MB)
	1630632  -  ResidentSetSize of job (KB)
...
005 (10649.001.000) 08/31 00:52:32 Job terminated.
	(1) Normal termination (return value 0)
		Usr 0 01:49:32, Sys 0 00:00:00  -  Run Remote Usage
		Usr 0 00:00:00, Sys 0 00:00:00  -  Run Local Usage
		Usr 0 01:49:32, Sys 0 00:00:00  -  Total Remote Usage
		Usr 0 00:00:00, Sys 0 00:00:00  -  Total Local Usage
	0  -  Run Bytes Sent By Job
	0  -  Run Bytes Received By Job
	0  -  Total Bytes Sent By Job
	0  -  Total Bytes Received By Job
	Partitionable Resources :    Usage  Request          
	   Cpus                 :                 1          
	   Disk (KB)            :     7500     7500          
	   Memory (MB)          :     1593     1593          
...
000 (10651.001.000) 08/31 10:26:00 Job submitted from host: <129.10.52.106:42847>
...
001 (10651.001.000) 08/31 10:26:08 Job executing on host: <10.1.255.244:42701>
...
006 (10651.001.000) 08/31 10:26:17 Image size of job updated: 46008
	34  -  MemoryUsage of job (MB)
	33844  -  ResidentSetSize of job (KB)
...
006 (10651.001.000) 08/31 10:31:18 Image size of job updated: 1663260
	1364  -  MemoryUsage of job (MB)
	1395832  -  ResidentSetSize of job (KB)
...
006 (10651.001.000) 08/31 10:36:18 Image size of job updated: 1668276
	1375  -  MemoryUsage of job (MB)
	1406992  -  ResidentSetSize of job (KB)
...
006 (10651.001.000) 08/31 10:41:18 Image size of job updated: 1672500
	1379  -  MemoryUsage of job (MB)
	1411612  -  ResidentSetSize of job (KB)
...
006 (10651.001.000) 08/31 10:46:18 Image size of job updated: 1674216
	1381  -  MemoryUsage of job (MB)
	1413748  -  ResidentSetSize of job (KB)
...
006 (10651.001.000) 08/31 10:51:19 Image size of job updated: 1674216
	1381  -  MemoryUsage of job (MB)
	1413972  -  ResidentSetSize of job (KB)
...
006 (10651.001.000) 08/31 10:56:20 Image size of job updated: 1674216
	1387  -  MemoryUsage of job (MB)
	1419672  -  ResidentSetSize of job (KB)
...
006 (10651.001.000) 08/31 11:01:20 Image size of job updated: 1674216
	1422  -  MemoryUsage of job (MB)
	1455800  -  ResidentSetSize of job (KB)
...
006 (10651.001.000) 08/31 11:06:21 Image size of job updated: 1674216
	1437  -  MemoryUsage of job (MB)
	1470804  -  ResidentSetSize of job (KB)
...
006 (10651.001.000) 08/31 11:11:22 Image size of job updated: 1674216
	1437  -  MemoryUsage of job (MB)
	1470876  -  ResidentSetSize of job (KB)
...
006 (10651.001.000) 08/31 11:16:22 Image size of job updated: 1674216
	1437  -  MemoryUsage of job (MB)
	1471080  -  ResidentSetSize of job (KB)
...
006 (10651.001.000) 08/31 11:21:22 Image size of job updated: 1674216
	1439  -  MemoryUsage of job (MB)
	1473192  -  ResidentSetSize of job (KB)
...
006 (10651.001.000) 08/31 11:26:23 Image size of job updated: 1674216
	1441  -  MemoryUsage of job (MB)
	1475256  -  ResidentSetSize of job (KB)
...
006 (10651.001.000) 08/31 11:31:24 Image size of job updated: 1674216
	1461  -  MemoryUsage of job (MB)
	1495736  -  ResidentSetSize of job (KB)
...
006 (10651.001.000) 08/31 11:36:24 Image size of job updated: 1674216
	1536  -  MemoryUsage of job (MB)
	1572152  -  ResidentSetSize of job (KB)
...
006 (10651.001.000) 08/31 11:46:25 Image size of job updated: 1674216
	1538  -  MemoryUsage of job (MB)
	1574200  -  ResidentSetSize of job (KB)
...
006 (10651.001.000) 08/31 11:56:25 Image size of job updated: 1674216
	1592  -  MemoryUsage of job (MB)
	1629496  -  ResidentSetSize of job (KB)
...
005 (10651.001.000) 08/31 12:15:53 Job terminated.
	(1) Normal termination (return value 0)
		Usr 0 01:49:27, Sys 0 00:00:00  -  Run Remote Usage
		Usr 0 00:00:00, Sys 0 00:00:00  -  Run Local Usage
		Usr 0 01:49:27, Sys 0 00:00:00  -  Total Remote Usage
		Usr 0 00:00:00, Sys 0 00:00:00  -  Total Local Usage
	0  -  Run Bytes Sent By Job
	0  -  Run Bytes Received By Job
	0  -  Total Bytes Sent By Job
	0  -  Total Bytes Received By Job
	Partitionable Resources :    Usage  Request          
	   Cpus                 :                 1          
	   Disk (KB)            :     7500     7500          
	   Memory (MB)          :     1592     1592          
...
000 (10653.001.000) 08/31 19:52:09 Job submitted from host: <129.10.52.106:42847>
...
001 (10653.001.000) 08/31 19:52:10 Job executing on host: <10.1.255.246:47592>
...
006 (10653.001.000) 08/31 19:52:18 Image size of job updated: 16048
	4  -  MemoryUsage of job (MB)
	3156  -  ResidentSetSize of job (KB)
...
006 (10653.001.000) 08/31 19:54:11 Image size of job updated: 246308
	4  -  MemoryUsage of job (MB)
	3156  -  ResidentSetSize of job (KB)
...
005 (10653.001.000) 08/31 19:54:11 Job terminated.
	(1) Normal termination (return value 0)
		Usr 0 00:01:58, Sys 0 00:00:00  -  Run Remote Usage
		Usr 0 00:00:00, Sys 0 00:00:00  -  Run Local Usage
		Usr 0 00:01:58, Sys 0 00:00:00  -  Total Remote Usage
		Usr 0 00:00:00, Sys 0 00:00:00  -  Total Local Usage
	0  -  Run Bytes Sent By Job
	0  -  Run Bytes Received By Job
	0  -  Total Bytes Sent By Job
	0  -  Total Bytes Received By Job
	Partitionable Resources :    Usage  Request          
	   Cpus                 :                 1          
	   Disk (KB)            :     7500     7500          
	   Memory (MB)          :        4        4          
...
000 (10655.001.000) 08/31 20:17:22 Job submitted from host: <129.10.52.106:42847>
...
001 (10655.001.000) 08/31 20:17:22 Job executing on host: <10.1.255.242:42117>
...
006 (10655.001.000) 08/31 20:17:32 Image size of job updated: 95284
	6  -  MemoryUsage of job (MB)
	5384  -  ResidentSetSize of job (KB)
...
006 (10655.001.000) 08/31 20:22:32 Image size of job updated: 614428
	534  -  MemoryUsage of job (MB)
	546724  -  ResidentSetSize of job (KB)
...
006 (10655.001.000) 08/31 20:27:32 Image size of job updated: 625252
	571  -  MemoryUsage of job (MB)
	584572  -  ResidentSetSize of job (KB)
...
006 (10655.001.000) 08/31 20:32:33 Image size of job updated: 631060
	583  -  MemoryUsage of job (MB)
	596564  -  ResidentSetSize of job (KB)
...
006 (10655.001.000) 08/31 20:42:34 Image size of job updated: 631060
	589  -  MemoryUsage of job (MB)
	602708  -  ResidentSetSize of job (KB)
...
005 (10655.001.000) 08/31 20:51:51 Job terminated.
	(1) Normal termination (return value 0)
		Usr 0 00:34:19, Sys 0 00:00:00  -  Run Remote Usage
		Usr 0 00:00:00, Sys 0 00:00:00  -  Run Local Usage
		Usr 0 00:34:19, Sys 0 00:00:00  -  Total Remote Usage
		Usr 0 00:00:00, Sys 0 00:00:00  -  Total Local Usage
	0  -  Run Bytes Sent By Job
	0  -  Run Bytes Received By Job
	0  -  Total Bytes Sent By Job
	0  -  Total Bytes Received By Job
	Partitionable Resources :    Usage  Request          
	   Cpus                 :                 1          
	   Disk (KB)            :     7500     7500          
	   Memory (MB)          :      589      589          
...
000 (10657.001.000) 08/31 21:02:22 Job submitted from host: <129.10.52.106:42847>
...
001 (10657.001.000) 08/31 21:02:28 Job executing on host: <10.1.255.246:47592>
...
006 (10657.001.000) 08/31 21:02:37 Image size of job updated: 7500
	3  -  MemoryUsage of job (MB)
	2168  -  ResidentSetSize of job (KB)
...
006 (10657.001.000) 08/31 21:07:38 Image size of job updated: 254516
	237  -  MemoryUsage of job (MB)
	242596  -  ResidentSetSize of job (KB)
...
000 (10659.001.000) 08/31 21:08:49 Job submitted from host: <129.10.52.106:42847>
...
001 (10659.001.000) 08/31 21:09:10 Job executing on host: <10.1.255.246:47592>
...
006 (10659.001.000) 08/31 21:09:19 Image size of job updated: 100016
	78  -  MemoryUsage of job (MB)
	78996  -  ResidentSetSize of job (KB)
...
006 (10657.001.000) 08/31 21:09:20 Image size of job updated: 261512
	237  -  MemoryUsage of job (MB)
	242596  -  ResidentSetSize of job (KB)
...
004 (10657.001.000) 08/31 21:09:20 Job was evicted.
	(0) Job was not checkpointed.
		Usr 0 00:06:50, Sys 0 00:00:00  -  Run Remote Usage
		Usr 0 00:00:00, Sys 0 00:00:00  -  Run Local Usage
	0  -  Run Bytes Sent By Job
	0  -  Run Bytes Received By Job
	Partitionable Resources :    Usage  Request          
	   Cpus                 :                 1          
	   Disk (KB)            :     7500     7500          
	   Memory (MB)          :      237      237          
...
006 (10659.001.000) 08/31 21:09:21 Image size of job updated: 103712
	78  -  MemoryUsage of job (MB)
	78996  -  ResidentSetSize of job (KB)
...
004 (10659.001.000) 08/31 21:09:21 Job was evicted.
	(0) Job was not checkpointed.
		Usr 0 00:00:10, Sys 0 00:00:00  -  Run Remote Usage
		Usr 0 00:00:00, Sys 0 00:00:00  -  Run Local Usage
	0  -  Run Bytes Sent By Job
	0  -  Run Bytes Received By Job
	Partitionable Resources :    Usage  Request          
	   Cpus                 :                 1          
	   Disk (KB)            :     7500     7500          
	   Memory (MB)          :       78       78          
...
009 (10657.001.000) 08/31 21:09:21 Job was aborted by the user.
	via condor_rm (by user amir)
...
009 (10659.001.000) 08/31 21:09:21 Job was aborted by the user.
	via condor_rm (by user amir)
...
000 (10661.001.000) 08/31 21:09:44 Job submitted from host: <129.10.52.106:42847>
...
001 (10661.001.000) 08/31 21:09:56 Job executing on host: <10.1.255.239:44818>
...
006 (10661.001.000) 08/31 21:10:05 Image size of job updated: 38132
	26  -  MemoryUsage of job (MB)
	26056  -  ResidentSetSize of job (KB)
...
006 (10661.001.000) 08/31 21:15:06 Image size of job updated: 261644
	241  -  MemoryUsage of job (MB)
	246084  -  ResidentSetSize of job (KB)
...
006 (10661.001.000) 08/31 21:15:48 Image size of job updated: 267056
	241  -  MemoryUsage of job (MB)
	246084  -  ResidentSetSize of job (KB)
...
004 (10661.001.000) 08/31 21:15:48 Job was evicted.
	(0) Job was not checkpointed.
		Usr 0 00:05:48, Sys 0 00:00:00  -  Run Remote Usage
		Usr 0 00:00:00, Sys 0 00:00:00  -  Run Local Usage
	0  -  Run Bytes Sent By Job
	0  -  Run Bytes Received By Job
	Partitionable Resources :    Usage  Request          
	   Cpus                 :                 1          
	   Disk (KB)            :     7500     7500          
	   Memory (MB)          :      241      241          
...
009 (10661.001.000) 08/31 21:15:49 Job was aborted by the user.
	via condor_rm (by user amir)
...
000 (10663.001.000) 08/31 21:16:22 Job submitted from host: <129.10.52.106:42847>
...
001 (10663.001.000) 08/31 21:16:33 Job executing on host: <10.1.255.246:47592>
...
006 (10663.001.000) 08/31 21:16:42 Image size of job updated: 46008
	34  -  MemoryUsage of job (MB)
	33840  -  ResidentSetSize of job (KB)
...
006 (10663.001.000) 08/31 21:21:43 Image size of job updated: 253988
	237  -  MemoryUsage of job (MB)
	242000  -  ResidentSetSize of job (KB)
...
006 (10663.001.000) 08/31 21:26:43 Image size of job updated: 269168
	252  -  MemoryUsage of job (MB)
	257284  -  ResidentSetSize of job (KB)
...
006 (10663.001.000) 08/31 21:31:44 Image size of job updated: 285140
	267  -  MemoryUsage of job (MB)
	273248  -  ResidentSetSize of job (KB)
...
006 (10663.001.000) 08/31 21:36:45 Image size of job updated: 297020
	279  -  MemoryUsage of job (MB)
	285056  -  ResidentSetSize of job (KB)
...
006 (10663.001.000) 08/31 21:41:45 Image size of job updated: 304016
	286  -  MemoryUsage of job (MB)
	292132  -  ResidentSetSize of job (KB)
...
006 (10663.001.000) 08/31 21:46:45 Image size of job updated: 309296
	291  -  MemoryUsage of job (MB)
	297328  -  ResidentSetSize of job (KB)
...
006 (10663.001.000) 08/31 22:11:49 Image size of job updated: 309296
	291  -  MemoryUsage of job (MB)
	297344  -  ResidentSetSize of job (KB)
...
005 (10663.001.000) 08/31 22:53:06 Job terminated.
	(1) Normal termination (return value 0)
		Usr 0 01:36:23, Sys 0 00:00:00  -  Run Remote Usage
		Usr 0 00:00:00, Sys 0 00:00:00  -  Run Local Usage
		Usr 0 01:36:23, Sys 0 00:00:00  -  Total Remote Usage
		Usr 0 00:00:00, Sys 0 00:00:00  -  Total Local Usage
	0  -  Run Bytes Sent By Job
	0  -  Run Bytes Received By Job
	0  -  Total Bytes Sent By Job
	0  -  Total Bytes Received By Job
	Partitionable Resources :    Usage  Request          
	   Cpus                 :                 1          
	   Disk (KB)            :     7500     7500          
	   Memory (MB)          :      291      291          
...
000 (10665.001.000) 08/31 23:17:47 Job submitted from host: <129.10.52.106:42847>
...
001 (10665.001.000) 08/31 23:17:58 Job executing on host: <10.1.255.253:43139>
...
006 (10665.001.000) 08/31 23:18:06 Image size of job updated: 95280
	0  -  MemoryUsage of job (MB)
	0  -  ResidentSetSize of job (KB)
...
005 (10665.001.000) 08/31 23:18:06 Job terminated.
	(1) Normal termination (return value 1)
		Usr 0 00:00:07, Sys 0 00:00:00  -  Run Remote Usage
		Usr 0 00:00:00, Sys 0 00:00:00  -  Run Local Usage
		Usr 0 00:00:07, Sys 0 00:00:00  -  Total Remote Usage
		Usr 0 00:00:00, Sys 0 00:00:00  -  Total Local Usage
	0  -  Run Bytes Sent By Job
	0  -  Run Bytes Received By Job
	0  -  Total Bytes Sent By Job
	0  -  Total Bytes Received By Job
	Partitionable Resources :    Usage  Request          
	   Cpus                 :                 1          
	   Disk (KB)            :     7500     7500          
	   Memory (MB)          :        0        0          
...
000 (10667.001.000) 08/31 23:29:22 Job submitted from host: <129.10.52.106:42847>
...
001 (10667.001.000) 08/31 23:29:29 Job executing on host: <10.1.255.248:44088>
...
006 (10667.001.000) 08/31 23:29:37 Image size of job updated: 46020
	34  -  MemoryUsage of job (MB)
	33860  -  ResidentSetSize of job (KB)
...
006 (10667.001.000) 08/31 23:29:56 Image size of job updated: 270552
	34  -  MemoryUsage of job (MB)
	33860  -  ResidentSetSize of job (KB)
...
005 (10667.001.000) 08/31 23:29:56 Job terminated.
	(1) Normal termination (return value 1)
		Usr 0 00:00:16, Sys 0 00:00:00  -  Run Remote Usage
		Usr 0 00:00:00, Sys 0 00:00:00  -  Run Local Usage
		Usr 0 00:00:16, Sys 0 00:00:00  -  Total Remote Usage
		Usr 0 00:00:00, Sys 0 00:00:00  -  Total Local Usage
	0  -  Run Bytes Sent By Job
	0  -  Run Bytes Received By Job
	0  -  Total Bytes Sent By Job
	0  -  Total Bytes Received By Job
	Partitionable Resources :    Usage  Request          
	   Cpus                 :                 1          
	   Disk (KB)            :     7500     7500          
	   Memory (MB)          :       34       34          
...
000 (10669.001.000) 08/31 23:36:08 Job submitted from host: <129.10.52.106:42847>
...
001 (10669.001.000) 08/31 23:36:18 Job executing on host: <10.1.255.251:40584>
...
006 (10669.001.000) 08/31 23:36:27 Image size of job updated: 46020
	24  -  MemoryUsage of job (MB)
	24436  -  ResidentSetSize of job (KB)
...
006 (10669.001.000) 08/31 23:41:28 Image size of job updated: 474032
	418  -  MemoryUsage of job (MB)
	427784  -  ResidentSetSize of job (KB)
...
006 (10669.001.000) 08/31 23:46:28 Image size of job updated: 509276
	480  -  MemoryUsage of job (MB)
	490932  -  ResidentSetSize of job (KB)
...
006 (10669.001.000) 08/31 23:51:28 Image size of job updated: 510068
	481  -  MemoryUsage of job (MB)
	491896  -  ResidentSetSize of job (KB)
...
005 (10669.001.000) 08/31 23:55:30 Job terminated.
	(1) Normal termination (return value 0)
		Usr 0 00:17:12, Sys 0 00:00:00  -  Run Remote Usage
		Usr 0 00:00:00, Sys 0 00:00:00  -  Run Local Usage
		Usr 0 00:17:12, Sys 0 00:00:00  -  Total Remote Usage
		Usr 0 00:00:00, Sys 0 00:00:00  -  Total Local Usage
	0  -  Run Bytes Sent By Job
	0  -  Run Bytes Received By Job
	0  -  Total Bytes Sent By Job
	0  -  Total Bytes Received By Job
	Partitionable Resources :    Usage  Request          
	   Cpus                 :                 1          
	   Disk (KB)            :     7500     7500          
	   Memory (MB)          :      481      481          
...
000 (10671.001.000) 09/01 01:09:36 Job submitted from host: <129.10.52.106:42847>
...
001 (10671.001.000) 09/01 01:09:47 Job executing on host: <10.1.255.242:42117>
...
006 (10671.001.000) 09/01 01:09:56 Image size of job updated: 7500
	3  -  MemoryUsage of job (MB)
	2168  -  ResidentSetSize of job (KB)
...
006 (10671.001.000) 09/01 01:14:57 Image size of job updated: 1910156
	1578  -  MemoryUsage of job (MB)
	1614944  -  ResidentSetSize of job (KB)
...
006 (10671.001.000) 09/01 01:19:57 Image size of job updated: 1917020
	1585  -  MemoryUsage of job (MB)
	1622732  -  ResidentSetSize of job (KB)
...
006 (10671.001.000) 09/01 01:24:58 Image size of job updated: 1917020
	1589  -  MemoryUsage of job (MB)
	1626852  -  ResidentSetSize of job (KB)
...
006 (10671.001.000) 09/01 01:29:59 Image size of job updated: 1917020
	1593  -  MemoryUsage of job (MB)
	1630216  -  ResidentSetSize of job (KB)
...
006 (10671.001.000) 09/01 01:34:59 Image size of job updated: 1917020
	1701  -  MemoryUsage of job (MB)
	1741576  -  ResidentSetSize of job (KB)
...
005 (10671.001.000) 09/01 01:39:53 Job terminated.
	(1) Normal termination (return value 0)
		Usr 0 00:29:59, Sys 0 00:00:00  -  Run Remote Usage
		Usr 0 00:00:00, Sys 0 00:00:00  -  Run Local Usage
		Usr 0 00:29:59, Sys 0 00:00:00  -  Total Remote Usage
		Usr 0 00:00:00, Sys 0 00:00:00  -  Total Local Usage
	0  -  Run Bytes Sent By Job
	0  -  Run Bytes Received By Job
	0  -  Total Bytes Sent By Job
	0  -  Total Bytes Received By Job
	Partitionable Resources :    Usage  Request          
	   Cpus                 :                 1          
	   Disk (KB)            :     7500     7500          
	   Memory (MB)          :     1701     1701          
...
000 (10673.001.000) 09/01 11:26:58 Job submitted from host: <129.10.52.106:42847>
...
001 (10673.001.000) 09/01 11:27:13 Job executing on host: <10.1.255.242:42117>
...
006 (10673.001.000) 09/01 11:27:22 Image size of job updated: 7500
	3  -  MemoryUsage of job (MB)
	2172  -  ResidentSetSize of job (KB)
...
006 (10673.001.000) 09/01 11:32:23 Image size of job updated: 1910156
	1577  -  MemoryUsage of job (MB)
	1614708  -  ResidentSetSize of job (KB)
...
006 (10673.001.000) 09/01 11:37:23 Image size of job updated: 1917020
	1587  -  MemoryUsage of job (MB)
	1624328  -  ResidentSetSize of job (KB)
...
004 (10673.001.000) 09/01 11:39:45 Job was evicted.
	(0) Job was not checkpointed.
		Usr 0 00:12:29, Sys 0 00:00:00  -  Run Remote Usage
		Usr 0 00:00:00, Sys 0 00:00:00  -  Run Local Usage
	0  -  Run Bytes Sent By Job
	0  -  Run Bytes Received By Job
	Partitionable Resources :    Usage  Request          
	   Cpus                 :                 1          
	   Disk (KB)            :     7500     7500          
	   Memory (MB)          :     1587     1587          
...
009 (10673.001.000) 09/01 11:39:46 Job was aborted by the user.
	via condor_rm (by user amir)
...
000 (10675.001.000) 09/01 11:40:18 Job submitted from host: <129.10.52.106:42847>
...
001 (10675.001.000) 09/01 11:40:30 Job executing on host: <10.1.255.248:44088>
...
006 (10675.001.000) 09/01 11:40:39 Image size of job updated: 7500
	3  -  MemoryUsage of job (MB)
	2172  -  ResidentSetSize of job (KB)
...
006 (10675.001.000) 09/01 11:45:39 Image size of job updated: 1910160
	1576  -  MemoryUsage of job (MB)
	1612996  -  ResidentSetSize of job (KB)
...
006 (10675.001.000) 09/01 11:50:39 Image size of job updated: 1917024
	1585  -  MemoryUsage of job (MB)
	1622840  -  ResidentSetSize of job (KB)
...
006 (10675.001.000) 09/01 11:55:40 Image size of job updated: 1917024
	1588  -  MemoryUsage of job (MB)
	1625096  -  ResidentSetSize of job (KB)
...
006 (10675.001.000) 09/01 12:00:41 Image size of job updated: 1917024
	1591  -  MemoryUsage of job (MB)
	1628460  -  ResidentSetSize of job (KB)
...
006 (10675.001.000) 09/01 12:05:41 Image size of job updated: 1917024
	1688  -  MemoryUsage of job (MB)
	1728224  -  ResidentSetSize of job (KB)
...
005 (10675.001.000) 09/01 12:10:12 Job terminated.
	(1) Normal termination (return value 0)
		Usr 0 00:29:32, Sys 0 00:00:00  -  Run Remote Usage
		Usr 0 00:00:00, Sys 0 00:00:00  -  Run Local Usage
		Usr 0 00:29:32, Sys 0 00:00:00  -  Total Remote Usage
		Usr 0 00:00:00, Sys 0 00:00:00  -  Total Local Usage
	0  -  Run Bytes Sent By Job
	0  -  Run Bytes Received By Job
	0  -  Total Bytes Sent By Job
	0  -  Total Bytes Received By Job
	Partitionable Resources :    Usage  Request          
	   Cpus                 :                 1          
	   Disk (KB)            :     7500     7500          
	   Memory (MB)          :     1688     1688          
...
000 (10677.001.000) 09/01 15:35:23 Job submitted from host: <129.10.52.106:42847>
...
001 (10677.001.000) 09/01 15:35:34 Job executing on host: <10.1.255.246:47592>
...
006 (10677.001.000) 09/01 15:35:43 Image size of job updated: 7500
	3  -  MemoryUsage of job (MB)
	2168  -  ResidentSetSize of job (KB)
...
006 (10677.001.000) 09/01 15:40:43 Image size of job updated: 1910156
	1576  -  MemoryUsage of job (MB)
	1613040  -  ResidentSetSize of job (KB)
...
006 (10677.001.000) 09/01 15:45:43 Image size of job updated: 1917020
	1585  -  MemoryUsage of job (MB)
	1622796  -  ResidentSetSize of job (KB)
...
006 (10677.001.000) 09/01 15:50:44 Image size of job updated: 1917020
	1590  -  MemoryUsage of job (MB)
	1627148  -  ResidentSetSize of job (KB)
...
006 (10677.001.000) 09/01 15:55:45 Image size of job updated: 1917020
	1593  -  MemoryUsage of job (MB)
	1630376  -  ResidentSetSize of job (KB)
...
006 (10677.001.000) 09/01 16:00:45 Image size of job updated: 1917020
	1701  -  MemoryUsage of job (MB)
	1741248  -  ResidentSetSize of job (KB)
...
005 (10677.001.000) 09/01 16:04:25 Job terminated.
	(1) Normal termination (return value 0)
		Usr 0 00:28:34, Sys 0 00:00:00  -  Run Remote Usage
		Usr 0 00:00:00, Sys 0 00:00:00  -  Run Local Usage
		Usr 0 00:28:34, Sys 0 00:00:00  -  Total Remote Usage
		Usr 0 00:00:00, Sys 0 00:00:00  -  Total Local Usage
	0  -  Run Bytes Sent By Job
	0  -  Run Bytes Received By Job
	0  -  Total Bytes Sent By Job
	0  -  Total Bytes Received By Job
	Partitionable Resources :    Usage  Request          
	   Cpus                 :                 1          
	   Disk (KB)            :     7500     7500          
	   Memory (MB)          :     1701     1701          
...
000 (10679.001.000) 09/01 16:18:11 Job submitted from host: <129.10.52.106:42847>
...
001 (10679.001.000) 09/01 16:18:23 Job executing on host: <10.1.255.239:44818>
...
006 (10679.001.000) 09/01 16:18:31 Image size of job updated: 46020
	34  -  MemoryUsage of job (MB)
	33876  -  ResidentSetSize of job (KB)
...
006 (10679.001.000) 09/01 16:23:31 Image size of job updated: 1913324
	1609  -  MemoryUsage of job (MB)
	1646980  -  ResidentSetSize of job (KB)
...
006 (10679.001.000) 09/01 16:28:32 Image size of job updated: 1917020
	1625  -  MemoryUsage of job (MB)
	1663896  -  ResidentSetSize of job (KB)
...
006 (10679.001.000) 09/01 16:33:33 Image size of job updated: 1917020
	1654  -  MemoryUsage of job (MB)
	1693652  -  ResidentSetSize of job (KB)
...
005 (10679.001.000) 09/01 16:37:59 Job terminated.
	(1) Normal termination (return value 0)
		Usr 0 00:19:32, Sys 0 00:00:00  -  Run Remote Usage
		Usr 0 00:00:00, Sys 0 00:00:00  -  Run Local Usage
		Usr 0 00:19:32, Sys 0 00:00:00  -  Total Remote Usage
		Usr 0 00:00:00, Sys 0 00:00:00  -  Total Local Usage
	0  -  Run Bytes Sent By Job
	0  -  Run Bytes Received By Job
	0  -  Total Bytes Sent By Job
	0  -  Total Bytes Received By Job
	Partitionable Resources :    Usage  Request          
	   Cpus                 :                 1          
	   Disk (KB)            :     7500     7500          
	   Memory (MB)          :     1654     1654          
...
