000 (10649.004.000) 08/30 23:02:21 Job submitted from host: <129.10.52.106:42847>
...
001 (10649.004.000) 08/30 23:02:41 Job executing on host: <10.1.255.249:47081>
...
006 (10649.004.000) 08/30 23:02:49 Image size of job updated: 28136
	16  -  MemoryUsage of job (MB)
	16068  -  ResidentSetSize of job (KB)
...
006 (10649.004.000) 08/30 23:07:49 Image size of job updated: 1550040
	1127  -  MemoryUsage of job (MB)
	1153428  -  ResidentSetSize of job (KB)
...
006 (10649.004.000) 08/30 23:12:49 Image size of job updated: 1550040
	1127  -  MemoryUsage of job (MB)
	1153676  -  ResidentSetSize of job (KB)
...
006 (10649.004.000) 08/30 23:17:50 Image size of job updated: 1550040
	1155  -  MemoryUsage of job (MB)
	1182224  -  ResidentSetSize of job (KB)
...
006 (10649.004.000) 08/30 23:22:50 Image size of job updated: 1550040
	1186  -  MemoryUsage of job (MB)
	1213708  -  ResidentSetSize of job (KB)
...
006 (10649.004.000) 08/30 23:37:52 Image size of job updated: 1552812
	1197  -  MemoryUsage of job (MB)
	1224780  -  ResidentSetSize of job (KB)
...
006 (10649.004.000) 08/31 00:07:55 Image size of job updated: 1552812
	1201  -  MemoryUsage of job (MB)
	1228836  -  ResidentSetSize of job (KB)
...
006 (10649.004.000) 08/31 00:22:56 Image size of job updated: 1552812
	1201  -  MemoryUsage of job (MB)
	1229544  -  ResidentSetSize of job (KB)
...
005 (10649.004.000) 08/31 08:02:03 Job terminated.
	(1) Normal termination (return value 0)
		Usr 0 08:58:16, Sys 0 00:00:00  -  Run Remote Usage
		Usr 0 00:00:00, Sys 0 00:00:00  -  Run Local Usage
		Usr 0 08:58:16, Sys 0 00:00:00  -  Total Remote Usage
		Usr 0 00:00:00, Sys 0 00:00:00  -  Total Local Usage
	0  -  Run Bytes Sent By Job
	0  -  Run Bytes Received By Job
	0  -  Total Bytes Sent By Job
	0  -  Total Bytes Received By Job
	Partitionable Resources :    Usage  Request          
	   Cpus                 :                 1          
	   Disk (KB)            :     7500     7500          
	   Memory (MB)          :     1201     1201          
...
000 (10651.004.000) 08/31 10:26:00 Job submitted from host: <129.10.52.106:42847>
...
001 (10651.004.000) 08/31 10:26:15 Job executing on host: <10.1.255.253:43139>
...
006 (10651.004.000) 08/31 10:26:23 Image size of job updated: 27436
	15  -  MemoryUsage of job (MB)
	15332  -  ResidentSetSize of job (KB)
...
006 (10651.004.000) 08/31 10:31:23 Image size of job updated: 1550036
	1127  -  MemoryUsage of job (MB)
	1153380  -  ResidentSetSize of job (KB)
...
006 (10651.004.000) 08/31 10:36:24 Image size of job updated: 1550036
	1127  -  MemoryUsage of job (MB)
	1153700  -  ResidentSetSize of job (KB)
...
006 (10651.004.000) 08/31 10:41:24 Image size of job updated: 1550036
	1127  -  MemoryUsage of job (MB)
	1154048  -  ResidentSetSize of job (KB)
...
006 (10651.004.000) 08/31 10:46:24 Image size of job updated: 1550036
	1128  -  MemoryUsage of job (MB)
	1154200  -  ResidentSetSize of job (KB)
...
006 (10651.004.000) 08/31 11:01:26 Image size of job updated: 1552944
	1138  -  MemoryUsage of job (MB)
	1164756  -  ResidentSetSize of job (KB)
...
006 (10651.004.000) 08/31 11:06:26 Image size of job updated: 1552944
	1138  -  MemoryUsage of job (MB)
	1164988  -  ResidentSetSize of job (KB)
...
006 (10651.004.000) 08/31 11:16:28 Image size of job updated: 1552944
	1162  -  MemoryUsage of job (MB)
	1189656  -  ResidentSetSize of job (KB)
...
006 (10651.004.000) 08/31 11:21:28 Image size of job updated: 1552944
	1188  -  MemoryUsage of job (MB)
	1216240  -  ResidentSetSize of job (KB)
...
006 (10651.004.000) 08/31 11:31:28 Image size of job updated: 1552944
	1192  -  MemoryUsage of job (MB)
	1220376  -  ResidentSetSize of job (KB)
...
006 (10651.004.000) 08/31 12:11:33 Image size of job updated: 1552944
	1195  -  MemoryUsage of job (MB)
	1223404  -  ResidentSetSize of job (KB)
...
006 (10651.004.000) 08/31 12:36:36 Image size of job updated: 1552944
	1195  -  MemoryUsage of job (MB)
	1223408  -  ResidentSetSize of job (KB)
...
005 (10651.004.000) 08/31 19:19:53 Job terminated.
	(1) Normal termination (return value 0)
		Usr 0 08:52:31, Sys 0 00:00:01  -  Run Remote Usage
		Usr 0 00:00:00, Sys 0 00:00:00  -  Run Local Usage
		Usr 0 08:52:31, Sys 0 00:00:01  -  Total Remote Usage
		Usr 0 00:00:00, Sys 0 00:00:00  -  Total Local Usage
	0  -  Run Bytes Sent By Job
	0  -  Run Bytes Received By Job
	0  -  Total Bytes Sent By Job
	0  -  Total Bytes Received By Job
	Partitionable Resources :    Usage  Request          
	   Cpus                 :                 1          
	   Disk (KB)            :     7500     7500          
	   Memory (MB)          :     1195     1195          
...
000 (10653.004.000) 08/31 19:52:09 Job submitted from host: <129.10.52.106:42847>
...
001 (10653.004.000) 08/31 19:52:10 Job executing on host: <10.1.255.243:43504>
...
006 (10653.004.000) 08/31 19:52:18 Image size of job updated: 28668
	17  -  MemoryUsage of job (MB)
	16496  -  ResidentSetSize of job (KB)
...
006 (10653.004.000) 08/31 19:57:18 Image size of job updated: 120552
	106  -  MemoryUsage of job (MB)
	108088  -  ResidentSetSize of job (KB)
...
006 (10653.004.000) 08/31 20:02:19 Image size of job updated: 120552
	106  -  MemoryUsage of job (MB)
	108236  -  ResidentSetSize of job (KB)
...
006 (10653.004.000) 08/31 20:07:19 Image size of job updated: 120552
	106  -  MemoryUsage of job (MB)
	108320  -  ResidentSetSize of job (KB)
...
004 (10653.004.000) 08/31 20:15:05 Job was evicted.
	(0) Job was not checkpointed.
		Usr 0 00:22:52, Sys 0 00:00:00  -  Run Remote Usage
		Usr 0 00:00:00, Sys 0 00:00:00  -  Run Local Usage
	0  -  Run Bytes Sent By Job
	0  -  Run Bytes Received By Job
	Partitionable Resources :    Usage  Request          
	   Cpus                 :                 1          
	   Disk (KB)            :     7500     7500          
	   Memory (MB)          :      106      106          
...
009 (10653.004.000) 08/31 20:15:05 Job was aborted by the user.
	via condor_rm (by user amir)
...
000 (10655.004.000) 08/31 20:17:22 Job submitted from host: <129.10.52.106:42847>
...
001 (10655.004.000) 08/31 20:17:23 Job executing on host: <10.1.255.243:43504>
...
006 (10655.004.000) 08/31 20:17:31 Image size of job updated: 30232
	16  -  MemoryUsage of job (MB)
	15608  -  ResidentSetSize of job (KB)
...
006 (10655.004.000) 08/31 20:22:31 Image size of job updated: 443268
	330  -  MemoryUsage of job (MB)
	337408  -  ResidentSetSize of job (KB)
...
006 (10655.004.000) 08/31 20:27:31 Image size of job updated: 443268
	390  -  MemoryUsage of job (MB)
	398592  -  ResidentSetSize of job (KB)
...
006 (10655.004.000) 08/31 20:32:32 Image size of job updated: 443268
	390  -  MemoryUsage of job (MB)
	398596  -  ResidentSetSize of job (KB)
...
006 (10655.004.000) 08/31 20:47:34 Image size of job updated: 446924
	393  -  MemoryUsage of job (MB)
	402232  -  ResidentSetSize of job (KB)
...
004 (10655.004.000) 08/31 20:58:10 Job was evicted.
	(0) Job was not checkpointed.
		Usr 0 00:40:43, Sys 0 00:00:00  -  Run Remote Usage
		Usr 0 00:00:00, Sys 0 00:00:00  -  Run Local Usage
	0  -  Run Bytes Sent By Job
	0  -  Run Bytes Received By Job
	Partitionable Resources :    Usage  Request          
	   Cpus                 :                 1          
	   Disk (KB)            :     7500     7500          
	   Memory (MB)          :      393      393          
...
009 (10655.004.000) 08/31 20:58:11 Job was aborted by the user.
	via condor_rm (by user amir)
...
000 (10657.004.000) 08/31 21:02:22 Job submitted from host: <129.10.52.106:42847>
...
001 (10657.004.000) 08/31 21:02:35 Job executing on host: <10.1.255.245:47081>
...
006 (10657.004.000) 08/31 21:02:43 Image size of job updated: 46008
	34  -  MemoryUsage of job (MB)
	33824  -  ResidentSetSize of job (KB)
...
006 (10657.004.000) 08/31 21:07:44 Image size of job updated: 121848
	100  -  MemoryUsage of job (MB)
	102024  -  ResidentSetSize of job (KB)
...
000 (10659.004.000) 08/31 21:08:49 Job submitted from host: <129.10.52.106:42847>
...
009 (10659.004.000) 08/31 21:09:16 Job was aborted by the user.
	via condor_rm (by user amir)
...
004 (10657.004.000) 08/31 21:09:20 Job was evicted.
	(0) Job was not checkpointed.
		Usr 0 00:06:43, Sys 0 00:00:00  -  Run Remote Usage
		Usr 0 00:00:00, Sys 0 00:00:00  -  Run Local Usage
	0  -  Run Bytes Sent By Job
	0  -  Run Bytes Received By Job
	Partitionable Resources :    Usage  Request          
	   Cpus                 :                 1          
	   Disk (KB)            :     7500     7500          
	   Memory (MB)          :      100      100          
...
009 (10657.004.000) 08/31 21:09:21 Job was aborted by the user.
	via condor_rm (by user amir)
...
000 (10661.004.000) 08/31 21:09:44 Job submitted from host: <129.10.52.106:42847>
...
001 (10661.004.000) 08/31 21:09:56 Job executing on host: <10.1.255.253:43139>
...
006 (10661.004.000) 08/31 21:10:05 Image size of job updated: 46008
	34  -  MemoryUsage of job (MB)
	33844  -  ResidentSetSize of job (KB)
...
006 (10661.004.000) 08/31 21:15:06 Image size of job updated: 121848
	100  -  MemoryUsage of job (MB)
	101608  -  ResidentSetSize of job (KB)
...
004 (10661.004.000) 08/31 21:15:48 Job was evicted.
	(0) Job was not checkpointed.
		Usr 0 00:05:50, Sys 0 00:00:00  -  Run Remote Usage
		Usr 0 00:00:00, Sys 0 00:00:00  -  Run Local Usage
	0  -  Run Bytes Sent By Job
	0  -  Run Bytes Received By Job
	Partitionable Resources :    Usage  Request          
	   Cpus                 :                 1          
	   Disk (KB)            :     7500     7500          
	   Memory (MB)          :      100      100          
...
009 (10661.004.000) 08/31 21:15:49 Job was aborted by the user.
	via condor_rm (by user amir)
...
000 (10663.004.000) 08/31 21:16:22 Job submitted from host: <129.10.52.106:42847>
...
001 (10663.004.000) 08/31 21:16:39 Job executing on host: <10.1.255.242:42117>
...
006 (10663.004.000) 08/31 21:16:48 Image size of job updated: 103588
	79  -  MemoryUsage of job (MB)
	80628  -  ResidentSetSize of job (KB)
...
006 (10663.004.000) 08/31 21:21:49 Image size of job updated: 121848
	106  -  MemoryUsage of job (MB)
	108500  -  ResidentSetSize of job (KB)
...
006 (10663.004.000) 08/31 21:26:50 Image size of job updated: 121848
	107  -  MemoryUsage of job (MB)
	108784  -  ResidentSetSize of job (KB)
...
006 (10663.004.000) 08/31 21:31:50 Image size of job updated: 121848
	107  -  MemoryUsage of job (MB)
	109180  -  ResidentSetSize of job (KB)
...
006 (10663.004.000) 08/31 21:46:51 Image size of job updated: 124036
	109  -  MemoryUsage of job (MB)
	111580  -  ResidentSetSize of job (KB)
...
006 (10663.004.000) 08/31 21:51:51 Image size of job updated: 124036
	110  -  MemoryUsage of job (MB)
	112052  -  ResidentSetSize of job (KB)
...
006 (10663.004.000) 08/31 23:12:00 Image size of job updated: 124036
	110  -  MemoryUsage of job (MB)
	112120  -  ResidentSetSize of job (KB)
...
004 (10663.004.000) 08/31 23:16:37 Job was evicted.
	(0) Job was not checkpointed.
		Usr 0 01:59:46, Sys 0 00:00:00  -  Run Remote Usage
		Usr 0 00:00:00, Sys 0 00:00:00  -  Run Local Usage
	0  -  Run Bytes Sent By Job
	0  -  Run Bytes Received By Job
	Partitionable Resources :    Usage  Request          
	   Cpus                 :                 1          
	   Disk (KB)            :     7500     7500          
	   Memory (MB)          :      110      110          
...
009 (10663.004.000) 08/31 23:16:38 Job was aborted by the user.
	via condor_rm (by user amir)
...
000 (10665.004.000) 08/31 23:17:47 Job submitted from host: <129.10.52.106:42847>
...
001 (10665.004.000) 08/31 23:17:58 Job executing on host: <10.1.255.244:42701>
...
006 (10665.004.000) 08/31 23:18:06 Image size of job updated: 148492
	0  -  MemoryUsage of job (MB)
	0  -  ResidentSetSize of job (KB)
...
005 (10665.004.000) 08/31 23:18:07 Job terminated.
	(1) Normal termination (return value 1)
		Usr 0 00:00:07, Sys 0 00:00:00  -  Run Remote Usage
		Usr 0 00:00:00, Sys 0 00:00:00  -  Run Local Usage
		Usr 0 00:00:07, Sys 0 00:00:00  -  Total Remote Usage
		Usr 0 00:00:00, Sys 0 00:00:00  -  Total Local Usage
	0  -  Run Bytes Sent By Job
	0  -  Run Bytes Received By Job
	0  -  Total Bytes Sent By Job
	0  -  Total Bytes Received By Job
	Partitionable Resources :    Usage  Request          
	   Cpus                 :                 1          
	   Disk (KB)            :     7500     7500          
	   Memory (MB)          :        0        0          
...
000 (10667.004.000) 08/31 23:29:22 Job submitted from host: <129.10.52.106:42847>
...
001 (10667.004.000) 08/31 23:29:34 Job executing on host: <10.1.255.242:42117>
...
006 (10667.004.000) 08/31 23:29:43 Image size of job updated: 30016
	18  -  MemoryUsage of job (MB)
	17748  -  ResidentSetSize of job (KB)
...
005 (10667.004.000) 08/31 23:29:44 Job terminated.
	(1) Normal termination (return value 1)
		Usr 0 00:00:00, Sys 0 00:00:00  -  Run Remote Usage
		Usr 0 00:00:00, Sys 0 00:00:00  -  Run Local Usage
		Usr 0 00:00:00, Sys 0 00:00:00  -  Total Remote Usage
		Usr 0 00:00:00, Sys 0 00:00:00  -  Total Local Usage
	0  -  Run Bytes Sent By Job
	0  -  Run Bytes Received By Job
	0  -  Total Bytes Sent By Job
	0  -  Total Bytes Received By Job
	Partitionable Resources :    Usage  Request          
	   Cpus                 :                 1          
	   Disk (KB)            :     7500     7500          
	   Memory (MB)          :       18       18          
...
000 (10669.004.000) 08/31 23:36:08 Job submitted from host: <129.10.52.106:42847>
...
001 (10669.004.000) 08/31 23:36:19 Job executing on host: <10.1.255.239:44818>
...
006 (10669.004.000) 08/31 23:36:27 Image size of job updated: 46020
	34  -  MemoryUsage of job (MB)
	33864  -  ResidentSetSize of job (KB)
...
006 (10669.004.000) 08/31 23:41:27 Image size of job updated: 279836
	224  -  MemoryUsage of job (MB)
	229300  -  ResidentSetSize of job (KB)
...
006 (10669.004.000) 08/31 23:46:28 Image size of job updated: 280232
	255  -  MemoryUsage of job (MB)
	260188  -  ResidentSetSize of job (KB)
...
006 (10669.004.000) 08/31 23:56:29 Image size of job updated: 280364
	255  -  MemoryUsage of job (MB)
	260268  -  ResidentSetSize of job (KB)
...
006 (10669.004.000) 09/01 00:56:35 Image size of job updated: 280496
	255  -  MemoryUsage of job (MB)
	260388  -  ResidentSetSize of job (KB)
...
004 (10669.004.000) 09/01 01:05:55 Job was evicted.
	(0) Job was not checkpointed.
		Usr 0 01:29:29, Sys 0 00:00:00  -  Run Remote Usage
		Usr 0 00:00:00, Sys 0 00:00:00  -  Run Local Usage
	0  -  Run Bytes Sent By Job
	0  -  Run Bytes Received By Job
	Partitionable Resources :    Usage  Request          
	   Cpus                 :                 1          
	   Disk (KB)            :     7500     7500          
	   Memory (MB)          :      255      255          
...
009 (10669.004.000) 09/01 01:05:55 Job was aborted by the user.
	via condor_rm (by user amir)
...
000 (10671.004.000) 09/01 01:09:36 Job submitted from host: <129.10.52.106:42847>
...
001 (10671.004.000) 09/01 01:09:48 Job executing on host: <10.1.255.253:43139>
...
006 (10671.004.000) 09/01 01:09:56 Image size of job updated: 47068
	35  -  MemoryUsage of job (MB)
	34924  -  ResidentSetSize of job (KB)
...
006 (10671.004.000) 09/01 01:14:56 Image size of job updated: 1715428
	1243  -  MemoryUsage of job (MB)
	1272828  -  ResidentSetSize of job (KB)
...
006 (10671.004.000) 09/01 01:19:56 Image size of job updated: 1715428
	1244  -  MemoryUsage of job (MB)
	1273072  -  ResidentSetSize of job (KB)
...
006 (10671.004.000) 09/01 01:24:57 Image size of job updated: 1715428
	1244  -  MemoryUsage of job (MB)
	1273312  -  ResidentSetSize of job (KB)
...
006 (10671.004.000) 09/01 01:29:57 Image size of job updated: 1715428
	1244  -  MemoryUsage of job (MB)
	1273380  -  ResidentSetSize of job (KB)
...
006 (10671.004.000) 09/01 01:44:59 Image size of job updated: 1719124
	1257  -  MemoryUsage of job (MB)
	1286728  -  ResidentSetSize of job (KB)
...
006 (10671.004.000) 09/01 01:49:59 Image size of job updated: 1719124
	1257  -  MemoryUsage of job (MB)
	1286972  -  ResidentSetSize of job (KB)
...
006 (10671.004.000) 09/01 01:55:00 Image size of job updated: 1719124
	1258  -  MemoryUsage of job (MB)
	1287228  -  ResidentSetSize of job (KB)
...
006 (10671.004.000) 09/01 02:00:01 Image size of job updated: 1719124
	1263  -  MemoryUsage of job (MB)
	1292684  -  ResidentSetSize of job (KB)
...
006 (10671.004.000) 09/01 02:05:02 Image size of job updated: 1719124
	1301  -  MemoryUsage of job (MB)
	1331376  -  ResidentSetSize of job (KB)
...
006 (10671.004.000) 09/01 02:10:02 Image size of job updated: 1719124
	1344  -  MemoryUsage of job (MB)
	1375420  -  ResidentSetSize of job (KB)
...
006 (10671.004.000) 09/01 02:15:02 Image size of job updated: 1719124
	1348  -  MemoryUsage of job (MB)
	1379516  -  ResidentSetSize of job (KB)
...
005 (10671.004.000) 09/01 09:59:33 Job terminated.
	(1) Normal termination (return value 0)
		Usr 0 08:48:46, Sys 0 00:00:01  -  Run Remote Usage
		Usr 0 00:00:00, Sys 0 00:00:00  -  Run Local Usage
		Usr 0 08:48:46, Sys 0 00:00:01  -  Total Remote Usage
		Usr 0 00:00:00, Sys 0 00:00:00  -  Total Local Usage
	0  -  Run Bytes Sent By Job
	0  -  Run Bytes Received By Job
	0  -  Total Bytes Sent By Job
	0  -  Total Bytes Received By Job
	Partitionable Resources :    Usage  Request          
	   Cpus                 :                 1          
	   Disk (KB)            :     7500     7500          
	   Memory (MB)          :     1348     1348          
...
000 (10673.004.000) 09/01 11:26:58 Job submitted from host: <129.10.52.106:42847>
...
001 (10673.004.000) 09/01 11:27:13 Job executing on host: <10.1.255.244:42701>
...
006 (10673.004.000) 09/01 11:27:22 Image size of job updated: 27684
	16  -  MemoryUsage of job (MB)
	15512  -  ResidentSetSize of job (KB)
...
006 (10673.004.000) 09/01 11:32:23 Image size of job updated: 1715428
	1243  -  MemoryUsage of job (MB)
	1272616  -  ResidentSetSize of job (KB)
...
006 (10673.004.000) 09/01 11:37:23 Image size of job updated: 1715428
	1250  -  MemoryUsage of job (MB)
	1279736  -  ResidentSetSize of job (KB)
...
004 (10673.004.000) 09/01 11:39:45 Job was evicted.
	(0) Job was not checkpointed.
		Usr 0 00:12:29, Sys 0 00:00:00  -  Run Remote Usage
		Usr 0 00:00:00, Sys 0 00:00:00  -  Run Local Usage
	0  -  Run Bytes Sent By Job
	0  -  Run Bytes Received By Job
	Partitionable Resources :    Usage  Request          
	   Cpus                 :                 1          
	   Disk (KB)            :     7500     7500          
	   Memory (MB)          :     1250     1250          
...
009 (10673.004.000) 09/01 11:39:46 Job was aborted by the user.
	via condor_rm (by user amir)
...
000 (10675.004.000) 09/01 11:40:18 Job submitted from host: <129.10.52.106:42847>
...
001 (10675.004.000) 09/01 11:40:31 Job executing on host: <10.1.255.249:47081>
...
006 (10675.004.000) 09/01 11:40:39 Image size of job updated: 26760
	14  -  MemoryUsage of job (MB)
	14248  -  ResidentSetSize of job (KB)
...
006 (10675.004.000) 09/01 11:45:39 Image size of job updated: 1715428
	1243  -  MemoryUsage of job (MB)
	1272656  -  ResidentSetSize of job (KB)
...
006 (10675.004.000) 09/01 11:50:40 Image size of job updated: 1715428
	1244  -  MemoryUsage of job (MB)
	1272912  -  ResidentSetSize of job (KB)
...
006 (10675.004.000) 09/01 11:55:41 Image size of job updated: 1715428
	1244  -  MemoryUsage of job (MB)
	1273168  -  ResidentSetSize of job (KB)
...
006 (10675.004.000) 09/01 12:00:41 Image size of job updated: 1715428
	1244  -  MemoryUsage of job (MB)
	1273196  -  ResidentSetSize of job (KB)
...
006 (10675.004.000) 09/01 12:15:43 Image size of job updated: 1719124
	1279  -  MemoryUsage of job (MB)
	1309396  -  ResidentSetSize of job (KB)
...
006 (10675.004.000) 09/01 12:20:43 Image size of job updated: 1719124
	1328  -  MemoryUsage of job (MB)
	1358880  -  ResidentSetSize of job (KB)
...
006 (10675.004.000) 09/01 12:25:43 Image size of job updated: 1719124
	1340  -  MemoryUsage of job (MB)
	1371308  -  ResidentSetSize of job (KB)
...
006 (10675.004.000) 09/01 12:30:45 Image size of job updated: 1719124
	1340  -  MemoryUsage of job (MB)
	1371436  -  ResidentSetSize of job (KB)
...
006 (10675.004.000) 09/01 12:45:46 Image size of job updated: 1719124
	1344  -  MemoryUsage of job (MB)
	1375712  -  ResidentSetSize of job (KB)
...
006 (10675.004.000) 09/01 13:00:47 Image size of job updated: 1719124
	1348  -  MemoryUsage of job (MB)
	1379516  -  ResidentSetSize of job (KB)
...
004 (10675.004.000) 09/01 15:34:52 Job was evicted.
	(0) Job was not checkpointed.
		Usr 0 03:53:58, Sys 0 00:00:00  -  Run Remote Usage
		Usr 0 00:00:00, Sys 0 00:00:00  -  Run Local Usage
	0  -  Run Bytes Sent By Job
	0  -  Run Bytes Received By Job
	Partitionable Resources :    Usage  Request          
	   Cpus                 :                 1          
	   Disk (KB)            :     7500     7500          
	   Memory (MB)          :     1348     1348          
...
009 (10675.004.000) 09/01 15:34:53 Job was aborted by the user.
	via condor_rm (by user amir)
...
000 (10677.004.000) 09/01 15:35:23 Job submitted from host: <129.10.52.106:42847>
...
001 (10677.004.000) 09/01 15:35:35 Job executing on host: <10.1.255.239:44818>
...
006 (10677.004.000) 09/01 15:35:43 Image size of job updated: 40688
	28  -  MemoryUsage of job (MB)
	28068  -  ResidentSetSize of job (KB)
...
006 (10677.004.000) 09/01 15:40:43 Image size of job updated: 1715428
	1243  -  MemoryUsage of job (MB)
	1272808  -  ResidentSetSize of job (KB)
...
006 (10677.004.000) 09/01 15:45:43 Image size of job updated: 1715428
	1244  -  MemoryUsage of job (MB)
	1273148  -  ResidentSetSize of job (KB)
...
006 (10677.004.000) 09/01 15:50:44 Image size of job updated: 1715428
	1244  -  MemoryUsage of job (MB)
	1273200  -  ResidentSetSize of job (KB)
...
006 (10677.004.000) 09/01 16:00:45 Image size of job updated: 1719124
	1257  -  MemoryUsage of job (MB)
	1286700  -  ResidentSetSize of job (KB)
...
006 (10677.004.000) 09/01 16:05:45 Image size of job updated: 1719124
	1257  -  MemoryUsage of job (MB)
	1287052  -  ResidentSetSize of job (KB)
...
006 (10677.004.000) 09/01 16:10:46 Image size of job updated: 1719124
	1263  -  MemoryUsage of job (MB)
	1293268  -  ResidentSetSize of job (KB)
...
006 (10677.004.000) 09/01 16:15:47 Image size of job updated: 1719124
	1269  -  MemoryUsage of job (MB)
	1298488  -  ResidentSetSize of job (KB)
...
004 (10677.004.000) 09/01 16:17:46 Job was evicted.
	(0) Job was not checkpointed.
		Usr 0 00:42:06, Sys 0 00:00:00  -  Run Remote Usage
		Usr 0 00:00:00, Sys 0 00:00:00  -  Run Local Usage
	0  -  Run Bytes Sent By Job
	0  -  Run Bytes Received By Job
	Partitionable Resources :    Usage  Request          
	   Cpus                 :                 1          
	   Disk (KB)            :     7500     7500          
	   Memory (MB)          :     1269     1269          
...
009 (10677.004.000) 09/01 16:17:47 Job was aborted by the user.
	via condor_rm (by user amir)
...
000 (10679.004.000) 09/01 16:18:11 Job submitted from host: <129.10.52.106:42847>
...
001 (10679.004.000) 09/01 16:18:23 Job executing on host: <10.1.255.244:42701>
...
006 (10679.004.000) 09/01 16:18:31 Image size of job updated: 7500
	3  -  MemoryUsage of job (MB)
	2172  -  ResidentSetSize of job (KB)
...
006 (10679.004.000) 09/01 16:23:31 Image size of job updated: 1715428
	1247  -  MemoryUsage of job (MB)
	1276676  -  ResidentSetSize of job (KB)
...
006 (10679.004.000) 09/01 16:28:32 Image size of job updated: 1715428
	1247  -  MemoryUsage of job (MB)
	1276868  -  ResidentSetSize of job (KB)
...
006 (10679.004.000) 09/01 16:33:32 Image size of job updated: 1715428
	1248  -  MemoryUsage of job (MB)
	1277060  -  ResidentSetSize of job (KB)
...
006 (10679.004.000) 09/01 16:38:32 Image size of job updated: 1715428
	1248  -  MemoryUsage of job (MB)
	1277088  -  ResidentSetSize of job (KB)
...
006 (10679.004.000) 09/01 16:53:34 Image size of job updated: 1719124
	1269  -  MemoryUsage of job (MB)
	1298568  -  ResidentSetSize of job (KB)
...
006 (10679.004.000) 09/01 16:58:34 Image size of job updated: 1719124
	1269  -  MemoryUsage of job (MB)
	1298756  -  ResidentSetSize of job (KB)
...
006 (10679.004.000) 09/01 17:03:35 Image size of job updated: 1719124
	1269  -  MemoryUsage of job (MB)
	1298928  -  ResidentSetSize of job (KB)
...
006 (10679.004.000) 09/01 17:08:36 Image size of job updated: 1719124
	1269  -  MemoryUsage of job (MB)
	1299120  -  ResidentSetSize of job (KB)
...
006 (10679.004.000) 09/01 17:13:36 Image size of job updated: 1719124
	1271  -  MemoryUsage of job (MB)
	1301132  -  ResidentSetSize of job (KB)
...
006 (10679.004.000) 09/01 17:18:36 Image size of job updated: 1719124
	1310  -  MemoryUsage of job (MB)
	1341440  -  ResidentSetSize of job (KB)
...
006 (10679.004.000) 09/01 17:23:37 Image size of job updated: 1719124
	1356  -  MemoryUsage of job (MB)
	1387696  -  ResidentSetSize of job (KB)
...
006 (10679.004.000) 09/01 17:28:38 Image size of job updated: 1719124
	1364  -  MemoryUsage of job (MB)
	1395888  -  ResidentSetSize of job (KB)
...
