000 (10649.003.000) 08/30 23:02:21 Job submitted from host: <129.10.52.106:42847>
...
001 (10649.003.000) 08/30 23:02:40 Job executing on host: <10.1.255.248:44088>
...
006 (10649.003.000) 08/30 23:02:49 Image size of job updated: 7500
	3  -  MemoryUsage of job (MB)
	2156  -  ResidentSetSize of job (KB)
...
006 (10649.003.000) 08/30 23:07:49 Image size of job updated: 1982448
	1583  -  MemoryUsage of job (MB)
	1620852  -  ResidentSetSize of job (KB)
...
006 (10649.003.000) 08/30 23:12:49 Image size of job updated: 1982448
	1583  -  MemoryUsage of job (MB)
	1620924  -  ResidentSetSize of job (KB)
...
006 (10649.003.000) 08/30 23:17:50 Image size of job updated: 2036436
	1724  -  MemoryUsage of job (MB)
	1764776  -  ResidentSetSize of job (KB)
...
006 (10649.003.000) 08/30 23:22:51 Image size of job updated: 2067588
	1803  -  MemoryUsage of job (MB)
	1845824  -  ResidentSetSize of job (KB)
...
006 (10649.003.000) 08/30 23:27:51 Image size of job updated: 2067588
	1803  -  MemoryUsage of job (MB)
	1845908  -  ResidentSetSize of job (KB)
...
006 (10649.003.000) 08/30 23:32:52 Image size of job updated: 2067588
	1803  -  MemoryUsage of job (MB)
	1845956  -  ResidentSetSize of job (KB)
...
006 (10649.003.000) 08/30 23:37:53 Image size of job updated: 2067588
	1803  -  MemoryUsage of job (MB)
	1846032  -  ResidentSetSize of job (KB)
...
006 (10649.003.000) 08/30 23:42:53 Image size of job updated: 2067588
	1803  -  MemoryUsage of job (MB)
	1846128  -  ResidentSetSize of job (KB)
...
006 (10649.003.000) 08/30 23:47:53 Image size of job updated: 2068572
	1804  -  MemoryUsage of job (MB)
	1846720  -  ResidentSetSize of job (KB)
...
006 (10649.003.000) 08/30 23:52:54 Image size of job updated: 2068572
	1804  -  MemoryUsage of job (MB)
	1846848  -  ResidentSetSize of job (KB)
...
006 (10649.003.000) 08/31 00:07:55 Image size of job updated: 2068572
	1828  -  MemoryUsage of job (MB)
	1871756  -  ResidentSetSize of job (KB)
...
006 (10649.003.000) 08/31 00:12:56 Image size of job updated: 2068572
	1860  -  MemoryUsage of job (MB)
	1904556  -  ResidentSetSize of job (KB)
...
006 (10649.003.000) 08/31 00:17:56 Image size of job updated: 2068572
	1860  -  MemoryUsage of job (MB)
	1904632  -  ResidentSetSize of job (KB)
...
006 (10649.003.000) 08/31 01:03:01 Image size of job updated: 2068572
	1860  -  MemoryUsage of job (MB)
	1904640  -  ResidentSetSize of job (KB)
...
006 (10649.003.000) 08/31 01:48:06 Image size of job updated: 2068572
	1861  -  MemoryUsage of job (MB)
	1904644  -  ResidentSetSize of job (KB)
...
006 (10649.003.000) 08/31 06:18:35 Image size of job updated: 2068572
	1869  -  MemoryUsage of job (MB)
	1912848  -  ResidentSetSize of job (KB)
...
006 (10649.003.000) 08/31 06:48:38 Image size of job updated: 2068572
	1917  -  MemoryUsage of job (MB)
	1962000  -  ResidentSetSize of job (KB)
...
006 (10649.003.000) 08/31 06:53:39 Image size of job updated: 2068572
	1967  -  MemoryUsage of job (MB)
	2013200  -  ResidentSetSize of job (KB)
...
006 (10649.003.000) 08/31 07:38:43 Image size of job updated: 2068572
	1967  -  MemoryUsage of job (MB)
	2013204  -  ResidentSetSize of job (KB)
...
006 (10649.003.000) 08/31 07:43:44 Image size of job updated: 2068572
	1999  -  MemoryUsage of job (MB)
	2046120  -  ResidentSetSize of job (KB)
...
006 (10649.003.000) 08/31 07:48:44 Image size of job updated: 2073984
	2014  -  MemoryUsage of job (MB)
	2061780  -  ResidentSetSize of job (KB)
...
006 (10649.003.000) 08/31 07:58:45 Image size of job updated: 2073984
	2014  -  MemoryUsage of job (MB)
	2062004  -  ResidentSetSize of job (KB)
...
000 (10651.003.000) 08/31 10:26:00 Job submitted from host: <129.10.52.106:42847>
...
001 (10651.003.000) 08/31 10:26:15 Job executing on host: <10.1.255.253:43139>
...
006 (10651.003.000) 08/31 10:26:23 Image size of job updated: 28004
	16  -  MemoryUsage of job (MB)
	15824  -  ResidentSetSize of job (KB)
...
006 (10651.003.000) 08/31 10:31:23 Image size of job updated: 1981640
	1584  -  MemoryUsage of job (MB)
	1621896  -  ResidentSetSize of job (KB)
...
006 (10651.003.000) 08/31 10:36:24 Image size of job updated: 1981640
	1585  -  MemoryUsage of job (MB)
	1622052  -  ResidentSetSize of job (KB)
...
006 (10651.003.000) 08/31 10:46:24 Image size of job updated: 2066792
	1804  -  MemoryUsage of job (MB)
	1846604  -  ResidentSetSize of job (KB)
...
006 (10651.003.000) 08/31 10:51:25 Image size of job updated: 2068776
	1826  -  MemoryUsage of job (MB)
	1868980  -  ResidentSetSize of job (KB)
...
006 (10651.003.000) 08/31 10:56:26 Image size of job updated: 2068776
	1863  -  MemoryUsage of job (MB)
	1907144  -  ResidentSetSize of job (KB)
...
006 (10651.003.000) 08/31 11:16:28 Image size of job updated: 2069764
	1863  -  MemoryUsage of job (MB)
	1907632  -  ResidentSetSize of job (KB)
...
006 (10651.003.000) 08/31 11:21:28 Image size of job updated: 2069764
	1863  -  MemoryUsage of job (MB)
	1907636  -  ResidentSetSize of job (KB)
...
006 (10651.003.000) 08/31 12:11:34 Image size of job updated: 2069764
	1863  -  MemoryUsage of job (MB)
	1907644  -  ResidentSetSize of job (KB)
...
006 (10651.003.000) 08/31 12:16:35 Image size of job updated: 2069764
	1863  -  MemoryUsage of job (MB)
	1907648  -  ResidentSetSize of job (KB)
...
006 (10651.003.000) 08/31 12:41:37 Image size of job updated: 2069764
	1863  -  MemoryUsage of job (MB)
	1907652  -  ResidentSetSize of job (KB)
...
006 (10651.003.000) 08/31 13:56:45 Image size of job updated: 2069764
	1863  -  MemoryUsage of job (MB)
	1907656  -  ResidentSetSize of job (KB)
...
006 (10651.003.000) 08/31 14:26:49 Image size of job updated: 2069764
	1863  -  MemoryUsage of job (MB)
	1907660  -  ResidentSetSize of job (KB)
...
005 (10649.003.000) 08/31 15:06:53 Job terminated.
	(1) Normal termination (return value 0)
		Usr 0 16:02:58, Sys 0 00:00:01  -  Run Remote Usage
		Usr 0 00:00:00, Sys 0 00:00:00  -  Run Local Usage
		Usr 0 16:02:58, Sys 0 00:00:01  -  Total Remote Usage
		Usr 0 00:00:00, Sys 0 00:00:00  -  Total Local Usage
	0  -  Run Bytes Sent By Job
	0  -  Run Bytes Received By Job
	0  -  Total Bytes Sent By Job
	0  -  Total Bytes Received By Job
	Partitionable Resources :    Usage  Request          
	   Cpus                 :                 1          
	   Disk (KB)            :     7500     7500          
	   Memory (MB)          :     2014     2014          
...
006 (10651.003.000) 08/31 17:32:06 Image size of job updated: 2069764
	1871  -  MemoryUsage of job (MB)
	1915864  -  ResidentSetSize of job (KB)
...
006 (10651.003.000) 08/31 18:17:11 Image size of job updated: 2069764
	1969  -  MemoryUsage of job (MB)
	2016220  -  ResidentSetSize of job (KB)
...
006 (10651.003.000) 08/31 18:22:12 Image size of job updated: 2069764
	1969  -  MemoryUsage of job (MB)
	2016224  -  ResidentSetSize of job (KB)
...
006 (10651.003.000) 08/31 18:47:14 Image size of job updated: 2069764
	1969  -  MemoryUsage of job (MB)
	2016228  -  ResidentSetSize of job (KB)
...
006 (10651.003.000) 08/31 19:02:17 Image size of job updated: 2069764
	1969  -  MemoryUsage of job (MB)
	2016240  -  ResidentSetSize of job (KB)
...
006 (10651.003.000) 08/31 19:12:17 Image size of job updated: 2069764
	1973  -  MemoryUsage of job (MB)
	2020336  -  ResidentSetSize of job (KB)
...
006 (10651.003.000) 08/31 19:27:19 Image size of job updated: 2069764
	1977  -  MemoryUsage of job (MB)
	2024432  -  ResidentSetSize of job (KB)
...
006 (10651.003.000) 08/31 19:42:20 Image size of job updated: 2069764
	1981  -  MemoryUsage of job (MB)
	2028528  -  ResidentSetSize of job (KB)
...
000 (10653.003.000) 08/31 19:52:09 Job submitted from host: <129.10.52.106:42847>
...
001 (10653.003.000) 08/31 19:52:10 Job executing on host: <10.1.255.243:43504>
...
006 (10653.003.000) 08/31 19:52:18 Image size of job updated: 28668
	17  -  MemoryUsage of job (MB)
	16508  -  ResidentSetSize of job (KB)
...
006 (10651.003.000) 08/31 19:52:21 Image size of job updated: 2069764
	1987  -  MemoryUsage of job (MB)
	2034672  -  ResidentSetSize of job (KB)
...
006 (10653.003.000) 08/31 19:52:35 Image size of job updated: 162812
	17  -  MemoryUsage of job (MB)
	16508  -  ResidentSetSize of job (KB)
...
005 (10653.003.000) 08/31 19:52:35 Job terminated.
	(1) Normal termination (return value 0)
		Usr 0 00:00:15, Sys 0 00:00:00  -  Run Remote Usage
		Usr 0 00:00:00, Sys 0 00:00:00  -  Run Local Usage
		Usr 0 00:00:15, Sys 0 00:00:00  -  Total Remote Usage
		Usr 0 00:00:00, Sys 0 00:00:00  -  Total Local Usage
	0  -  Run Bytes Sent By Job
	0  -  Run Bytes Received By Job
	0  -  Total Bytes Sent By Job
	0  -  Total Bytes Received By Job
	Partitionable Resources :    Usage  Request          
	   Cpus                 :                 1          
	   Disk (KB)            :     7500     7500          
	   Memory (MB)          :       17       17          
...
004 (10651.003.000) 08/31 20:04:25 Job was evicted.
	(0) Job was not checkpointed.
		Usr 0 09:37:26, Sys 0 00:00:01  -  Run Remote Usage
		Usr 0 00:00:00, Sys 0 00:00:00  -  Run Local Usage
	0  -  Run Bytes Sent By Job
	0  -  Run Bytes Received By Job
	Partitionable Resources :    Usage  Request          
	   Cpus                 :                 1          
	   Disk (KB)            :     7500     7500          
	   Memory (MB)          :     1987     1987          
...
009 (10651.003.000) 08/31 20:04:25 Job was aborted by the user.
	via condor_rm (by user amir)
...
000 (10655.003.000) 08/31 20:17:22 Job submitted from host: <129.10.52.106:42847>
...
001 (10655.003.000) 08/31 20:17:22 Job executing on host: <10.1.255.242:42117>
...
006 (10655.003.000) 08/31 20:17:31 Image size of job updated: 7500
	3  -  MemoryUsage of job (MB)
	2168  -  ResidentSetSize of job (KB)
...
006 (10655.003.000) 08/31 20:21:59 Image size of job updated: 492840
	3  -  MemoryUsage of job (MB)
	2168  -  ResidentSetSize of job (KB)
...
005 (10655.003.000) 08/31 20:21:59 Job terminated.
	(1) Normal termination (return value 0)
		Usr 0 00:04:30, Sys 0 00:00:00  -  Run Remote Usage
		Usr 0 00:00:00, Sys 0 00:00:00  -  Run Local Usage
		Usr 0 00:04:30, Sys 0 00:00:00  -  Total Remote Usage
		Usr 0 00:00:00, Sys 0 00:00:00  -  Total Local Usage
	0  -  Run Bytes Sent By Job
	0  -  Run Bytes Received By Job
	0  -  Total Bytes Sent By Job
	0  -  Total Bytes Received By Job
	Partitionable Resources :    Usage  Request          
	   Cpus                 :                 1          
	   Disk (KB)            :     7500     7500          
	   Memory (MB)          :        3        3          
...
000 (10657.003.000) 08/31 21:02:22 Job submitted from host: <129.10.52.106:42847>
...
001 (10657.003.000) 08/31 21:02:35 Job executing on host: <10.1.255.243:43504>
...
006 (10657.003.000) 08/31 21:02:43 Image size of job updated: 46008
	34  -  MemoryUsage of job (MB)
	33824  -  ResidentSetSize of job (KB)
...
006 (10657.003.000) 08/31 21:07:43 Image size of job updated: 169756
	147  -  MemoryUsage of job (MB)
	150192  -  ResidentSetSize of job (KB)
...
000 (10659.003.000) 08/31 21:08:49 Job submitted from host: <129.10.52.106:42847>
...
009 (10659.003.000) 08/31 21:09:16 Job was aborted by the user.
	via condor_rm (by user amir)
...
004 (10657.003.000) 08/31 21:09:20 Job was evicted.
	(0) Job was not checkpointed.
		Usr 0 00:06:43, Sys 0 00:00:00  -  Run Remote Usage
		Usr 0 00:00:00, Sys 0 00:00:00  -  Run Local Usage
	0  -  Run Bytes Sent By Job
	0  -  Run Bytes Received By Job
	Partitionable Resources :    Usage  Request          
	   Cpus                 :                 1          
	   Disk (KB)            :     7500     7500          
	   Memory (MB)          :      147      147          
...
009 (10657.003.000) 08/31 21:09:21 Job was aborted by the user.
	via condor_rm (by user amir)
...
000 (10661.003.000) 08/31 21:09:44 Job submitted from host: <129.10.52.106:42847>
...
001 (10661.003.000) 08/31 21:09:56 Job executing on host: <10.1.255.239:44818>
...
006 (10661.003.000) 08/31 21:10:05 Image size of job updated: 7500
	3  -  MemoryUsage of job (MB)
	2184  -  ResidentSetSize of job (KB)
...
006 (10661.003.000) 08/31 21:15:06 Image size of job updated: 169756
	147  -  MemoryUsage of job (MB)
	150344  -  ResidentSetSize of job (KB)
...
004 (10661.003.000) 08/31 21:15:48 Job was evicted.
	(0) Job was not checkpointed.
		Usr 0 00:04:58, Sys 0 00:00:00  -  Run Remote Usage
		Usr 0 00:00:00, Sys 0 00:00:00  -  Run Local Usage
	0  -  Run Bytes Sent By Job
	0  -  Run Bytes Received By Job
	Partitionable Resources :    Usage  Request          
	   Cpus                 :                 1          
	   Disk (KB)            :     7500     7500          
	   Memory (MB)          :      147      147          
...
009 (10661.003.000) 08/31 21:15:49 Job was aborted by the user.
	via condor_rm (by user amir)
...
000 (10663.003.000) 08/31 21:16:22 Job submitted from host: <129.10.52.106:42847>
...
001 (10663.003.000) 08/31 21:16:39 Job executing on host: <10.1.255.246:47592>
...
006 (10663.003.000) 08/31 21:16:48 Image size of job updated: 46008
	34  -  MemoryUsage of job (MB)
	33840  -  ResidentSetSize of job (KB)
...
006 (10663.003.000) 08/31 21:21:49 Image size of job updated: 169756
	147  -  MemoryUsage of job (MB)
	150200  -  ResidentSetSize of job (KB)
...
006 (10663.003.000) 08/31 21:26:50 Image size of job updated: 169756
	155  -  MemoryUsage of job (MB)
	157776  -  ResidentSetSize of job (KB)
...
005 (10663.003.000) 08/31 21:28:27 Job terminated.
	(1) Normal termination (return value 0)
		Usr 0 00:11:42, Sys 0 00:00:00  -  Run Remote Usage
		Usr 0 00:00:00, Sys 0 00:00:00  -  Run Local Usage
		Usr 0 00:11:42, Sys 0 00:00:00  -  Total Remote Usage
		Usr 0 00:00:00, Sys 0 00:00:00  -  Total Local Usage
	0  -  Run Bytes Sent By Job
	0  -  Run Bytes Received By Job
	0  -  Total Bytes Sent By Job
	0  -  Total Bytes Received By Job
	Partitionable Resources :    Usage  Request          
	   Cpus                 :                 1          
	   Disk (KB)            :     7500     7500          
	   Memory (MB)          :      155      155          
...
000 (10665.003.000) 08/31 23:17:47 Job submitted from host: <129.10.52.106:42847>
...
001 (10665.003.000) 08/31 23:17:58 Job executing on host: <10.1.255.244:42701>
...
006 (10665.003.000) 08/31 23:18:06 Image size of job updated: 30236
	0  -  MemoryUsage of job (MB)
	0  -  ResidentSetSize of job (KB)
...
005 (10665.003.000) 08/31 23:18:06 Job terminated.
	(1) Normal termination (return value 1)
		Usr 0 00:00:00, Sys 0 00:00:00  -  Run Remote Usage
		Usr 0 00:00:00, Sys 0 00:00:00  -  Run Local Usage
		Usr 0 00:00:00, Sys 0 00:00:00  -  Total Remote Usage
		Usr 0 00:00:00, Sys 0 00:00:00  -  Total Local Usage
	0  -  Run Bytes Sent By Job
	0  -  Run Bytes Received By Job
	0  -  Total Bytes Sent By Job
	0  -  Total Bytes Received By Job
	Partitionable Resources :    Usage  Request          
	   Cpus                 :                 1          
	   Disk (KB)            :     7500     7500          
	   Memory (MB)          :        0        0          
...
000 (10667.003.000) 08/31 23:29:22 Job submitted from host: <129.10.52.106:42847>
...
001 (10667.003.000) 08/31 23:29:34 Job executing on host: <10.1.255.246:47592>
...
006 (10667.003.000) 08/31 23:29:43 Image size of job updated: 7500
	3  -  MemoryUsage of job (MB)
	2168  -  ResidentSetSize of job (KB)
...
006 (10667.003.000) 08/31 23:29:48 Image size of job updated: 270160
	3  -  MemoryUsage of job (MB)
	2168  -  ResidentSetSize of job (KB)
...
005 (10667.003.000) 08/31 23:29:48 Job terminated.
	(1) Normal termination (return value 1)
		Usr 0 00:00:10, Sys 0 00:00:00  -  Run Remote Usage
		Usr 0 00:00:00, Sys 0 00:00:00  -  Run Local Usage
		Usr 0 00:00:10, Sys 0 00:00:00  -  Total Remote Usage
		Usr 0 00:00:00, Sys 0 00:00:00  -  Total Local Usage
	0  -  Run Bytes Sent By Job
	0  -  Run Bytes Received By Job
	0  -  Total Bytes Sent By Job
	0  -  Total Bytes Received By Job
	Partitionable Resources :    Usage  Request          
	   Cpus                 :                 1          
	   Disk (KB)            :     7500     7500          
	   Memory (MB)          :        3        3          
...
000 (10669.003.000) 08/31 23:36:08 Job submitted from host: <129.10.52.106:42847>
...
001 (10669.003.000) 08/31 23:36:18 Job executing on host: <10.1.255.241:47008>
...
006 (10669.003.000) 08/31 23:36:27 Image size of job updated: 7500
	3  -  MemoryUsage of job (MB)
	2184  -  ResidentSetSize of job (KB)
...
006 (10669.003.000) 08/31 23:39:43 Image size of job updated: 356552
	3  -  MemoryUsage of job (MB)
	2184  -  ResidentSetSize of job (KB)
...
005 (10669.003.000) 08/31 23:39:43 Job terminated.
	(1) Normal termination (return value 0)
		Usr 0 00:03:08, Sys 0 00:00:00  -  Run Remote Usage
		Usr 0 00:00:00, Sys 0 00:00:00  -  Run Local Usage
		Usr 0 00:03:08, Sys 0 00:00:00  -  Total Remote Usage
		Usr 0 00:00:00, Sys 0 00:00:00  -  Total Local Usage
	0  -  Run Bytes Sent By Job
	0  -  Run Bytes Received By Job
	0  -  Total Bytes Sent By Job
	0  -  Total Bytes Received By Job
	Partitionable Resources :    Usage  Request          
	   Cpus                 :                 1          
	   Disk (KB)            :     7500     7500          
	   Memory (MB)          :        3        3          
...
000 (10671.003.000) 09/01 01:09:36 Job submitted from host: <129.10.52.106:42847>
...
001 (10671.003.000) 09/01 01:09:47 Job executing on host: <10.1.255.253:43139>
...
006 (10671.003.000) 09/01 01:09:56 Image size of job updated: 119128
	105  -  MemoryUsage of job (MB)
	106932  -  ResidentSetSize of job (KB)
...
006 (10671.003.000) 09/01 01:14:56 Image size of job updated: 1963384
	1537  -  MemoryUsage of job (MB)
	1572948  -  ResidentSetSize of job (KB)
...
006 (10671.003.000) 09/01 01:19:56 Image size of job updated: 2046924
	1703  -  MemoryUsage of job (MB)
	1743724  -  ResidentSetSize of job (KB)
...
006 (10671.003.000) 09/01 01:29:58 Image size of job updated: 2046924
	1705  -  MemoryUsage of job (MB)
	1745772  -  ResidentSetSize of job (KB)
...
006 (10671.003.000) 09/01 01:34:58 Image size of job updated: 2046924
	1709  -  MemoryUsage of job (MB)
	1749880  -  ResidentSetSize of job (KB)
...
006 (10671.003.000) 09/01 01:39:59 Image size of job updated: 2046924
	1711  -  MemoryUsage of job (MB)
	1751932  -  ResidentSetSize of job (KB)
...
006 (10671.003.000) 09/01 01:45:00 Image size of job updated: 2046924
	1719  -  MemoryUsage of job (MB)
	1760184  -  ResidentSetSize of job (KB)
...
006 (10671.003.000) 09/01 01:50:00 Image size of job updated: 2046924
	1817  -  MemoryUsage of job (MB)
	1859972  -  ResidentSetSize of job (KB)
...
005 (10671.003.000) 09/01 01:50:10 Job terminated.
	(1) Normal termination (return value 0)
		Usr 0 00:40:01, Sys 0 00:00:01  -  Run Remote Usage
		Usr 0 00:00:00, Sys 0 00:00:00  -  Run Local Usage
		Usr 0 00:40:01, Sys 0 00:00:01  -  Total Remote Usage
		Usr 0 00:00:00, Sys 0 00:00:00  -  Total Local Usage
	0  -  Run Bytes Sent By Job
	0  -  Run Bytes Received By Job
	0  -  Total Bytes Sent By Job
	0  -  Total Bytes Received By Job
	Partitionable Resources :    Usage  Request          
	   Cpus                 :                 1          
	   Disk (KB)            :     7500     7500          
	   Memory (MB)          :     1817     1817          
...
000 (10673.003.000) 09/01 11:26:58 Job submitted from host: <129.10.52.106:42847>
...
001 (10673.003.000) 09/01 11:27:13 Job executing on host: <10.1.255.244:42701>
...
006 (10673.003.000) 09/01 11:27:22 Image size of job updated: 27288
	15  -  MemoryUsage of job (MB)
	15124  -  ResidentSetSize of job (KB)
...
006 (10673.003.000) 09/01 11:32:23 Image size of job updated: 1963384
	1540  -  MemoryUsage of job (MB)
	1576864  -  ResidentSetSize of job (KB)
...
006 (10673.003.000) 09/01 11:37:23 Image size of job updated: 2046924
	1705  -  MemoryUsage of job (MB)
	1745240  -  ResidentSetSize of job (KB)
...
004 (10673.003.000) 09/01 11:39:45 Job was evicted.
	(0) Job was not checkpointed.
		Usr 0 00:12:29, Sys 0 00:00:00  -  Run Remote Usage
		Usr 0 00:00:00, Sys 0 00:00:00  -  Run Local Usage
	0  -  Run Bytes Sent By Job
	0  -  Run Bytes Received By Job
	Partitionable Resources :    Usage  Request          
	   Cpus                 :                 1          
	   Disk (KB)            :     7500     7500          
	   Memory (MB)          :     1705     1705          
...
009 (10673.003.000) 09/01 11:39:46 Job was aborted by the user.
	via condor_rm (by user amir)
...
000 (10675.003.000) 09/01 11:40:18 Job submitted from host: <129.10.52.106:42847>
...
001 (10675.003.000) 09/01 11:40:31 Job executing on host: <10.1.255.249:47081>
...
006 (10675.003.000) 09/01 11:40:39 Image size of job updated: 27620
	16  -  MemoryUsage of job (MB)
	15540  -  ResidentSetSize of job (KB)
...
006 (10675.003.000) 09/01 11:45:39 Image size of job updated: 1963384
	1580  -  MemoryUsage of job (MB)
	1617852  -  ResidentSetSize of job (KB)
...
006 (10675.003.000) 09/01 11:50:39 Image size of job updated: 2046924
	1732  -  MemoryUsage of job (MB)
	1773412  -  ResidentSetSize of job (KB)
...
006 (10675.003.000) 09/01 11:55:40 Image size of job updated: 2046924
	1753  -  MemoryUsage of job (MB)
	1794968  -  ResidentSetSize of job (KB)
...
006 (10675.003.000) 09/01 12:00:40 Image size of job updated: 2046924
	1795  -  MemoryUsage of job (MB)
	1837580  -  ResidentSetSize of job (KB)
...
006 (10675.003.000) 09/01 12:05:40 Image size of job updated: 2046924
	1805  -  MemoryUsage of job (MB)
	1847888  -  ResidentSetSize of job (KB)
...
006 (10675.003.000) 09/01 12:15:42 Image size of job updated: 2046924
	1901  -  MemoryUsage of job (MB)
	1946296  -  ResidentSetSize of job (KB)
...
005 (10675.003.000) 09/01 12:18:20 Job terminated.
	(1) Normal termination (return value 0)
		Usr 0 00:37:40, Sys 0 00:00:00  -  Run Remote Usage
		Usr 0 00:00:00, Sys 0 00:00:00  -  Run Local Usage
		Usr 0 00:37:40, Sys 0 00:00:00  -  Total Remote Usage
		Usr 0 00:00:00, Sys 0 00:00:00  -  Total Local Usage
	0  -  Run Bytes Sent By Job
	0  -  Run Bytes Received By Job
	0  -  Total Bytes Sent By Job
	0  -  Total Bytes Received By Job
	Partitionable Resources :    Usage  Request          
	   Cpus                 :                 1          
	   Disk (KB)            :     7500     7500          
	   Memory (MB)          :     1901     1901          
...
000 (10677.003.000) 09/01 15:35:23 Job submitted from host: <129.10.52.106:42847>
...
001 (10677.003.000) 09/01 15:35:34 Job executing on host: <10.1.255.241:47008>
...
006 (10677.003.000) 09/01 15:35:43 Image size of job updated: 46020
	34  -  MemoryUsage of job (MB)
	33876  -  ResidentSetSize of job (KB)
...
006 (10677.003.000) 09/01 15:40:43 Image size of job updated: 2149120
	1755  -  MemoryUsage of job (MB)
	1796404  -  ResidentSetSize of job (KB)
...
006 (10677.003.000) 09/01 15:45:43 Image size of job updated: 2223428
	1957  -  MemoryUsage of job (MB)
	2003744  -  ResidentSetSize of job (KB)
...
006 (10677.003.000) 09/01 15:50:44 Image size of job updated: 2228048
	1993  -  MemoryUsage of job (MB)
	2039848  -  ResidentSetSize of job (KB)
...
006 (10677.003.000) 09/01 15:55:45 Image size of job updated: 2228048
	2023  -  MemoryUsage of job (MB)
	2070700  -  ResidentSetSize of job (KB)
...
004 (10677.003.000) 09/01 16:17:46 Job was evicted.
	(0) Job was not checkpointed.
		Usr 0 00:39:40, Sys 0 00:00:01  -  Run Remote Usage
		Usr 0 00:00:00, Sys 0 00:00:00  -  Run Local Usage
	0  -  Run Bytes Sent By Job
	0  -  Run Bytes Received By Job
	Partitionable Resources :    Usage  Request          
	   Cpus                 :                 1          
	   Disk (KB)            :     7500     7500          
	   Memory (MB)          :     2023     2023          
...
009 (10677.003.000) 09/01 16:17:47 Job was aborted by the user.
	via condor_rm (by user amir)
...
000 (10679.003.000) 09/01 16:18:11 Job submitted from host: <129.10.52.106:42847>
...
001 (10679.003.000) 09/01 16:18:23 Job executing on host: <10.1.255.244:42701>
...
006 (10679.003.000) 09/01 16:18:31 Image size of job updated: 27440
	15  -  MemoryUsage of job (MB)
	15308  -  ResidentSetSize of job (KB)
...
006 (10679.003.000) 09/01 16:23:31 Image size of job updated: 2137636
	1684  -  MemoryUsage of job (MB)
	1723984  -  ResidentSetSize of job (KB)
...
006 (10679.003.000) 09/01 16:28:32 Image size of job updated: 2149516
	1717  -  MemoryUsage of job (MB)
	1757788  -  ResidentSetSize of job (KB)
...
006 (10679.003.000) 09/01 16:33:33 Image size of job updated: 2228048
	1938  -  MemoryUsage of job (MB)
	1983888  -  ResidentSetSize of job (KB)
...
006 (10679.003.000) 09/01 16:38:33 Image size of job updated: 2228048
	1940  -  MemoryUsage of job (MB)
	1985616  -  ResidentSetSize of job (KB)
...
006 (10679.003.000) 09/01 16:43:34 Image size of job updated: 2228048
	1940  -  MemoryUsage of job (MB)
	1985624  -  ResidentSetSize of job (KB)
...
006 (10679.003.000) 09/01 16:48:35 Image size of job updated: 2228048
	1940  -  MemoryUsage of job (MB)
	1985636  -  ResidentSetSize of job (KB)
...
006 (10679.003.000) 09/01 16:53:35 Image size of job updated: 2228048
	1962  -  MemoryUsage of job (MB)
	2008784  -  ResidentSetSize of job (KB)
...
006 (10679.003.000) 09/01 16:58:35 Image size of job updated: 2228048
	2008  -  MemoryUsage of job (MB)
	2055792  -  ResidentSetSize of job (KB)
...
006 (10679.003.000) 09/01 17:03:36 Image size of job updated: 2228048
	2017  -  MemoryUsage of job (MB)
	2064780  -  ResidentSetSize of job (KB)
...
006 (10679.003.000) 09/01 17:33:39 Image size of job updated: 2228048
	2019  -  MemoryUsage of job (MB)
	2066840  -  ResidentSetSize of job (KB)
...
006 (10679.003.000) 09/01 17:38:40 Image size of job updated: 2228048
	2118  -  MemoryUsage of job (MB)
	2167992  -  ResidentSetSize of job (KB)
...
006 (10679.003.000) 09/01 17:43:41 Image size of job updated: 2228048
	2118  -  MemoryUsage of job (MB)
	2168484  -  ResidentSetSize of job (KB)
...
006 (10679.003.000) 09/01 17:48:42 Image size of job updated: 2228048
	2121  -  MemoryUsage of job (MB)
	2170892  -  ResidentSetSize of job (KB)
...
006 (10679.003.000) 09/01 17:53:42 Image size of job updated: 2228048
	2121  -  MemoryUsage of job (MB)
	2171400  -  ResidentSetSize of job (KB)
...
006 (10679.003.000) 09/01 17:58:42 Image size of job updated: 2228048
	2135  -  MemoryUsage of job (MB)
	2185356  -  ResidentSetSize of job (KB)
...
006 (10679.003.000) 09/01 18:03:43 Image size of job updated: 2228048
	2145  -  MemoryUsage of job (MB)
	2195792  -  ResidentSetSize of job (KB)
...
006 (10679.003.000) 09/01 18:08:44 Image size of job updated: 2228048
	2160  -  MemoryUsage of job (MB)
	2211300  -  ResidentSetSize of job (KB)
...
006 (10679.003.000) 09/01 18:13:44 Image size of job updated: 2228048
	2160  -  MemoryUsage of job (MB)
	2211468  -  ResidentSetSize of job (KB)
...
006 (10679.003.000) 09/01 18:18:44 Image size of job updated: 2228048
	2160  -  MemoryUsage of job (MB)
	2211588  -  ResidentSetSize of job (KB)
...
006 (10679.003.000) 09/01 18:23:45 Image size of job updated: 2228048
	2160  -  MemoryUsage of job (MB)
	2211656  -  ResidentSetSize of job (KB)
...
006 (10679.003.000) 09/01 18:28:45 Image size of job updated: 2228048
	2161  -  MemoryUsage of job (MB)
	2212032  -  ResidentSetSize of job (KB)
...
005 (10679.003.000) 09/01 18:31:17 Job terminated.
	(1) Normal termination (return value 0)
		Usr 0 02:12:36, Sys 0 00:00:01  -  Run Remote Usage
		Usr 0 00:00:00, Sys 0 00:00:00  -  Run Local Usage
		Usr 0 02:12:36, Sys 0 00:00:01  -  Total Remote Usage
		Usr 0 00:00:00, Sys 0 00:00:00  -  Total Local Usage
	0  -  Run Bytes Sent By Job
	0  -  Run Bytes Received By Job
	0  -  Total Bytes Sent By Job
	0  -  Total Bytes Received By Job
	Partitionable Resources :    Usage  Request          
	   Cpus                 :                 1          
	   Disk (KB)            :     7500     7500          
	   Memory (MB)          :     2161     2161          
...
