
; Multi2Sim 4.2 - A Simulation Framework for CPU-GPU Heterogeneous Computing
; Please use command 'm2s --help' for a list of command-line options.
; Simulation alpha-numeric ID: hsJiq

warning: esim_schedule_event: number of in-flight events exceeds 10000.
	An excessive number of events are currently in-flight in the event-
	driven simulation library. This is probably the result of a timing
	model uncontrollably issuing events (typically a processor pipeline
	issuing memory accesses without checking for a limit in the number
	of in-flight accesses).
	If you still believe that this is an expected number of in-flight
	events, please increase the value of macro ESIM_OVERLOAD_EVENTS to
	avoid this warning.


;
; Simulation Statistics Summary
;

[ General ]
RealTime = 1593.88 [s]
SimEnd = ContextsFinished
SimTime = 602974.00 [ns]
Frequency = 1000 [MHz]
Cycles = 602975

[ SouthernIslands ]
RealTime = 0.00 [s]
Instructions = 2571264
InstructionsPerSecond = 0
NDRangeCount = 1
WorkGroupCount = 256
BranchInstructions = 81920
LDSInstructions = 0
ScalarALUInstructions = 210944
ScalarMemInstructions = 9216
VectorALUInstructions = 2247680
VectorMemInstructions = 21504
SimTime = 602947.21 [ns]
Frequency = 925 [MHz]
Cycles = 557768
CyclesPerSecond = 0

[ x86 ]
RealTime = 13.76 [s]
Instructions = 21585223
InstructionsPerSecond = 1568438
Contexts = 2
Memory = 38113280

Warning: empty y range [0:0], adjusting to [0:1]
