000 (10649.002.000) 08/30 23:02:21 Job submitted from host: <129.10.52.106:42847>
...
001 (10649.002.000) 08/30 23:02:40 Job executing on host: <10.1.255.248:44088>
...
006 (10649.002.000) 08/30 23:02:49 Image size of job updated: 27288
	15  -  MemoryUsage of job (MB)
	15152  -  ResidentSetSize of job (KB)
...
006 (10649.002.000) 08/30 23:07:50 Image size of job updated: 2139172
	1779  -  MemoryUsage of job (MB)
	1820764  -  ResidentSetSize of job (KB)
...
006 (10649.002.000) 08/30 23:12:50 Image size of job updated: 2139172
	1823  -  MemoryUsage of job (MB)
	1866608  -  ResidentSetSize of job (KB)
...
006 (10649.002.000) 08/30 23:17:51 Image size of job updated: 2139172
	1828  -  MemoryUsage of job (MB)
	1871300  -  ResidentSetSize of job (KB)
...
006 (10649.002.000) 08/30 23:22:52 Image size of job updated: 2139172
	1829  -  MemoryUsage of job (MB)
	1872504  -  ResidentSetSize of job (KB)
...
006 (10649.002.000) 08/30 23:27:52 Image size of job updated: 2139172
	1830  -  MemoryUsage of job (MB)
	1873084  -  ResidentSetSize of job (KB)
...
006 (10649.002.000) 08/30 23:32:52 Image size of job updated: 2139172
	1831  -  MemoryUsage of job (MB)
	1874016  -  ResidentSetSize of job (KB)
...
006 (10649.002.000) 08/30 23:37:53 Image size of job updated: 2139172
	1832  -  MemoryUsage of job (MB)
	1875192  -  ResidentSetSize of job (KB)
...
006 (10649.002.000) 08/30 23:42:53 Image size of job updated: 2139172
	1834  -  MemoryUsage of job (MB)
	1877524  -  ResidentSetSize of job (KB)
...
006 (10649.002.000) 08/30 23:47:53 Image size of job updated: 2139172
	1870  -  MemoryUsage of job (MB)
	1914312  -  ResidentSetSize of job (KB)
...
006 (10649.002.000) 08/30 23:52:54 Image size of job updated: 2139172
	1885  -  MemoryUsage of job (MB)
	1929868  -  ResidentSetSize of job (KB)
...
006 (10649.002.000) 08/30 23:57:55 Image size of job updated: 2139172
	1885  -  MemoryUsage of job (MB)
	1929920  -  ResidentSetSize of job (KB)
...
006 (10649.002.000) 08/31 00:02:55 Image size of job updated: 2139172
	1885  -  MemoryUsage of job (MB)
	1929960  -  ResidentSetSize of job (KB)
...
006 (10649.002.000) 08/31 00:07:56 Image size of job updated: 2139172
	1885  -  MemoryUsage of job (MB)
	1929968  -  ResidentSetSize of job (KB)
...
006 (10649.002.000) 08/31 00:37:58 Image size of job updated: 2139172
	1891  -  MemoryUsage of job (MB)
	1936112  -  ResidentSetSize of job (KB)
...
006 (10649.002.000) 08/31 00:42:59 Image size of job updated: 2139172
	1899  -  MemoryUsage of job (MB)
	1944304  -  ResidentSetSize of job (KB)
...
006 (10649.002.000) 08/31 00:48:00 Image size of job updated: 2139172
	1937  -  MemoryUsage of job (MB)
	1983216  -  ResidentSetSize of job (KB)
...
006 (10649.002.000) 08/31 00:53:00 Image size of job updated: 2139172
	1959  -  MemoryUsage of job (MB)
	2005744  -  ResidentSetSize of job (KB)
...
006 (10649.002.000) 08/31 00:58:01 Image size of job updated: 2139172
	1965  -  MemoryUsage of job (MB)
	2011888  -  ResidentSetSize of job (KB)
...
006 (10649.002.000) 08/31 01:03:02 Image size of job updated: 2139172
	1977  -  MemoryUsage of job (MB)
	2024176  -  ResidentSetSize of job (KB)
...
006 (10649.002.000) 08/31 01:08:02 Image size of job updated: 2139172
	1980  -  MemoryUsage of job (MB)
	2026924  -  ResidentSetSize of job (KB)
...
006 (10649.002.000) 08/31 01:18:03 Image size of job updated: 2139172
	1990  -  MemoryUsage of job (MB)
	2037164  -  ResidentSetSize of job (KB)
...
006 (10649.002.000) 08/31 01:23:04 Image size of job updated: 2139172
	1996  -  MemoryUsage of job (MB)
	2043308  -  ResidentSetSize of job (KB)
...
006 (10649.002.000) 08/31 01:58:07 Image size of job updated: 2139172
	1998  -  MemoryUsage of job (MB)
	2045356  -  ResidentSetSize of job (KB)
...
006 (10649.002.000) 08/31 02:03:07 Image size of job updated: 2139172
	2000  -  MemoryUsage of job (MB)
	2047404  -  ResidentSetSize of job (KB)
...
006 (10649.002.000) 08/31 02:08:08 Image size of job updated: 2139172
	2006  -  MemoryUsage of job (MB)
	2053548  -  ResidentSetSize of job (KB)
...
006 (10649.002.000) 08/31 02:58:13 Image size of job updated: 2139172
	2048  -  MemoryUsage of job (MB)
	2096556  -  ResidentSetSize of job (KB)
...
006 (10649.002.000) 08/31 03:03:14 Image size of job updated: 2139172
	2052  -  MemoryUsage of job (MB)
	2100652  -  ResidentSetSize of job (KB)
...
006 (10649.002.000) 08/31 03:08:15 Image size of job updated: 2139172
	2064  -  MemoryUsage of job (MB)
	2112940  -  ResidentSetSize of job (KB)
...
006 (10649.002.000) 08/31 03:13:15 Image size of job updated: 2139172
	2078  -  MemoryUsage of job (MB)
	2127276  -  ResidentSetSize of job (KB)
...
005 (10649.002.000) 08/31 05:37:50 Job terminated.
	(1) Normal termination (return value 0)
		Usr 0 06:34:25, Sys 0 00:00:01  -  Run Remote Usage
		Usr 0 00:00:00, Sys 0 00:00:00  -  Run Local Usage
		Usr 0 06:34:25, Sys 0 00:00:01  -  Total Remote Usage
		Usr 0 00:00:00, Sys 0 00:00:00  -  Total Local Usage
	0  -  Run Bytes Sent By Job
	0  -  Run Bytes Received By Job
	0  -  Total Bytes Sent By Job
	0  -  Total Bytes Received By Job
	Partitionable Resources :    Usage  Request          
	   Cpus                 :                 1          
	   Disk (KB)            :     7500     7500          
	   Memory (MB)          :     2078     2078          
...
000 (10651.002.000) 08/31 10:26:00 Job submitted from host: <129.10.52.106:42847>
...
001 (10651.002.000) 08/31 10:26:15 Job executing on host: <10.1.255.245:47081>
...
006 (10651.002.000) 08/31 10:26:23 Image size of job updated: 7500
	3  -  MemoryUsage of job (MB)
	2168  -  ResidentSetSize of job (KB)
...
006 (10651.002.000) 08/31 10:31:23 Image size of job updated: 2138884
	1749  -  MemoryUsage of job (MB)
	1790264  -  ResidentSetSize of job (KB)
...
006 (10651.002.000) 08/31 10:36:24 Image size of job updated: 2138884
	1810  -  MemoryUsage of job (MB)
	1852472  -  ResidentSetSize of job (KB)
...
006 (10651.002.000) 08/31 10:41:25 Image size of job updated: 2138884
	1811  -  MemoryUsage of job (MB)
	1853660  -  ResidentSetSize of job (KB)
...
006 (10651.002.000) 08/31 10:46:25 Image size of job updated: 2138884
	1812  -  MemoryUsage of job (MB)
	1855148  -  ResidentSetSize of job (KB)
...
006 (10651.002.000) 08/31 10:51:26 Image size of job updated: 2138884
	1825  -  MemoryUsage of job (MB)
	1867824  -  ResidentSetSize of job (KB)
...
006 (10651.002.000) 08/31 10:56:27 Image size of job updated: 2138884
	1857  -  MemoryUsage of job (MB)
	1901096  -  ResidentSetSize of job (KB)
...
006 (10651.002.000) 08/31 11:01:27 Image size of job updated: 2138884
	1864  -  MemoryUsage of job (MB)
	1908184  -  ResidentSetSize of job (KB)
...
006 (10651.002.000) 08/31 11:06:27 Image size of job updated: 2138884
	1864  -  MemoryUsage of job (MB)
	1908712  -  ResidentSetSize of job (KB)
...
006 (10651.002.000) 08/31 11:11:29 Image size of job updated: 2138884
	1865  -  MemoryUsage of job (MB)
	1909152  -  ResidentSetSize of job (KB)
...
006 (10651.002.000) 08/31 11:16:29 Image size of job updated: 2138884
	1865  -  MemoryUsage of job (MB)
	1909632  -  ResidentSetSize of job (KB)
...
006 (10651.002.000) 08/31 11:21:29 Image size of job updated: 2138884
	1866  -  MemoryUsage of job (MB)
	1910088  -  ResidentSetSize of job (KB)
...
006 (10651.002.000) 08/31 11:26:30 Image size of job updated: 2138884
	1867  -  MemoryUsage of job (MB)
	1910976  -  ResidentSetSize of job (KB)
...
006 (10651.002.000) 08/31 11:31:31 Image size of job updated: 2138884
	1868  -  MemoryUsage of job (MB)
	1912420  -  ResidentSetSize of job (KB)
...
006 (10651.002.000) 08/31 11:56:33 Image size of job updated: 2138884
	1870  -  MemoryUsage of job (MB)
	1914036  -  ResidentSetSize of job (KB)
...
006 (10651.002.000) 08/31 12:01:33 Image size of job updated: 2138884
	1890  -  MemoryUsage of job (MB)
	1934516  -  ResidentSetSize of job (KB)
...
006 (10651.002.000) 08/31 12:06:34 Image size of job updated: 2138884
	1920  -  MemoryUsage of job (MB)
	1965236  -  ResidentSetSize of job (KB)
...
006 (10651.002.000) 08/31 12:11:34 Image size of job updated: 2138884
	1964  -  MemoryUsage of job (MB)
	2010292  -  ResidentSetSize of job (KB)
...
006 (10651.002.000) 08/31 12:16:34 Image size of job updated: 2138884
	1974  -  MemoryUsage of job (MB)
	2020532  -  ResidentSetSize of job (KB)
...
006 (10651.002.000) 08/31 12:21:35 Image size of job updated: 2138884
	1982  -  MemoryUsage of job (MB)
	2028724  -  ResidentSetSize of job (KB)
...
006 (10651.002.000) 08/31 12:46:38 Image size of job updated: 2138884
	1988  -  MemoryUsage of job (MB)
	2034868  -  ResidentSetSize of job (KB)
...
006 (10651.002.000) 08/31 12:51:38 Image size of job updated: 2138884
	1992  -  MemoryUsage of job (MB)
	2038964  -  ResidentSetSize of job (KB)
...
006 (10651.002.000) 08/31 13:01:40 Image size of job updated: 2138884
	1996  -  MemoryUsage of job (MB)
	2043060  -  ResidentSetSize of job (KB)
...
006 (10651.002.000) 08/31 13:06:40 Image size of job updated: 2138884
	1998  -  MemoryUsage of job (MB)
	2045108  -  ResidentSetSize of job (KB)
...
006 (10651.002.000) 08/31 14:06:45 Image size of job updated: 2138884
	2004  -  MemoryUsage of job (MB)
	2051252  -  ResidentSetSize of job (KB)
...
006 (10651.002.000) 08/31 14:11:46 Image size of job updated: 2138884
	2010  -  MemoryUsage of job (MB)
	2057396  -  ResidentSetSize of job (KB)
...
006 (10651.002.000) 08/31 14:16:46 Image size of job updated: 2138884
	2016  -  MemoryUsage of job (MB)
	2063540  -  ResidentSetSize of job (KB)
...
006 (10651.002.000) 08/31 14:21:46 Image size of job updated: 2138884
	2042  -  MemoryUsage of job (MB)
	2090164  -  ResidentSetSize of job (KB)
...
006 (10651.002.000) 08/31 14:26:47 Image size of job updated: 2138884
	2058  -  MemoryUsage of job (MB)
	2106548  -  ResidentSetSize of job (KB)
...
006 (10651.002.000) 08/31 14:31:48 Image size of job updated: 2138884
	2074  -  MemoryUsage of job (MB)
	2122932  -  ResidentSetSize of job (KB)
...
006 (10651.002.000) 08/31 14:36:48 Image size of job updated: 2138884
	2078  -  MemoryUsage of job (MB)
	2127028  -  ResidentSetSize of job (KB)
...
005 (10651.002.000) 08/31 16:50:36 Job terminated.
	(1) Normal termination (return value 0)
		Usr 0 06:23:43, Sys 0 00:00:01  -  Run Remote Usage
		Usr 0 00:00:00, Sys 0 00:00:00  -  Run Local Usage
		Usr 0 06:23:43, Sys 0 00:00:01  -  Total Remote Usage
		Usr 0 00:00:00, Sys 0 00:00:00  -  Total Local Usage
	0  -  Run Bytes Sent By Job
	0  -  Run Bytes Received By Job
	0  -  Total Bytes Sent By Job
	0  -  Total Bytes Received By Job
	Partitionable Resources :    Usage  Request          
	   Cpus                 :                 1          
	   Disk (KB)            :     7500     7500          
	   Memory (MB)          :     2078     2078          
...
000 (10653.002.000) 08/31 19:52:09 Job submitted from host: <129.10.52.106:42847>
...
001 (10653.002.000) 08/31 19:52:10 Job executing on host: <10.1.255.246:47592>
...
006 (10653.002.000) 08/31 19:52:18 Image size of job updated: 7500
	3  -  MemoryUsage of job (MB)
	2168  -  ResidentSetSize of job (KB)
...
006 (10653.002.000) 08/31 19:57:18 Image size of job updated: 667124
	636  -  MemoryUsage of job (MB)
	650592  -  ResidentSetSize of job (KB)
...
006 (10653.002.000) 08/31 20:02:19 Image size of job updated: 669236
	642  -  MemoryUsage of job (MB)
	657244  -  ResidentSetSize of job (KB)
...
005 (10653.002.000) 08/31 20:04:51 Job terminated.
	(1) Normal termination (return value 0)
		Usr 0 00:12:27, Sys 0 00:00:00  -  Run Remote Usage
		Usr 0 00:00:00, Sys 0 00:00:00  -  Run Local Usage
		Usr 0 00:12:27, Sys 0 00:00:00  -  Total Remote Usage
		Usr 0 00:00:00, Sys 0 00:00:00  -  Total Local Usage
	0  -  Run Bytes Sent By Job
	0  -  Run Bytes Received By Job
	0  -  Total Bytes Sent By Job
	0  -  Total Bytes Received By Job
	Partitionable Resources :    Usage  Request          
	   Cpus                 :                 1          
	   Disk (KB)            :     7500     7500          
	   Memory (MB)          :      642      642          
...
000 (10655.002.000) 08/31 20:17:22 Job submitted from host: <129.10.52.106:42847>
...
001 (10655.002.000) 08/31 20:17:22 Job executing on host: <10.1.255.242:42117>
...
006 (10655.002.000) 08/31 20:17:32 Image size of job updated: 18112
	6  -  MemoryUsage of job (MB)
	5384  -  ResidentSetSize of job (KB)
...
006 (10655.002.000) 08/31 20:22:32 Image size of job updated: 979384
	881  -  MemoryUsage of job (MB)
	902136  -  ResidentSetSize of job (KB)
...
006 (10655.002.000) 08/31 20:27:32 Image size of job updated: 979384
	883  -  MemoryUsage of job (MB)
	903600  -  ResidentSetSize of job (KB)
...
006 (10655.002.000) 08/31 20:32:33 Image size of job updated: 979384
	929  -  MemoryUsage of job (MB)
	950788  -  ResidentSetSize of job (KB)
...
006 (10655.002.000) 08/31 20:37:34 Image size of job updated: 979384
	935  -  MemoryUsage of job (MB)
	956976  -  ResidentSetSize of job (KB)
...
006 (10655.002.000) 08/31 20:42:34 Image size of job updated: 979384
	943  -  MemoryUsage of job (MB)
	965188  -  ResidentSetSize of job (KB)
...
006 (10655.002.000) 08/31 20:47:34 Image size of job updated: 979384
	943  -  MemoryUsage of job (MB)
	965192  -  ResidentSetSize of job (KB)
...
006 (10655.002.000) 08/31 20:52:35 Image size of job updated: 979384
	944  -  MemoryUsage of job (MB)
	965876  -  ResidentSetSize of job (KB)
...
006 (10655.002.000) 08/31 20:57:36 Image size of job updated: 979384
	944  -  MemoryUsage of job (MB)
	965932  -  ResidentSetSize of job (KB)
...
004 (10655.002.000) 08/31 20:58:10 Job was evicted.
	(0) Job was not checkpointed.
		Usr 0 00:40:43, Sys 0 00:00:00  -  Run Remote Usage
		Usr 0 00:00:00, Sys 0 00:00:00  -  Run Local Usage
	0  -  Run Bytes Sent By Job
	0  -  Run Bytes Received By Job
	Partitionable Resources :    Usage  Request          
	   Cpus                 :                 1          
	   Disk (KB)            :     7500     7500          
	   Memory (MB)          :      944      944          
...
009 (10655.002.000) 08/31 20:58:11 Job was aborted by the user.
	via condor_rm (by user amir)
...
000 (10657.002.000) 08/31 21:02:22 Job submitted from host: <129.10.52.106:42847>
...
001 (10657.002.000) 08/31 21:02:35 Job executing on host: <10.1.255.243:43504>
...
006 (10657.002.000) 08/31 21:02:43 Image size of job updated: 46012
	34  -  MemoryUsage of job (MB)
	33836  -  ResidentSetSize of job (KB)
...
006 (10657.002.000) 08/31 21:07:43 Image size of job updated: 695376
	660  -  MemoryUsage of job (MB)
	675072  -  ResidentSetSize of job (KB)
...
000 (10659.002.000) 08/31 21:08:49 Job submitted from host: <129.10.52.106:42847>
...
009 (10659.002.000) 08/31 21:09:16 Job was aborted by the user.
	via condor_rm (by user amir)
...
004 (10657.002.000) 08/31 21:09:20 Job was evicted.
	(0) Job was not checkpointed.
		Usr 0 00:06:43, Sys 0 00:00:00  -  Run Remote Usage
		Usr 0 00:00:00, Sys 0 00:00:00  -  Run Local Usage
	0  -  Run Bytes Sent By Job
	0  -  Run Bytes Received By Job
	Partitionable Resources :    Usage  Request          
	   Cpus                 :                 1          
	   Disk (KB)            :     7500     7500          
	   Memory (MB)          :      660      660          
...
009 (10657.002.000) 08/31 21:09:21 Job was aborted by the user.
	via condor_rm (by user amir)
...
000 (10661.002.000) 08/31 21:09:44 Job submitted from host: <129.10.52.106:42847>
...
001 (10661.002.000) 08/31 21:09:56 Job executing on host: <10.1.255.239:44818>
...
006 (10661.002.000) 08/31 21:10:05 Image size of job updated: 38660
	26  -  MemoryUsage of job (MB)
	26504  -  ResidentSetSize of job (KB)
...
006 (10661.002.000) 08/31 21:15:06 Image size of job updated: 695372
	660  -  MemoryUsage of job (MB)
	675048  -  ResidentSetSize of job (KB)
...
004 (10661.002.000) 08/31 21:15:48 Job was evicted.
	(0) Job was not checkpointed.
		Usr 0 00:05:02, Sys 0 00:00:00  -  Run Remote Usage
		Usr 0 00:00:00, Sys 0 00:00:00  -  Run Local Usage
	0  -  Run Bytes Sent By Job
	0  -  Run Bytes Received By Job
	Partitionable Resources :    Usage  Request          
	   Cpus                 :                 1          
	   Disk (KB)            :     7500     7500          
	   Memory (MB)          :      660      660          
...
009 (10661.002.000) 08/31 21:15:50 Job was aborted by the user.
	via condor_rm (by user amir)
...
000 (10663.002.000) 08/31 21:16:22 Job submitted from host: <129.10.52.106:42847>
...
001 (10663.002.000) 08/31 21:16:39 Job executing on host: <10.1.255.253:43139>
...
006 (10663.002.000) 08/31 21:16:48 Image size of job updated: 103712
	79  -  MemoryUsage of job (MB)
	80616  -  ResidentSetSize of job (KB)
...
006 (10663.002.000) 08/31 21:21:49 Image size of job updated: 695372
	660  -  MemoryUsage of job (MB)
	675052  -  ResidentSetSize of job (KB)
...
006 (10663.002.000) 08/31 21:26:50 Image size of job updated: 695372
	660  -  MemoryUsage of job (MB)
	675396  -  ResidentSetSize of job (KB)
...
006 (10663.002.000) 08/31 21:31:51 Image size of job updated: 695372
	664  -  MemoryUsage of job (MB)
	679512  -  ResidentSetSize of job (KB)
...
006 (10663.002.000) 08/31 21:36:51 Image size of job updated: 695372
	664  -  MemoryUsage of job (MB)
	679748  -  ResidentSetSize of job (KB)
...
006 (10663.002.000) 08/31 21:41:51 Image size of job updated: 695372
	665  -  MemoryUsage of job (MB)
	680004  -  ResidentSetSize of job (KB)
...
006 (10663.002.000) 08/31 21:46:51 Image size of job updated: 695372
	665  -  MemoryUsage of job (MB)
	680136  -  ResidentSetSize of job (KB)
...
006 (10663.002.000) 08/31 21:51:52 Image size of job updated: 695372
	665  -  MemoryUsage of job (MB)
	680388  -  ResidentSetSize of job (KB)
...
006 (10663.002.000) 08/31 21:56:53 Image size of job updated: 695372
	665  -  MemoryUsage of job (MB)
	680704  -  ResidentSetSize of job (KB)
...
006 (10663.002.000) 08/31 22:01:54 Image size of job updated: 695372
	666  -  MemoryUsage of job (MB)
	681520  -  ResidentSetSize of job (KB)
...
006 (10663.002.000) 08/31 22:06:56 Image size of job updated: 695372
	666  -  MemoryUsage of job (MB)
	681672  -  ResidentSetSize of job (KB)
...
006 (10663.002.000) 08/31 22:11:56 Image size of job updated: 695372
	666  -  MemoryUsage of job (MB)
	681852  -  ResidentSetSize of job (KB)
...
006 (10663.002.000) 08/31 22:16:56 Image size of job updated: 695372
	666  -  MemoryUsage of job (MB)
	681864  -  ResidentSetSize of job (KB)
...
006 (10663.002.000) 08/31 22:26:57 Image size of job updated: 695372
	668  -  MemoryUsage of job (MB)
	683204  -  ResidentSetSize of job (KB)
...
006 (10663.002.000) 08/31 23:02:00 Image size of job updated: 695372
	668  -  MemoryUsage of job (MB)
	683232  -  ResidentSetSize of job (KB)
...
006 (10663.002.000) 08/31 23:07:01 Image size of job updated: 695372
	668  -  MemoryUsage of job (MB)
	683264  -  ResidentSetSize of job (KB)
...
006 (10663.002.000) 08/31 23:12:02 Image size of job updated: 695372
	668  -  MemoryUsage of job (MB)
	683296  -  ResidentSetSize of job (KB)
...
004 (10663.002.000) 08/31 23:16:37 Job was evicted.
	(0) Job was not checkpointed.
		Usr 0 01:59:47, Sys 0 00:00:00  -  Run Remote Usage
		Usr 0 00:00:00, Sys 0 00:00:00  -  Run Local Usage
	0  -  Run Bytes Sent By Job
	0  -  Run Bytes Received By Job
	Partitionable Resources :    Usage  Request          
	   Cpus                 :                 1          
	   Disk (KB)            :     7500     7500          
	   Memory (MB)          :      668      668          
...
009 (10663.002.000) 08/31 23:16:38 Job was aborted by the user.
	via condor_rm (by user amir)
...
000 (10665.002.000) 08/31 23:17:47 Job submitted from host: <129.10.52.106:42847>
...
001 (10665.002.000) 08/31 23:17:58 Job executing on host: <10.1.255.253:43139>
...
006 (10665.002.000) 08/31 23:18:06 Image size of job updated: 7500
	0  -  MemoryUsage of job (MB)
	0  -  ResidentSetSize of job (KB)
...
005 (10665.002.000) 08/31 23:18:06 Job terminated.
	(1) Normal termination (return value 1)
		Usr 0 00:00:00, Sys 0 00:00:00  -  Run Remote Usage
		Usr 0 00:00:00, Sys 0 00:00:00  -  Run Local Usage
		Usr 0 00:00:00, Sys 0 00:00:00  -  Total Remote Usage
		Usr 0 00:00:00, Sys 0 00:00:00  -  Total Local Usage
	0  -  Run Bytes Sent By Job
	0  -  Run Bytes Received By Job
	0  -  Total Bytes Sent By Job
	0  -  Total Bytes Received By Job
	Partitionable Resources :    Usage  Request          
	   Cpus                 :                 1          
	   Disk (KB)            :     7500     7500          
	   Memory (MB)          :        0        0          
...
000 (10667.002.000) 08/31 23:29:22 Job submitted from host: <129.10.52.106:42847>
...
001 (10667.002.000) 08/31 23:29:34 Job executing on host: <10.1.255.246:47592>
...
006 (10667.002.000) 08/31 23:29:43 Image size of job updated: 26760
	15  -  MemoryUsage of job (MB)
	14340  -  ResidentSetSize of job (KB)
...
006 (10667.002.000) 08/31 23:30:01 Image size of job updated: 271080
	15  -  MemoryUsage of job (MB)
	14340  -  ResidentSetSize of job (KB)
...
005 (10667.002.000) 08/31 23:30:02 Job terminated.
	(1) Normal termination (return value 1)
		Usr 0 00:00:25, Sys 0 00:00:00  -  Run Remote Usage
		Usr 0 00:00:00, Sys 0 00:00:00  -  Run Local Usage
		Usr 0 00:00:25, Sys 0 00:00:00  -  Total Remote Usage
		Usr 0 00:00:00, Sys 0 00:00:00  -  Total Local Usage
	0  -  Run Bytes Sent By Job
	0  -  Run Bytes Received By Job
	0  -  Total Bytes Sent By Job
	0  -  Total Bytes Received By Job
	Partitionable Resources :    Usage  Request          
	   Cpus                 :                 1          
	   Disk (KB)            :     7500     7500          
	   Memory (MB)          :       15       15          
...
000 (10669.002.000) 08/31 23:36:08 Job submitted from host: <129.10.52.106:42847>
...
001 (10669.002.000) 08/31 23:36:18 Job executing on host: <10.1.255.241:47008>
...
006 (10669.002.000) 08/31 23:36:27 Image size of job updated: 95284
	3  -  MemoryUsage of job (MB)
	2244  -  ResidentSetSize of job (KB)
...
006 (10669.002.000) 08/31 23:41:27 Image size of job updated: 764952
	696  -  MemoryUsage of job (MB)
	711736  -  ResidentSetSize of job (KB)
...
006 (10669.002.000) 08/31 23:46:27 Image size of job updated: 764952
	698  -  MemoryUsage of job (MB)
	714452  -  ResidentSetSize of job (KB)
...
005 (10669.002.000) 08/31 23:48:49 Job terminated.
	(1) Normal termination (return value 0)
		Usr 0 00:12:26, Sys 0 00:00:00  -  Run Remote Usage
		Usr 0 00:00:00, Sys 0 00:00:00  -  Run Local Usage
		Usr 0 00:12:26, Sys 0 00:00:00  -  Total Remote Usage
		Usr 0 00:00:00, Sys 0 00:00:00  -  Total Local Usage
	0  -  Run Bytes Sent By Job
	0  -  Run Bytes Received By Job
	0  -  Total Bytes Sent By Job
	0  -  Total Bytes Received By Job
	Partitionable Resources :    Usage  Request          
	   Cpus                 :                 1          
	   Disk (KB)            :     7500     7500          
	   Memory (MB)          :      698      698          
...
000 (10671.002.000) 09/01 01:09:36 Job submitted from host: <129.10.52.106:42847>
...
001 (10671.002.000) 09/01 01:09:47 Job executing on host: <10.1.255.253:43139>
...
006 (10671.002.000) 09/01 01:09:56 Image size of job updated: 47068
	35  -  MemoryUsage of job (MB)
	34908  -  ResidentSetSize of job (KB)
...
006 (10671.002.000) 09/01 01:14:56 Image size of job updated: 2306984
	1942  -  MemoryUsage of job (MB)
	1987796  -  ResidentSetSize of job (KB)
...
006 (10671.002.000) 09/01 01:19:56 Image size of job updated: 2306984
	1947  -  MemoryUsage of job (MB)
	1993044  -  ResidentSetSize of job (KB)
...
006 (10671.002.000) 09/01 01:24:57 Image size of job updated: 2306984
	1952  -  MemoryUsage of job (MB)
	1998020  -  ResidentSetSize of job (KB)
...
006 (10671.002.000) 09/01 01:29:58 Image size of job updated: 2306984
	1962  -  MemoryUsage of job (MB)
	2008992  -  ResidentSetSize of job (KB)
...
006 (10671.002.000) 09/01 01:34:58 Image size of job updated: 2306984
	1986  -  MemoryUsage of job (MB)
	2033556  -  ResidentSetSize of job (KB)
...
006 (10671.002.000) 09/01 01:39:59 Image size of job updated: 2306984
	2142  -  MemoryUsage of job (MB)
	2192664  -  ResidentSetSize of job (KB)
...
006 (10671.002.000) 09/01 01:45:00 Image size of job updated: 2306984
	2143  -  MemoryUsage of job (MB)
	2193632  -  ResidentSetSize of job (KB)
...
006 (10671.002.000) 09/01 01:50:00 Image size of job updated: 2306984
	2153  -  MemoryUsage of job (MB)
	2204132  -  ResidentSetSize of job (KB)
...
006 (10671.002.000) 09/01 01:55:01 Image size of job updated: 2306984
	2153  -  MemoryUsage of job (MB)
	2204300  -  ResidentSetSize of job (KB)
...
006 (10671.002.000) 09/01 02:00:02 Image size of job updated: 2306984
	2153  -  MemoryUsage of job (MB)
	2204456  -  ResidentSetSize of job (KB)
...
006 (10671.002.000) 09/01 02:05:03 Image size of job updated: 2306984
	2153  -  MemoryUsage of job (MB)
	2204572  -  ResidentSetSize of job (KB)
...
006 (10671.002.000) 09/01 02:10:04 Image size of job updated: 2306984
	2200  -  MemoryUsage of job (MB)
	2252688  -  ResidentSetSize of job (KB)
...
006 (10671.002.000) 09/01 02:15:04 Image size of job updated: 2306984
	2236  -  MemoryUsage of job (MB)
	2289548  -  ResidentSetSize of job (KB)
...
006 (10671.002.000) 09/01 02:20:04 Image size of job updated: 2306984
	2238  -  MemoryUsage of job (MB)
	2290920  -  ResidentSetSize of job (KB)
...
006 (10671.002.000) 09/01 02:25:05 Image size of job updated: 2306984
	2239  -  MemoryUsage of job (MB)
	2291920  -  ResidentSetSize of job (KB)
...
006 (10671.002.000) 09/01 02:30:06 Image size of job updated: 2306984
	2239  -  MemoryUsage of job (MB)
	2292504  -  ResidentSetSize of job (KB)
...
006 (10671.002.000) 09/01 02:35:07 Image size of job updated: 2306984
	2240  -  MemoryUsage of job (MB)
	2292756  -  ResidentSetSize of job (KB)
...
006 (10671.002.000) 09/01 02:40:08 Image size of job updated: 2306984
	2241  -  MemoryUsage of job (MB)
	2294504  -  ResidentSetSize of job (KB)
...
005 (10671.002.000) 09/01 02:41:52 Job terminated.
	(1) Normal termination (return value 0)
		Usr 0 01:31:43, Sys 0 00:00:01  -  Run Remote Usage
		Usr 0 00:00:00, Sys 0 00:00:00  -  Run Local Usage
		Usr 0 01:31:43, Sys 0 00:00:01  -  Total Remote Usage
		Usr 0 00:00:00, Sys 0 00:00:00  -  Total Local Usage
	0  -  Run Bytes Sent By Job
	0  -  Run Bytes Received By Job
	0  -  Total Bytes Sent By Job
	0  -  Total Bytes Received By Job
	Partitionable Resources :    Usage  Request          
	   Cpus                 :                 1          
	   Disk (KB)            :     7500     7500          
	   Memory (MB)          :     2241     2241          
...
000 (10673.002.000) 09/01 11:26:58 Job submitted from host: <129.10.52.106:42847>
...
001 (10673.002.000) 09/01 11:27:13 Job executing on host: <10.1.255.242:42117>
...
006 (10673.002.000) 09/01 11:27:22 Image size of job updated: 21436
	9  -  MemoryUsage of job (MB)
	9100  -  ResidentSetSize of job (KB)
...
006 (10673.002.000) 09/01 11:32:23 Image size of job updated: 2262392
	1772  -  MemoryUsage of job (MB)
	1814528  -  ResidentSetSize of job (KB)
...
006 (10673.002.000) 09/01 11:37:23 Image size of job updated: 2344956
	1980  -  MemoryUsage of job (MB)
	2026684  -  ResidentSetSize of job (KB)
...
004 (10673.002.000) 09/01 11:39:45 Job was evicted.
	(0) Job was not checkpointed.
		Usr 0 00:12:29, Sys 0 00:00:00  -  Run Remote Usage
		Usr 0 00:00:00, Sys 0 00:00:00  -  Run Local Usage
	0  -  Run Bytes Sent By Job
	0  -  Run Bytes Received By Job
	Partitionable Resources :    Usage  Request          
	   Cpus                 :                 1          
	   Disk (KB)            :     7500     7500          
	   Memory (MB)          :     1980     1980          
...
009 (10673.002.000) 09/01 11:39:46 Job was aborted by the user.
	via condor_rm (by user amir)
...
000 (10675.002.000) 09/01 11:40:18 Job submitted from host: <129.10.52.106:42847>
...
001 (10675.002.000) 09/01 11:40:30 Job executing on host: <10.1.255.242:42117>
...
006 (10675.002.000) 09/01 11:40:39 Image size of job updated: 30020
	18  -  MemoryUsage of job (MB)
	17840  -  ResidentSetSize of job (KB)
...
006 (10675.002.000) 09/01 11:45:39 Image size of job updated: 1713820
	1237  -  MemoryUsage of job (MB)
	1265788  -  ResidentSetSize of job (KB)
...
006 (10675.002.000) 09/01 11:50:39 Image size of job updated: 2344960
	1980  -  MemoryUsage of job (MB)
	2026780  -  ResidentSetSize of job (KB)
...
006 (10675.002.000) 09/01 11:55:40 Image size of job updated: 2344960
	1985  -  MemoryUsage of job (MB)
	2031980  -  ResidentSetSize of job (KB)
...
006 (10675.002.000) 09/01 12:00:41 Image size of job updated: 2344960
	1991  -  MemoryUsage of job (MB)
	2037868  -  ResidentSetSize of job (KB)
...
006 (10675.002.000) 09/01 12:05:41 Image size of job updated: 2344960
	2014  -  MemoryUsage of job (MB)
	2061360  -  ResidentSetSize of job (KB)
...
006 (10675.002.000) 09/01 12:10:41 Image size of job updated: 2344960
	2059  -  MemoryUsage of job (MB)
	2108384  -  ResidentSetSize of job (KB)
...
006 (10675.002.000) 09/01 12:15:42 Image size of job updated: 2344960
	2169  -  MemoryUsage of job (MB)
	2220900  -  ResidentSetSize of job (KB)
...
006 (10675.002.000) 09/01 12:20:42 Image size of job updated: 2344960
	2170  -  MemoryUsage of job (MB)
	2221948  -  ResidentSetSize of job (KB)
...
006 (10675.002.000) 09/01 12:25:42 Image size of job updated: 2344960
	2171  -  MemoryUsage of job (MB)
	2222192  -  ResidentSetSize of job (KB)
...
006 (10675.002.000) 09/01 12:30:43 Image size of job updated: 2344960
	2181  -  MemoryUsage of job (MB)
	2232532  -  ResidentSetSize of job (KB)
...
006 (10675.002.000) 09/01 12:35:44 Image size of job updated: 2344960
	2185  -  MemoryUsage of job (MB)
	2236688  -  ResidentSetSize of job (KB)
...
006 (10675.002.000) 09/01 12:40:44 Image size of job updated: 2344960
	2189  -  MemoryUsage of job (MB)
	2240844  -  ResidentSetSize of job (KB)
...
006 (10675.002.000) 09/01 12:45:44 Image size of job updated: 2344960
	2256  -  MemoryUsage of job (MB)
	2309996  -  ResidentSetSize of job (KB)
...
006 (10675.002.000) 09/01 12:50:45 Image size of job updated: 2344960
	2272  -  MemoryUsage of job (MB)
	2325688  -  ResidentSetSize of job (KB)
...
006 (10675.002.000) 09/01 12:55:46 Image size of job updated: 2344960
	2273  -  MemoryUsage of job (MB)
	2327020  -  ResidentSetSize of job (KB)
...
006 (10675.002.000) 09/01 13:00:46 Image size of job updated: 2344960
	2274  -  MemoryUsage of job (MB)
	2328072  -  ResidentSetSize of job (KB)
...
006 (10675.002.000) 09/01 13:05:47 Image size of job updated: 2344960
	2275  -  MemoryUsage of job (MB)
	2328668  -  ResidentSetSize of job (KB)
...
006 (10675.002.000) 09/01 13:10:48 Image size of job updated: 2344960
	2275  -  MemoryUsage of job (MB)
	2329308  -  ResidentSetSize of job (KB)
...
006 (10675.002.000) 09/01 13:15:48 Image size of job updated: 2344960
	2276  -  MemoryUsage of job (MB)
	2329816  -  ResidentSetSize of job (KB)
...
006 (10675.002.000) 09/01 13:20:48 Image size of job updated: 2344960
	2278  -  MemoryUsage of job (MB)
	2331684  -  ResidentSetSize of job (KB)
...
006 (10675.002.000) 09/01 13:25:48 Image size of job updated: 2344960
	2278  -  MemoryUsage of job (MB)
	2332508  -  ResidentSetSize of job (KB)
...
006 (10675.002.000) 09/01 13:30:49 Image size of job updated: 2344960
	2279  -  MemoryUsage of job (MB)
	2332780  -  ResidentSetSize of job (KB)
...
006 (10675.002.000) 09/01 13:35:50 Image size of job updated: 2344960
	2279  -  MemoryUsage of job (MB)
	2332892  -  ResidentSetSize of job (KB)
...
006 (10675.002.000) 09/01 13:40:50 Image size of job updated: 2344960
	2279  -  MemoryUsage of job (MB)
	2332920  -  ResidentSetSize of job (KB)
...
006 (10675.002.000) 09/01 14:40:56 Image size of job updated: 2344960
	2279  -  MemoryUsage of job (MB)
	2332948  -  ResidentSetSize of job (KB)
...
006 (10675.002.000) 09/01 14:45:57 Image size of job updated: 2344960
	2279  -  MemoryUsage of job (MB)
	2332980  -  ResidentSetSize of job (KB)
...
006 (10675.002.000) 09/01 14:50:57 Image size of job updated: 2344960
	2279  -  MemoryUsage of job (MB)
	2332984  -  ResidentSetSize of job (KB)
...
006 (10675.002.000) 09/01 14:55:57 Image size of job updated: 2344960
	2279  -  MemoryUsage of job (MB)
	2333020  -  ResidentSetSize of job (KB)
...
004 (10675.002.000) 09/01 15:34:52 Job was evicted.
	(0) Job was not checkpointed.
		Usr 0 03:53:58, Sys 0 00:00:01  -  Run Remote Usage
		Usr 0 00:00:00, Sys 0 00:00:00  -  Run Local Usage
	0  -  Run Bytes Sent By Job
	0  -  Run Bytes Received By Job
	Partitionable Resources :    Usage  Request          
	   Cpus                 :                 1          
	   Disk (KB)            :     7500     7500          
	   Memory (MB)          :     2279     2279          
...
009 (10675.002.000) 09/01 15:34:53 Job was aborted by the user.
	via condor_rm (by user amir)
...
000 (10677.002.000) 09/01 15:35:23 Job submitted from host: <129.10.52.106:42847>
...
001 (10677.002.000) 09/01 15:35:34 Job executing on host: <10.1.255.246:47592>
...
006 (10677.002.000) 09/01 15:35:43 Image size of job updated: 14004
	2  -  MemoryUsage of job (MB)
	1756  -  ResidentSetSize of job (KB)
...
006 (10677.002.000) 09/01 15:40:44 Image size of job updated: 1713552
	1236  -  MemoryUsage of job (MB)
	1265584  -  ResidentSetSize of job (KB)
...
006 (10677.002.000) 09/01 15:45:44 Image size of job updated: 2344956
	1979  -  MemoryUsage of job (MB)
	2026428  -  ResidentSetSize of job (KB)
...
006 (10677.002.000) 09/01 15:50:45 Image size of job updated: 2344956
	2007  -  MemoryUsage of job (MB)
	2054800  -  ResidentSetSize of job (KB)
...
006 (10677.002.000) 09/01 15:55:46 Image size of job updated: 2344956
	2056  -  MemoryUsage of job (MB)
	2104468  -  ResidentSetSize of job (KB)
...
006 (10677.002.000) 09/01 16:00:46 Image size of job updated: 2344956
	2056  -  MemoryUsage of job (MB)
	2104704  -  ResidentSetSize of job (KB)
...
006 (10677.002.000) 09/01 16:05:46 Image size of job updated: 2344956
	2156  -  MemoryUsage of job (MB)
	2207616  -  ResidentSetSize of job (KB)
...
006 (10677.002.000) 09/01 16:10:48 Image size of job updated: 2344956
	2177  -  MemoryUsage of job (MB)
	2228972  -  ResidentSetSize of job (KB)
...
006 (10677.002.000) 09/01 16:15:48 Image size of job updated: 2344956
	2180  -  MemoryUsage of job (MB)
	2231376  -  ResidentSetSize of job (KB)
...
004 (10677.002.000) 09/01 16:17:46 Job was evicted.
	(0) Job was not checkpointed.
		Usr 0 00:42:06, Sys 0 00:00:00  -  Run Remote Usage
		Usr 0 00:00:00, Sys 0 00:00:00  -  Run Local Usage
	0  -  Run Bytes Sent By Job
	0  -  Run Bytes Received By Job
	Partitionable Resources :    Usage  Request          
	   Cpus                 :                 1          
	   Disk (KB)            :     7500     7500          
	   Memory (MB)          :     2180     2180          
...
009 (10677.002.000) 09/01 16:17:48 Job was aborted by the user.
	via condor_rm (by user amir)
...
000 (10679.002.000) 09/01 16:18:11 Job submitted from host: <129.10.52.106:42847>
...
001 (10679.002.000) 09/01 16:18:23 Job executing on host: <10.1.255.244:42701>
...
006 (10679.002.000) 09/01 16:18:31 Image size of job updated: 30016
	18  -  MemoryUsage of job (MB)
	17700  -  ResidentSetSize of job (KB)
...
006 (10679.002.000) 09/01 16:23:31 Image size of job updated: 1713288
	1236  -  MemoryUsage of job (MB)
	1265372  -  ResidentSetSize of job (KB)
...
006 (10679.002.000) 09/01 16:28:31 Image size of job updated: 2344956
	1987  -  MemoryUsage of job (MB)
	2034480  -  ResidentSetSize of job (KB)
...
006 (10679.002.000) 09/01 16:33:32 Image size of job updated: 2344956
	2028  -  MemoryUsage of job (MB)
	2075740  -  ResidentSetSize of job (KB)
...
006 (10679.002.000) 09/01 16:38:33 Image size of job updated: 2344956
	2057  -  MemoryUsage of job (MB)
	2105788  -  ResidentSetSize of job (KB)
...
006 (10679.002.000) 09/01 16:43:33 Image size of job updated: 2344956
	2057  -  MemoryUsage of job (MB)
	2106144  -  ResidentSetSize of job (KB)
...
006 (10679.002.000) 09/01 16:48:34 Image size of job updated: 2344956
	2158  -  MemoryUsage of job (MB)
	2208960  -  ResidentSetSize of job (KB)
...
006 (10679.002.000) 09/01 16:53:35 Image size of job updated: 2344956
	2180  -  MemoryUsage of job (MB)
	2232100  -  ResidentSetSize of job (KB)
...
006 (10679.002.000) 09/01 16:58:35 Image size of job updated: 2344956
	2192  -  MemoryUsage of job (MB)
	2244564  -  ResidentSetSize of job (KB)
...
006 (10679.002.000) 09/01 17:03:35 Image size of job updated: 2344956
	2194  -  MemoryUsage of job (MB)
	2246620  -  ResidentSetSize of job (KB)
...
006 (10679.002.000) 09/01 17:08:36 Image size of job updated: 2344956
	2194  -  MemoryUsage of job (MB)
	2246628  -  ResidentSetSize of job (KB)
...
006 (10679.002.000) 09/01 17:13:37 Image size of job updated: 2344956
	2194  -  MemoryUsage of job (MB)
	2246636  -  ResidentSetSize of job (KB)
...
006 (10679.002.000) 09/01 17:18:37 Image size of job updated: 2344956
	2237  -  MemoryUsage of job (MB)
	2289748  -  ResidentSetSize of job (KB)
...
006 (10679.002.000) 09/01 17:23:37 Image size of job updated: 2344956
	2273  -  MemoryUsage of job (MB)
	2326832  -  ResidentSetSize of job (KB)
...
006 (10679.002.000) 09/01 17:28:38 Image size of job updated: 2344956
	2275  -  MemoryUsage of job (MB)
	2328964  -  ResidentSetSize of job (KB)
...
006 (10679.002.000) 09/01 17:33:39 Image size of job updated: 2344956
	2275  -  MemoryUsage of job (MB)
	2329028  -  ResidentSetSize of job (KB)
...
006 (10679.002.000) 09/01 17:38:39 Image size of job updated: 2344956
	2276  -  MemoryUsage of job (MB)
	2329952  -  ResidentSetSize of job (KB)
...
006 (10679.002.000) 09/01 17:43:40 Image size of job updated: 2344956
	2277  -  MemoryUsage of job (MB)
	2331644  -  ResidentSetSize of job (KB)
...
006 (10679.002.000) 09/01 17:48:41 Image size of job updated: 2344956
	2278  -  MemoryUsage of job (MB)
	2331828  -  ResidentSetSize of job (KB)
...
006 (10679.002.000) 09/01 17:53:41 Image size of job updated: 2344956
	2278  -  MemoryUsage of job (MB)
	2332268  -  ResidentSetSize of job (KB)
...
006 (10679.002.000) 09/01 17:58:41 Image size of job updated: 2344956
	2278  -  MemoryUsage of job (MB)
	2332476  -  ResidentSetSize of job (KB)
...
006 (10679.002.000) 09/01 18:03:42 Image size of job updated: 2344956
	2278  -  MemoryUsage of job (MB)
	2332636  -  ResidentSetSize of job (KB)
...
006 (10679.002.000) 09/01 18:08:43 Image size of job updated: 2344956
	2279  -  MemoryUsage of job (MB)
	2332676  -  ResidentSetSize of job (KB)
...
006 (10679.002.000) 09/01 18:13:43 Image size of job updated: 2344956
	2279  -  MemoryUsage of job (MB)
	2332752  -  ResidentSetSize of job (KB)
...
006 (10679.002.000) 09/01 18:18:43 Image size of job updated: 2344956
	2279  -  MemoryUsage of job (MB)
	2332800  -  ResidentSetSize of job (KB)
...
006 (10679.002.000) 09/01 18:38:46 Image size of job updated: 2344956
	2279  -  MemoryUsage of job (MB)
	2332864  -  ResidentSetSize of job (KB)
...
006 (10679.002.000) 09/01 19:13:49 Image size of job updated: 2344956
	2279  -  MemoryUsage of job (MB)
	2332892  -  ResidentSetSize of job (KB)
...
006 (10679.002.000) 09/01 19:18:50 Image size of job updated: 2344956
	2279  -  MemoryUsage of job (MB)
	2332924  -  ResidentSetSize of job (KB)
...
006 (10679.002.000) 09/01 19:23:50 Image size of job updated: 2344956
	2279  -  MemoryUsage of job (MB)
	2332948  -  ResidentSetSize of job (KB)
...
006 (10679.002.000) 09/01 19:28:50 Image size of job updated: 2344956
	2279  -  MemoryUsage of job (MB)
	2332996  -  ResidentSetSize of job (KB)
...
