
; Multi2Sim 4.2 - A Simulation Framework for CPU-GPU Heterogeneous Computing
; Please use command 'm2s --help' for a list of command-line options.
; Simulation alpha-numeric ID: Yh0pV


;
; Simulation Statistics Summary
;

[ General ]
RealTime = 9608.10 [s]
SimEnd = ContextsFinished
SimTime = 18322721.00 [ns]
Frequency = 1000 [MHz]
Cycles = 18322722

[ SouthernIslands ]
RealTime = 0.00 [s]
Instructions = 631808
InstructionsPerSecond = 0
NDRangeCount = 8
WorkGroupCount = 128
BranchInstructions = 0
LDSInstructions = 114688
ScalarALUInstructions = 137344
ScalarMemInstructions = 1280
VectorALUInstructions = 296576
VectorMemInstructions = 81920
SimTime = 18322617.05 [ns]
Frequency = 925 [MHz]
Cycles = 16949692
CyclesPerSecond = 0

[ x86 ]
RealTime = 35.37 [s]
Instructions = 53279956
InstructionsPerSecond = 1506560
Contexts = 2
Memory = 35540992

sh: gnuplot: command not found
warning: could not execute gnuplot, when creating network results

sh: gnuplot: command not found
warning: could not execute gnuplot, when creating network results

sh: gnuplot: command not found
warning: could not execute gnuplot, when creating network results

sh: gnuplot: command not found
warning: could not execute gnuplot, when creating network results

