000 (10650.012.000) 08/31 10:25:39 Job submitted from host: <129.10.52.106:42847>
...
001 (10650.012.000) 08/31 10:25:55 Job executing on host: <10.1.255.244:42701>
...
006 (10650.012.000) 08/31 10:26:03 Image size of job updated: 27700
	16  -  MemoryUsage of job (MB)
	15540  -  ResidentSetSize of job (KB)
...
006 (10650.012.000) 08/31 10:31:03 Image size of job updated: 441532
	388  -  MemoryUsage of job (MB)
	396868  -  ResidentSetSize of job (KB)
...
006 (10650.012.000) 08/31 10:36:03 Image size of job updated: 441772
	388  -  MemoryUsage of job (MB)
	397016  -  ResidentSetSize of job (KB)
...
005 (10650.012.000) 08/31 10:38:29 Job terminated.
	(1) Normal termination (return value 0)
		Usr 0 00:12:31, Sys 0 00:00:00  -  Run Remote Usage
		Usr 0 00:00:00, Sys 0 00:00:00  -  Run Local Usage
		Usr 0 00:12:31, Sys 0 00:00:00  -  Total Remote Usage
		Usr 0 00:00:00, Sys 0 00:00:00  -  Total Local Usage
	0  -  Run Bytes Sent By Job
	0  -  Run Bytes Received By Job
	0  -  Total Bytes Sent By Job
	0  -  Total Bytes Received By Job
	Partitionable Resources :    Usage  Request          
	   Cpus                 :                 1          
	   Disk (KB)            :     7500     7500          
	   Memory (MB)          :      388      388          
...
000 (10652.012.000) 08/31 19:51:14 Job submitted from host: <129.10.52.106:42847>
...
001 (10652.012.000) 08/31 19:51:22 Job executing on host: <10.1.255.249:47081>
...
006 (10652.012.000) 08/31 19:51:31 Image size of job updated: 45932
	33  -  MemoryUsage of job (MB)
	33752  -  ResidentSetSize of job (KB)
...
006 (10652.012.000) 08/31 19:56:32 Image size of job updated: 430388
	370  -  MemoryUsage of job (MB)
	378308  -  ResidentSetSize of job (KB)
...
005 (10652.012.000) 08/31 19:58:11 Job terminated.
	(1) Normal termination (return value 0)
		Usr 0 00:06:34, Sys 0 00:00:00  -  Run Remote Usage
		Usr 0 00:00:00, Sys 0 00:00:00  -  Run Local Usage
		Usr 0 00:06:34, Sys 0 00:00:00  -  Total Remote Usage
		Usr 0 00:00:00, Sys 0 00:00:00  -  Total Local Usage
	0  -  Run Bytes Sent By Job
	0  -  Run Bytes Received By Job
	0  -  Total Bytes Sent By Job
	0  -  Total Bytes Received By Job
	Partitionable Resources :    Usage  Request          
	   Cpus                 :                 1          
	   Disk (KB)            :     7500     7500          
	   Memory (MB)          :      370      370          
...
000 (10654.012.000) 08/31 20:16:53 Job submitted from host: <129.10.52.106:42847>
...
001 (10654.012.000) 08/31 20:16:55 Job executing on host: <10.1.255.248:44088>
...
006 (10654.012.000) 08/31 20:17:03 Image size of job updated: 27928
	16  -  MemoryUsage of job (MB)
	15704  -  ResidentSetSize of job (KB)
...
006 (10654.012.000) 08/31 20:22:03 Image size of job updated: 429468
	378  -  MemoryUsage of job (MB)
	386812  -  ResidentSetSize of job (KB)
...
006 (10654.012.000) 08/31 20:27:04 Image size of job updated: 430128
	385  -  MemoryUsage of job (MB)
	393648  -  ResidentSetSize of job (KB)
...
006 (10654.012.000) 08/31 20:32:05 Image size of job updated: 430128
	385  -  MemoryUsage of job (MB)
	393660  -  ResidentSetSize of job (KB)
...
006 (10654.012.000) 08/31 20:37:05 Image size of job updated: 430472
	385  -  MemoryUsage of job (MB)
	393928  -  ResidentSetSize of job (KB)
...
006 (10654.012.000) 08/31 20:47:07 Image size of job updated: 430472
	385  -  MemoryUsage of job (MB)
	393948  -  ResidentSetSize of job (KB)
...
006 (10654.012.000) 08/31 20:57:07 Image size of job updated: 430780
	385  -  MemoryUsage of job (MB)
	394204  -  ResidentSetSize of job (KB)
...
004 (10654.012.000) 08/31 20:58:10 Job was evicted.
	(0) Job was not checkpointed.
		Usr 0 00:41:13, Sys 0 00:00:00  -  Run Remote Usage
		Usr 0 00:00:00, Sys 0 00:00:00  -  Run Local Usage
	0  -  Run Bytes Sent By Job
	0  -  Run Bytes Received By Job
	Partitionable Resources :    Usage  Request          
	   Cpus                 :                 1          
	   Disk (KB)            :     7500     7500          
	   Memory (MB)          :      385      385          
...
009 (10654.012.000) 08/31 20:58:11 Job was aborted by the user.
	via condor_rm (by user amir)
...
000 (10656.012.000) 08/31 21:02:12 Job submitted from host: <129.10.52.106:42847>
...
001 (10656.012.000) 08/31 21:02:14 Job executing on host: <10.1.255.242:42117>
...
006 (10656.012.000) 08/31 21:02:22 Image size of job updated: 95288
	33  -  MemoryUsage of job (MB)
	33764  -  ResidentSetSize of job (KB)
...
006 (10656.012.000) 08/31 21:07:22 Image size of job updated: 429468
	346  -  MemoryUsage of job (MB)
	353660  -  ResidentSetSize of job (KB)
...
000 (10658.012.000) 08/31 21:08:37 Job submitted from host: <129.10.52.106:42847>
...
001 (10658.012.000) 08/31 21:08:56 Job executing on host: <10.1.255.241:47008>
...
006 (10658.012.000) 08/31 21:09:04 Image size of job updated: 7500
	3  -  MemoryUsage of job (MB)
	2184  -  ResidentSetSize of job (KB)
...
006 (10656.012.000) 08/31 21:09:19 Image size of job updated: 430128
	346  -  MemoryUsage of job (MB)
	353660  -  ResidentSetSize of job (KB)
...
004 (10656.012.000) 08/31 21:09:19 Job was evicted.
	(0) Job was not checkpointed.
		Usr 0 00:07:04, Sys 0 00:00:00  -  Run Remote Usage
		Usr 0 00:00:00, Sys 0 00:00:00  -  Run Local Usage
	0  -  Run Bytes Sent By Job
	0  -  Run Bytes Received By Job
	Partitionable Resources :    Usage  Request          
	   Cpus                 :                 1          
	   Disk (KB)            :     7500     7500          
	   Memory (MB)          :      346      346          
...
006 (10658.012.000) 08/31 21:09:19 Image size of job updated: 429332
	3  -  MemoryUsage of job (MB)
	2184  -  ResidentSetSize of job (KB)
...
004 (10658.012.000) 08/31 21:09:19 Job was evicted.
	(0) Job was not checkpointed.
		Usr 0 00:00:22, Sys 0 00:00:00  -  Run Remote Usage
		Usr 0 00:00:00, Sys 0 00:00:00  -  Run Local Usage
	0  -  Run Bytes Sent By Job
	0  -  Run Bytes Received By Job
	Partitionable Resources :    Usage  Request          
	   Cpus                 :                 1          
	   Disk (KB)            :     7500     7500          
	   Memory (MB)          :        3        3          
...
009 (10656.012.000) 08/31 21:09:20 Job was aborted by the user.
	via condor_rm (by user amir)
...
009 (10658.012.000) 08/31 21:09:21 Job was aborted by the user.
	via condor_rm (by user amir)
...
000 (10660.012.000) 08/31 21:09:35 Job submitted from host: <129.10.52.106:42847>
...
001 (10660.012.000) 08/31 21:09:36 Job executing on host: <10.1.255.239:44818>
...
006 (10660.012.000) 08/31 21:09:45 Image size of job updated: 429068
	332  -  MemoryUsage of job (MB)
	339076  -  ResidentSetSize of job (KB)
...
006 (10660.012.000) 08/31 21:14:46 Image size of job updated: 430124
	385  -  MemoryUsage of job (MB)
	393660  -  ResidentSetSize of job (KB)
...
004 (10660.012.000) 08/31 21:15:48 Job was evicted.
	(0) Job was not checkpointed.
		Usr 0 00:05:17, Sys 0 00:00:00  -  Run Remote Usage
		Usr 0 00:00:00, Sys 0 00:00:00  -  Run Local Usage
	0  -  Run Bytes Sent By Job
	0  -  Run Bytes Received By Job
	Partitionable Resources :    Usage  Request          
	   Cpus                 :                 1          
	   Disk (KB)            :     7500     7500          
	   Memory (MB)          :      385      385          
...
009 (10660.012.000) 08/31 21:15:49 Job was aborted by the user.
	via condor_rm (by user amir)
...
000 (10662.012.000) 08/31 21:16:12 Job submitted from host: <129.10.52.106:42847>
...
001 (10662.012.000) 08/31 21:16:19 Job executing on host: <10.1.255.243:43504>
...
006 (10662.012.000) 08/31 21:16:28 Image size of job updated: 426820
	314  -  MemoryUsage of job (MB)
	320764  -  ResidentSetSize of job (KB)
...
006 (10662.012.000) 08/31 21:21:29 Image size of job updated: 429464
	319  -  MemoryUsage of job (MB)
	325648  -  ResidentSetSize of job (KB)
...
006 (10662.012.000) 08/31 21:26:29 Image size of job updated: 430124
	327  -  MemoryUsage of job (MB)
	334248  -  ResidentSetSize of job (KB)
...
006 (10662.012.000) 08/31 21:31:29 Image size of job updated: 430124
	385  -  MemoryUsage of job (MB)
	393664  -  ResidentSetSize of job (KB)
...
006 (10662.012.000) 08/31 21:36:30 Image size of job updated: 430468
	385  -  MemoryUsage of job (MB)
	393932  -  ResidentSetSize of job (KB)
...
006 (10662.012.000) 08/31 21:46:31 Image size of job updated: 430468
	385  -  MemoryUsage of job (MB)
	393988  -  ResidentSetSize of job (KB)
...
006 (10662.012.000) 08/31 21:56:33 Image size of job updated: 430776
	385  -  MemoryUsage of job (MB)
	394208  -  ResidentSetSize of job (KB)
...
005 (10662.012.000) 08/31 22:01:00 Job terminated.
	(1) Normal termination (return value 0)
		Usr 0 00:44:27, Sys 0 00:00:00  -  Run Remote Usage
		Usr 0 00:00:00, Sys 0 00:00:00  -  Run Local Usage
		Usr 0 00:44:27, Sys 0 00:00:00  -  Total Remote Usage
		Usr 0 00:00:00, Sys 0 00:00:00  -  Total Local Usage
	0  -  Run Bytes Sent By Job
	0  -  Run Bytes Received By Job
	0  -  Total Bytes Sent By Job
	0  -  Total Bytes Received By Job
	Partitionable Resources :    Usage  Request          
	   Cpus                 :                 1          
	   Disk (KB)            :     7500     7500          
	   Memory (MB)          :      385      385          
...
000 (10664.012.000) 08/31 23:17:37 Job submitted from host: <129.10.52.106:42847>
...
001 (10664.012.000) 08/31 23:17:38 Job executing on host: <10.1.255.245:47081>
...
006 (10664.012.000) 08/31 23:17:46 Image size of job updated: 418608
	0  -  MemoryUsage of job (MB)
	0  -  ResidentSetSize of job (KB)
...
005 (10664.012.000) 08/31 23:17:46 Job terminated.
	(1) Normal termination (return value 1)
		Usr 0 00:00:07, Sys 0 00:00:00  -  Run Remote Usage
		Usr 0 00:00:00, Sys 0 00:00:00  -  Run Local Usage
		Usr 0 00:00:07, Sys 0 00:00:00  -  Total Remote Usage
		Usr 0 00:00:00, Sys 0 00:00:00  -  Total Local Usage
	0  -  Run Bytes Sent By Job
	0  -  Run Bytes Received By Job
	0  -  Total Bytes Sent By Job
	0  -  Total Bytes Received By Job
	Partitionable Resources :    Usage  Request          
	   Cpus                 :                 1          
	   Disk (KB)            :     7500     7500          
	   Memory (MB)          :        0        0          
...
000 (10666.012.000) 08/31 23:29:12 Job submitted from host: <129.10.52.106:42847>
...
001 (10666.012.000) 08/31 23:29:14 Job executing on host: <10.1.255.245:47081>
...
006 (10666.012.000) 08/31 23:29:23 Image size of job updated: 426824
	314  -  MemoryUsage of job (MB)
	320756  -  ResidentSetSize of job (KB)
...
006 (10666.012.000) 08/31 23:34:24 Image size of job updated: 429468
	376  -  MemoryUsage of job (MB)
	384768  -  ResidentSetSize of job (KB)
...
004 (10666.012.000) 08/31 23:35:21 Job was evicted.
	(0) Job was not checkpointed.
		Usr 0 00:06:05, Sys 0 00:00:00  -  Run Remote Usage
		Usr 0 00:00:00, Sys 0 00:00:00  -  Run Local Usage
	0  -  Run Bytes Sent By Job
	0  -  Run Bytes Received By Job
	Partitionable Resources :    Usage  Request          
	   Cpus                 :                 1          
	   Disk (KB)            :     7500     7500          
	   Memory (MB)          :      376      376          
...
009 (10666.012.000) 08/31 23:35:21 Job was aborted by the user.
	via condor_rm (by user amir)
...
000 (10668.012.000) 08/31 23:35:57 Job submitted from host: <129.10.52.106:42847>
...
001 (10668.012.000) 08/31 23:35:58 Job executing on host: <10.1.255.253:43139>
...
006 (10668.012.000) 08/31 23:36:07 Image size of job updated: 422728
	325  -  MemoryUsage of job (MB)
	332372  -  ResidentSetSize of job (KB)
...
006 (10668.012.000) 08/31 23:41:08 Image size of job updated: 429464
	332  -  MemoryUsage of job (MB)
	339440  -  ResidentSetSize of job (KB)
...
006 (10668.012.000) 08/31 23:46:09 Image size of job updated: 430124
	334  -  MemoryUsage of job (MB)
	341800  -  ResidentSetSize of job (KB)
...
006 (10668.012.000) 08/31 23:51:10 Image size of job updated: 430124
	346  -  MemoryUsage of job (MB)
	353820  -  ResidentSetSize of job (KB)
...
006 (10668.012.000) 08/31 23:56:10 Image size of job updated: 430468
	385  -  MemoryUsage of job (MB)
	393932  -  ResidentSetSize of job (KB)
...
006 (10668.012.000) 09/01 00:06:10 Image size of job updated: 430468
	385  -  MemoryUsage of job (MB)
	393952  -  ResidentSetSize of job (KB)
...
006 (10668.012.000) 09/01 00:16:12 Image size of job updated: 430776
	385  -  MemoryUsage of job (MB)
	394208  -  ResidentSetSize of job (KB)
...
005 (10668.012.000) 09/01 00:20:43 Job terminated.
	(1) Normal termination (return value 0)
		Usr 0 00:44:38, Sys 0 00:00:00  -  Run Remote Usage
		Usr 0 00:00:00, Sys 0 00:00:00  -  Run Local Usage
		Usr 0 00:44:38, Sys 0 00:00:00  -  Total Remote Usage
		Usr 0 00:00:00, Sys 0 00:00:00  -  Total Local Usage
	0  -  Run Bytes Sent By Job
	0  -  Run Bytes Received By Job
	0  -  Total Bytes Sent By Job
	0  -  Total Bytes Received By Job
	Partitionable Resources :    Usage  Request          
	   Cpus                 :                 1          
	   Disk (KB)            :     7500     7500          
	   Memory (MB)          :      385      385          
...
000 (10670.012.000) 09/01 01:09:26 Job submitted from host: <129.10.52.106:42847>
...
001 (10670.012.000) 09/01 01:09:27 Job executing on host: <10.1.255.243:43504>
...
006 (10670.012.000) 09/01 01:09:36 Image size of job updated: 14144
	2  -  MemoryUsage of job (MB)
	1968  -  ResidentSetSize of job (KB)
...
006 (10670.012.000) 09/01 01:14:37 Image size of job updated: 442488
	393  -  MemoryUsage of job (MB)
	401840  -  ResidentSetSize of job (KB)
...
006 (10670.012.000) 09/01 01:19:37 Image size of job updated: 444468
	399  -  MemoryUsage of job (MB)
	407880  -  ResidentSetSize of job (KB)
...
006 (10670.012.000) 09/01 01:29:39 Image size of job updated: 444988
	399  -  MemoryUsage of job (MB)
	408448  -  ResidentSetSize of job (KB)
...
006 (10670.012.000) 09/01 01:39:39 Image size of job updated: 445488
	400  -  MemoryUsage of job (MB)
	408892  -  ResidentSetSize of job (KB)
...
006 (10670.012.000) 09/01 01:44:39 Image size of job updated: 445488
	400  -  MemoryUsage of job (MB)
	408900  -  ResidentSetSize of job (KB)
...
006 (10670.012.000) 09/01 01:49:40 Image size of job updated: 445624
	400  -  MemoryUsage of job (MB)
	409036  -  ResidentSetSize of job (KB)
...
005 (10670.012.000) 09/01 01:59:38 Job terminated.
	(1) Normal termination (return value 0)
		Usr 0 00:49:59, Sys 0 00:00:00  -  Run Remote Usage
		Usr 0 00:00:00, Sys 0 00:00:00  -  Run Local Usage
		Usr 0 00:49:59, Sys 0 00:00:00  -  Total Remote Usage
		Usr 0 00:00:00, Sys 0 00:00:00  -  Total Local Usage
	0  -  Run Bytes Sent By Job
	0  -  Run Bytes Received By Job
	0  -  Total Bytes Sent By Job
	0  -  Total Bytes Received By Job
	Partitionable Resources :    Usage  Request          
	   Cpus                 :                 1          
	   Disk (KB)            :     7500     7500          
	   Memory (MB)          :      400      400          
...
000 (10672.010.000) 09/01 11:26:49 Job submitted from host: <129.10.52.106:42847>
...
001 (10672.010.000) 09/01 11:26:53 Job executing on host: <10.1.255.253:43139>
...
006 (10672.010.000) 09/01 11:27:02 Image size of job updated: 7500
	3  -  MemoryUsage of job (MB)
	2168  -  ResidentSetSize of job (KB)
...
006 (10672.010.000) 09/01 11:32:03 Image size of job updated: 449136
	355  -  MemoryUsage of job (MB)
	363300  -  ResidentSetSize of job (KB)
...
006 (10672.010.000) 09/01 11:37:03 Image size of job updated: 449136
	355  -  MemoryUsage of job (MB)
	363420  -  ResidentSetSize of job (KB)
...
004 (10672.010.000) 09/01 11:39:45 Job was evicted.
	(0) Job was not checkpointed.
		Usr 0 00:12:48, Sys 0 00:00:00  -  Run Remote Usage
		Usr 0 00:00:00, Sys 0 00:00:00  -  Run Local Usage
	0  -  Run Bytes Sent By Job
	0  -  Run Bytes Received By Job
	Partitionable Resources :    Usage  Request          
	   Cpus                 :                 1          
	   Disk (KB)            :     7500     7500          
	   Memory (MB)          :      355      355          
...
009 (10672.010.000) 09/01 11:39:46 Job was aborted by the user.
	via condor_rm (by user amir)
...
000 (10674.010.000) 09/01 11:40:09 Job submitted from host: <129.10.52.106:42847>
...
001 (10674.010.000) 09/01 11:40:10 Job executing on host: <10.1.255.241:47008>
...
006 (10674.010.000) 09/01 11:40:19 Image size of job updated: 18112
	6  -  MemoryUsage of job (MB)
	5412  -  ResidentSetSize of job (KB)
...
006 (10674.010.000) 09/01 11:45:20 Image size of job updated: 449136
	342  -  MemoryUsage of job (MB)
	349520  -  ResidentSetSize of job (KB)
...
006 (10674.010.000) 09/01 11:50:20 Image size of job updated: 449136
	342  -  MemoryUsage of job (MB)
	349640  -  ResidentSetSize of job (KB)
...
006 (10674.010.000) 09/01 11:55:20 Image size of job updated: 449136
	342  -  MemoryUsage of job (MB)
	349860  -  ResidentSetSize of job (KB)
...
006 (10674.010.000) 09/01 12:00:21 Image size of job updated: 451292
	409  -  MemoryUsage of job (MB)
	417848  -  ResidentSetSize of job (KB)
...
006 (10674.010.000) 09/01 12:05:21 Image size of job updated: 451292
	410  -  MemoryUsage of job (MB)
	419136  -  ResidentSetSize of job (KB)
...
006 (10674.010.000) 09/01 12:15:22 Image size of job updated: 451292
	414  -  MemoryUsage of job (MB)
	423544  -  ResidentSetSize of job (KB)
...
006 (10674.010.000) 09/01 12:20:23 Image size of job updated: 451292
	414  -  MemoryUsage of job (MB)
	423712  -  ResidentSetSize of job (KB)
...
006 (10674.010.000) 09/01 12:35:25 Image size of job updated: 451292
	416  -  MemoryUsage of job (MB)
	425080  -  ResidentSetSize of job (KB)
...
006 (10674.010.000) 09/01 12:40:25 Image size of job updated: 452388
	417  -  MemoryUsage of job (MB)
	426076  -  ResidentSetSize of job (KB)
...
006 (10674.010.000) 09/01 13:15:29 Image size of job updated: 452540
	419  -  MemoryUsage of job (MB)
	428276  -  ResidentSetSize of job (KB)
...
006 (10674.010.000) 09/01 13:50:32 Image size of job updated: 452712
	419  -  MemoryUsage of job (MB)
	428448  -  ResidentSetSize of job (KB)
...
006 (10674.010.000) 09/01 14:10:35 Image size of job updated: 453324
	422  -  MemoryUsage of job (MB)
	431108  -  ResidentSetSize of job (KB)
...
005 (10674.010.000) 09/01 14:26:48 Job terminated.
	(1) Normal termination (return value 0)
		Usr 0 02:41:41, Sys 0 00:00:00  -  Run Remote Usage
		Usr 0 00:00:00, Sys 0 00:00:00  -  Run Local Usage
		Usr 0 02:41:41, Sys 0 00:00:00  -  Total Remote Usage
		Usr 0 00:00:00, Sys 0 00:00:00  -  Total Local Usage
	0  -  Run Bytes Sent By Job
	0  -  Run Bytes Received By Job
	0  -  Total Bytes Sent By Job
	0  -  Total Bytes Received By Job
	Partitionable Resources :    Usage  Request          
	   Cpus                 :                 1          
	   Disk (KB)            :     7500     7500          
	   Memory (MB)          :      422      422          
...
000 (10676.010.000) 09/01 15:35:13 Job submitted from host: <129.10.52.106:42847>
...
001 (10676.010.000) 09/01 15:35:14 Job executing on host: <10.1.255.244:42701>
...
006 (10676.010.000) 09/01 15:35:22 Image size of job updated: 95280
	2  -  MemoryUsage of job (MB)
	1576  -  ResidentSetSize of job (KB)
...
006 (10676.010.000) 09/01 15:40:23 Image size of job updated: 449136
	353  -  MemoryUsage of job (MB)
	361116  -  ResidentSetSize of job (KB)
...
006 (10676.010.000) 09/01 15:45:24 Image size of job updated: 449136
	353  -  MemoryUsage of job (MB)
	361236  -  ResidentSetSize of job (KB)
...
006 (10676.010.000) 09/01 15:50:24 Image size of job updated: 449136
	353  -  MemoryUsage of job (MB)
	361240  -  ResidentSetSize of job (KB)
...
006 (10676.010.000) 09/01 15:55:24 Image size of job updated: 449136
	354  -  MemoryUsage of job (MB)
	361640  -  ResidentSetSize of job (KB)
...
006 (10676.010.000) 09/01 16:00:26 Image size of job updated: 449136
	365  -  MemoryUsage of job (MB)
	373256  -  ResidentSetSize of job (KB)
...
006 (10676.010.000) 09/01 16:05:26 Image size of job updated: 451292
	379  -  MemoryUsage of job (MB)
	387832  -  ResidentSetSize of job (KB)
...
006 (10676.010.000) 09/01 16:10:26 Image size of job updated: 451292
	414  -  MemoryUsage of job (MB)
	422996  -  ResidentSetSize of job (KB)
...
006 (10676.010.000) 09/01 16:15:27 Image size of job updated: 451292
	418  -  MemoryUsage of job (MB)
	427092  -  ResidentSetSize of job (KB)
...
004 (10676.010.000) 09/01 16:17:46 Job was evicted.
	(0) Job was not checkpointed.
		Usr 0 00:42:26, Sys 0 00:00:00  -  Run Remote Usage
		Usr 0 00:00:00, Sys 0 00:00:00  -  Run Local Usage
	0  -  Run Bytes Sent By Job
	0  -  Run Bytes Received By Job
	Partitionable Resources :    Usage  Request          
	   Cpus                 :                 1          
	   Disk (KB)            :     7500     7500          
	   Memory (MB)          :      418      418          
...
009 (10676.010.000) 09/01 16:17:48 Job was aborted by the user.
	via condor_rm (by user amir)
...
000 (10678.010.000) 09/01 16:18:01 Job submitted from host: <129.10.52.106:42847>
...
001 (10678.010.000) 09/01 16:18:02 Job executing on host: <10.1.255.251:40584>
...
006 (10678.010.000) 09/01 16:18:11 Image size of job updated: 21832
	10  -  MemoryUsage of job (MB)
	9636  -  ResidentSetSize of job (KB)
...
006 (10678.010.000) 09/01 16:23:12 Image size of job updated: 449136
	400  -  MemoryUsage of job (MB)
	408580  -  ResidentSetSize of job (KB)
...
006 (10678.010.000) 09/01 16:28:13 Image size of job updated: 449136
	400  -  MemoryUsage of job (MB)
	408584  -  ResidentSetSize of job (KB)
...
006 (10678.010.000) 09/01 16:33:13 Image size of job updated: 449136
	402  -  MemoryUsage of job (MB)
	410632  -  ResidentSetSize of job (KB)
...
006 (10678.010.000) 09/01 16:38:14 Image size of job updated: 451292
	414  -  MemoryUsage of job (MB)
	423040  -  ResidentSetSize of job (KB)
...
006 (10678.010.000) 09/01 16:48:15 Image size of job updated: 451292
	416  -  MemoryUsage of job (MB)
	425088  -  ResidentSetSize of job (KB)
...
006 (10678.010.000) 09/01 17:08:17 Image size of job updated: 452388
	419  -  MemoryUsage of job (MB)
	428132  -  ResidentSetSize of job (KB)
...
006 (10678.010.000) 09/01 17:28:20 Image size of job updated: 452388
	421  -  MemoryUsage of job (MB)
	430180  -  ResidentSetSize of job (KB)
...
006 (10678.010.000) 09/01 17:48:22 Image size of job updated: 452540
	421  -  MemoryUsage of job (MB)
	430332  -  ResidentSetSize of job (KB)
...
006 (10678.010.000) 09/01 18:18:24 Image size of job updated: 452712
	421  -  MemoryUsage of job (MB)
	430504  -  ResidentSetSize of job (KB)
...
006 (10678.010.000) 09/01 18:43:27 Image size of job updated: 453324
	422  -  MemoryUsage of job (MB)
	431116  -  ResidentSetSize of job (KB)
...
005 (10678.010.000) 09/01 18:58:11 Job terminated.
	(1) Normal termination (return value 0)
		Usr 0 02:39:51, Sys 0 00:00:00  -  Run Remote Usage
		Usr 0 00:00:00, Sys 0 00:00:00  -  Run Local Usage
		Usr 0 02:39:51, Sys 0 00:00:00  -  Total Remote Usage
		Usr 0 00:00:00, Sys 0 00:00:00  -  Total Local Usage
	0  -  Run Bytes Sent By Job
	0  -  Run Bytes Received By Job
	0  -  Total Bytes Sent By Job
	0  -  Total Bytes Received By Job
	Partitionable Resources :    Usage  Request          
	   Cpus                 :                 1          
	   Disk (KB)            :     7500     7500          
	   Memory (MB)          :      422      422          
...
