000 (10649.006.000) 08/30 23:02:21 Job submitted from host: <129.10.52.106:42847>
...
001 (10649.006.000) 08/30 23:02:41 Job executing on host: <10.1.255.249:47081>
...
006 (10649.006.000) 08/30 23:02:49 Image size of job updated: 18244
	6  -  MemoryUsage of job (MB)
	6000  -  ResidentSetSize of job (KB)
...
006 (10649.006.000) 08/30 23:07:49 Image size of job updated: 1571532
	1143  -  MemoryUsage of job (MB)
	1169748  -  ResidentSetSize of job (KB)
...
006 (10649.006.000) 08/30 23:12:50 Image size of job updated: 1571532
	1144  -  MemoryUsage of job (MB)
	1170992  -  ResidentSetSize of job (KB)
...
006 (10649.006.000) 08/30 23:17:51 Image size of job updated: 1571532
	1161  -  MemoryUsage of job (MB)
	1188280  -  ResidentSetSize of job (KB)
...
006 (10649.006.000) 08/30 23:22:51 Image size of job updated: 1571532
	1162  -  MemoryUsage of job (MB)
	1189236  -  ResidentSetSize of job (KB)
...
006 (10649.006.000) 08/30 23:27:52 Image size of job updated: 1571532
	1163  -  MemoryUsage of job (MB)
	1190188  -  ResidentSetSize of job (KB)
...
006 (10649.006.000) 08/30 23:32:53 Image size of job updated: 1571532
	1164  -  MemoryUsage of job (MB)
	1191148  -  ResidentSetSize of job (KB)
...
006 (10649.006.000) 08/30 23:37:53 Image size of job updated: 1571532
	1165  -  MemoryUsage of job (MB)
	1192164  -  ResidentSetSize of job (KB)
...
006 (10649.006.000) 08/30 23:42:53 Image size of job updated: 1571532
	1171  -  MemoryUsage of job (MB)
	1198216  -  ResidentSetSize of job (KB)
...
006 (10649.006.000) 08/30 23:47:54 Image size of job updated: 1571532
	1212  -  MemoryUsage of job (MB)
	1240884  -  ResidentSetSize of job (KB)
...
006 (10649.006.000) 08/30 23:52:55 Image size of job updated: 1571532
	1224  -  MemoryUsage of job (MB)
	1252920  -  ResidentSetSize of job (KB)
...
006 (10649.006.000) 08/30 23:57:55 Image size of job updated: 1571532
	1225  -  MemoryUsage of job (MB)
	1253444  -  ResidentSetSize of job (KB)
...
005 (10649.006.000) 08/30 23:59:44 Job terminated.
	(1) Normal termination (return value 0)
		Usr 0 00:56:43, Sys 0 00:00:00  -  Run Remote Usage
		Usr 0 00:00:00, Sys 0 00:00:00  -  Run Local Usage
		Usr 0 00:56:43, Sys 0 00:00:00  -  Total Remote Usage
		Usr 0 00:00:00, Sys 0 00:00:00  -  Total Local Usage
	0  -  Run Bytes Sent By Job
	0  -  Run Bytes Received By Job
	0  -  Total Bytes Sent By Job
	0  -  Total Bytes Received By Job
	Partitionable Resources :    Usage  Request          
	   Cpus                 :                 1          
	   Disk (KB)            :     7500     7500          
	   Memory (MB)          :     1225     1225          
...
000 (10651.006.000) 08/31 10:26:00 Job submitted from host: <129.10.52.106:42847>
...
001 (10651.006.000) 08/31 10:26:15 Job executing on host: <10.1.255.253:43139>
...
006 (10651.006.000) 08/31 10:26:24 Image size of job updated: 7500
	3  -  MemoryUsage of job (MB)
	2164  -  ResidentSetSize of job (KB)
...
006 (10651.006.000) 08/31 10:31:25 Image size of job updated: 1571016
	1174  -  MemoryUsage of job (MB)
	1202136  -  ResidentSetSize of job (KB)
...
006 (10651.006.000) 08/31 10:36:26 Image size of job updated: 1571016
	1175  -  MemoryUsage of job (MB)
	1203136  -  ResidentSetSize of job (KB)
...
006 (10651.006.000) 08/31 10:41:26 Image size of job updated: 1571016
	1192  -  MemoryUsage of job (MB)
	1220432  -  ResidentSetSize of job (KB)
...
006 (10651.006.000) 08/31 10:46:27 Image size of job updated: 1571016
	1193  -  MemoryUsage of job (MB)
	1221224  -  ResidentSetSize of job (KB)
...
006 (10651.006.000) 08/31 10:51:28 Image size of job updated: 1571016
	1194  -  MemoryUsage of job (MB)
	1222012  -  ResidentSetSize of job (KB)
...
006 (10651.006.000) 08/31 10:56:28 Image size of job updated: 1571016
	1195  -  MemoryUsage of job (MB)
	1222752  -  ResidentSetSize of job (KB)
...
006 (10651.006.000) 08/31 11:01:28 Image size of job updated: 1571016
	1195  -  MemoryUsage of job (MB)
	1223644  -  ResidentSetSize of job (KB)
...
006 (10651.006.000) 08/31 11:06:29 Image size of job updated: 1571016
	1212  -  MemoryUsage of job (MB)
	1240960  -  ResidentSetSize of job (KB)
...
006 (10651.006.000) 08/31 11:11:30 Image size of job updated: 1571016
	1213  -  MemoryUsage of job (MB)
	1241956  -  ResidentSetSize of job (KB)
...
005 (10651.006.000) 08/31 11:12:23 Job terminated.
	(1) Normal termination (return value 0)
		Usr 0 00:45:51, Sys 0 00:00:00  -  Run Remote Usage
		Usr 0 00:00:00, Sys 0 00:00:00  -  Run Local Usage
		Usr 0 00:45:51, Sys 0 00:00:00  -  Total Remote Usage
		Usr 0 00:00:00, Sys 0 00:00:00  -  Total Local Usage
	0  -  Run Bytes Sent By Job
	0  -  Run Bytes Received By Job
	0  -  Total Bytes Sent By Job
	0  -  Total Bytes Received By Job
	Partitionable Resources :    Usage  Request          
	   Cpus                 :                 1          
	   Disk (KB)            :     7500     7500          
	   Memory (MB)          :     1213     1213          
...
000 (10653.006.000) 08/31 19:52:09 Job submitted from host: <129.10.52.106:42847>
...
001 (10653.006.000) 08/31 19:52:10 Job executing on host: <10.1.255.243:43504>
...
006 (10653.006.000) 08/31 19:52:19 Image size of job updated: 7500
	3  -  MemoryUsage of job (MB)
	2160  -  ResidentSetSize of job (KB)
...
006 (10653.006.000) 08/31 19:57:20 Image size of job updated: 142964
	128  -  MemoryUsage of job (MB)
	130936  -  ResidentSetSize of job (KB)
...
005 (10653.006.000) 08/31 19:58:56 Job terminated.
	(1) Normal termination (return value 0)
		Usr 0 00:06:30, Sys 0 00:00:00  -  Run Remote Usage
		Usr 0 00:00:00, Sys 0 00:00:00  -  Run Local Usage
		Usr 0 00:06:30, Sys 0 00:00:00  -  Total Remote Usage
		Usr 0 00:00:00, Sys 0 00:00:00  -  Total Local Usage
	0  -  Run Bytes Sent By Job
	0  -  Run Bytes Received By Job
	0  -  Total Bytes Sent By Job
	0  -  Total Bytes Received By Job
	Partitionable Resources :    Usage  Request          
	   Cpus                 :                 1          
	   Disk (KB)            :     7500     7500          
	   Memory (MB)          :      128      128          
...
000 (10655.006.000) 08/31 20:17:22 Job submitted from host: <129.10.52.106:42847>
...
001 (10655.006.000) 08/31 20:17:23 Job executing on host: <10.1.255.243:43504>
...
006 (10655.006.000) 08/31 20:17:31 Image size of job updated: 7500
	3  -  MemoryUsage of job (MB)
	2172  -  ResidentSetSize of job (KB)
...
006 (10655.006.000) 08/31 20:22:31 Image size of job updated: 465820
	367  -  MemoryUsage of job (MB)
	375576  -  ResidentSetSize of job (KB)
...
006 (10655.006.000) 08/31 20:32:33 Image size of job updated: 465820
	373  -  MemoryUsage of job (MB)
	381704  -  ResidentSetSize of job (KB)
...
006 (10655.006.000) 08/31 20:37:33 Image size of job updated: 465820
	420  -  MemoryUsage of job (MB)
	429140  -  ResidentSetSize of job (KB)
...
004 (10655.006.000) 08/31 20:58:10 Job was evicted.
	(0) Job was not checkpointed.
		Usr 0 00:40:43, Sys 0 00:00:00  -  Run Remote Usage
		Usr 0 00:00:00, Sys 0 00:00:00  -  Run Local Usage
	0  -  Run Bytes Sent By Job
	0  -  Run Bytes Received By Job
	Partitionable Resources :    Usage  Request          
	   Cpus                 :                 1          
	   Disk (KB)            :     7500     7500          
	   Memory (MB)          :      420      420          
...
009 (10655.006.000) 08/31 20:58:11 Job was aborted by the user.
	via condor_rm (by user amir)
...
000 (10657.006.000) 08/31 21:02:22 Job submitted from host: <129.10.52.106:42847>
...
001 (10657.006.000) 08/31 21:02:35 Job executing on host: <10.1.255.241:47008>
...
006 (10657.006.000) 08/31 21:02:44 Image size of job updated: 27288
	15  -  MemoryUsage of job (MB)
	15184  -  ResidentSetSize of job (KB)
...
006 (10657.006.000) 08/31 21:07:45 Image size of job updated: 143100
	126  -  MemoryUsage of job (MB)
	128592  -  ResidentSetSize of job (KB)
...
000 (10659.006.000) 08/31 21:08:49 Job submitted from host: <129.10.52.106:42847>
...
009 (10659.006.000) 08/31 21:09:17 Job was aborted by the user.
	via condor_rm (by user amir)
...
004 (10657.006.000) 08/31 21:09:20 Job was evicted.
	(0) Job was not checkpointed.
		Usr 0 00:06:44, Sys 0 00:00:00  -  Run Remote Usage
		Usr 0 00:00:00, Sys 0 00:00:00  -  Run Local Usage
	0  -  Run Bytes Sent By Job
	0  -  Run Bytes Received By Job
	Partitionable Resources :    Usage  Request          
	   Cpus                 :                 1          
	   Disk (KB)            :     7500     7500          
	   Memory (MB)          :      126      126          
...
009 (10657.006.000) 08/31 21:09:21 Job was aborted by the user.
	via condor_rm (by user amir)
...
000 (10661.006.000) 08/31 21:09:44 Job submitted from host: <129.10.52.106:42847>
...
001 (10661.006.000) 08/31 21:09:56 Job executing on host: <10.1.255.248:44088>
...
006 (10661.006.000) 08/31 21:10:05 Image size of job updated: 28004
	16  -  MemoryUsage of job (MB)
	15832  -  ResidentSetSize of job (KB)
...
006 (10661.006.000) 08/31 21:15:05 Image size of job updated: 143432
	120  -  MemoryUsage of job (MB)
	122424  -  ResidentSetSize of job (KB)
...
004 (10661.006.000) 08/31 21:15:48 Job was evicted.
	(0) Job was not checkpointed.
		Usr 0 00:05:50, Sys 0 00:00:00  -  Run Remote Usage
		Usr 0 00:00:00, Sys 0 00:00:00  -  Run Local Usage
	0  -  Run Bytes Sent By Job
	0  -  Run Bytes Received By Job
	Partitionable Resources :    Usage  Request          
	   Cpus                 :                 1          
	   Disk (KB)            :     7500     7500          
	   Memory (MB)          :      120      120          
...
009 (10661.006.000) 08/31 21:15:49 Job was aborted by the user.
	via condor_rm (by user amir)
...
000 (10663.006.000) 08/31 21:16:22 Job submitted from host: <129.10.52.106:42847>
...
001 (10663.006.000) 08/31 21:16:39 Job executing on host: <10.1.255.244:42701>
...
006 (10663.006.000) 08/31 21:16:48 Image size of job updated: 14912
	3  -  MemoryUsage of job (MB)
	2728  -  ResidentSetSize of job (KB)
...
006 (10663.006.000) 08/31 21:21:49 Image size of job updated: 143288
	120  -  MemoryUsage of job (MB)
	122216  -  ResidentSetSize of job (KB)
...
006 (10663.006.000) 08/31 21:26:49 Image size of job updated: 143288
	129  -  MemoryUsage of job (MB)
	131360  -  ResidentSetSize of job (KB)
...
005 (10663.006.000) 08/31 21:58:24 Job terminated.
	(1) Normal termination (return value 0)
		Usr 0 00:41:33, Sys 0 00:00:00  -  Run Remote Usage
		Usr 0 00:00:00, Sys 0 00:00:00  -  Run Local Usage
		Usr 0 00:41:33, Sys 0 00:00:00  -  Total Remote Usage
		Usr 0 00:00:00, Sys 0 00:00:00  -  Total Local Usage
	0  -  Run Bytes Sent By Job
	0  -  Run Bytes Received By Job
	0  -  Total Bytes Sent By Job
	0  -  Total Bytes Received By Job
	Partitionable Resources :    Usage  Request          
	   Cpus                 :                 1          
	   Disk (KB)            :     7500     7500          
	   Memory (MB)          :      129      129          
...
000 (10665.006.000) 08/31 23:17:47 Job submitted from host: <129.10.52.106:42847>
...
001 (10665.006.000) 08/31 23:17:58 Job executing on host: <10.1.255.248:44088>
...
006 (10665.006.000) 08/31 23:18:06 Image size of job updated: 46020
	0  -  MemoryUsage of job (MB)
	0  -  ResidentSetSize of job (KB)
...
005 (10665.006.000) 08/31 23:18:07 Job terminated.
	(1) Normal termination (return value 1)
		Usr 0 00:00:01, Sys 0 00:00:00  -  Run Remote Usage
		Usr 0 00:00:00, Sys 0 00:00:00  -  Run Local Usage
		Usr 0 00:00:01, Sys 0 00:00:00  -  Total Remote Usage
		Usr 0 00:00:00, Sys 0 00:00:00  -  Total Local Usage
	0  -  Run Bytes Sent By Job
	0  -  Run Bytes Received By Job
	0  -  Total Bytes Sent By Job
	0  -  Total Bytes Received By Job
	Partitionable Resources :    Usage  Request          
	   Cpus                 :                 1          
	   Disk (KB)            :     7500     7500          
	   Memory (MB)          :        0        0          
...
000 (10667.006.000) 08/31 23:29:22 Job submitted from host: <129.10.52.106:42847>
...
001 (10667.006.000) 08/31 23:29:34 Job executing on host: <10.1.255.242:42117>
...
006 (10667.006.000) 08/31 23:29:43 Image size of job updated: 7500
	3  -  MemoryUsage of job (MB)
	2172  -  ResidentSetSize of job (KB)
...
006 (10667.006.000) 08/31 23:29:44 Image size of job updated: 270024
	3  -  MemoryUsage of job (MB)
	2172  -  ResidentSetSize of job (KB)
...
005 (10667.006.000) 08/31 23:29:44 Job terminated.
	(1) Normal termination (return value 1)
		Usr 0 00:00:09, Sys 0 00:00:00  -  Run Remote Usage
		Usr 0 00:00:00, Sys 0 00:00:00  -  Run Local Usage
		Usr 0 00:00:09, Sys 0 00:00:00  -  Total Remote Usage
		Usr 0 00:00:00, Sys 0 00:00:00  -  Total Local Usage
	0  -  Run Bytes Sent By Job
	0  -  Run Bytes Received By Job
	0  -  Total Bytes Sent By Job
	0  -  Total Bytes Received By Job
	Partitionable Resources :    Usage  Request          
	   Cpus                 :                 1          
	   Disk (KB)            :     7500     7500          
	   Memory (MB)          :        3        3          
...
000 (10669.006.000) 08/31 23:36:08 Job submitted from host: <129.10.52.106:42847>
...
001 (10669.006.000) 08/31 23:36:19 Job executing on host: <10.1.255.239:44818>
...
006 (10669.006.000) 08/31 23:36:27 Image size of job updated: 46020
	34  -  MemoryUsage of job (MB)
	33880  -  ResidentSetSize of job (KB)
...
006 (10669.006.000) 08/31 23:41:27 Image size of job updated: 329664
	258  -  MemoryUsage of job (MB)
	263764  -  ResidentSetSize of job (KB)
...
006 (10669.006.000) 08/31 23:46:28 Image size of job updated: 329664
	259  -  MemoryUsage of job (MB)
	264880  -  ResidentSetSize of job (KB)
...
006 (10669.006.000) 08/31 23:51:29 Image size of job updated: 329664
	294  -  MemoryUsage of job (MB)
	300816  -  ResidentSetSize of job (KB)
...
006 (10669.006.000) 08/31 23:56:29 Image size of job updated: 329664
	295  -  MemoryUsage of job (MB)
	301196  -  ResidentSetSize of job (KB)
...
005 (10669.006.000) 09/01 00:06:22 Job terminated.
	(1) Normal termination (return value 0)
		Usr 0 00:29:44, Sys 0 00:00:00  -  Run Remote Usage
		Usr 0 00:00:00, Sys 0 00:00:00  -  Run Local Usage
		Usr 0 00:29:44, Sys 0 00:00:00  -  Total Remote Usage
		Usr 0 00:00:00, Sys 0 00:00:00  -  Total Local Usage
	0  -  Run Bytes Sent By Job
	0  -  Run Bytes Received By Job
	0  -  Total Bytes Sent By Job
	0  -  Total Bytes Received By Job
	Partitionable Resources :    Usage  Request          
	   Cpus                 :                 1          
	   Disk (KB)            :     7500     7500          
	   Memory (MB)          :      295      295          
...
000 (10671.006.000) 09/01 01:09:36 Job submitted from host: <129.10.52.106:42847>
...
001 (10671.006.000) 09/01 01:09:48 Job executing on host: <10.1.255.244:42701>
...
006 (10671.006.000) 09/01 01:09:56 Image size of job updated: 21836
	10  -  MemoryUsage of job (MB)
	9616  -  ResidentSetSize of job (KB)
...
006 (10671.006.000) 09/01 01:14:56 Image size of job updated: 1924884
	1481  -  MemoryUsage of job (MB)
	1516096  -  ResidentSetSize of job (KB)
...
006 (10671.006.000) 09/01 01:19:58 Image size of job updated: 1924884
	1481  -  MemoryUsage of job (MB)
	1516104  -  ResidentSetSize of job (KB)
...
006 (10671.006.000) 09/01 01:24:58 Image size of job updated: 1924884
	1483  -  MemoryUsage of job (MB)
	1518164  -  ResidentSetSize of job (KB)
...
006 (10671.006.000) 09/01 01:29:58 Image size of job updated: 1924884
	1483  -  MemoryUsage of job (MB)
	1518180  -  ResidentSetSize of job (KB)
...
006 (10671.006.000) 09/01 01:34:59 Image size of job updated: 1924884
	1488  -  MemoryUsage of job (MB)
	1522780  -  ResidentSetSize of job (KB)
...
006 (10671.006.000) 09/01 02:05:02 Image size of job updated: 1924884
	1514  -  MemoryUsage of job (MB)
	1549572  -  ResidentSetSize of job (KB)
...
006 (10671.006.000) 09/01 02:10:03 Image size of job updated: 1924884
	1570  -  MemoryUsage of job (MB)
	1607300  -  ResidentSetSize of job (KB)
...
006 (10671.006.000) 09/01 02:15:04 Image size of job updated: 1924884
	1570  -  MemoryUsage of job (MB)
	1607352  -  ResidentSetSize of job (KB)
...
006 (10671.006.000) 09/01 02:20:04 Image size of job updated: 1924884
	1570  -  MemoryUsage of job (MB)
	1607416  -  ResidentSetSize of job (KB)
...
006 (10671.006.000) 09/01 02:25:05 Image size of job updated: 1924884
	1586  -  MemoryUsage of job (MB)
	1623868  -  ResidentSetSize of job (KB)
...
006 (10671.006.000) 09/01 02:30:06 Image size of job updated: 1924884
	1586  -  MemoryUsage of job (MB)
	1623904  -  ResidentSetSize of job (KB)
...
006 (10671.006.000) 09/01 02:35:06 Image size of job updated: 1924884
	1590  -  MemoryUsage of job (MB)
	1628040  -  ResidentSetSize of job (KB)
...
006 (10671.006.000) 09/01 02:40:06 Image size of job updated: 1924884
	1592  -  MemoryUsage of job (MB)
	1630140  -  ResidentSetSize of job (KB)
...
006 (10671.006.000) 09/01 02:45:07 Image size of job updated: 1924884
	1592  -  MemoryUsage of job (MB)
	1630200  -  ResidentSetSize of job (KB)
...
006 (10671.006.000) 09/01 02:50:08 Image size of job updated: 1924884
	1595  -  MemoryUsage of job (MB)
	1632288  -  ResidentSetSize of job (KB)
...
006 (10671.006.000) 09/01 02:55:08 Image size of job updated: 1924884
	1596  -  MemoryUsage of job (MB)
	1633896  -  ResidentSetSize of job (KB)
...
006 (10671.006.000) 09/01 03:00:08 Image size of job updated: 1924884
	1596  -  MemoryUsage of job (MB)
	1633936  -  ResidentSetSize of job (KB)
...
006 (10671.006.000) 09/01 03:05:09 Image size of job updated: 1924884
	1596  -  MemoryUsage of job (MB)
	1633996  -  ResidentSetSize of job (KB)
...
006 (10671.006.000) 09/01 03:10:09 Image size of job updated: 1924884
	1596  -  MemoryUsage of job (MB)
	1634040  -  ResidentSetSize of job (KB)
...
006 (10671.006.000) 09/01 03:15:09 Image size of job updated: 1924884
	1596  -  MemoryUsage of job (MB)
	1634072  -  ResidentSetSize of job (KB)
...
006 (10671.006.000) 09/01 03:20:09 Image size of job updated: 1924884
	1596  -  MemoryUsage of job (MB)
	1634116  -  ResidentSetSize of job (KB)
...
006 (10671.006.000) 09/01 03:25:10 Image size of job updated: 1924884
	1596  -  MemoryUsage of job (MB)
	1634164  -  ResidentSetSize of job (KB)
...
006 (10671.006.000) 09/01 03:30:10 Image size of job updated: 1924884
	1598  -  MemoryUsage of job (MB)
	1635460  -  ResidentSetSize of job (KB)
...
006 (10671.006.000) 09/01 03:35:10 Image size of job updated: 1924884
	1598  -  MemoryUsage of job (MB)
	1635520  -  ResidentSetSize of job (KB)
...
006 (10671.006.000) 09/01 03:40:11 Image size of job updated: 1924884
	1598  -  MemoryUsage of job (MB)
	1635572  -  ResidentSetSize of job (KB)
...
006 (10671.006.000) 09/01 03:45:12 Image size of job updated: 1924884
	1598  -  MemoryUsage of job (MB)
	1635616  -  ResidentSetSize of job (KB)
...
006 (10671.006.000) 09/01 03:50:12 Image size of job updated: 1924884
	1598  -  MemoryUsage of job (MB)
	1635668  -  ResidentSetSize of job (KB)
...
006 (10671.006.000) 09/01 03:55:13 Image size of job updated: 1924884
	1598  -  MemoryUsage of job (MB)
	1635720  -  ResidentSetSize of job (KB)
...
006 (10671.006.000) 09/01 04:00:14 Image size of job updated: 1924884
	1598  -  MemoryUsage of job (MB)
	1635784  -  ResidentSetSize of job (KB)
...
006 (10671.006.000) 09/01 04:05:14 Image size of job updated: 1924884
	1598  -  MemoryUsage of job (MB)
	1635824  -  ResidentSetSize of job (KB)
...
006 (10671.006.000) 09/01 04:10:14 Image size of job updated: 1924884
	1614  -  MemoryUsage of job (MB)
	1652256  -  ResidentSetSize of job (KB)
...
006 (10671.006.000) 09/01 04:15:16 Image size of job updated: 1924884
	1614  -  MemoryUsage of job (MB)
	1652320  -  ResidentSetSize of job (KB)
...
006 (10671.006.000) 09/01 04:20:16 Image size of job updated: 1924884
	1614  -  MemoryUsage of job (MB)
	1652352  -  ResidentSetSize of job (KB)
...
006 (10671.006.000) 09/01 04:25:16 Image size of job updated: 1924884
	1614  -  MemoryUsage of job (MB)
	1652396  -  ResidentSetSize of job (KB)
...
006 (10671.006.000) 09/01 04:30:17 Image size of job updated: 1924884
	1614  -  MemoryUsage of job (MB)
	1652456  -  ResidentSetSize of job (KB)
...
006 (10671.006.000) 09/01 04:35:18 Image size of job updated: 1924884
	1614  -  MemoryUsage of job (MB)
	1652492  -  ResidentSetSize of job (KB)
...
006 (10671.006.000) 09/01 04:40:18 Image size of job updated: 1924884
	1614  -  MemoryUsage of job (MB)
	1652544  -  ResidentSetSize of job (KB)
...
006 (10671.006.000) 09/01 04:45:18 Image size of job updated: 1924884
	1614  -  MemoryUsage of job (MB)
	1652576  -  ResidentSetSize of job (KB)
...
006 (10671.006.000) 09/01 04:50:19 Image size of job updated: 1924884
	1614  -  MemoryUsage of job (MB)
	1652624  -  ResidentSetSize of job (KB)
...
006 (10671.006.000) 09/01 04:55:19 Image size of job updated: 1924884
	1614  -  MemoryUsage of job (MB)
	1652656  -  ResidentSetSize of job (KB)
...
006 (10671.006.000) 09/01 05:00:19 Image size of job updated: 1924884
	1614  -  MemoryUsage of job (MB)
	1652688  -  ResidentSetSize of job (KB)
...
006 (10671.006.000) 09/01 05:05:20 Image size of job updated: 1924884
	1614  -  MemoryUsage of job (MB)
	1652736  -  ResidentSetSize of job (KB)
...
006 (10671.006.000) 09/01 05:10:21 Image size of job updated: 1924884
	1615  -  MemoryUsage of job (MB)
	1652784  -  ResidentSetSize of job (KB)
...
006 (10671.006.000) 09/01 05:15:21 Image size of job updated: 1924884
	1615  -  MemoryUsage of job (MB)
	1652816  -  ResidentSetSize of job (KB)
...
006 (10671.006.000) 09/01 05:20:21 Image size of job updated: 1924884
	1615  -  MemoryUsage of job (MB)
	1652848  -  ResidentSetSize of job (KB)
...
006 (10671.006.000) 09/01 05:25:22 Image size of job updated: 1924884
	1615  -  MemoryUsage of job (MB)
	1652904  -  ResidentSetSize of job (KB)
...
006 (10671.006.000) 09/01 05:30:23 Image size of job updated: 1924884
	1615  -  MemoryUsage of job (MB)
	1652940  -  ResidentSetSize of job (KB)
...
006 (10671.006.000) 09/01 05:35:23 Image size of job updated: 1924884
	1615  -  MemoryUsage of job (MB)
	1652976  -  ResidentSetSize of job (KB)
...
006 (10671.006.000) 09/01 05:40:24 Image size of job updated: 1924884
	1615  -  MemoryUsage of job (MB)
	1653008  -  ResidentSetSize of job (KB)
...
006 (10671.006.000) 09/01 05:45:25 Image size of job updated: 1924884
	1615  -  MemoryUsage of job (MB)
	1653056  -  ResidentSetSize of job (KB)
...
006 (10671.006.000) 09/01 05:50:25 Image size of job updated: 1924884
	1615  -  MemoryUsage of job (MB)
	1653104  -  ResidentSetSize of job (KB)
...
006 (10671.006.000) 09/01 05:55:25 Image size of job updated: 1924884
	1631  -  MemoryUsage of job (MB)
	1669528  -  ResidentSetSize of job (KB)
...
006 (10671.006.000) 09/01 06:00:26 Image size of job updated: 1924884
	1631  -  MemoryUsage of job (MB)
	1669560  -  ResidentSetSize of job (KB)
...
006 (10671.006.000) 09/01 06:05:26 Image size of job updated: 1924884
	1631  -  MemoryUsage of job (MB)
	1669612  -  ResidentSetSize of job (KB)
...
006 (10671.006.000) 09/01 06:10:26 Image size of job updated: 1924884
	1631  -  MemoryUsage of job (MB)
	1669660  -  ResidentSetSize of job (KB)
...
006 (10671.006.000) 09/01 06:15:27 Image size of job updated: 1924884
	1631  -  MemoryUsage of job (MB)
	1669692  -  ResidentSetSize of job (KB)
...
006 (10671.006.000) 09/01 06:20:28 Image size of job updated: 1924884
	1631  -  MemoryUsage of job (MB)
	1669740  -  ResidentSetSize of job (KB)
...
006 (10671.006.000) 09/01 06:25:28 Image size of job updated: 1924884
	1631  -  MemoryUsage of job (MB)
	1669788  -  ResidentSetSize of job (KB)
...
006 (10671.006.000) 09/01 06:30:28 Image size of job updated: 1924884
	1631  -  MemoryUsage of job (MB)
	1669824  -  ResidentSetSize of job (KB)
...
006 (10671.006.000) 09/01 06:35:28 Image size of job updated: 1924884
	1631  -  MemoryUsage of job (MB)
	1669856  -  ResidentSetSize of job (KB)
...
006 (10671.006.000) 09/01 06:40:29 Image size of job updated: 1924884
	1631  -  MemoryUsage of job (MB)
	1669916  -  ResidentSetSize of job (KB)
...
006 (10671.006.000) 09/01 06:45:29 Image size of job updated: 1924884
	1631  -  MemoryUsage of job (MB)
	1669952  -  ResidentSetSize of job (KB)
...
006 (10671.006.000) 09/01 06:50:29 Image size of job updated: 1924884
	1631  -  MemoryUsage of job (MB)
	1669984  -  ResidentSetSize of job (KB)
...
006 (10671.006.000) 09/01 06:55:30 Image size of job updated: 1924884
	1631  -  MemoryUsage of job (MB)
	1670032  -  ResidentSetSize of job (KB)
...
006 (10671.006.000) 09/01 07:00:31 Image size of job updated: 1924884
	1631  -  MemoryUsage of job (MB)
	1670072  -  ResidentSetSize of job (KB)
...
006 (10671.006.000) 09/01 07:05:31 Image size of job updated: 1924884
	1631  -  MemoryUsage of job (MB)
	1670108  -  ResidentSetSize of job (KB)
...
006 (10671.006.000) 09/01 07:10:32 Image size of job updated: 1924884
	1632  -  MemoryUsage of job (MB)
	1670148  -  ResidentSetSize of job (KB)
...
006 (10671.006.000) 09/01 07:15:33 Image size of job updated: 1924884
	1632  -  MemoryUsage of job (MB)
	1670204  -  ResidentSetSize of job (KB)
...
006 (10671.006.000) 09/01 07:20:33 Image size of job updated: 1924884
	1632  -  MemoryUsage of job (MB)
	1670240  -  ResidentSetSize of job (KB)
...
006 (10671.006.000) 09/01 07:25:33 Image size of job updated: 1924884
	1632  -  MemoryUsage of job (MB)
	1670292  -  ResidentSetSize of job (KB)
...
006 (10671.006.000) 09/01 07:30:35 Image size of job updated: 1924884
	1632  -  MemoryUsage of job (MB)
	1670324  -  ResidentSetSize of job (KB)
...
006 (10671.006.000) 09/01 07:35:35 Image size of job updated: 1924884
	1632  -  MemoryUsage of job (MB)
	1670368  -  ResidentSetSize of job (KB)
...
006 (10671.006.000) 09/01 07:40:35 Image size of job updated: 1924884
	1648  -  MemoryUsage of job (MB)
	1686760  -  ResidentSetSize of job (KB)
...
006 (10671.006.000) 09/01 07:45:36 Image size of job updated: 1924884
	1648  -  MemoryUsage of job (MB)
	1686772  -  ResidentSetSize of job (KB)
...
006 (10671.006.000) 09/01 07:50:37 Image size of job updated: 1924884
	1648  -  MemoryUsage of job (MB)
	1686784  -  ResidentSetSize of job (KB)
...
005 (10671.006.000) 09/01 07:53:10 Job terminated.
	(1) Normal termination (return value 0)
		Usr 0 06:42:34, Sys 0 00:00:01  -  Run Remote Usage
		Usr 0 00:00:00, Sys 0 00:00:00  -  Run Local Usage
		Usr 0 06:42:34, Sys 0 00:00:01  -  Total Remote Usage
		Usr 0 00:00:00, Sys 0 00:00:00  -  Total Local Usage
	0  -  Run Bytes Sent By Job
	0  -  Run Bytes Received By Job
	0  -  Total Bytes Sent By Job
	0  -  Total Bytes Received By Job
	Partitionable Resources :    Usage  Request          
	   Cpus                 :                 1          
	   Disk (KB)            :     7500     7500          
	   Memory (MB)          :     1648     1648          
...
000 (10673.006.000) 09/01 11:26:58 Job submitted from host: <129.10.52.106:42847>
...
001 (10673.006.000) 09/01 11:27:13 Job executing on host: <10.1.255.249:47081>
...
006 (10673.006.000) 09/01 11:27:22 Image size of job updated: 95280
	4  -  MemoryUsage of job (MB)
	3332  -  ResidentSetSize of job (KB)
...
006 (10673.006.000) 09/01 11:32:22 Image size of job updated: 2160268
	1844  -  MemoryUsage of job (MB)
	1887740  -  ResidentSetSize of job (KB)
...
006 (10673.006.000) 09/01 11:37:22 Image size of job updated: 2160540
	1844  -  MemoryUsage of job (MB)
	1888236  -  ResidentSetSize of job (KB)
...
004 (10673.006.000) 09/01 11:39:45 Job was evicted.
	(0) Job was not checkpointed.
		Usr 0 00:12:28, Sys 0 00:00:00  -  Run Remote Usage
		Usr 0 00:00:00, Sys 0 00:00:00  -  Run Local Usage
	0  -  Run Bytes Sent By Job
	0  -  Run Bytes Received By Job
	Partitionable Resources :    Usage  Request          
	   Cpus                 :                 1          
	   Disk (KB)            :     7500     7500          
	   Memory (MB)          :     1844     1844          
...
009 (10673.006.000) 09/01 11:39:47 Job was aborted by the user.
	via condor_rm (by user amir)
...
000 (10675.006.000) 09/01 11:40:18 Job submitted from host: <129.10.52.106:42847>
...
001 (10675.006.000) 09/01 11:40:31 Job executing on host: <10.1.255.242:42117>
...
006 (10675.006.000) 09/01 11:40:39 Image size of job updated: 7500
	3  -  MemoryUsage of job (MB)
	2168  -  ResidentSetSize of job (KB)
...
006 (10675.006.000) 09/01 11:45:39 Image size of job updated: 2160264
	1846  -  MemoryUsage of job (MB)
	1889840  -  ResidentSetSize of job (KB)
...
006 (10675.006.000) 09/01 11:50:40 Image size of job updated: 2160536
	1847  -  MemoryUsage of job (MB)
	1890308  -  ResidentSetSize of job (KB)
...
006 (10675.006.000) 09/01 11:55:41 Image size of job updated: 2160536
	1847  -  MemoryUsage of job (MB)
	1890372  -  ResidentSetSize of job (KB)
...
006 (10675.006.000) 09/01 12:00:41 Image size of job updated: 2167532
	1862  -  MemoryUsage of job (MB)
	1906192  -  ResidentSetSize of job (KB)
...
006 (10675.006.000) 09/01 12:05:41 Image size of job updated: 2167532
	1864  -  MemoryUsage of job (MB)
	1908404  -  ResidentSetSize of job (KB)
...
006 (10675.006.000) 09/01 12:10:42 Image size of job updated: 2167532
	1864  -  MemoryUsage of job (MB)
	1908472  -  ResidentSetSize of job (KB)
...
006 (10675.006.000) 09/01 12:15:43 Image size of job updated: 2182448
	1907  -  MemoryUsage of job (MB)
	1952680  -  ResidentSetSize of job (KB)
...
006 (10675.006.000) 09/01 12:20:43 Image size of job updated: 2182844
	1925  -  MemoryUsage of job (MB)
	1971088  -  ResidentSetSize of job (KB)
...
006 (10675.006.000) 09/01 12:25:44 Image size of job updated: 2186144
	1936  -  MemoryUsage of job (MB)
	1982256  -  ResidentSetSize of job (KB)
...
006 (10675.006.000) 09/01 12:30:45 Image size of job updated: 2186144
	1939  -  MemoryUsage of job (MB)
	1984860  -  ResidentSetSize of job (KB)
...
006 (10675.006.000) 09/01 12:35:45 Image size of job updated: 2186144
	1969  -  MemoryUsage of job (MB)
	2015244  -  ResidentSetSize of job (KB)
...
006 (10675.006.000) 09/01 12:40:45 Image size of job updated: 2186144
	1979  -  MemoryUsage of job (MB)
	2025560  -  ResidentSetSize of job (KB)
...
006 (10675.006.000) 09/01 12:45:46 Image size of job updated: 2186144
	1989  -  MemoryUsage of job (MB)
	2036724  -  ResidentSetSize of job (KB)
...
006 (10675.006.000) 09/01 12:55:46 Image size of job updated: 2186144
	1990  -  MemoryUsage of job (MB)
	2036780  -  ResidentSetSize of job (KB)
...
006 (10675.006.000) 09/01 13:00:47 Image size of job updated: 2186144
	1990  -  MemoryUsage of job (MB)
	2036816  -  ResidentSetSize of job (KB)
...
006 (10675.006.000) 09/01 13:05:48 Image size of job updated: 2186144
	1990  -  MemoryUsage of job (MB)
	2036900  -  ResidentSetSize of job (KB)
...
006 (10675.006.000) 09/01 13:10:48 Image size of job updated: 2186144
	1990  -  MemoryUsage of job (MB)
	2036968  -  ResidentSetSize of job (KB)
...
006 (10675.006.000) 09/01 13:15:48 Image size of job updated: 2186144
	1990  -  MemoryUsage of job (MB)
	2036980  -  ResidentSetSize of job (KB)
...
006 (10675.006.000) 09/01 13:20:49 Image size of job updated: 2186144
	1990  -  MemoryUsage of job (MB)
	2037248  -  ResidentSetSize of job (KB)
...
006 (10675.006.000) 09/01 13:25:50 Image size of job updated: 2186144
	1990  -  MemoryUsage of job (MB)
	2037264  -  ResidentSetSize of job (KB)
...
006 (10675.006.000) 09/01 13:30:50 Image size of job updated: 2186144
	1990  -  MemoryUsage of job (MB)
	2037272  -  ResidentSetSize of job (KB)
...
006 (10675.006.000) 09/01 13:35:50 Image size of job updated: 2186144
	1990  -  MemoryUsage of job (MB)
	2037276  -  ResidentSetSize of job (KB)
...
006 (10675.006.000) 09/01 13:50:52 Image size of job updated: 2186144
	1995  -  MemoryUsage of job (MB)
	2042596  -  ResidentSetSize of job (KB)
...
006 (10675.006.000) 09/01 14:00:53 Image size of job updated: 2186144
	1995  -  MemoryUsage of job (MB)
	2042604  -  ResidentSetSize of job (KB)
...
006 (10675.006.000) 09/01 14:05:54 Image size of job updated: 2186144
	1995  -  MemoryUsage of job (MB)
	2042612  -  ResidentSetSize of job (KB)
...
006 (10675.006.000) 09/01 14:15:54 Image size of job updated: 2186144
	1995  -  MemoryUsage of job (MB)
	2042632  -  ResidentSetSize of job (KB)
...
006 (10675.006.000) 09/01 14:20:55 Image size of job updated: 2186144
	1995  -  MemoryUsage of job (MB)
	2042644  -  ResidentSetSize of job (KB)
...
006 (10675.006.000) 09/01 14:25:56 Image size of job updated: 2186144
	1995  -  MemoryUsage of job (MB)
	2042672  -  ResidentSetSize of job (KB)
...
006 (10675.006.000) 09/01 14:35:57 Image size of job updated: 2186144
	1995  -  MemoryUsage of job (MB)
	2042684  -  ResidentSetSize of job (KB)
...
006 (10675.006.000) 09/01 14:40:58 Image size of job updated: 2186144
	1995  -  MemoryUsage of job (MB)
	2042688  -  ResidentSetSize of job (KB)
...
006 (10675.006.000) 09/01 15:01:00 Image size of job updated: 2186144
	1995  -  MemoryUsage of job (MB)
	2042692  -  ResidentSetSize of job (KB)
...
006 (10675.006.000) 09/01 15:11:01 Image size of job updated: 2186144
	1995  -  MemoryUsage of job (MB)
	2042752  -  ResidentSetSize of job (KB)
...
006 (10675.006.000) 09/01 15:16:02 Image size of job updated: 2186144
	1995  -  MemoryUsage of job (MB)
	2042764  -  ResidentSetSize of job (KB)
...
006 (10675.006.000) 09/01 15:21:02 Image size of job updated: 2186144
	1995  -  MemoryUsage of job (MB)
	2042776  -  ResidentSetSize of job (KB)
...
006 (10675.006.000) 09/01 15:26:02 Image size of job updated: 2186144
	1995  -  MemoryUsage of job (MB)
	2042792  -  ResidentSetSize of job (KB)
...
006 (10675.006.000) 09/01 15:31:03 Image size of job updated: 2186144
	1995  -  MemoryUsage of job (MB)
	2042800  -  ResidentSetSize of job (KB)
...
004 (10675.006.000) 09/01 15:34:52 Job was evicted.
	(0) Job was not checkpointed.
		Usr 0 03:54:00, Sys 0 00:00:01  -  Run Remote Usage
		Usr 0 00:00:00, Sys 0 00:00:00  -  Run Local Usage
	0  -  Run Bytes Sent By Job
	0  -  Run Bytes Received By Job
	Partitionable Resources :    Usage  Request          
	   Cpus                 :                 1          
	   Disk (KB)            :     7500     7500          
	   Memory (MB)          :     1995     1995          
...
009 (10675.006.000) 09/01 15:34:53 Job was aborted by the user.
	via condor_rm (by user amir)
...
000 (10677.006.000) 09/01 15:35:23 Job submitted from host: <129.10.52.106:42847>
...
001 (10677.006.000) 09/01 15:35:35 Job executing on host: <10.1.255.251:40584>
...
006 (10677.006.000) 09/01 15:35:43 Image size of job updated: 27172
	15  -  MemoryUsage of job (MB)
	15092  -  ResidentSetSize of job (KB)
...
006 (10677.006.000) 09/01 15:40:43 Image size of job updated: 2160536
	1811  -  MemoryUsage of job (MB)
	1853760  -  ResidentSetSize of job (KB)
...
006 (10677.006.000) 09/01 15:45:43 Image size of job updated: 2160536
	1823  -  MemoryUsage of job (MB)
	1866560  -  ResidentSetSize of job (KB)
...
006 (10677.006.000) 09/01 15:50:44 Image size of job updated: 2167532
	1880  -  MemoryUsage of job (MB)
	1924320  -  ResidentSetSize of job (KB)
...
006 (10677.006.000) 09/01 15:55:44 Image size of job updated: 2167532
	1913  -  MemoryUsage of job (MB)
	1958544  -  ResidentSetSize of job (KB)
...
006 (10677.006.000) 09/01 16:00:44 Image size of job updated: 2183900
	1983  -  MemoryUsage of job (MB)
	2030576  -  ResidentSetSize of job (KB)
...
006 (10677.006.000) 09/01 16:05:45 Image size of job updated: 2186148
	1986  -  MemoryUsage of job (MB)
	2032980  -  ResidentSetSize of job (KB)
...
006 (10677.006.000) 09/01 16:10:46 Image size of job updated: 2186148
	1986  -  MemoryUsage of job (MB)
	2032984  -  ResidentSetSize of job (KB)
...
006 (10677.006.000) 09/01 16:15:46 Image size of job updated: 2186148
	1986  -  MemoryUsage of job (MB)
	2032992  -  ResidentSetSize of job (KB)
...
004 (10677.006.000) 09/01 16:17:46 Job was evicted.
	(0) Job was not checkpointed.
		Usr 0 00:42:06, Sys 0 00:00:00  -  Run Remote Usage
		Usr 0 00:00:00, Sys 0 00:00:00  -  Run Local Usage
	0  -  Run Bytes Sent By Job
	0  -  Run Bytes Received By Job
	Partitionable Resources :    Usage  Request          
	   Cpus                 :                 1          
	   Disk (KB)            :     7500     7500          
	   Memory (MB)          :     1986     1986          
...
009 (10677.006.000) 09/01 16:17:48 Job was aborted by the user.
	via condor_rm (by user amir)
...
000 (10679.006.000) 09/01 16:18:11 Job submitted from host: <129.10.52.106:42847>
...
001 (10679.006.000) 09/01 16:18:23 Job executing on host: <10.1.255.246:47592>
...
006 (10679.006.000) 09/01 16:18:31 Image size of job updated: 7500
	3  -  MemoryUsage of job (MB)
	2160  -  ResidentSetSize of job (KB)
...
006 (10679.006.000) 09/01 16:23:31 Image size of job updated: 2160264
	1846  -  MemoryUsage of job (MB)
	1889784  -  ResidentSetSize of job (KB)
...
006 (10679.006.000) 09/01 16:28:32 Image size of job updated: 2160536
	1846  -  MemoryUsage of job (MB)
	1890300  -  ResidentSetSize of job (KB)
...
006 (10679.006.000) 09/01 16:33:32 Image size of job updated: 2160536
	1847  -  MemoryUsage of job (MB)
	1890360  -  ResidentSetSize of job (KB)
...
006 (10679.006.000) 09/01 16:38:32 Image size of job updated: 2167532
	1860  -  MemoryUsage of job (MB)
	1904324  -  ResidentSetSize of job (KB)
...
006 (10679.006.000) 09/01 16:43:33 Image size of job updated: 2167532
	1868  -  MemoryUsage of job (MB)
	1912624  -  ResidentSetSize of job (KB)
...
006 (10679.006.000) 09/01 16:48:34 Image size of job updated: 2167532
	1868  -  MemoryUsage of job (MB)
	1912688  -  ResidentSetSize of job (KB)
...
006 (10679.006.000) 09/01 16:53:34 Image size of job updated: 2183108
	1910  -  MemoryUsage of job (MB)
	1955416  -  ResidentSetSize of job (KB)
...
006 (10679.006.000) 09/01 16:58:35 Image size of job updated: 2183900
	1935  -  MemoryUsage of job (MB)
	1981388  -  ResidentSetSize of job (KB)
...
006 (10679.006.000) 09/01 17:03:36 Image size of job updated: 2183900
	1937  -  MemoryUsage of job (MB)
	1983048  -  ResidentSetSize of job (KB)
...
006 (10679.006.000) 09/01 17:08:36 Image size of job updated: 2183900
	1937  -  MemoryUsage of job (MB)
	1983076  -  ResidentSetSize of job (KB)
...
006 (10679.006.000) 09/01 17:13:36 Image size of job updated: 2183900
	1937  -  MemoryUsage of job (MB)
	1983180  -  ResidentSetSize of job (KB)
...
006 (10679.006.000) 09/01 17:18:37 Image size of job updated: 2183900
	1937  -  MemoryUsage of job (MB)
	1983344  -  ResidentSetSize of job (KB)
...
006 (10679.006.000) 09/01 17:23:37 Image size of job updated: 2183900
	1937  -  MemoryUsage of job (MB)
	1983356  -  ResidentSetSize of job (KB)
...
006 (10679.006.000) 09/01 17:28:37 Image size of job updated: 2183900
	1938  -  MemoryUsage of job (MB)
	1983592  -  ResidentSetSize of job (KB)
...
006 (10679.006.000) 09/01 17:33:38 Image size of job updated: 2183900
	1938  -  MemoryUsage of job (MB)
	1983768  -  ResidentSetSize of job (KB)
...
006 (10679.006.000) 09/01 17:38:39 Image size of job updated: 2183900
	1938  -  MemoryUsage of job (MB)
	1983936  -  ResidentSetSize of job (KB)
...
006 (10679.006.000) 09/01 17:43:39 Image size of job updated: 2183900
	1938  -  MemoryUsage of job (MB)
	1984276  -  ResidentSetSize of job (KB)
...
006 (10679.006.000) 09/01 17:48:40 Image size of job updated: 2183900
	1939  -  MemoryUsage of job (MB)
	1985108  -  ResidentSetSize of job (KB)
...
006 (10679.006.000) 09/01 17:53:41 Image size of job updated: 2183900
	1941  -  MemoryUsage of job (MB)
	1987320  -  ResidentSetSize of job (KB)
...
006 (10679.006.000) 09/01 17:58:41 Image size of job updated: 2184560
	1942  -  MemoryUsage of job (MB)
	1988100  -  ResidentSetSize of job (KB)
...
006 (10679.006.000) 09/01 18:03:41 Image size of job updated: 2184560
	1942  -  MemoryUsage of job (MB)
	1988176  -  ResidentSetSize of job (KB)
...
006 (10679.006.000) 09/01 18:08:42 Image size of job updated: 2184560
	1942  -  MemoryUsage of job (MB)
	1988196  -  ResidentSetSize of job (KB)
...
006 (10679.006.000) 09/01 18:13:42 Image size of job updated: 2184560
	1954  -  MemoryUsage of job (MB)
	1999976  -  ResidentSetSize of job (KB)
...
006 (10679.006.000) 09/01 18:18:42 Image size of job updated: 2184560
	1978  -  MemoryUsage of job (MB)
	2025036  -  ResidentSetSize of job (KB)
...
006 (10679.006.000) 09/01 18:23:44 Image size of job updated: 2184560
	2007  -  MemoryUsage of job (MB)
	2054640  -  ResidentSetSize of job (KB)
...
006 (10679.006.000) 09/01 18:28:44 Image size of job updated: 2184560
	2007  -  MemoryUsage of job (MB)
	2054680  -  ResidentSetSize of job (KB)
...
006 (10679.006.000) 09/01 18:43:46 Image size of job updated: 2184560
	2007  -  MemoryUsage of job (MB)
	2054732  -  ResidentSetSize of job (KB)
...
006 (10679.006.000) 09/01 18:48:46 Image size of job updated: 2184560
	2007  -  MemoryUsage of job (MB)
	2054796  -  ResidentSetSize of job (KB)
...
006 (10679.006.000) 09/01 18:58:48 Image size of job updated: 2184560
	2007  -  MemoryUsage of job (MB)
	2054804  -  ResidentSetSize of job (KB)
...
006 (10679.006.000) 09/01 19:13:49 Image size of job updated: 2184560
	2009  -  MemoryUsage of job (MB)
	2056996  -  ResidentSetSize of job (KB)
...
006 (10679.006.000) 09/01 19:43:52 Image size of job updated: 2184560
	2009  -  MemoryUsage of job (MB)
	2057008  -  ResidentSetSize of job (KB)
...
006 (10679.006.000) 09/01 19:58:53 Image size of job updated: 2184560
	2009  -  MemoryUsage of job (MB)
	2057016  -  ResidentSetSize of job (KB)
...
006 (10679.006.000) 09/01 20:03:54 Image size of job updated: 2184560
	2010  -  MemoryUsage of job (MB)
	2057780  -  ResidentSetSize of job (KB)
...
006 (10679.006.000) 09/01 20:28:57 Image size of job updated: 2184560
	2010  -  MemoryUsage of job (MB)
	2057788  -  ResidentSetSize of job (KB)
...
