
; Multi2Sim 4.2 - A Simulation Framework for CPU-GPU Heterogeneous Computing
; Please use command 'm2s --help' for a list of command-line options.
; Simulation alpha-numeric ID: YgHXK


;
; Simulation Statistics Summary
;

[ General ]
RealTime = 3295.56 [s]
SimEnd = ContextsFinished
SimTime = 854099.00 [ns]
Frequency = 1000 [MHz]
Cycles = 854100

[ SouthernIslands ]
RealTime = 0.00 [s]
Instructions = 2571264
InstructionsPerSecond = 0
NDRangeCount = 1
WorkGroupCount = 256
BranchInstructions = 81920
LDSInstructions = 0
ScalarALUInstructions = 210944
ScalarMemInstructions = 9216
VectorALUInstructions = 2247680
VectorMemInstructions = 21504
SimTime = 854073.24 [ns]
Frequency = 925 [MHz]
Cycles = 790077
CyclesPerSecond = 0

[ x86 ]
RealTime = 17.98 [s]
Instructions = 21585093
InstructionsPerSecond = 1200807
Contexts = 2
Memory = 38113280

Warning: empty y range [0:0], adjusting to [0:1]
