
hetero_ours-8-16cu_PCI/BSch
hetero_ours-8-16cu_PCI/BSch transfered bytes : 0
hetero_ours-8-16cu_PCI/BSch cycles : 1638517
hetero_ours-8-16cu_PCI/BSch transfered bytes : 3939920

hetero_ours-8-16cu_PCI/DCT
hetero_ours-8-16cu_PCI/DCT transfered bytes : 0
hetero_ours-8-16cu_PCI/DCT transfered bytes : 0

hetero_ours-8-16cu_PCI/DH
hetero_ours-8-16cu_PCI/DH transfered bytes : 0
hetero_ours-8-16cu_PCI/DH transfered bytes : 0

hetero_ours-8-16cu_PCI/EV
hetero_ours-8-16cu_PCI/EV transfered bytes : 0
hetero_ours-8-16cu_PCI/EV transfered bytes : 0

hetero_ours-8-16cu_PCI/FW
hetero_ours-8-16cu_PCI/FW transfered bytes : 0
hetero_ours-8-16cu_PCI/FW cycles : 833637
hetero_ours-8-16cu_PCI/FW transfered bytes : 2694688

hetero_ours-8-16cu_PCI/FWT
hetero_ours-8-16cu_PCI/FWT transfered bytes : 0
hetero_ours-8-16cu_PCI/FWT cycles : 464768
hetero_ours-8-16cu_PCI/FWT transfered bytes : 2048576

hetero_ours-8-16cu_PCI/Hist
hetero_ours-8-16cu_PCI/Hist transfered bytes : 0
hetero_ours-8-16cu_PCI/Hist cycles : 2267755
hetero_ours-8-16cu_PCI/Hist transfered bytes : 5284800

hetero_ours-8-16cu_PCI/MM
hetero_ours-8-16cu_PCI/MM transfered bytes : 0
hetero_ours-8-16cu_PCI/MM cycles : 735040
hetero_ours-8-16cu_PCI/MM transfered bytes : 2107600

hetero_ours-8-16cu_PCI/MT
hetero_ours-8-16cu_PCI/MT transfered bytes : 0
hetero_ours-8-16cu_PCI/MT cycles : 2392575
hetero_ours-8-16cu_PCI/MT transfered bytes : 5956832

hetero_ours-8-16cu_PCI/MTw
hetero_ours-8-16cu_PCI/MTw transfered bytes : 0
hetero_ours-8-16cu_PCI/MTw cycles : 2816657
hetero_ours-8-16cu_PCI/MTw transfered bytes : 6576144

hetero_ours-8-16cu_PCI/PS
hetero_ours-8-16cu_PCI/PS transfered bytes : 0
hetero_ours-8-16cu_PCI/PS cycles : 28317
hetero_ours-8-16cu_PCI/PS transfered bytes : 10400

hetero_ours-8-16cu_PCI/QRS
hetero_ours-8-16cu_PCI/QRS transfered bytes : 0
hetero_ours-8-16cu_PCI/QRS cycles : 86583
hetero_ours-8-16cu_PCI/QRS transfered bytes : 83760

hetero_ours-8-16cu_PCI/RD
hetero_ours-8-16cu_PCI/RD transfered bytes : 0
hetero_ours-8-16cu_PCI/RD cycles : 143794
hetero_ours-8-16cu_PCI/RD transfered bytes : 330944

hetero_ours-8-16cu_PCI/RG
hetero_ours-8-16cu_PCI/RG transfered bytes : 0
hetero_ours-8-16cu_PCI/RG transfered bytes : 0

hetero_ours-8-16cu_PCI/RS
hetero_ours-8-16cu_PCI/RS transfered bytes : 0
hetero_ours-8-16cu_PCI/RS cycles : 6179432
hetero_ours-8-16cu_PCI/RS transfered bytes : 3280000

hetero_ours-8-16cu_PCI/SC
hetero_ours-8-16cu_PCI/SC transfered bytes : 0
hetero_ours-8-16cu_PCI/SC cycles : 293662
hetero_ours-8-16cu_PCI/SC transfered bytes : 279040

hetero_ours-8-16cu_PCI/SF
hetero_ours-8-16cu_PCI/SF transfered bytes : 0
hetero_ours-8-16cu_PCI/SF cycles : 1165118
hetero_ours-8-16cu_PCI/SF transfered bytes : 3152896

hetero_ours-8-16cu_PCI/SLA
hetero_ours-8-16cu_PCI/SLA transfered bytes : 0
hetero_ours-8-16cu_PCI/SLA cycles : 303533
hetero_ours-8-16cu_PCI/SLA transfered bytes : 741408
