
hetero_kim-8-16cu_PCI/BSch
hetero_kim-8-16cu_PCI/BSch transfered bytes : 5687664
hetero_kim-8-16cu_PCI/BSch cycles : 638846
si-net-gm-mm_net.ref not found

hetero_kim-8-16cu_PCI/DCT
hetero_kim-8-16cu_PCI/DCT transfered bytes : 6097920
hetero_kim-8-16cu_PCI/DCT cycles : 655444
si-net-gm-mm_net.ref not found

hetero_kim-8-16cu_PCI/DH
hetero_kim-8-16cu_PCI/DH transfered bytes : 779648
hetero_kim-8-16cu_PCI/DH cycles : 142470
si-net-gm-mm_net.ref not found

hetero_kim-8-16cu_PCI/EV
hetero_kim-8-16cu_PCI/EV transfered bytes : 0
si-net-gm-mm_net.ref not found

hetero_kim-8-16cu_PCI/FW
hetero_kim-8-16cu_PCI/FW transfered bytes : 5694864
hetero_kim-8-16cu_PCI/FW cycles : 1165773
si-net-gm-mm_net.ref not found

hetero_kim-8-16cu_PCI/FWT
hetero_kim-8-16cu_PCI/FWT transfered bytes : 2124512
hetero_kim-8-16cu_PCI/FWT cycles : 342126
si-net-gm-mm_net.ref not found

hetero_kim-8-16cu_PCI/Hist
hetero_kim-8-16cu_PCI/Hist transfered bytes : 5535296
hetero_kim-8-16cu_PCI/Hist cycles : 1404742
si-net-gm-mm_net.ref not found

hetero_kim-8-16cu_PCI/MM
hetero_kim-8-16cu_PCI/MM transfered bytes : 7837792
hetero_kim-8-16cu_PCI/MM cycles : 1616299
si-net-gm-mm_net.ref not found

hetero_kim-8-16cu_PCI/MT
hetero_kim-8-16cu_PCI/MT transfered bytes : 4619168
hetero_kim-8-16cu_PCI/MT cycles : 660556
si-net-gm-mm_net.ref not found

hetero_kim-8-16cu_PCI/MTw
hetero_kim-8-16cu_PCI/MTw transfered bytes : 0
si-net-gm-mm_net.ref not found

hetero_kim-8-16cu_PCI/PS
hetero_kim-8-16cu_PCI/PS transfered bytes : 9120
hetero_kim-8-16cu_PCI/PS cycles : 27050
si-net-gm-mm_net.ref not found

hetero_kim-8-16cu_PCI/QRS
hetero_kim-8-16cu_PCI/QRS transfered bytes : 109344
hetero_kim-8-16cu_PCI/QRS cycles : 87358
si-net-gm-mm_net.ref not found

hetero_kim-8-16cu_PCI/RD
hetero_kim-8-16cu_PCI/RD transfered bytes : 1782928
hetero_kim-8-16cu_PCI/RD cycles : 217721
si-net-gm-mm_net.ref not found

hetero_kim-8-16cu_PCI/RG
hetero_kim-8-16cu_PCI/RG transfered bytes : 0
si-net-gm-mm_net.ref not found

hetero_kim-8-16cu_PCI/RS
hetero_kim-8-16cu_PCI/RS transfered bytes : 119565776
hetero_kim-8-16cu_PCI/RS cycles : 43451400
si-net-gm-mm_net.ref not found

hetero_kim-8-16cu_PCI/SC
hetero_kim-8-16cu_PCI/SC transfered bytes : 2389600
hetero_kim-8-16cu_PCI/SC cycles : 689805
si-net-gm-mm_net.ref not found

hetero_kim-8-16cu_PCI/SF
hetero_kim-8-16cu_PCI/SF transfered bytes : 838224
hetero_kim-8-16cu_PCI/SF cycles : 127577
si-net-gm-mm_net.ref not found

hetero_kim-8-16cu_PCI/SLA
hetero_kim-8-16cu_PCI/SLA transfered bytes : 783376
hetero_kim-8-16cu_PCI/SLA cycles : 138885
si-net-gm-mm_net.ref not found
