
hetero_kim-8-16cu_PCI/BSch
hetero_kim-8-16cu_PCI/BSch transfered bytes : 3448064
hetero_kim-8-16cu_PCI/BSch cycles : 394915
si-net-gm-mm_net.ref not found

hetero_kim-8-16cu_PCI/DCT
hetero_kim-8-16cu_PCI/DCT transfered bytes : 0
si-net-gm-mm_net.ref not found

hetero_kim-8-16cu_PCI/DH
hetero_kim-8-16cu_PCI/DH transfered bytes : 0
si-net-gm-mm_net.ref not found

hetero_kim-8-16cu_PCI/EV
hetero_kim-8-16cu_PCI/EV transfered bytes : 0
si-net-gm-mm_net.ref not found

hetero_kim-8-16cu_PCI/FW
hetero_kim-8-16cu_PCI/FW transfered bytes : 0
si-net-gm-mm_net.ref not found

hetero_kim-8-16cu_PCI/FWT
hetero_kim-8-16cu_PCI/FWT transfered bytes : 0
si-net-gm-mm_net.ref not found

hetero_kim-8-16cu_PCI/Hist
hetero_kim-8-16cu_PCI/Hist transfered bytes : 0
si-net-gm-mm_net.ref not found

hetero_kim-8-16cu_PCI/MM
hetero_kim-8-16cu_PCI/MM transfered bytes : 0
si-net-gm-mm_net.ref not found

hetero_kim-8-16cu_PCI/MT
hetero_kim-8-16cu_PCI/MT transfered bytes : 0
si-net-gm-mm_net.ref not found

hetero_kim-8-16cu_PCI/MTw
hetero_kim-8-16cu_PCI/MTw transfered bytes : 6641408
hetero_kim-8-16cu_PCI/MTw cycles : 790077
si-net-gm-mm_net.ref not found

hetero_kim-8-16cu_PCI/PS
hetero_kim-8-16cu_PCI/PS transfered bytes : 9120
hetero_kim-8-16cu_PCI/PS cycles : 24777
si-net-gm-mm_net.ref not found

hetero_kim-8-16cu_PCI/QRS
hetero_kim-8-16cu_PCI/QRS transfered bytes : 73200
hetero_kim-8-16cu_PCI/QRS cycles : 83097
si-net-gm-mm_net.ref not found

hetero_kim-8-16cu_PCI/RD
hetero_kim-8-16cu_PCI/RD transfered bytes : 0
si-net-gm-mm_net.ref not found

hetero_kim-8-16cu_PCI/RG
hetero_kim-8-16cu_PCI/RG transfered bytes : 0
si-net-gm-mm_net.ref not found

hetero_kim-8-16cu_PCI/RS
hetero_kim-8-16cu_PCI/RS transfered bytes : 0
si-net-gm-mm_net.ref not found

hetero_kim-8-16cu_PCI/SC
hetero_kim-8-16cu_PCI/SC transfered bytes : 0
si-net-gm-mm_net.ref not found

hetero_kim-8-16cu_PCI/SF
hetero_kim-8-16cu_PCI/SF transfered bytes : 0
si-net-gm-mm_net.ref not found

hetero_kim-8-16cu_PCI/SLA
hetero_kim-8-16cu_PCI/SLA transfered bytes : 0
si-net-gm-mm_net.ref not found
