
hetero_ours-8-16cu_PCI/BSch
hetero_ours-8-16cu_PCI/BSch transfered bytes : 0
hetero_ours-8-16cu_PCI/BSch cycles : 301605
hetero_ours-8-16cu_PCI/BSch transfered bytes : 3939088

hetero_ours-8-16cu_PCI/DCT
hetero_ours-8-16cu_PCI/DCT transfered bytes : 0
hetero_ours-8-16cu_PCI/DCT cycles : 200095
hetero_ours-8-16cu_PCI/DCT transfered bytes : 2629584

hetero_ours-8-16cu_PCI/DH
hetero_ours-8-16cu_PCI/DH transfered bytes : 0
hetero_ours-8-16cu_PCI/DH cycles : 117686
hetero_ours-8-16cu_PCI/DH transfered bytes : 659264

hetero_ours-8-16cu_PCI/EV
hetero_ours-8-16cu_PCI/EV transfered bytes : 0
hetero_ours-8-16cu_PCI/EV transfered bytes : 0

hetero_ours-8-16cu_PCI/FW
hetero_ours-8-16cu_PCI/FW transfered bytes : 0
hetero_ours-8-16cu_PCI/FW cycles : 828924
hetero_ours-8-16cu_PCI/FW transfered bytes : 4954608

hetero_ours-8-16cu_PCI/FWT
hetero_ours-8-16cu_PCI/FWT transfered bytes : 0
hetero_ours-8-16cu_PCI/FWT cycles : 208759
hetero_ours-8-16cu_PCI/FWT transfered bytes : 2037776

hetero_ours-8-16cu_PCI/Hist
hetero_ours-8-16cu_PCI/Hist transfered bytes : 0
hetero_ours-8-16cu_PCI/Hist cycles : 1245358
hetero_ours-8-16cu_PCI/Hist transfered bytes : 5284800

hetero_ours-8-16cu_PCI/MM
hetero_ours-8-16cu_PCI/MM transfered bytes : 0
hetero_ours-8-16cu_PCI/MM cycles : 492062
hetero_ours-8-16cu_PCI/MM transfered bytes : 3544160

hetero_ours-8-16cu_PCI/MT
hetero_ours-8-16cu_PCI/MT transfered bytes : 0
hetero_ours-8-16cu_PCI/MT cycles : 324763
hetero_ours-8-16cu_PCI/MT transfered bytes : 2825728

hetero_ours-8-16cu_PCI/MTw
hetero_ours-8-16cu_PCI/MTw transfered bytes : 0
hetero_ours-8-16cu_PCI/MTw cycles : 690649
hetero_ours-8-16cu_PCI/MTw transfered bytes : 6576544

hetero_ours-8-16cu_PCI/PS
hetero_ours-8-16cu_PCI/PS transfered bytes : 0
hetero_ours-8-16cu_PCI/PS cycles : 30619
hetero_ours-8-16cu_PCI/PS transfered bytes : 10400

hetero_ours-8-16cu_PCI/QRS
hetero_ours-8-16cu_PCI/QRS transfered bytes : 0
hetero_ours-8-16cu_PCI/QRS cycles : 87211
hetero_ours-8-16cu_PCI/QRS transfered bytes : 83760

hetero_ours-8-16cu_PCI/RD
hetero_ours-8-16cu_PCI/RD transfered bytes : 0
hetero_ours-8-16cu_PCI/RD cycles : 117981
hetero_ours-8-16cu_PCI/RD transfered bytes : 1320800

hetero_ours-8-16cu_PCI/RG
hetero_ours-8-16cu_PCI/RG transfered bytes : 0
hetero_ours-8-16cu_PCI/RG transfered bytes : 0

hetero_ours-8-16cu_PCI/RS
hetero_ours-8-16cu_PCI/RS transfered bytes : 0
hetero_ours-8-16cu_PCI/RS cycles : 25406384
hetero_ours-8-16cu_PCI/RS transfered bytes : 3511104

hetero_ours-8-16cu_PCI/SC
hetero_ours-8-16cu_PCI/SC transfered bytes : 0
hetero_ours-8-16cu_PCI/SC cycles : 339552
hetero_ours-8-16cu_PCI/SC transfered bytes : 279632

hetero_ours-8-16cu_PCI/SF
hetero_ours-8-16cu_PCI/SF transfered bytes : 0
hetero_ours-8-16cu_PCI/SF cycles : 112147
hetero_ours-8-16cu_PCI/SF transfered bytes : 854064

hetero_ours-8-16cu_PCI/SLA
hetero_ours-8-16cu_PCI/SLA transfered bytes : 0
hetero_ours-8-16cu_PCI/SLA cycles : 105209
hetero_ours-8-16cu_PCI/SLA transfered bytes : 741680
