
hetero_ours-8-16cu_PCI/BSch
hetero_ours-8-16cu_PCI/BSch transfered bytes : 0
hetero_ours-8-16cu_PCI/BSch cycles : 302979
hetero_ours-8-16cu_PCI/BSch transfered bytes : 3939088

hetero_ours-8-16cu_PCI/DCT
hetero_ours-8-16cu_PCI/DCT transfered bytes : 0
hetero_ours-8-16cu_PCI/DCT transfered bytes : 0

hetero_ours-8-16cu_PCI/DH
hetero_ours-8-16cu_PCI/DH transfered bytes : 0
hetero_ours-8-16cu_PCI/DH cycles : 337284
hetero_ours-8-16cu_PCI/DH transfered bytes : 2628144

hetero_ours-8-16cu_PCI/EV
hetero_ours-8-16cu_PCI/EV transfered bytes : 0
hetero_ours-8-16cu_PCI/EV transfered bytes : 0

hetero_ours-8-16cu_PCI/FW
hetero_ours-8-16cu_PCI/FW transfered bytes : 0
hetero_ours-8-16cu_PCI/FW transfered bytes : 0

hetero_ours-8-16cu_PCI/FWT
hetero_ours-8-16cu_PCI/FWT transfered bytes : 0
hetero_ours-8-16cu_PCI/FWT transfered bytes : 0

hetero_ours-8-16cu_PCI/Hist
hetero_ours-8-16cu_PCI/Hist transfered bytes : 0
hetero_ours-8-16cu_PCI/Hist transfered bytes : 0

hetero_ours-8-16cu_PCI/MM
hetero_ours-8-16cu_PCI/MM transfered bytes : 0
hetero_ours-8-16cu_PCI/MM transfered bytes : 0

hetero_ours-8-16cu_PCI/MT
hetero_ours-8-16cu_PCI/MT transfered bytes : 0
hetero_ours-8-16cu_PCI/MT transfered bytes : 0

hetero_ours-8-16cu_PCI/MTw
hetero_ours-8-16cu_PCI/MTw transfered bytes : 0
hetero_ours-8-16cu_PCI/MTw cycles : 557768
hetero_ours-8-16cu_PCI/MTw transfered bytes : 6573472

hetero_ours-8-16cu_PCI/PS
hetero_ours-8-16cu_PCI/PS transfered bytes : 0
hetero_ours-8-16cu_PCI/PS cycles : 28329
hetero_ours-8-16cu_PCI/PS transfered bytes : 10400

hetero_ours-8-16cu_PCI/QRS
hetero_ours-8-16cu_PCI/QRS transfered bytes : 0
hetero_ours-8-16cu_PCI/QRS cycles : 86793
hetero_ours-8-16cu_PCI/QRS transfered bytes : 83760

hetero_ours-8-16cu_PCI/RD
hetero_ours-8-16cu_PCI/RD transfered bytes : 0
hetero_ours-8-16cu_PCI/RD transfered bytes : 0

hetero_ours-8-16cu_PCI/RG
hetero_ours-8-16cu_PCI/RG transfered bytes : 0
hetero_ours-8-16cu_PCI/RG transfered bytes : 0

hetero_ours-8-16cu_PCI/RS
hetero_ours-8-16cu_PCI/RS transfered bytes : 0
hetero_ours-8-16cu_PCI/RS transfered bytes : 0

hetero_ours-8-16cu_PCI/SC
hetero_ours-8-16cu_PCI/SC transfered bytes : 0
hetero_ours-8-16cu_PCI/SC transfered bytes : 0

hetero_ours-8-16cu_PCI/SF
hetero_ours-8-16cu_PCI/SF transfered bytes : 0
hetero_ours-8-16cu_PCI/SF transfered bytes : 0

hetero_ours-8-16cu_PCI/SLA
hetero_ours-8-16cu_PCI/SLA transfered bytes : 0
hetero_ours-8-16cu_PCI/SLA transfered bytes : 0
