Using 1 procs on 1 steps of 512 mols
Other parameters:
	TSTEP = 1.50e-16
	NORDER = 6
	NSAVE = -1
	NRST = 3000
	NPRINT = 3
	NFMC = 0
	CUTOFF = 6.212752

64 boxes with 1 processors


TEMPERATURE                =   298.00 K
DENSITY                    =  0.99800 G/C.C.
NUMBER OF MOLECULES        =      512
NUMBER OF PROCESSORS       =        1
TIME STEP                  = 1.50e-01 SEC
ORDER USED TO SOLVE F=MA   =        6 
NO. OF TIME STEPS          =        1 
FREQUENCY OF DATA SAVING   =       -1 
FREQUENCY TO WRITE RST FILE=     3000 
xprocs = 1	yprocs = 1	zprocs = 1
x_inc = 4	 y_inc = 4	 z_inc = 4
x_left = 0	 y_left = 0	 z_left = 0
SPHERICAL CUTOFF RADIUS    =   6.2128 ANGSTROM

NS = 7.9999999999999893
BOXL =  24.851010
CUTOFF =   6.212752
BOX_LENGTH =   6.212752
BOX_PER_SIDE = 4
XS =   3.106376
ZERO = 1.55319
WCOS = 0.585882
WSIN = 0.756950
***** NEW RUN STARTING FROM REGULAR LATTICE *****
CREATETIME = 0
COMPUTESTART (after initialization) = 1438277156
COMPUTEEND = 1438277279
COMPUTETIME (after initialization) = 123
Measured Time (2nd timestep onward) = 0
Intramolecular time only (2nd timestep onward) = 0
Intermolecular time only (2nd timestep onward) = 0
Other time (2nd timestep onward) = 0

Exited Happily with XTT = 1.00782 (note: XTT value is garbage if NPRINT > NSTEP)
