000 (10650.015.000) 08/31 10:25:39 Job submitted from host: <129.10.52.106:42847>
...
001 (10650.015.000) 08/31 10:25:55 Job executing on host: <10.1.255.245:47081>
...
006 (10650.015.000) 08/31 10:26:03 Image size of job updated: 21436
	9  -  MemoryUsage of job (MB)
	9072  -  ResidentSetSize of job (KB)
...
006 (10650.015.000) 08/31 10:31:03 Image size of job updated: 543172
	456  -  MemoryUsage of job (MB)
	466380  -  ResidentSetSize of job (KB)
...
006 (10650.015.000) 08/31 10:33:47 Image size of job updated: 569316
	456  -  MemoryUsage of job (MB)
	466380  -  ResidentSetSize of job (KB)
...
005 (10650.015.000) 08/31 10:33:47 Job terminated.
	(1) Normal termination (return value 0)
		Usr 0 00:07:43, Sys 0 00:00:00  -  Run Remote Usage
		Usr 0 00:00:00, Sys 0 00:00:00  -  Run Local Usage
		Usr 0 00:07:43, Sys 0 00:00:00  -  Total Remote Usage
		Usr 0 00:00:00, Sys 0 00:00:00  -  Total Local Usage
	0  -  Run Bytes Sent By Job
	0  -  Run Bytes Received By Job
	0  -  Total Bytes Sent By Job
	0  -  Total Bytes Received By Job
	Partitionable Resources :    Usage  Request          
	   Cpus                 :                 1          
	   Disk (KB)            :     7500     7500          
	   Memory (MB)          :      456      456          
...
000 (10652.015.000) 08/31 19:51:14 Job submitted from host: <129.10.52.106:42847>
...
001 (10652.015.000) 08/31 19:51:23 Job executing on host: <10.1.255.244:42701>
...
006 (10652.015.000) 08/31 19:51:31 Image size of job updated: 7500
	3  -  MemoryUsage of job (MB)
	2168  -  ResidentSetSize of job (KB)
...
006 (10652.015.000) 08/31 19:52:00 Image size of job updated: 495544
	3  -  MemoryUsage of job (MB)
	2168  -  ResidentSetSize of job (KB)
...
005 (10652.015.000) 08/31 19:52:00 Job terminated.
	(1) Normal termination (return value 0)
		Usr 0 00:00:25, Sys 0 00:00:00  -  Run Remote Usage
		Usr 0 00:00:00, Sys 0 00:00:00  -  Run Local Usage
		Usr 0 00:00:25, Sys 0 00:00:00  -  Total Remote Usage
		Usr 0 00:00:00, Sys 0 00:00:00  -  Total Local Usage
	0  -  Run Bytes Sent By Job
	0  -  Run Bytes Received By Job
	0  -  Total Bytes Sent By Job
	0  -  Total Bytes Received By Job
	Partitionable Resources :    Usage  Request          
	   Cpus                 :                 1          
	   Disk (KB)            :     7500     7500          
	   Memory (MB)          :        3        3          
...
000 (10654.015.000) 08/31 20:16:53 Job submitted from host: <129.10.52.106:42847>
...
001 (10654.015.000) 08/31 20:16:55 Job executing on host: <10.1.255.248:44088>
...
006 (10654.015.000) 08/31 20:17:04 Image size of job updated: 426828
	329  -  MemoryUsage of job (MB)
	336604  -  ResidentSetSize of job (KB)
...
006 (10654.015.000) 08/31 20:22:05 Image size of job updated: 530076
	430  -  MemoryUsage of job (MB)
	439932  -  ResidentSetSize of job (KB)
...
006 (10654.015.000) 08/31 20:23:52 Image size of job updated: 559784
	430  -  MemoryUsage of job (MB)
	439932  -  ResidentSetSize of job (KB)
...
005 (10654.015.000) 08/31 20:23:52 Job terminated.
	(1) Normal termination (return value 0)
		Usr 0 00:06:45, Sys 0 00:00:00  -  Run Remote Usage
		Usr 0 00:00:00, Sys 0 00:00:00  -  Run Local Usage
		Usr 0 00:06:45, Sys 0 00:00:00  -  Total Remote Usage
		Usr 0 00:00:00, Sys 0 00:00:00  -  Total Local Usage
	0  -  Run Bytes Sent By Job
	0  -  Run Bytes Received By Job
	0  -  Total Bytes Sent By Job
	0  -  Total Bytes Received By Job
	Partitionable Resources :    Usage  Request          
	   Cpus                 :                 1          
	   Disk (KB)            :     7500     7500          
	   Memory (MB)          :      430      430          
...
000 (10656.015.000) 08/31 21:02:12 Job submitted from host: <129.10.52.106:42847>
...
001 (10656.015.000) 08/31 21:02:14 Job executing on host: <10.1.255.243:43504>
...
006 (10656.015.000) 08/31 21:02:23 Image size of job updated: 383280
	288  -  MemoryUsage of job (MB)
	294060  -  ResidentSetSize of job (KB)
...
006 (10656.015.000) 08/31 21:07:24 Image size of job updated: 530076
	474  -  MemoryUsage of job (MB)
	485256  -  ResidentSetSize of job (KB)
...
000 (10658.015.000) 08/31 21:08:37 Job submitted from host: <129.10.52.106:42847>
...
001 (10658.015.000) 08/31 21:08:56 Job executing on host: <10.1.255.242:42117>
...
006 (10658.015.000) 08/31 21:09:04 Image size of job updated: 424452
	311  -  MemoryUsage of job (MB)
	318400  -  ResidentSetSize of job (KB)
...
006 (10656.015.000) 08/31 21:09:07 Image size of job updated: 559784
	474  -  MemoryUsage of job (MB)
	485256  -  ResidentSetSize of job (KB)
...
005 (10656.015.000) 08/31 21:09:08 Job terminated.
	(1) Normal termination (return value 0)
		Usr 0 00:06:37, Sys 0 00:00:00  -  Run Remote Usage
		Usr 0 00:00:00, Sys 0 00:00:00  -  Run Local Usage
		Usr 0 00:06:37, Sys 0 00:00:00  -  Total Remote Usage
		Usr 0 00:00:00, Sys 0 00:00:00  -  Total Local Usage
	0  -  Run Bytes Sent By Job
	0  -  Run Bytes Received By Job
	0  -  Total Bytes Sent By Job
	0  -  Total Bytes Received By Job
	Partitionable Resources :    Usage  Request          
	   Cpus                 :                 1          
	   Disk (KB)            :     7500     7500          
	   Memory (MB)          :      474      474          
...
006 (10658.015.000) 08/31 21:09:19 Image size of job updated: 475928
	311  -  MemoryUsage of job (MB)
	318400  -  ResidentSetSize of job (KB)
...
004 (10658.015.000) 08/31 21:09:19 Job was evicted.
	(0) Job was not checkpointed.
		Usr 0 00:00:22, Sys 0 00:00:00  -  Run Remote Usage
		Usr 0 00:00:00, Sys 0 00:00:00  -  Run Local Usage
	0  -  Run Bytes Sent By Job
	0  -  Run Bytes Received By Job
	Partitionable Resources :    Usage  Request          
	   Cpus                 :                 1          
	   Disk (KB)            :     7500     7500          
	   Memory (MB)          :      311      311          
...
009 (10658.015.000) 08/31 21:09:21 Job was aborted by the user.
	via condor_rm (by user amir)
...
000 (10660.015.000) 08/31 21:09:35 Job submitted from host: <129.10.52.106:42847>
...
001 (10660.015.000) 08/31 21:09:36 Job executing on host: <10.1.255.243:43504>
...
006 (10660.015.000) 08/31 21:09:45 Image size of job updated: 7500
	3  -  MemoryUsage of job (MB)
	2172  -  ResidentSetSize of job (KB)
...
006 (10660.015.000) 08/31 21:14:46 Image size of job updated: 530076
	415  -  MemoryUsage of job (MB)
	424088  -  ResidentSetSize of job (KB)
...
006 (10660.015.000) 08/31 21:15:48 Image size of job updated: 559784
	415  -  MemoryUsage of job (MB)
	424088  -  ResidentSetSize of job (KB)
...
004 (10660.015.000) 08/31 21:15:48 Job was evicted.
	(0) Job was not checkpointed.
		Usr 0 00:06:10, Sys 0 00:00:00  -  Run Remote Usage
		Usr 0 00:00:00, Sys 0 00:00:00  -  Run Local Usage
	0  -  Run Bytes Sent By Job
	0  -  Run Bytes Received By Job
	Partitionable Resources :    Usage  Request          
	   Cpus                 :                 1          
	   Disk (KB)            :     7500     7500          
	   Memory (MB)          :      415      415          
...
009 (10660.015.000) 08/31 21:15:49 Job was aborted by the user.
	via condor_rm (by user amir)
...
000 (10662.015.000) 08/31 21:16:12 Job submitted from host: <129.10.52.106:42847>
...
001 (10662.015.000) 08/31 21:16:19 Job executing on host: <10.1.255.253:43139>
...
006 (10662.015.000) 08/31 21:16:28 Image size of job updated: 7500
	3  -  MemoryUsage of job (MB)
	2168  -  ResidentSetSize of job (KB)
...
006 (10662.015.000) 08/31 21:21:29 Image size of job updated: 561728
	430  -  MemoryUsage of job (MB)
	439920  -  ResidentSetSize of job (KB)
...
005 (10662.015.000) 08/31 21:23:26 Job terminated.
	(1) Normal termination (return value 0)
		Usr 0 00:06:59, Sys 0 00:00:00  -  Run Remote Usage
		Usr 0 00:00:00, Sys 0 00:00:00  -  Run Local Usage
		Usr 0 00:06:59, Sys 0 00:00:00  -  Total Remote Usage
		Usr 0 00:00:00, Sys 0 00:00:00  -  Total Local Usage
	0  -  Run Bytes Sent By Job
	0  -  Run Bytes Received By Job
	0  -  Total Bytes Sent By Job
	0  -  Total Bytes Received By Job
	Partitionable Resources :    Usage  Request          
	   Cpus                 :                 1          
	   Disk (KB)            :     7500     7500          
	   Memory (MB)          :      430      430          
...
000 (10664.015.000) 08/31 23:17:37 Job submitted from host: <129.10.52.106:42847>
...
001 (10664.015.000) 08/31 23:17:38 Job executing on host: <10.1.255.246:47592>
...
006 (10664.015.000) 08/31 23:17:46 Image size of job updated: 21036
	0  -  MemoryUsage of job (MB)
	0  -  ResidentSetSize of job (KB)
...
005 (10664.015.000) 08/31 23:17:47 Job terminated.
	(1) Normal termination (return value 1)
		Usr 0 00:00:00, Sys 0 00:00:00  -  Run Remote Usage
		Usr 0 00:00:00, Sys 0 00:00:00  -  Run Local Usage
		Usr 0 00:00:00, Sys 0 00:00:00  -  Total Remote Usage
		Usr 0 00:00:00, Sys 0 00:00:00  -  Total Local Usage
	0  -  Run Bytes Sent By Job
	0  -  Run Bytes Received By Job
	0  -  Total Bytes Sent By Job
	0  -  Total Bytes Received By Job
	Partitionable Resources :    Usage  Request          
	   Cpus                 :                 1          
	   Disk (KB)            :     7500     7500          
	   Memory (MB)          :        0        0          
...
000 (10666.015.000) 08/31 23:29:12 Job submitted from host: <129.10.52.106:42847>
...
001 (10666.015.000) 08/31 23:29:15 Job executing on host: <10.1.255.245:47081>
...
006 (10666.015.000) 08/31 23:29:23 Image size of job updated: 7500
	3  -  MemoryUsage of job (MB)
	2172  -  ResidentSetSize of job (KB)
...
006 (10666.015.000) 08/31 23:34:23 Image size of job updated: 530076
	430  -  MemoryUsage of job (MB)
	439904  -  ResidentSetSize of job (KB)
...
004 (10666.015.000) 08/31 23:35:21 Job was evicted.
	(0) Job was not checkpointed.
		Usr 0 00:06:04, Sys 0 00:00:00  -  Run Remote Usage
		Usr 0 00:00:00, Sys 0 00:00:00  -  Run Local Usage
	0  -  Run Bytes Sent By Job
	0  -  Run Bytes Received By Job
	Partitionable Resources :    Usage  Request          
	   Cpus                 :                 1          
	   Disk (KB)            :     7500     7500          
	   Memory (MB)          :      430      430          
...
009 (10666.015.000) 08/31 23:35:21 Job was aborted by the user.
	via condor_rm (by user amir)
...
000 (10668.015.000) 08/31 23:35:57 Job submitted from host: <129.10.52.106:42847>
...
001 (10668.015.000) 08/31 23:35:58 Job executing on host: <10.1.255.251:40584>
...
006 (10668.015.000) 08/31 23:36:07 Image size of job updated: 426828
	314  -  MemoryUsage of job (MB)
	320804  -  ResidentSetSize of job (KB)
...
006 (10668.015.000) 08/31 23:41:08 Image size of job updated: 530076
	415  -  MemoryUsage of job (MB)
	424092  -  ResidentSetSize of job (KB)
...
006 (10668.015.000) 08/31 23:42:43 Image size of job updated: 559784
	415  -  MemoryUsage of job (MB)
	424092  -  ResidentSetSize of job (KB)
...
005 (10668.015.000) 08/31 23:42:43 Job terminated.
	(1) Normal termination (return value 0)
		Usr 0 00:04:51, Sys 0 00:00:00  -  Run Remote Usage
		Usr 0 00:00:00, Sys 0 00:00:00  -  Run Local Usage
		Usr 0 00:04:51, Sys 0 00:00:00  -  Total Remote Usage
		Usr 0 00:00:00, Sys 0 00:00:00  -  Total Local Usage
	0  -  Run Bytes Sent By Job
	0  -  Run Bytes Received By Job
	0  -  Total Bytes Sent By Job
	0  -  Total Bytes Received By Job
	Partitionable Resources :    Usage  Request          
	   Cpus                 :                 1          
	   Disk (KB)            :     7500     7500          
	   Memory (MB)          :      415      415          
...
000 (10670.014.000) 09/01 01:09:26 Job submitted from host: <129.10.52.106:42847>
...
001 (10670.014.000) 09/01 01:09:27 Job executing on host: <10.1.255.243:43504>
...
006 (10670.014.000) 09/01 01:09:36 Image size of job updated: 14148
	2  -  MemoryUsage of job (MB)
	1976  -  ResidentSetSize of job (KB)
...
006 (10670.014.000) 09/01 01:14:36 Image size of job updated: 940372
	844  -  MemoryUsage of job (MB)
	863712  -  ResidentSetSize of job (KB)
...
006 (10670.014.000) 09/01 01:19:36 Image size of job updated: 1064320
	1011  -  MemoryUsage of job (MB)
	1035000  -  ResidentSetSize of job (KB)
...
006 (10670.014.000) 09/01 01:24:37 Image size of job updated: 1064832
	1012  -  MemoryUsage of job (MB)
	1035448  -  ResidentSetSize of job (KB)
...
006 (10670.014.000) 09/01 01:29:38 Image size of job updated: 1064832
	1012  -  MemoryUsage of job (MB)
	1035576  -  ResidentSetSize of job (KB)
...
006 (10670.014.000) 09/01 01:34:38 Image size of job updated: 1064832
	1012  -  MemoryUsage of job (MB)
	1035612  -  ResidentSetSize of job (KB)
...
006 (10670.014.000) 09/01 01:39:38 Image size of job updated: 1064832
	1012  -  MemoryUsage of job (MB)
	1035620  -  ResidentSetSize of job (KB)
...
006 (10670.014.000) 09/01 01:44:38 Image size of job updated: 1064832
	1012  -  MemoryUsage of job (MB)
	1035624  -  ResidentSetSize of job (KB)
...
006 (10670.014.000) 09/01 01:49:39 Image size of job updated: 1064832
	1015  -  MemoryUsage of job (MB)
	1039144  -  ResidentSetSize of job (KB)
...
006 (10670.014.000) 09/01 01:54:40 Image size of job updated: 1066152
	1017  -  MemoryUsage of job (MB)
	1040660  -  ResidentSetSize of job (KB)
...
006 (10670.014.000) 09/01 01:59:40 Image size of job updated: 1076316
	1027  -  MemoryUsage of job (MB)
	1050936  -  ResidentSetSize of job (KB)
...
006 (10670.014.000) 09/01 02:04:41 Image size of job updated: 1081332
	1032  -  MemoryUsage of job (MB)
	1055928  -  ResidentSetSize of job (KB)
...
006 (10670.014.000) 09/01 02:09:42 Image size of job updated: 1085028
	1035  -  MemoryUsage of job (MB)
	1059680  -  ResidentSetSize of job (KB)
...
006 (10670.014.000) 09/01 02:14:42 Image size of job updated: 1085028
	1035  -  MemoryUsage of job (MB)
	1059696  -  ResidentSetSize of job (KB)
...
006 (10670.014.000) 09/01 02:19:42 Image size of job updated: 1085028
	1035  -  MemoryUsage of job (MB)
	1059700  -  ResidentSetSize of job (KB)
...
006 (10670.014.000) 09/01 02:24:43 Image size of job updated: 1085028
	1035  -  MemoryUsage of job (MB)
	1059724  -  ResidentSetSize of job (KB)
...
006 (10670.014.000) 09/01 02:29:44 Image size of job updated: 1085028
	1035  -  MemoryUsage of job (MB)
	1059732  -  ResidentSetSize of job (KB)
...
006 (10670.014.000) 09/01 02:34:44 Image size of job updated: 1085028
	1035  -  MemoryUsage of job (MB)
	1059740  -  ResidentSetSize of job (KB)
...
006 (10670.014.000) 09/01 02:39:45 Image size of job updated: 1085028
	1035  -  MemoryUsage of job (MB)
	1059764  -  ResidentSetSize of job (KB)
...
006 (10670.014.000) 09/01 02:49:46 Image size of job updated: 1085028
	1035  -  MemoryUsage of job (MB)
	1059768  -  ResidentSetSize of job (KB)
...
006 (10670.014.000) 09/01 02:54:46 Image size of job updated: 1085028
	1035  -  MemoryUsage of job (MB)
	1059776  -  ResidentSetSize of job (KB)
...
006 (10670.014.000) 09/01 02:59:47 Image size of job updated: 1085028
	1037  -  MemoryUsage of job (MB)
	1061860  -  ResidentSetSize of job (KB)
...
006 (10670.014.000) 09/01 03:04:48 Image size of job updated: 1085028
	1041  -  MemoryUsage of job (MB)
	1064968  -  ResidentSetSize of job (KB)
...
006 (10670.014.000) 09/01 03:09:48 Image size of job updated: 1085028
	1049  -  MemoryUsage of job (MB)
	1073160  -  ResidentSetSize of job (KB)
...
005 (10670.014.000) 09/01 06:12:31 Job terminated.
	(1) Normal termination (return value 0)
		Usr 0 05:02:27, Sys 0 00:00:00  -  Run Remote Usage
		Usr 0 00:00:00, Sys 0 00:00:00  -  Run Local Usage
		Usr 0 05:02:27, Sys 0 00:00:00  -  Total Remote Usage
		Usr 0 00:00:00, Sys 0 00:00:00  -  Total Local Usage
	0  -  Run Bytes Sent By Job
	0  -  Run Bytes Received By Job
	0  -  Total Bytes Sent By Job
	0  -  Total Bytes Received By Job
	Partitionable Resources :    Usage  Request          
	   Cpus                 :                 1          
	   Disk (KB)            :     7500     7500          
	   Memory (MB)          :     1049     1049          
...
000 (10672.012.000) 09/01 11:26:49 Job submitted from host: <129.10.52.106:42847>
...
001 (10672.012.000) 09/01 11:26:53 Job executing on host: <10.1.255.243:43504>
...
006 (10672.012.000) 09/01 11:27:02 Image size of job updated: 45932
	33  -  MemoryUsage of job (MB)
	33776  -  ResidentSetSize of job (KB)
...
006 (10672.012.000) 09/01 11:32:03 Image size of job updated: 939292
	832  -  MemoryUsage of job (MB)
	851828  -  ResidentSetSize of job (KB)
...
006 (10672.012.000) 09/01 11:37:03 Image size of job updated: 1075292
	968  -  MemoryUsage of job (MB)
	990660  -  ResidentSetSize of job (KB)
...
006 (10672.012.000) 09/01 11:39:45 Image size of job updated: 1079120
	968  -  MemoryUsage of job (MB)
	990660  -  ResidentSetSize of job (KB)
...
004 (10672.012.000) 09/01 11:39:45 Job was evicted.
	(0) Job was not checkpointed.
		Usr 0 00:12:49, Sys 0 00:00:00  -  Run Remote Usage
		Usr 0 00:00:00, Sys 0 00:00:00  -  Run Local Usage
	0  -  Run Bytes Sent By Job
	0  -  Run Bytes Received By Job
	Partitionable Resources :    Usage  Request          
	   Cpus                 :                 1          
	   Disk (KB)            :     7500     7500          
	   Memory (MB)          :      968      968          
...
009 (10672.012.000) 09/01 11:39:46 Job was aborted by the user.
	via condor_rm (by user amir)
...
000 (10674.012.000) 09/01 11:40:09 Job submitted from host: <129.10.52.106:42847>
...
001 (10674.012.000) 09/01 11:40:10 Job executing on host: <10.1.255.241:47008>
...
006 (10674.012.000) 09/01 11:40:19 Image size of job updated: 7500
	3  -  MemoryUsage of job (MB)
	2184  -  ResidentSetSize of job (KB)
...
006 (10674.012.000) 09/01 11:45:20 Image size of job updated: 1048964
	931  -  MemoryUsage of job (MB)
	952488  -  ResidentSetSize of job (KB)
...
006 (10674.012.000) 09/01 11:50:20 Image size of job updated: 1079120
	965  -  MemoryUsage of job (MB)
	987472  -  ResidentSetSize of job (KB)
...
006 (10674.012.000) 09/01 11:55:20 Image size of job updated: 1079692
	968  -  MemoryUsage of job (MB)
	990484  -  ResidentSetSize of job (KB)
...
006 (10674.012.000) 09/01 12:00:21 Image size of job updated: 1079824
	971  -  MemoryUsage of job (MB)
	993300  -  ResidentSetSize of job (KB)
...
006 (10674.012.000) 09/01 12:05:21 Image size of job updated: 1079824
	1025  -  MemoryUsage of job (MB)
	1048828  -  ResidentSetSize of job (KB)
...
006 (10674.012.000) 09/01 12:10:21 Image size of job updated: 1079824
	1025  -  MemoryUsage of job (MB)
	1048852  -  ResidentSetSize of job (KB)
...
006 (10674.012.000) 09/01 12:15:22 Image size of job updated: 1079824
	1025  -  MemoryUsage of job (MB)
	1048868  -  ResidentSetSize of job (KB)
...
006 (10674.012.000) 09/01 12:20:23 Image size of job updated: 1079824
	1025  -  MemoryUsage of job (MB)
	1048904  -  ResidentSetSize of job (KB)
...
006 (10674.012.000) 09/01 12:25:23 Image size of job updated: 1079824
	1025  -  MemoryUsage of job (MB)
	1049008  -  ResidentSetSize of job (KB)
...
006 (10674.012.000) 09/01 12:30:24 Image size of job updated: 1079824
	1025  -  MemoryUsage of job (MB)
	1049072  -  ResidentSetSize of job (KB)
...
006 (10674.012.000) 09/01 12:35:25 Image size of job updated: 1082860
	1028  -  MemoryUsage of job (MB)
	1052092  -  ResidentSetSize of job (KB)
...
006 (10674.012.000) 09/01 12:40:25 Image size of job updated: 1085236
	1032  -  MemoryUsage of job (MB)
	1055820  -  ResidentSetSize of job (KB)
...
006 (10674.012.000) 09/01 12:45:25 Image size of job updated: 1085500
	1032  -  MemoryUsage of job (MB)
	1056208  -  ResidentSetSize of job (KB)
...
006 (10674.012.000) 09/01 12:50:26 Image size of job updated: 1085500
	1032  -  MemoryUsage of job (MB)
	1056224  -  ResidentSetSize of job (KB)
...
006 (10674.012.000) 09/01 12:55:27 Image size of job updated: 1085500
	1032  -  MemoryUsage of job (MB)
	1056240  -  ResidentSetSize of job (KB)
...
006 (10674.012.000) 09/01 13:10:27 Image size of job updated: 1085500
	1033  -  MemoryUsage of job (MB)
	1057196  -  ResidentSetSize of job (KB)
...
006 (10674.012.000) 09/01 13:20:29 Image size of job updated: 1085500
	1049  -  MemoryUsage of job (MB)
	1073580  -  ResidentSetSize of job (KB)
...
004 (10674.012.000) 09/01 15:34:52 Job was evicted.
	(0) Job was not checkpointed.
		Usr 0 03:48:56, Sys 0 00:00:00  -  Run Remote Usage
		Usr 0 00:00:00, Sys 0 00:00:00  -  Run Local Usage
	0  -  Run Bytes Sent By Job
	0  -  Run Bytes Received By Job
	Partitionable Resources :    Usage  Request          
	   Cpus                 :                 1          
	   Disk (KB)            :     7500     7500          
	   Memory (MB)          :     1049     1049          
...
009 (10674.012.000) 09/01 15:34:53 Job was aborted by the user.
	via condor_rm (by user amir)
...
000 (10676.012.000) 09/01 15:35:13 Job submitted from host: <129.10.52.106:42847>
...
001 (10676.012.000) 09/01 15:35:14 Job executing on host: <10.1.255.244:42701>
...
006 (10676.012.000) 09/01 15:35:23 Image size of job updated: 7500
	3  -  MemoryUsage of job (MB)
	2172  -  ResidentSetSize of job (KB)
...
006 (10676.012.000) 09/01 15:40:24 Image size of job updated: 939296
	817  -  MemoryUsage of job (MB)
	836052  -  ResidentSetSize of job (KB)
...
006 (10676.012.000) 09/01 15:45:25 Image size of job updated: 1075296
	956  -  MemoryUsage of job (MB)
	978892  -  ResidentSetSize of job (KB)
...
006 (10676.012.000) 09/01 15:50:25 Image size of job updated: 1079124
	965  -  MemoryUsage of job (MB)
	987668  -  ResidentSetSize of job (KB)
...
006 (10676.012.000) 09/01 15:55:25 Image size of job updated: 1079696
	1005  -  MemoryUsage of job (MB)
	1028852  -  ResidentSetSize of job (KB)
...
006 (10676.012.000) 09/01 16:00:26 Image size of job updated: 1079828
	1025  -  MemoryUsage of job (MB)
	1049340  -  ResidentSetSize of job (KB)
...
006 (10676.012.000) 09/01 16:10:26 Image size of job updated: 1079828
	1025  -  MemoryUsage of job (MB)
	1049360  -  ResidentSetSize of job (KB)
...
004 (10676.012.000) 09/01 16:17:46 Job was evicted.
	(0) Job was not checkpointed.
		Usr 0 00:42:25, Sys 0 00:00:00  -  Run Remote Usage
		Usr 0 00:00:00, Sys 0 00:00:00  -  Run Local Usage
	0  -  Run Bytes Sent By Job
	0  -  Run Bytes Received By Job
	Partitionable Resources :    Usage  Request          
	   Cpus                 :                 1          
	   Disk (KB)            :     7500     7500          
	   Memory (MB)          :     1025     1025          
...
009 (10676.012.000) 09/01 16:17:47 Job was aborted by the user.
	via condor_rm (by user amir)
...
000 (10678.012.000) 09/01 16:18:01 Job submitted from host: <129.10.52.106:42847>
...
001 (10678.012.000) 09/01 16:18:02 Job executing on host: <10.1.255.251:40584>
...
006 (10678.012.000) 09/01 16:18:11 Image size of job updated: 7500
	3  -  MemoryUsage of job (MB)
	2176  -  ResidentSetSize of job (KB)
...
006 (10678.012.000) 09/01 16:23:12 Image size of job updated: 1050152
	934  -  MemoryUsage of job (MB)
	955680  -  ResidentSetSize of job (KB)
...
006 (10678.012.000) 09/01 16:28:13 Image size of job updated: 1079120
	965  -  MemoryUsage of job (MB)
	987684  -  ResidentSetSize of job (KB)
...
006 (10678.012.000) 09/01 16:33:13 Image size of job updated: 1079692
	968  -  MemoryUsage of job (MB)
	990960  -  ResidentSetSize of job (KB)
...
006 (10678.012.000) 09/01 16:38:14 Image size of job updated: 1079824
	1018  -  MemoryUsage of job (MB)
	1041852  -  ResidentSetSize of job (KB)
...
006 (10678.012.000) 09/01 16:43:15 Image size of job updated: 1079824
	1018  -  MemoryUsage of job (MB)
	1041932  -  ResidentSetSize of job (KB)
...
006 (10678.012.000) 09/01 16:48:15 Image size of job updated: 1079824
	1018  -  MemoryUsage of job (MB)
	1042024  -  ResidentSetSize of job (KB)
...
006 (10678.012.000) 09/01 16:53:15 Image size of job updated: 1079824
	1020  -  MemoryUsage of job (MB)
	1044308  -  ResidentSetSize of job (KB)
...
006 (10678.012.000) 09/01 16:58:16 Image size of job updated: 1079824
	1021  -  MemoryUsage of job (MB)
	1044788  -  ResidentSetSize of job (KB)
...
006 (10678.012.000) 09/01 17:03:17 Image size of job updated: 1079824
	1022  -  MemoryUsage of job (MB)
	1045896  -  ResidentSetSize of job (KB)
...
006 (10678.012.000) 09/01 17:08:17 Image size of job updated: 1084972
	1027  -  MemoryUsage of job (MB)
	1051168  -  ResidentSetSize of job (KB)
...
006 (10678.012.000) 09/01 17:13:17 Image size of job updated: 1085500
	1028  -  MemoryUsage of job (MB)
	1052068  -  ResidentSetSize of job (KB)
...
006 (10678.012.000) 09/01 17:18:18 Image size of job updated: 1085500
	1028  -  MemoryUsage of job (MB)
	1052168  -  ResidentSetSize of job (KB)
...
006 (10678.012.000) 09/01 17:23:19 Image size of job updated: 1085500
	1028  -  MemoryUsage of job (MB)
	1052224  -  ResidentSetSize of job (KB)
...
006 (10678.012.000) 09/01 17:28:20 Image size of job updated: 1085500
	1030  -  MemoryUsage of job (MB)
	1053756  -  ResidentSetSize of job (KB)
...
006 (10678.012.000) 09/01 17:33:20 Image size of job updated: 1085500
	1033  -  MemoryUsage of job (MB)
	1057216  -  ResidentSetSize of job (KB)
...
006 (10678.012.000) 09/01 17:38:21 Image size of job updated: 1085500
	1033  -  MemoryUsage of job (MB)
	1057232  -  ResidentSetSize of job (KB)
...
006 (10678.012.000) 09/01 17:48:22 Image size of job updated: 1085500
	1049  -  MemoryUsage of job (MB)
	1073616  -  ResidentSetSize of job (KB)
...
