
; Multi2Sim 4.2 - A Simulation Framework for CPU-GPU Heterogeneous Computing
; Please use command 'm2s --help' for a list of command-line options.
; Simulation alpha-numeric ID: o62CN

warning: esim_schedule_event: number of in-flight events exceeds 10000.
	An excessive number of events are currently in-flight in the event-
	driven simulation library. This is probably the result of a timing
	model uncontrollably issuing events (typically a processor pipeline
	issuing memory accesses without checking for a limit in the number
	of in-flight accesses).
	If you still believe that this is an expected number of in-flight
	events, please increase the value of macro ESIM_OVERLOAD_EVENTS to
	avoid this warning.


;
; Simulation Statistics Summary
;

[ General ]
RealTime = 9753.91 [s]
SimEnd = ContextsFinished
SimTime = 1693719.00 [ns]
Frequency = 1000 [MHz]
Cycles = 1693720

[ SouthernIslands ]
RealTime = 0.00 [s]
Instructions = 2923812
InstructionsPerSecond = 0
NDRangeCount = 1
WorkGroupCount = 2304
BranchInstructions = 27636
LDSInstructions = 0
ScalarALUInstructions = 303624
ScalarMemInstructions = 64464
VectorALUInstructions = 2445360
VectorMemInstructions = 82728
SimTime = 1693520.54 [ns]
Frequency = 925 [MHz]
Cycles = 1566624
CyclesPerSecond = 0

[ x86 ]
RealTime = 155.37 [s]
Instructions = 184171874
InstructionsPerSecond = 1185385
Contexts = 2
Memory = 41926656

Warning: empty y range [0:0], adjusting to [0:1]
