000 (10650.006.000) 08/31 10:25:39 Job submitted from host: <129.10.52.106:42847>
...
001 (10650.006.000) 08/31 10:25:54 Job executing on host: <10.1.255.249:47081>
...
006 (10650.006.000) 08/31 10:26:03 Image size of job updated: 7500
	3  -  MemoryUsage of job (MB)
	2168  -  ResidentSetSize of job (KB)
...
006 (10650.006.000) 08/31 10:31:04 Image size of job updated: 477028
	363  -  MemoryUsage of job (MB)
	371112  -  ResidentSetSize of job (KB)
...
006 (10650.006.000) 08/31 10:46:05 Image size of job updated: 477028
	423  -  MemoryUsage of job (MB)
	432296  -  ResidentSetSize of job (KB)
...
005 (10650.006.000) 08/31 11:26:38 Job terminated.
	(1) Normal termination (return value 0)
		Usr 0 01:00:29, Sys 0 00:00:00  -  Run Remote Usage
		Usr 0 00:00:00, Sys 0 00:00:00  -  Run Local Usage
		Usr 0 01:00:29, Sys 0 00:00:00  -  Total Remote Usage
		Usr 0 00:00:00, Sys 0 00:00:00  -  Total Local Usage
	0  -  Run Bytes Sent By Job
	0  -  Run Bytes Received By Job
	0  -  Total Bytes Sent By Job
	0  -  Total Bytes Received By Job
	Partitionable Resources :    Usage  Request          
	   Cpus                 :                 1          
	   Disk (KB)            :     7500     7500          
	   Memory (MB)          :      423      423          
...
000 (10652.006.000) 08/31 19:51:14 Job submitted from host: <129.10.52.106:42847>
...
001 (10652.006.000) 08/31 19:51:22 Job executing on host: <10.1.255.248:44088>
...
006 (10652.006.000) 08/31 19:51:30 Image size of job updated: 27568
	16  -  MemoryUsage of job (MB)
	15392  -  ResidentSetSize of job (KB)
...
006 (10652.006.000) 08/31 19:56:15 Image size of job updated: 464108
	16  -  MemoryUsage of job (MB)
	15392  -  ResidentSetSize of job (KB)
...
005 (10652.006.000) 08/31 19:56:15 Job terminated.
	(1) Normal termination (return value 0)
		Usr 0 00:04:46, Sys 0 00:00:00  -  Run Remote Usage
		Usr 0 00:00:00, Sys 0 00:00:00  -  Run Local Usage
		Usr 0 00:04:46, Sys 0 00:00:00  -  Total Remote Usage
		Usr 0 00:00:00, Sys 0 00:00:00  -  Total Local Usage
	0  -  Run Bytes Sent By Job
	0  -  Run Bytes Received By Job
	0  -  Total Bytes Sent By Job
	0  -  Total Bytes Received By Job
	Partitionable Resources :    Usage  Request          
	   Cpus                 :                 1          
	   Disk (KB)            :     7500     7500          
	   Memory (MB)          :       16       16          
...
000 (10654.006.000) 08/31 20:16:53 Job submitted from host: <129.10.52.106:42847>
...
001 (10654.006.000) 08/31 20:16:54 Job executing on host: <10.1.255.244:42701>
...
006 (10654.006.000) 08/31 20:17:03 Image size of job updated: 27156
	15  -  MemoryUsage of job (MB)
	15004  -  ResidentSetSize of job (KB)
...
006 (10654.006.000) 08/31 20:22:04 Image size of job updated: 465580
	367  -  MemoryUsage of job (MB)
	375536  -  ResidentSetSize of job (KB)
...
006 (10654.006.000) 08/31 20:27:04 Image size of job updated: 465580
	420  -  MemoryUsage of job (MB)
	429072  -  ResidentSetSize of job (KB)
...
004 (10654.006.000) 08/31 20:58:10 Job was evicted.
	(0) Job was not checkpointed.
		Usr 0 00:41:10, Sys 0 00:00:00  -  Run Remote Usage
		Usr 0 00:00:00, Sys 0 00:00:00  -  Run Local Usage
	0  -  Run Bytes Sent By Job
	0  -  Run Bytes Received By Job
	Partitionable Resources :    Usage  Request          
	   Cpus                 :                 1          
	   Disk (KB)            :     7500     7500          
	   Memory (MB)          :      420      420          
...
009 (10654.006.000) 08/31 20:58:11 Job was aborted by the user.
	via condor_rm (by user amir)
...
000 (10656.006.000) 08/31 21:02:12 Job submitted from host: <129.10.52.106:42847>
...
001 (10656.006.000) 08/31 21:02:13 Job executing on host: <10.1.255.249:47081>
...
006 (10656.006.000) 08/31 21:02:22 Image size of job updated: 45932
	33  -  MemoryUsage of job (MB)
	33772  -  ResidentSetSize of job (KB)
...
006 (10656.006.000) 08/31 21:07:22 Image size of job updated: 466560
	353  -  MemoryUsage of job (MB)
	360452  -  ResidentSetSize of job (KB)
...
000 (10658.006.000) 08/31 21:08:37 Job submitted from host: <129.10.52.106:42847>
...
001 (10658.006.000) 08/31 21:08:55 Job executing on host: <10.1.255.246:47592>
...
006 (10658.006.000) 08/31 21:09:04 Image size of job updated: 45932
	33  -  MemoryUsage of job (MB)
	33772  -  ResidentSetSize of job (KB)
...
004 (10656.006.000) 08/31 21:09:17 Job was evicted.
	(0) Job was not checkpointed.
		Usr 0 00:07:02, Sys 0 00:00:00  -  Run Remote Usage
		Usr 0 00:00:00, Sys 0 00:00:00  -  Run Local Usage
	0  -  Run Bytes Sent By Job
	0  -  Run Bytes Received By Job
	Partitionable Resources :    Usage  Request          
	   Cpus                 :                 1          
	   Disk (KB)            :     7500     7500          
	   Memory (MB)          :      353      353          
...
009 (10656.006.000) 08/31 21:09:18 Job was aborted by the user.
	via condor_rm (by user amir)
...
006 (10658.006.000) 08/31 21:09:18 Image size of job updated: 458168
	33  -  MemoryUsage of job (MB)
	33772  -  ResidentSetSize of job (KB)
...
004 (10658.006.000) 08/31 21:09:18 Job was evicted.
	(0) Job was not checkpointed.
		Usr 0 00:00:22, Sys 0 00:00:00  -  Run Remote Usage
		Usr 0 00:00:00, Sys 0 00:00:00  -  Run Local Usage
	0  -  Run Bytes Sent By Job
	0  -  Run Bytes Received By Job
	Partitionable Resources :    Usage  Request          
	   Cpus                 :                 1          
	   Disk (KB)            :     7500     7500          
	   Memory (MB)          :       33       33          
...
009 (10658.006.000) 08/31 21:09:19 Job was aborted by the user.
	via condor_rm (by user amir)
...
000 (10660.006.000) 08/31 21:09:35 Job submitted from host: <129.10.52.106:42847>
...
001 (10660.006.000) 08/31 21:09:35 Job executing on host: <10.1.255.248:44088>
...
006 (10660.006.000) 08/31 21:10:04 Image size of job updated: 95280
	33  -  MemoryUsage of job (MB)
	33760  -  ResidentSetSize of job (KB)
...
006 (10660.006.000) 08/31 21:15:05 Image size of job updated: 466496
	420  -  MemoryUsage of job (MB)
	429836  -  ResidentSetSize of job (KB)
...
004 (10660.006.000) 08/31 21:15:48 Job was evicted.
	(0) Job was not checkpointed.
		Usr 0 00:05:51, Sys 0 00:00:00  -  Run Remote Usage
		Usr 0 00:00:00, Sys 0 00:00:00  -  Run Local Usage
	0  -  Run Bytes Sent By Job
	0  -  Run Bytes Received By Job
	Partitionable Resources :    Usage  Request          
	   Cpus                 :                 1          
	   Disk (KB)            :     7500     7500          
	   Memory (MB)          :      420      420          
...
009 (10660.006.000) 08/31 21:15:49 Job was aborted by the user.
	via condor_rm (by user amir)
...
000 (10662.006.000) 08/31 21:16:12 Job submitted from host: <129.10.52.106:42847>
...
001 (10662.006.000) 08/31 21:16:19 Job executing on host: <10.1.255.251:40584>
...
006 (10662.006.000) 08/31 21:16:27 Image size of job updated: 7500
	3  -  MemoryUsage of job (MB)
	2184  -  ResidentSetSize of job (KB)
...
006 (10662.006.000) 08/31 21:21:27 Image size of job updated: 466256
	412  -  MemoryUsage of job (MB)
	421572  -  ResidentSetSize of job (KB)
...
005 (10662.006.000) 08/31 21:54:26 Job terminated.
	(1) Normal termination (return value 0)
		Usr 0 00:38:02, Sys 0 00:00:00  -  Run Remote Usage
		Usr 0 00:00:00, Sys 0 00:00:00  -  Run Local Usage
		Usr 0 00:38:02, Sys 0 00:00:00  -  Total Remote Usage
		Usr 0 00:00:00, Sys 0 00:00:00  -  Total Local Usage
	0  -  Run Bytes Sent By Job
	0  -  Run Bytes Received By Job
	0  -  Total Bytes Sent By Job
	0  -  Total Bytes Received By Job
	Partitionable Resources :    Usage  Request          
	   Cpus                 :                 1          
	   Disk (KB)            :     7500     7500          
	   Memory (MB)          :      412      412          
...
000 (10664.006.000) 08/31 23:17:37 Job submitted from host: <129.10.52.106:42847>
...
001 (10664.006.000) 08/31 23:17:38 Job executing on host: <10.1.255.244:42701>
...
006 (10664.006.000) 08/31 23:17:46 Image size of job updated: 306736
	250  -  MemoryUsage of job (MB)
	255700  -  ResidentSetSize of job (KB)
...
005 (10664.006.000) 08/31 23:17:46 Job terminated.
	(1) Normal termination (return value 1)
		Usr 0 00:00:07, Sys 0 00:00:00  -  Run Remote Usage
		Usr 0 00:00:00, Sys 0 00:00:00  -  Run Local Usage
		Usr 0 00:00:07, Sys 0 00:00:00  -  Total Remote Usage
		Usr 0 00:00:00, Sys 0 00:00:00  -  Total Local Usage
	0  -  Run Bytes Sent By Job
	0  -  Run Bytes Received By Job
	0  -  Total Bytes Sent By Job
	0  -  Total Bytes Received By Job
	Partitionable Resources :    Usage  Request          
	   Cpus                 :                 1          
	   Disk (KB)            :     7500     7500          
	   Memory (MB)          :      250      250          
...
000 (10666.006.000) 08/31 23:29:12 Job submitted from host: <129.10.52.106:42847>
...
001 (10666.006.000) 08/31 23:29:14 Job executing on host: <10.1.255.249:47081>
...
006 (10666.006.000) 08/31 23:29:23 Image size of job updated: 7500
	3  -  MemoryUsage of job (MB)
	2168  -  ResidentSetSize of job (KB)
...
006 (10666.006.000) 08/31 23:34:24 Image size of job updated: 466528
	353  -  MemoryUsage of job (MB)
	360496  -  ResidentSetSize of job (KB)
...
004 (10666.006.000) 08/31 23:35:21 Job was evicted.
	(0) Job was not checkpointed.
		Usr 0 00:06:05, Sys 0 00:00:00  -  Run Remote Usage
		Usr 0 00:00:00, Sys 0 00:00:00  -  Run Local Usage
	0  -  Run Bytes Sent By Job
	0  -  Run Bytes Received By Job
	Partitionable Resources :    Usage  Request          
	   Cpus                 :                 1          
	   Disk (KB)            :     7500     7500          
	   Memory (MB)          :      353      353          
...
009 (10666.006.000) 08/31 23:35:21 Job was aborted by the user.
	via condor_rm (by user amir)
...
000 (10668.006.000) 08/31 23:35:57 Job submitted from host: <129.10.52.106:42847>
...
001 (10668.006.000) 08/31 23:35:58 Job executing on host: <10.1.255.242:42117>
...
006 (10668.006.000) 08/31 23:36:06 Image size of job updated: 45932
	33  -  MemoryUsage of job (MB)
	33764  -  ResidentSetSize of job (KB)
...
006 (10668.006.000) 08/31 23:41:06 Image size of job updated: 466276
	352  -  MemoryUsage of job (MB)
	360260  -  ResidentSetSize of job (KB)
...
006 (10668.006.000) 08/31 23:46:06 Image size of job updated: 466276
	412  -  MemoryUsage of job (MB)
	421444  -  ResidentSetSize of job (KB)
...
005 (10668.006.000) 09/01 00:41:52 Job terminated.
	(1) Normal termination (return value 0)
		Usr 0 01:05:46, Sys 0 00:00:00  -  Run Remote Usage
		Usr 0 00:00:00, Sys 0 00:00:00  -  Run Local Usage
		Usr 0 01:05:46, Sys 0 00:00:00  -  Total Remote Usage
		Usr 0 00:00:00, Sys 0 00:00:00  -  Total Local Usage
	0  -  Run Bytes Sent By Job
	0  -  Run Bytes Received By Job
	0  -  Total Bytes Sent By Job
	0  -  Total Bytes Received By Job
	Partitionable Resources :    Usage  Request          
	   Cpus                 :                 1          
	   Disk (KB)            :     7500     7500          
	   Memory (MB)          :      412      412          
...
000 (10670.006.000) 09/01 01:09:26 Job submitted from host: <129.10.52.106:42847>
...
001 (10670.006.000) 09/01 01:09:27 Job executing on host: <10.1.255.246:47592>
...
006 (10670.006.000) 09/01 01:09:35 Image size of job updated: 18508
	7  -  MemoryUsage of job (MB)
	6288  -  ResidentSetSize of job (KB)
...
006 (10670.006.000) 09/01 01:14:36 Image size of job updated: 628408
	511  -  MemoryUsage of job (MB)
	522404  -  ResidentSetSize of job (KB)
...
006 (10670.006.000) 09/01 01:19:37 Image size of job updated: 628408
	570  -  MemoryUsage of job (MB)
	583636  -  ResidentSetSize of job (KB)
...
006 (10670.006.000) 09/01 01:24:37 Image size of job updated: 628936
	571  -  MemoryUsage of job (MB)
	584024  -  ResidentSetSize of job (KB)
...
006 (10670.006.000) 09/01 03:54:55 Image size of job updated: 628936
	573  -  MemoryUsage of job (MB)
	586072  -  ResidentSetSize of job (KB)
...
006 (10670.006.000) 09/01 03:59:55 Image size of job updated: 628936
	575  -  MemoryUsage of job (MB)
	588120  -  ResidentSetSize of job (KB)
...
006 (10670.006.000) 09/01 04:19:57 Image size of job updated: 628936
	577  -  MemoryUsage of job (MB)
	590168  -  ResidentSetSize of job (KB)
...
006 (10670.006.000) 09/01 04:45:00 Image size of job updated: 628936
	579  -  MemoryUsage of job (MB)
	592216  -  ResidentSetSize of job (KB)
...
005 (10670.006.000) 09/01 07:27:02 Job terminated.
	(1) Normal termination (return value 0)
		Usr 0 06:16:48, Sys 0 00:00:00  -  Run Remote Usage
		Usr 0 00:00:00, Sys 0 00:00:00  -  Run Local Usage
		Usr 0 06:16:48, Sys 0 00:00:00  -  Total Remote Usage
		Usr 0 00:00:00, Sys 0 00:00:00  -  Total Local Usage
	0  -  Run Bytes Sent By Job
	0  -  Run Bytes Received By Job
	0  -  Total Bytes Sent By Job
	0  -  Total Bytes Received By Job
	Partitionable Resources :    Usage  Request          
	   Cpus                 :                 1          
	   Disk (KB)            :     7500     7500          
	   Memory (MB)          :      579      579          
...
000 (10672.006.000) 09/01 11:26:49 Job submitted from host: <129.10.52.106:42847>
...
001 (10672.006.000) 09/01 11:26:53 Job executing on host: <10.1.255.248:44088>
...
006 (10672.006.000) 09/01 11:27:02 Image size of job updated: 7500
	3  -  MemoryUsage of job (MB)
	2172  -  ResidentSetSize of job (KB)
...
006 (10672.006.000) 09/01 11:32:03 Image size of job updated: 893060
	773  -  MemoryUsage of job (MB)
	791508  -  ResidentSetSize of job (KB)
...
006 (10672.006.000) 09/01 11:37:04 Image size of job updated: 893568
	776  -  MemoryUsage of job (MB)
	793972  -  ResidentSetSize of job (KB)
...
004 (10672.006.000) 09/01 11:39:45 Job was evicted.
	(0) Job was not checkpointed.
		Usr 0 00:12:50, Sys 0 00:00:00  -  Run Remote Usage
		Usr 0 00:00:00, Sys 0 00:00:00  -  Run Local Usage
	0  -  Run Bytes Sent By Job
	0  -  Run Bytes Received By Job
	Partitionable Resources :    Usage  Request          
	   Cpus                 :                 1          
	   Disk (KB)            :     7500     7500          
	   Memory (MB)          :      776      776          
...
009 (10672.006.000) 09/01 11:39:46 Job was aborted by the user.
	via condor_rm (by user amir)
...
000 (10674.006.000) 09/01 11:40:09 Job submitted from host: <129.10.52.106:42847>
...
001 (10674.006.000) 09/01 11:40:10 Job executing on host: <10.1.255.251:40584>
...
006 (10674.006.000) 09/01 11:40:19 Image size of job updated: 20904
	9  -  MemoryUsage of job (MB)
	8736  -  ResidentSetSize of job (KB)
...
006 (10674.006.000) 09/01 11:45:20 Image size of job updated: 893060
	836  -  MemoryUsage of job (MB)
	855820  -  ResidentSetSize of job (KB)
...
006 (10674.006.000) 09/01 11:50:21 Image size of job updated: 893568
	837  -  MemoryUsage of job (MB)
	856192  -  ResidentSetSize of job (KB)
...
006 (10674.006.000) 09/01 11:55:21 Image size of job updated: 893568
	837  -  MemoryUsage of job (MB)
	856216  -  ResidentSetSize of job (KB)
...
006 (10674.006.000) 09/01 12:00:21 Image size of job updated: 893568
	839  -  MemoryUsage of job (MB)
	858412  -  ResidentSetSize of job (KB)
...
006 (10674.006.000) 09/01 12:05:22 Image size of job updated: 893568
	839  -  MemoryUsage of job (MB)
	858428  -  ResidentSetSize of job (KB)
...
006 (10674.006.000) 09/01 12:10:22 Image size of job updated: 893568
	841  -  MemoryUsage of job (MB)
	860944  -  ResidentSetSize of job (KB)
...
006 (10674.006.000) 09/01 12:15:22 Image size of job updated: 894624
	846  -  MemoryUsage of job (MB)
	866124  -  ResidentSetSize of job (KB)
...
004 (10674.006.000) 09/01 15:34:52 Job was evicted.
	(0) Job was not checkpointed.
		Usr 0 03:54:16, Sys 0 00:00:00  -  Run Remote Usage
		Usr 0 00:00:00, Sys 0 00:00:00  -  Run Local Usage
	0  -  Run Bytes Sent By Job
	0  -  Run Bytes Received By Job
	Partitionable Resources :    Usage  Request          
	   Cpus                 :                 1          
	   Disk (KB)            :     7500     7500          
	   Memory (MB)          :      846      846          
...
009 (10674.006.000) 09/01 15:34:52 Job was aborted by the user.
	via condor_rm (by user amir)
...
000 (10676.006.000) 09/01 15:35:13 Job submitted from host: <129.10.52.106:42847>
...
001 (10676.006.000) 09/01 15:35:14 Job executing on host: <10.1.255.249:47081>
...
006 (10676.006.000) 09/01 15:35:22 Image size of job updated: 14780
	3  -  MemoryUsage of job (MB)
	2508  -  ResidentSetSize of job (KB)
...
006 (10676.006.000) 09/01 15:40:22 Image size of job updated: 893060
	769  -  MemoryUsage of job (MB)
	787424  -  ResidentSetSize of job (KB)
...
006 (10676.006.000) 09/01 15:45:22 Image size of job updated: 893568
	770  -  MemoryUsage of job (MB)
	787844  -  ResidentSetSize of job (KB)
...
006 (10676.006.000) 09/01 15:50:23 Image size of job updated: 893568
	830  -  MemoryUsage of job (MB)
	849040  -  ResidentSetSize of job (KB)
...
006 (10676.006.000) 09/01 16:00:24 Image size of job updated: 893568
	830  -  MemoryUsage of job (MB)
	849052  -  ResidentSetSize of job (KB)
...
006 (10676.006.000) 09/01 16:05:25 Image size of job updated: 893568
	830  -  MemoryUsage of job (MB)
	849088  -  ResidentSetSize of job (KB)
...
006 (10676.006.000) 09/01 16:10:26 Image size of job updated: 893568
	830  -  MemoryUsage of job (MB)
	849108  -  ResidentSetSize of job (KB)
...
006 (10676.006.000) 09/01 16:15:26 Image size of job updated: 893568
	830  -  MemoryUsage of job (MB)
	849236  -  ResidentSetSize of job (KB)
...
004 (10676.006.000) 09/01 16:17:46 Job was evicted.
	(0) Job was not checkpointed.
		Usr 0 00:42:28, Sys 0 00:00:00  -  Run Remote Usage
		Usr 0 00:00:00, Sys 0 00:00:00  -  Run Local Usage
	0  -  Run Bytes Sent By Job
	0  -  Run Bytes Received By Job
	Partitionable Resources :    Usage  Request          
	   Cpus                 :                 1          
	   Disk (KB)            :     7500     7500          
	   Memory (MB)          :      830      830          
...
009 (10676.006.000) 09/01 16:17:47 Job was aborted by the user.
	via condor_rm (by user amir)
...
000 (10678.006.000) 09/01 16:18:01 Job submitted from host: <129.10.52.106:42847>
...
001 (10678.006.000) 09/01 16:18:02 Job executing on host: <10.1.255.246:47592>
...
006 (10678.006.000) 09/01 16:18:10 Image size of job updated: 22096
	10  -  MemoryUsage of job (MB)
	9832  -  ResidentSetSize of job (KB)
...
006 (10678.006.000) 09/01 16:23:10 Image size of job updated: 893060
	771  -  MemoryUsage of job (MB)
	789472  -  ResidentSetSize of job (KB)
...
006 (10678.006.000) 09/01 16:28:11 Image size of job updated: 893568
	772  -  MemoryUsage of job (MB)
	789892  -  ResidentSetSize of job (KB)
...
006 (10678.006.000) 09/01 16:33:12 Image size of job updated: 893568
	831  -  MemoryUsage of job (MB)
	850652  -  ResidentSetSize of job (KB)
...
006 (10678.006.000) 09/01 16:43:13 Image size of job updated: 893568
	833  -  MemoryUsage of job (MB)
	852700  -  ResidentSetSize of job (KB)
...
006 (10678.006.000) 09/01 16:53:14 Image size of job updated: 893568
	833  -  MemoryUsage of job (MB)
	852716  -  ResidentSetSize of job (KB)
...
006 (10678.006.000) 09/01 16:58:14 Image size of job updated: 893568
	833  -  MemoryUsage of job (MB)
	852796  -  ResidentSetSize of job (KB)
...
006 (10678.006.000) 09/01 17:03:15 Image size of job updated: 893568
	833  -  MemoryUsage of job (MB)
	852800  -  ResidentSetSize of job (KB)
...
006 (10678.006.000) 09/01 17:08:15 Image size of job updated: 894228
	834  -  MemoryUsage of job (MB)
	853700  -  ResidentSetSize of job (KB)
...
006 (10678.006.000) 09/01 17:13:15 Image size of job updated: 894228
	834  -  MemoryUsage of job (MB)
	853876  -  ResidentSetSize of job (KB)
...
006 (10678.006.000) 09/01 18:43:25 Image size of job updated: 894228
	836  -  MemoryUsage of job (MB)
	855772  -  ResidentSetSize of job (KB)
...
006 (10678.006.000) 09/01 18:48:25 Image size of job updated: 894228
	838  -  MemoryUsage of job (MB)
	857668  -  ResidentSetSize of job (KB)
...
