
; Multi2Sim 4.2 - A Simulation Framework for CPU-GPU Heterogeneous Computing
; Please use command 'm2s --help' for a list of command-line options.
; Simulation alpha-numeric ID: YeiTf

warning: esim_schedule_event: number of in-flight events exceeds 10000.
	An excessive number of events are currently in-flight in the event-
	driven simulation library. This is probably the result of a timing
	model uncontrollably issuing events (typically a processor pipeline
	issuing memory accesses without checking for a limit in the number
	of in-flight accesses).
	If you still believe that this is an expected number of in-flight
	events, please increase the value of macro ESIM_OVERLOAD_EVENTS to
	avoid this warning.


;
; Simulation Statistics Summary
;

[ General ]
RealTime = 9743.33 [s]
SimEnd = ContextsFinished
SimTime = 1817057.00 [ns]
Frequency = 1000 [MHz]
Cycles = 1817058

[ SouthernIslands ]
RealTime = 0.00 [s]
Instructions = 2165697
InstructionsPerSecond = 0
NDRangeCount = 2
WorkGroupCount = 1025
BranchInstructions = 262400
LDSInstructions = 98384
ScalarALUInstructions = 1013717
ScalarMemInstructions = 99425
VectorALUInstructions = 652821
VectorMemInstructions = 38950
SimTime = 1817056.14 [ns]
Frequency = 925 [MHz]
Cycles = 1680903
CyclesPerSecond = 0

[ x86 ]
RealTime = 82.85 [s]
Instructions = 99284166
InstructionsPerSecond = 1198396
Contexts = 2
Memory = 58531840

Warning: empty y range [0:0], adjusting to [0:1]
