000 (10650.003.000) 08/31 10:25:39 Job submitted from host: <129.10.52.106:42847>
...
001 (10650.003.000) 08/31 10:25:54 Job executing on host: <10.1.255.249:47081>
...
006 (10650.003.000) 08/31 10:26:03 Image size of job updated: 95280
	15  -  MemoryUsage of job (MB)
	14988  -  ResidentSetSize of job (KB)
...
006 (10650.003.000) 08/31 10:31:04 Image size of job updated: 847716
	746  -  MemoryUsage of job (MB)
	762972  -  ResidentSetSize of job (KB)
...
006 (10650.003.000) 08/31 10:36:05 Image size of job updated: 870296
	819  -  MemoryUsage of job (MB)
	837700  -  ResidentSetSize of job (KB)
...
006 (10650.003.000) 08/31 10:41:05 Image size of job updated: 883496
	832  -  MemoryUsage of job (MB)
	851092  -  ResidentSetSize of job (KB)
...
006 (10650.003.000) 08/31 10:46:05 Image size of job updated: 1014124
	959  -  MemoryUsage of job (MB)
	981576  -  ResidentSetSize of job (KB)
...
006 (10650.003.000) 08/31 10:51:06 Image size of job updated: 1014124
	959  -  MemoryUsage of job (MB)
	981628  -  ResidentSetSize of job (KB)
...
006 (10650.003.000) 08/31 11:06:07 Image size of job updated: 1014124
	959  -  MemoryUsage of job (MB)
	981772  -  ResidentSetSize of job (KB)
...
006 (10650.003.000) 08/31 11:56:11 Image size of job updated: 1014124
	961  -  MemoryUsage of job (MB)
	983820  -  ResidentSetSize of job (KB)
...
006 (10650.003.000) 08/31 12:06:12 Image size of job updated: 1014124
	963  -  MemoryUsage of job (MB)
	985868  -  ResidentSetSize of job (KB)
...
006 (10650.003.000) 08/31 12:11:12 Image size of job updated: 1014124
	979  -  MemoryUsage of job (MB)
	1002252  -  ResidentSetSize of job (KB)
...
006 (10650.003.000) 08/31 12:16:13 Image size of job updated: 1014124
	979  -  MemoryUsage of job (MB)
	1002256  -  ResidentSetSize of job (KB)
...
005 (10650.003.000) 08/31 13:08:04 Job terminated.
	(1) Normal termination (return value 0)
		Usr 0 02:41:46, Sys 0 00:00:00  -  Run Remote Usage
		Usr 0 00:00:00, Sys 0 00:00:00  -  Run Local Usage
		Usr 0 02:41:46, Sys 0 00:00:00  -  Total Remote Usage
		Usr 0 00:00:00, Sys 0 00:00:00  -  Total Local Usage
	0  -  Run Bytes Sent By Job
	0  -  Run Bytes Received By Job
	0  -  Total Bytes Sent By Job
	0  -  Total Bytes Received By Job
	Partitionable Resources :    Usage  Request          
	   Cpus                 :                 1          
	   Disk (KB)            :     7500     7500          
	   Memory (MB)          :      979      979          
...
000 (10652.003.000) 08/31 19:51:14 Job submitted from host: <129.10.52.106:42847>
...
001 (10652.003.000) 08/31 19:51:21 Job executing on host: <10.1.255.242:42117>
...
006 (10652.003.000) 08/31 19:51:30 Image size of job updated: 29120
	17  -  MemoryUsage of job (MB)
	16972  -  ResidentSetSize of job (KB)
...
006 (10652.003.000) 08/31 19:51:46 Image size of job updated: 484964
	17  -  MemoryUsage of job (MB)
	16972  -  ResidentSetSize of job (KB)
...
005 (10652.003.000) 08/31 19:51:46 Job terminated.
	(1) Normal termination (return value 0)
		Usr 0 00:00:14, Sys 0 00:00:00  -  Run Remote Usage
		Usr 0 00:00:00, Sys 0 00:00:00  -  Run Local Usage
		Usr 0 00:00:14, Sys 0 00:00:00  -  Total Remote Usage
		Usr 0 00:00:00, Sys 0 00:00:00  -  Total Local Usage
	0  -  Run Bytes Sent By Job
	0  -  Run Bytes Received By Job
	0  -  Total Bytes Sent By Job
	0  -  Total Bytes Received By Job
	Partitionable Resources :    Usage  Request          
	   Cpus                 :                 1          
	   Disk (KB)            :     7500     7500          
	   Memory (MB)          :       17       17          
...
000 (10654.003.000) 08/31 20:16:53 Job submitted from host: <129.10.52.106:42847>
...
001 (10654.003.000) 08/31 20:16:54 Job executing on host: <10.1.255.253:43139>
...
006 (10654.003.000) 08/31 20:17:03 Image size of job updated: 15032
	3  -  MemoryUsage of job (MB)
	2420  -  ResidentSetSize of job (KB)
...
006 (10654.003.000) 08/31 20:21:36 Image size of job updated: 492840
	3  -  MemoryUsage of job (MB)
	2420  -  ResidentSetSize of job (KB)
...
005 (10654.003.000) 08/31 20:21:36 Job terminated.
	(1) Normal termination (return value 0)
		Usr 0 00:04:29, Sys 0 00:00:00  -  Run Remote Usage
		Usr 0 00:00:00, Sys 0 00:00:00  -  Run Local Usage
		Usr 0 00:04:29, Sys 0 00:00:00  -  Total Remote Usage
		Usr 0 00:00:00, Sys 0 00:00:00  -  Total Local Usage
	0  -  Run Bytes Sent By Job
	0  -  Run Bytes Received By Job
	0  -  Total Bytes Sent By Job
	0  -  Total Bytes Received By Job
	Partitionable Resources :    Usage  Request          
	   Cpus                 :                 1          
	   Disk (KB)            :     7500     7500          
	   Memory (MB)          :        3        3          
...
000 (10656.003.000) 08/31 21:02:12 Job submitted from host: <129.10.52.106:42847>
...
001 (10656.003.000) 08/31 21:02:13 Job executing on host: <10.1.255.244:42701>
...
006 (10656.003.000) 08/31 21:02:22 Image size of job updated: 45932
	33  -  MemoryUsage of job (MB)
	33764  -  ResidentSetSize of job (KB)
...
006 (10656.003.000) 08/31 21:06:39 Image size of job updated: 492840
	33  -  MemoryUsage of job (MB)
	33764  -  ResidentSetSize of job (KB)
...
005 (10656.003.000) 08/31 21:06:39 Job terminated.
	(1) Normal termination (return value 0)
		Usr 0 00:04:19, Sys 0 00:00:00  -  Run Remote Usage
		Usr 0 00:00:00, Sys 0 00:00:00  -  Run Local Usage
		Usr 0 00:04:19, Sys 0 00:00:00  -  Total Remote Usage
		Usr 0 00:00:00, Sys 0 00:00:00  -  Total Local Usage
	0  -  Run Bytes Sent By Job
	0  -  Run Bytes Received By Job
	0  -  Total Bytes Sent By Job
	0  -  Total Bytes Received By Job
	Partitionable Resources :    Usage  Request          
	   Cpus                 :                 1          
	   Disk (KB)            :     7500     7500          
	   Memory (MB)          :       33       33          
...
000 (10658.003.000) 08/31 21:08:37 Job submitted from host: <129.10.52.106:42847>
...
001 (10658.003.000) 08/31 21:08:55 Job executing on host: <10.1.255.249:47081>
...
006 (10658.003.000) 08/31 21:09:04 Image size of job updated: 7500
	3  -  MemoryUsage of job (MB)
	2172  -  ResidentSetSize of job (KB)
...
006 (10658.003.000) 08/31 21:09:18 Image size of job updated: 483468
	3  -  MemoryUsage of job (MB)
	2172  -  ResidentSetSize of job (KB)
...
004 (10658.003.000) 08/31 21:09:18 Job was evicted.
	(0) Job was not checkpointed.
		Usr 0 00:00:22, Sys 0 00:00:00  -  Run Remote Usage
		Usr 0 00:00:00, Sys 0 00:00:00  -  Run Local Usage
	0  -  Run Bytes Sent By Job
	0  -  Run Bytes Received By Job
	Partitionable Resources :    Usage  Request          
	   Cpus                 :                 1          
	   Disk (KB)            :     7500     7500          
	   Memory (MB)          :        3        3          
...
009 (10658.003.000) 08/31 21:09:19 Job was aborted by the user.
	via condor_rm (by user amir)
...
000 (10660.003.000) 08/31 21:09:35 Job submitted from host: <129.10.52.106:42847>
...
001 (10660.003.000) 08/31 21:09:35 Job executing on host: <10.1.255.244:42701>
...
006 (10660.003.000) 08/31 21:09:44 Image size of job updated: 45936
	33  -  MemoryUsage of job (MB)
	33764  -  ResidentSetSize of job (KB)
...
006 (10660.003.000) 08/31 21:14:21 Image size of job updated: 492844
	33  -  MemoryUsage of job (MB)
	33764  -  ResidentSetSize of job (KB)
...
005 (10660.003.000) 08/31 21:14:21 Job terminated.
	(1) Normal termination (return value 0)
		Usr 0 00:04:30, Sys 0 00:00:00  -  Run Remote Usage
		Usr 0 00:00:00, Sys 0 00:00:00  -  Run Local Usage
		Usr 0 00:04:30, Sys 0 00:00:00  -  Total Remote Usage
		Usr 0 00:00:00, Sys 0 00:00:00  -  Total Local Usage
	0  -  Run Bytes Sent By Job
	0  -  Run Bytes Received By Job
	0  -  Total Bytes Sent By Job
	0  -  Total Bytes Received By Job
	Partitionable Resources :    Usage  Request          
	   Cpus                 :                 1          
	   Disk (KB)            :     7500     7500          
	   Memory (MB)          :       33       33          
...
000 (10662.003.000) 08/31 21:16:12 Job submitted from host: <129.10.52.106:42847>
...
001 (10662.003.000) 08/31 21:16:18 Job executing on host: <10.1.255.248:44088>
...
006 (10662.003.000) 08/31 21:16:27 Image size of job updated: 45936
	33  -  MemoryUsage of job (MB)
	33764  -  ResidentSetSize of job (KB)
...
006 (10662.003.000) 08/31 21:20:51 Image size of job updated: 492844
	33  -  MemoryUsage of job (MB)
	33764  -  ResidentSetSize of job (KB)
...
005 (10662.003.000) 08/31 21:20:51 Job terminated.
	(1) Normal termination (return value 0)
		Usr 0 00:04:30, Sys 0 00:00:00  -  Run Remote Usage
		Usr 0 00:00:00, Sys 0 00:00:00  -  Run Local Usage
		Usr 0 00:04:30, Sys 0 00:00:00  -  Total Remote Usage
		Usr 0 00:00:00, Sys 0 00:00:00  -  Total Local Usage
	0  -  Run Bytes Sent By Job
	0  -  Run Bytes Received By Job
	0  -  Total Bytes Sent By Job
	0  -  Total Bytes Received By Job
	Partitionable Resources :    Usage  Request          
	   Cpus                 :                 1          
	   Disk (KB)            :     7500     7500          
	   Memory (MB)          :       33       33          
...
000 (10664.003.000) 08/31 23:17:37 Job submitted from host: <129.10.52.106:42847>
...
001 (10664.003.000) 08/31 23:17:38 Job executing on host: <10.1.255.244:42701>
...
006 (10664.003.000) 08/31 23:17:46 Image size of job updated: 27552
	15  -  MemoryUsage of job (MB)
	15348  -  ResidentSetSize of job (KB)
...
005 (10664.003.000) 08/31 23:17:46 Job terminated.
	(1) Normal termination (return value 1)
		Usr 0 00:00:00, Sys 0 00:00:00  -  Run Remote Usage
		Usr 0 00:00:00, Sys 0 00:00:00  -  Run Local Usage
		Usr 0 00:00:00, Sys 0 00:00:00  -  Total Remote Usage
		Usr 0 00:00:00, Sys 0 00:00:00  -  Total Local Usage
	0  -  Run Bytes Sent By Job
	0  -  Run Bytes Received By Job
	0  -  Total Bytes Sent By Job
	0  -  Total Bytes Received By Job
	Partitionable Resources :    Usage  Request          
	   Cpus                 :                 1          
	   Disk (KB)            :     7500     7500          
	   Memory (MB)          :       15       15          
...
000 (10666.003.000) 08/31 23:29:12 Job submitted from host: <129.10.52.106:42847>
...
001 (10666.003.000) 08/31 23:29:14 Job executing on host: <10.1.255.244:42701>
...
006 (10666.003.000) 08/31 23:29:22 Image size of job updated: 45932
	33  -  MemoryUsage of job (MB)
	33772  -  ResidentSetSize of job (KB)
...
006 (10666.003.000) 08/31 23:33:55 Image size of job updated: 492840
	33  -  MemoryUsage of job (MB)
	33772  -  ResidentSetSize of job (KB)
...
005 (10666.003.000) 08/31 23:33:55 Job terminated.
	(1) Normal termination (return value 0)
		Usr 0 00:04:31, Sys 0 00:00:00  -  Run Remote Usage
		Usr 0 00:00:00, Sys 0 00:00:00  -  Run Local Usage
		Usr 0 00:04:31, Sys 0 00:00:00  -  Total Remote Usage
		Usr 0 00:00:00, Sys 0 00:00:00  -  Total Local Usage
	0  -  Run Bytes Sent By Job
	0  -  Run Bytes Received By Job
	0  -  Total Bytes Sent By Job
	0  -  Total Bytes Received By Job
	Partitionable Resources :    Usage  Request          
	   Cpus                 :                 1          
	   Disk (KB)            :     7500     7500          
	   Memory (MB)          :       33       33          
...
000 (10668.003.000) 08/31 23:35:57 Job submitted from host: <129.10.52.106:42847>
...
001 (10668.003.000) 08/31 23:35:57 Job executing on host: <10.1.255.246:47592>
...
006 (10668.003.000) 08/31 23:36:06 Image size of job updated: 7500
	3  -  MemoryUsage of job (MB)
	2172  -  ResidentSetSize of job (KB)
...
006 (10668.003.000) 08/31 23:40:32 Image size of job updated: 492840
	3  -  MemoryUsage of job (MB)
	2172  -  ResidentSetSize of job (KB)
...
005 (10668.003.000) 08/31 23:40:32 Job terminated.
	(1) Normal termination (return value 0)
		Usr 0 00:04:30, Sys 0 00:00:00  -  Run Remote Usage
		Usr 0 00:00:00, Sys 0 00:00:00  -  Run Local Usage
		Usr 0 00:04:30, Sys 0 00:00:00  -  Total Remote Usage
		Usr 0 00:00:00, Sys 0 00:00:00  -  Total Local Usage
	0  -  Run Bytes Sent By Job
	0  -  Run Bytes Received By Job
	0  -  Total Bytes Sent By Job
	0  -  Total Bytes Received By Job
	Partitionable Resources :    Usage  Request          
	   Cpus                 :                 1          
	   Disk (KB)            :     7500     7500          
	   Memory (MB)          :        3        3          
...
000 (10670.003.000) 09/01 01:09:26 Job submitted from host: <129.10.52.106:42847>
...
001 (10670.003.000) 09/01 01:09:27 Job executing on host: <10.1.255.245:47081>
...
006 (10670.003.000) 09/01 01:09:35 Image size of job updated: 7500
	3  -  MemoryUsage of job (MB)
	2160  -  ResidentSetSize of job (KB)
...
006 (10670.003.000) 09/01 01:14:35 Image size of job updated: 717608
	616  -  MemoryUsage of job (MB)
	630016  -  ResidentSetSize of job (KB)
...
006 (10670.003.000) 09/01 01:19:36 Image size of job updated: 822004
	719  -  MemoryUsage of job (MB)
	735424  -  ResidentSetSize of job (KB)
...
006 (10670.003.000) 09/01 01:24:36 Image size of job updated: 822004
	719  -  MemoryUsage of job (MB)
	735668  -  ResidentSetSize of job (KB)
...
006 (10670.003.000) 09/01 01:34:37 Image size of job updated: 822004
	719  -  MemoryUsage of job (MB)
	735684  -  ResidentSetSize of job (KB)
...
006 (10670.003.000) 09/01 01:39:38 Image size of job updated: 822004
	770  -  MemoryUsage of job (MB)
	787488  -  ResidentSetSize of job (KB)
...
006 (10670.003.000) 09/01 01:44:38 Image size of job updated: 822004
	770  -  MemoryUsage of job (MB)
	787560  -  ResidentSetSize of job (KB)
...
006 (10670.003.000) 09/01 01:54:40 Image size of job updated: 822004
	772  -  MemoryUsage of job (MB)
	789608  -  ResidentSetSize of job (KB)
...
006 (10670.003.000) 09/01 01:59:40 Image size of job updated: 822004
	776  -  MemoryUsage of job (MB)
	793704  -  ResidentSetSize of job (KB)
...
005 (10670.003.000) 09/01 02:02:11 Job terminated.
	(1) Normal termination (return value 0)
		Usr 0 00:52:25, Sys 0 00:00:00  -  Run Remote Usage
		Usr 0 00:00:00, Sys 0 00:00:00  -  Run Local Usage
		Usr 0 00:52:25, Sys 0 00:00:00  -  Total Remote Usage
		Usr 0 00:00:00, Sys 0 00:00:00  -  Total Local Usage
	0  -  Run Bytes Sent By Job
	0  -  Run Bytes Received By Job
	0  -  Total Bytes Sent By Job
	0  -  Total Bytes Received By Job
	Partitionable Resources :    Usage  Request          
	   Cpus                 :                 1          
	   Disk (KB)            :     7500     7500          
	   Memory (MB)          :      776      776          
...
000 (10672.003.000) 09/01 11:26:49 Job submitted from host: <129.10.52.106:42847>
...
001 (10672.003.000) 09/01 11:26:53 Job executing on host: <10.1.255.245:47081>
...
006 (10672.003.000) 09/01 11:27:01 Image size of job updated: 45936
	33  -  MemoryUsage of job (MB)
	33764  -  ResidentSetSize of job (KB)
...
006 (10672.003.000) 09/01 11:32:01 Image size of job updated: 717876
	616  -  MemoryUsage of job (MB)
	630236  -  ResidentSetSize of job (KB)
...
006 (10672.003.000) 09/01 11:37:02 Image size of job updated: 822008
	719  -  MemoryUsage of job (MB)
	735540  -  ResidentSetSize of job (KB)
...
004 (10672.003.000) 09/01 11:39:45 Job was evicted.
	(0) Job was not checkpointed.
		Usr 0 00:12:50, Sys 0 00:00:00  -  Run Remote Usage
		Usr 0 00:00:00, Sys 0 00:00:00  -  Run Local Usage
	0  -  Run Bytes Sent By Job
	0  -  Run Bytes Received By Job
	Partitionable Resources :    Usage  Request          
	   Cpus                 :                 1          
	   Disk (KB)            :     7500     7500          
	   Memory (MB)          :      719      719          
...
009 (10672.003.000) 09/01 11:39:46 Job was aborted by the user.
	via condor_rm (by user amir)
...
000 (10674.003.000) 09/01 11:40:09 Job submitted from host: <129.10.52.106:42847>
...
001 (10674.003.000) 09/01 11:40:10 Job executing on host: <10.1.255.245:47081>
...
006 (10674.003.000) 09/01 11:40:18 Image size of job updated: 7500
	3  -  MemoryUsage of job (MB)
	2168  -  ResidentSetSize of job (KB)
...
006 (10674.003.000) 09/01 11:45:18 Image size of job updated: 717872
	601  -  MemoryUsage of job (MB)
	614460  -  ResidentSetSize of job (KB)
...
006 (10674.003.000) 09/01 11:50:19 Image size of job updated: 822004
	711  -  MemoryUsage of job (MB)
	727964  -  ResidentSetSize of job (KB)
...
006 (10674.003.000) 09/01 11:55:20 Image size of job updated: 822004
	742  -  MemoryUsage of job (MB)
	758920  -  ResidentSetSize of job (KB)
...
006 (10674.003.000) 09/01 12:00:20 Image size of job updated: 822004
	770  -  MemoryUsage of job (MB)
	787556  -  ResidentSetSize of job (KB)
...
006 (10674.003.000) 09/01 12:30:24 Image size of job updated: 822004
	770  -  MemoryUsage of job (MB)
	787560  -  ResidentSetSize of job (KB)
...
005 (10674.003.000) 09/01 12:31:32 Job terminated.
	(1) Normal termination (return value 0)
		Usr 0 00:51:08, Sys 0 00:00:00  -  Run Remote Usage
		Usr 0 00:00:00, Sys 0 00:00:00  -  Run Local Usage
		Usr 0 00:51:08, Sys 0 00:00:00  -  Total Remote Usage
		Usr 0 00:00:00, Sys 0 00:00:00  -  Total Local Usage
	0  -  Run Bytes Sent By Job
	0  -  Run Bytes Received By Job
	0  -  Total Bytes Sent By Job
	0  -  Total Bytes Received By Job
	Partitionable Resources :    Usage  Request          
	   Cpus                 :                 1          
	   Disk (KB)            :     7500     7500          
	   Memory (MB)          :      770      770          
...
000 (10676.003.000) 09/01 15:35:13 Job submitted from host: <129.10.52.106:42847>
...
001 (10676.003.000) 09/01 15:35:13 Job executing on host: <10.1.255.253:43139>
...
006 (10676.003.000) 09/01 15:35:22 Image size of job updated: 7500
	3  -  MemoryUsage of job (MB)
	2168  -  ResidentSetSize of job (KB)
...
006 (10676.003.000) 09/01 15:40:22 Image size of job updated: 847716
	754  -  MemoryUsage of job (MB)
	771096  -  ResidentSetSize of job (KB)
...
006 (10676.003.000) 09/01 15:45:22 Image size of job updated: 870428
	776  -  MemoryUsage of job (MB)
	793892  -  ResidentSetSize of job (KB)
...
006 (10676.003.000) 09/01 15:50:23 Image size of job updated: 883496
	790  -  MemoryUsage of job (MB)
	808396  -  ResidentSetSize of job (KB)
...
006 (10676.003.000) 09/01 15:55:25 Image size of job updated: 1014124
	919  -  MemoryUsage of job (MB)
	940120  -  ResidentSetSize of job (KB)
...
006 (10676.003.000) 09/01 16:00:25 Image size of job updated: 1014124
	963  -  MemoryUsage of job (MB)
	985784  -  ResidentSetSize of job (KB)
...
006 (10676.003.000) 09/01 16:05:25 Image size of job updated: 1014124
	964  -  MemoryUsage of job (MB)
	986232  -  ResidentSetSize of job (KB)
...
006 (10676.003.000) 09/01 16:10:25 Image size of job updated: 1014124
	964  -  MemoryUsage of job (MB)
	986248  -  ResidentSetSize of job (KB)
...
004 (10676.003.000) 09/01 16:17:46 Job was evicted.
	(0) Job was not checkpointed.
		Usr 0 00:42:28, Sys 0 00:00:00  -  Run Remote Usage
		Usr 0 00:00:00, Sys 0 00:00:00  -  Run Local Usage
	0  -  Run Bytes Sent By Job
	0  -  Run Bytes Received By Job
	Partitionable Resources :    Usage  Request          
	   Cpus                 :                 1          
	   Disk (KB)            :     7500     7500          
	   Memory (MB)          :      964      964          
...
009 (10676.003.000) 09/01 16:17:47 Job was aborted by the user.
	via condor_rm (by user amir)
...
000 (10678.003.000) 09/01 16:18:01 Job submitted from host: <129.10.52.106:42847>
...
001 (10678.003.000) 09/01 16:18:01 Job executing on host: <10.1.255.243:43504>
...
006 (10678.003.000) 09/01 16:18:10 Image size of job updated: 27568
	16  -  MemoryUsage of job (MB)
	15452  -  ResidentSetSize of job (KB)
...
006 (10678.003.000) 09/01 16:23:10 Image size of job updated: 847716
	752  -  MemoryUsage of job (MB)
	769076  -  ResidentSetSize of job (KB)
...
006 (10678.003.000) 09/01 16:28:10 Image size of job updated: 870560
	823  -  MemoryUsage of job (MB)
	842640  -  ResidentSetSize of job (KB)
...
006 (10678.003.000) 09/01 16:33:11 Image size of job updated: 883496
	836  -  MemoryUsage of job (MB)
	855748  -  ResidentSetSize of job (KB)
...
006 (10678.003.000) 09/01 16:38:12 Image size of job updated: 1014124
	964  -  MemoryUsage of job (MB)
	986228  -  ResidentSetSize of job (KB)
...
006 (10678.003.000) 09/01 16:43:12 Image size of job updated: 1014124
	964  -  MemoryUsage of job (MB)
	986280  -  ResidentSetSize of job (KB)
...
006 (10678.003.000) 09/01 16:53:13 Image size of job updated: 1014124
	965  -  MemoryUsage of job (MB)
	987788  -  ResidentSetSize of job (KB)
...
006 (10678.003.000) 09/01 16:58:14 Image size of job updated: 1014124
	965  -  MemoryUsage of job (MB)
	987932  -  ResidentSetSize of job (KB)
...
006 (10678.003.000) 09/01 17:48:18 Image size of job updated: 1014124
	967  -  MemoryUsage of job (MB)
	989980  -  ResidentSetSize of job (KB)
...
006 (10678.003.000) 09/01 17:58:20 Image size of job updated: 1014124
	969  -  MemoryUsage of job (MB)
	992028  -  ResidentSetSize of job (KB)
...
006 (10678.003.000) 09/01 18:03:20 Image size of job updated: 1014124
	979  -  MemoryUsage of job (MB)
	1002268  -  ResidentSetSize of job (KB)
...
006 (10678.003.000) 09/01 18:08:20 Image size of job updated: 1014124
	979  -  MemoryUsage of job (MB)
	1002272  -  ResidentSetSize of job (KB)
...
005 (10678.003.000) 09/01 19:00:25 Job terminated.
	(1) Normal termination (return value 0)
		Usr 0 02:42:04, Sys 0 00:00:00  -  Run Remote Usage
		Usr 0 00:00:00, Sys 0 00:00:00  -  Run Local Usage
		Usr 0 02:42:04, Sys 0 00:00:00  -  Total Remote Usage
		Usr 0 00:00:00, Sys 0 00:00:00  -  Total Local Usage
	0  -  Run Bytes Sent By Job
	0  -  Run Bytes Received By Job
	0  -  Total Bytes Sent By Job
	0  -  Total Bytes Received By Job
	Partitionable Resources :    Usage  Request          
	   Cpus                 :                 1          
	   Disk (KB)            :     7500     7500          
	   Memory (MB)          :      979      979          
...
