000 (10649.012.000) 08/30 23:02:21 Job submitted from host: <129.10.52.106:42847>
...
001 (10649.012.000) 08/30 23:02:41 Job executing on host: <10.1.255.253:43139>
...
006 (10649.012.000) 08/30 23:02:50 Image size of job updated: 20772
	9  -  MemoryUsage of job (MB)
	8516  -  ResidentSetSize of job (KB)
...
006 (10649.012.000) 08/30 23:07:51 Image size of job updated: 1533928
	1119  -  MemoryUsage of job (MB)
	1145232  -  ResidentSetSize of job (KB)
...
006 (10649.012.000) 08/30 23:12:51 Image size of job updated: 1533928
	1119  -  MemoryUsage of job (MB)
	1145700  -  ResidentSetSize of job (KB)
...
006 (10649.012.000) 08/30 23:17:51 Image size of job updated: 1533928
	1119  -  MemoryUsage of job (MB)
	1145704  -  ResidentSetSize of job (KB)
...
006 (10649.012.000) 08/30 23:22:52 Image size of job updated: 1534720
	1137  -  MemoryUsage of job (MB)
	1163464  -  ResidentSetSize of job (KB)
...
006 (10649.012.000) 08/30 23:27:53 Image size of job updated: 1534720
	1176  -  MemoryUsage of job (MB)
	1204172  -  ResidentSetSize of job (KB)
...
006 (10649.012.000) 08/30 23:32:54 Image size of job updated: 1534720
	1180  -  MemoryUsage of job (MB)
	1207440  -  ResidentSetSize of job (KB)
...
006 (10649.012.000) 08/30 23:42:54 Image size of job updated: 1534852
	1180  -  MemoryUsage of job (MB)
	1207480  -  ResidentSetSize of job (KB)
...
006 (10649.012.000) 08/31 00:02:57 Image size of job updated: 1535116
	1180  -  MemoryUsage of job (MB)
	1207736  -  ResidentSetSize of job (KB)
...
006 (10649.012.000) 08/31 00:17:58 Image size of job updated: 1535116
	1188  -  MemoryUsage of job (MB)
	1215928  -  ResidentSetSize of job (KB)
...
006 (10649.012.000) 08/31 00:22:59 Image size of job updated: 1535116
	1192  -  MemoryUsage of job (MB)
	1220024  -  ResidentSetSize of job (KB)
...
006 (10649.012.000) 08/31 00:38:00 Image size of job updated: 1535292
	1192  -  MemoryUsage of job (MB)
	1220216  -  ResidentSetSize of job (KB)
...
006 (10649.012.000) 08/31 00:58:03 Image size of job updated: 1535440
	1192  -  MemoryUsage of job (MB)
	1220340  -  ResidentSetSize of job (KB)
...
005 (10649.012.000) 08/31 01:32:38 Job terminated.
	(1) Normal termination (return value 0)
		Usr 0 02:29:34, Sys 0 00:00:00  -  Run Remote Usage
		Usr 0 00:00:00, Sys 0 00:00:00  -  Run Local Usage
		Usr 0 02:29:34, Sys 0 00:00:00  -  Total Remote Usage
		Usr 0 00:00:00, Sys 0 00:00:00  -  Total Local Usage
	0  -  Run Bytes Sent By Job
	0  -  Run Bytes Received By Job
	0  -  Total Bytes Sent By Job
	0  -  Total Bytes Received By Job
	Partitionable Resources :    Usage  Request          
	   Cpus                 :                 1          
	   Disk (KB)            :     7500     7500          
	   Memory (MB)          :     1192     1192          
...
000 (10651.012.000) 08/31 10:26:00 Job submitted from host: <129.10.52.106:42847>
...
001 (10651.012.000) 08/31 10:26:16 Job executing on host: <10.1.255.246:47592>
...
006 (10651.012.000) 08/31 10:26:24 Image size of job updated: 20772
	9  -  MemoryUsage of job (MB)
	8508  -  ResidentSetSize of job (KB)
...
006 (10651.012.000) 08/31 10:31:24 Image size of job updated: 1534716
	1123  -  MemoryUsage of job (MB)
	1149800  -  ResidentSetSize of job (KB)
...
006 (10651.012.000) 08/31 10:36:25 Image size of job updated: 1535112
	1139  -  MemoryUsage of job (MB)
	1165856  -  ResidentSetSize of job (KB)
...
005 (10651.012.000) 08/31 10:40:55 Job terminated.
	(1) Normal termination (return value 0)
		Usr 0 00:14:29, Sys 0 00:00:00  -  Run Remote Usage
		Usr 0 00:00:00, Sys 0 00:00:00  -  Run Local Usage
		Usr 0 00:14:29, Sys 0 00:00:00  -  Total Remote Usage
		Usr 0 00:00:00, Sys 0 00:00:00  -  Total Local Usage
	0  -  Run Bytes Sent By Job
	0  -  Run Bytes Received By Job
	0  -  Total Bytes Sent By Job
	0  -  Total Bytes Received By Job
	Partitionable Resources :    Usage  Request          
	   Cpus                 :                 1          
	   Disk (KB)            :     7500     7500          
	   Memory (MB)          :     1139     1139          
...
000 (10653.012.000) 08/31 19:52:09 Job submitted from host: <129.10.52.106:42847>
...
001 (10653.012.000) 08/31 19:52:10 Job executing on host: <10.1.255.239:44818>
...
006 (10653.012.000) 08/31 19:52:19 Image size of job updated: 103848
	79  -  MemoryUsage of job (MB)
	80816  -  ResidentSetSize of job (KB)
...
006 (10653.012.000) 08/31 19:55:52 Image size of job updated: 107160
	79  -  MemoryUsage of job (MB)
	80816  -  ResidentSetSize of job (KB)
...
005 (10653.012.000) 08/31 19:55:52 Job terminated.
	(1) Normal termination (return value 0)
		Usr 0 00:03:28, Sys 0 00:00:00  -  Run Remote Usage
		Usr 0 00:00:00, Sys 0 00:00:00  -  Run Local Usage
		Usr 0 00:03:28, Sys 0 00:00:00  -  Total Remote Usage
		Usr 0 00:00:00, Sys 0 00:00:00  -  Total Local Usage
	0  -  Run Bytes Sent By Job
	0  -  Run Bytes Received By Job
	0  -  Total Bytes Sent By Job
	0  -  Total Bytes Received By Job
	Partitionable Resources :    Usage  Request          
	   Cpus                 :                 1          
	   Disk (KB)            :     7500     7500          
	   Memory (MB)          :       79       79          
...
000 (10655.012.000) 08/31 20:17:22 Job submitted from host: <129.10.52.106:42847>
...
001 (10655.012.000) 08/31 20:17:23 Job executing on host: <10.1.255.241:47008>
...
006 (10655.012.000) 08/31 20:17:32 Image size of job updated: 429052
	316  -  MemoryUsage of job (MB)
	323208  -  ResidentSetSize of job (KB)
...
006 (10655.012.000) 08/31 20:22:33 Image size of job updated: 430124
	332  -  MemoryUsage of job (MB)
	339864  -  ResidentSetSize of job (KB)
...
006 (10655.012.000) 08/31 20:27:33 Image size of job updated: 430468
	370  -  MemoryUsage of job (MB)
	378240  -  ResidentSetSize of job (KB)
...
006 (10655.012.000) 08/31 20:32:33 Image size of job updated: 430468
	377  -  MemoryUsage of job (MB)
	385772  -  ResidentSetSize of job (KB)
...
006 (10655.012.000) 08/31 20:37:34 Image size of job updated: 430468
	377  -  MemoryUsage of job (MB)
	385792  -  ResidentSetSize of job (KB)
...
006 (10655.012.000) 08/31 20:42:25 Image size of job updated: 430776
	377  -  MemoryUsage of job (MB)
	385792  -  ResidentSetSize of job (KB)
...
005 (10655.012.000) 08/31 20:42:25 Job terminated.
	(1) Normal termination (return value 0)
		Usr 0 00:24:49, Sys 0 00:00:00  -  Run Remote Usage
		Usr 0 00:00:00, Sys 0 00:00:00  -  Run Local Usage
		Usr 0 00:24:49, Sys 0 00:00:00  -  Total Remote Usage
		Usr 0 00:00:00, Sys 0 00:00:00  -  Total Local Usage
	0  -  Run Bytes Sent By Job
	0  -  Run Bytes Received By Job
	0  -  Total Bytes Sent By Job
	0  -  Total Bytes Received By Job
	Partitionable Resources :    Usage  Request          
	   Cpus                 :                 1          
	   Disk (KB)            :     7500     7500          
	   Memory (MB)          :      377      377          
...
000 (10657.012.000) 08/31 21:02:22 Job submitted from host: <129.10.52.106:42847>
...
001 (10657.012.000) 08/31 21:02:35 Job executing on host: <10.1.255.251:40584>
...
006 (10657.012.000) 08/31 21:02:44 Image size of job updated: 103588
	79  -  MemoryUsage of job (MB)
	80596  -  ResidentSetSize of job (KB)
...
006 (10657.012.000) 08/31 21:07:44 Image size of job updated: 106900
	93  -  MemoryUsage of job (MB)
	94964  -  ResidentSetSize of job (KB)
...
000 (10659.012.000) 08/31 21:08:49 Job submitted from host: <129.10.52.106:42847>
...
009 (10659.012.000) 08/31 21:09:17 Job was aborted by the user.
	via condor_rm (by user amir)
...
004 (10657.012.000) 08/31 21:09:21 Job was evicted.
	(0) Job was not checkpointed.
		Usr 0 00:06:42, Sys 0 00:00:00  -  Run Remote Usage
		Usr 0 00:00:00, Sys 0 00:00:00  -  Run Local Usage
	0  -  Run Bytes Sent By Job
	0  -  Run Bytes Received By Job
	Partitionable Resources :    Usage  Request          
	   Cpus                 :                 1          
	   Disk (KB)            :     7500     7500          
	   Memory (MB)          :       93       93          
...
009 (10657.012.000) 08/31 21:09:22 Job was aborted by the user.
	via condor_rm (by user amir)
...
000 (10661.012.000) 08/31 21:09:44 Job submitted from host: <129.10.52.106:42847>
...
001 (10661.012.000) 08/31 21:09:57 Job executing on host: <10.1.255.245:47081>
...
006 (10661.012.000) 08/31 21:10:06 Image size of job updated: 103584
	79  -  MemoryUsage of job (MB)
	80576  -  ResidentSetSize of job (KB)
...
006 (10661.012.000) 08/31 21:15:07 Image size of job updated: 106896
	93  -  MemoryUsage of job (MB)
	94940  -  ResidentSetSize of job (KB)
...
004 (10661.012.000) 08/31 21:15:48 Job was evicted.
	(0) Job was not checkpointed.
		Usr 0 00:05:50, Sys 0 00:00:00  -  Run Remote Usage
		Usr 0 00:00:00, Sys 0 00:00:00  -  Run Local Usage
	0  -  Run Bytes Sent By Job
	0  -  Run Bytes Received By Job
	Partitionable Resources :    Usage  Request          
	   Cpus                 :                 1          
	   Disk (KB)            :     7500     7500          
	   Memory (MB)          :       93       93          
...
009 (10661.012.000) 08/31 21:15:50 Job was aborted by the user.
	via condor_rm (by user amir)
...
000 (10663.012.000) 08/31 21:16:22 Job submitted from host: <129.10.52.106:42847>
...
001 (10663.012.000) 08/31 21:16:40 Job executing on host: <10.1.255.246:47592>
...
006 (10663.012.000) 08/31 21:16:48 Image size of job updated: 7500
	3  -  MemoryUsage of job (MB)
	2172  -  ResidentSetSize of job (KB)
...
006 (10663.012.000) 08/31 21:21:48 Image size of job updated: 106896
	86  -  MemoryUsage of job (MB)
	87976  -  ResidentSetSize of job (KB)
...
006 (10663.012.000) 08/31 21:26:49 Image size of job updated: 106896
	93  -  MemoryUsage of job (MB)
	94932  -  ResidentSetSize of job (KB)
...
006 (10663.012.000) 08/31 21:31:50 Image size of job updated: 107104
	93  -  MemoryUsage of job (MB)
	95196  -  ResidentSetSize of job (KB)
...
006 (10663.012.000) 08/31 21:41:50 Image size of job updated: 107236
	93  -  MemoryUsage of job (MB)
	95232  -  ResidentSetSize of job (KB)
...
006 (10663.012.000) 08/31 21:46:51 Image size of job updated: 107236
	94  -  MemoryUsage of job (MB)
	95236  -  ResidentSetSize of job (KB)
...
005 (10663.012.000) 08/31 21:47:39 Job terminated.
	(1) Normal termination (return value 0)
		Usr 0 00:30:47, Sys 0 00:00:00  -  Run Remote Usage
		Usr 0 00:00:00, Sys 0 00:00:00  -  Run Local Usage
		Usr 0 00:30:47, Sys 0 00:00:00  -  Total Remote Usage
		Usr 0 00:00:00, Sys 0 00:00:00  -  Total Local Usage
	0  -  Run Bytes Sent By Job
	0  -  Run Bytes Received By Job
	0  -  Total Bytes Sent By Job
	0  -  Total Bytes Received By Job
	Partitionable Resources :    Usage  Request          
	   Cpus                 :                 1          
	   Disk (KB)            :     7500     7500          
	   Memory (MB)          :       94       94          
...
000 (10665.012.000) 08/31 23:17:48 Job submitted from host: <129.10.52.106:42847>
...
001 (10665.012.000) 08/31 23:17:59 Job executing on host: <10.1.255.246:47592>
...
006 (10665.012.000) 08/31 23:18:07 Image size of job updated: 28284
	16  -  MemoryUsage of job (MB)
	16160  -  ResidentSetSize of job (KB)
...
006 (10665.012.000) 08/31 23:18:07 Image size of job updated: 57892
	16  -  MemoryUsage of job (MB)
	16160  -  ResidentSetSize of job (KB)
...
005 (10665.012.000) 08/31 23:18:08 Job terminated.
	(1) Normal termination (return value 1)
		Usr 0 00:00:07, Sys 0 00:00:00  -  Run Remote Usage
		Usr 0 00:00:00, Sys 0 00:00:00  -  Run Local Usage
		Usr 0 00:00:07, Sys 0 00:00:00  -  Total Remote Usage
		Usr 0 00:00:00, Sys 0 00:00:00  -  Total Local Usage
	0  -  Run Bytes Sent By Job
	0  -  Run Bytes Received By Job
	0  -  Total Bytes Sent By Job
	0  -  Total Bytes Received By Job
	Partitionable Resources :    Usage  Request          
	   Cpus                 :                 1          
	   Disk (KB)            :     7500     7500          
	   Memory (MB)          :       16       16          
...
000 (10667.012.000) 08/31 23:29:22 Job submitted from host: <129.10.52.106:42847>
...
001 (10667.012.000) 08/31 23:29:35 Job executing on host: <10.1.255.253:43139>
...
006 (10667.012.000) 08/31 23:29:43 Image size of job updated: 27172
	15  -  MemoryUsage of job (MB)
	15064  -  ResidentSetSize of job (KB)
...
006 (10667.012.000) 08/31 23:29:48 Image size of job updated: 270028
	15  -  MemoryUsage of job (MB)
	15064  -  ResidentSetSize of job (KB)
...
005 (10667.012.000) 08/31 23:29:48 Job terminated.
	(1) Normal termination (return value 1)
		Usr 0 00:00:08, Sys 0 00:00:00  -  Run Remote Usage
		Usr 0 00:00:00, Sys 0 00:00:00  -  Run Local Usage
		Usr 0 00:00:08, Sys 0 00:00:00  -  Total Remote Usage
		Usr 0 00:00:00, Sys 0 00:00:00  -  Total Local Usage
	0  -  Run Bytes Sent By Job
	0  -  Run Bytes Received By Job
	0  -  Total Bytes Sent By Job
	0  -  Total Bytes Received By Job
	Partitionable Resources :    Usage  Request          
	   Cpus                 :                 1          
	   Disk (KB)            :     7500     7500          
	   Memory (MB)          :       15       15          
...
000 (10669.012.000) 08/31 23:36:08 Job submitted from host: <129.10.52.106:42847>
...
001 (10669.012.000) 08/31 23:36:19 Job executing on host: <10.1.255.243:43504>
...
006 (10669.012.000) 08/31 23:36:28 Image size of job updated: 270032
	199  -  MemoryUsage of job (MB)
	203020  -  ResidentSetSize of job (KB)
...
006 (10669.012.000) 08/31 23:41:29 Image size of job updated: 273344
	212  -  MemoryUsage of job (MB)
	216836  -  ResidentSetSize of job (KB)
...
006 (10669.012.000) 08/31 23:46:30 Image size of job updated: 273344
	215  -  MemoryUsage of job (MB)
	219300  -  ResidentSetSize of job (KB)
...
006 (10669.012.000) 08/31 23:51:30 Image size of job updated: 273628
	215  -  MemoryUsage of job (MB)
	219580  -  ResidentSetSize of job (KB)
...
006 (10669.012.000) 08/31 23:56:30 Image size of job updated: 273628
	248  -  MemoryUsage of job (MB)
	253500  -  ResidentSetSize of job (KB)
...
006 (10669.012.000) 09/01 00:01:31 Image size of job updated: 273628
	248  -  MemoryUsage of job (MB)
	253540  -  ResidentSetSize of job (KB)
...
005 (10669.012.000) 09/01 00:15:27 Job terminated.
	(1) Normal termination (return value 0)
		Usr 0 00:38:50, Sys 0 00:00:00  -  Run Remote Usage
		Usr 0 00:00:00, Sys 0 00:00:00  -  Run Local Usage
		Usr 0 00:38:50, Sys 0 00:00:00  -  Total Remote Usage
		Usr 0 00:00:00, Sys 0 00:00:00  -  Total Local Usage
	0  -  Run Bytes Sent By Job
	0  -  Run Bytes Received By Job
	0  -  Total Bytes Sent By Job
	0  -  Total Bytes Received By Job
	Partitionable Resources :    Usage  Request          
	   Cpus                 :                 1          
	   Disk (KB)            :     7500     7500          
	   Memory (MB)          :      248      248          
...
000 (10671.012.000) 09/01 01:09:36 Job submitted from host: <129.10.52.106:42847>
...
001 (10671.012.000) 09/01 01:09:48 Job executing on host: <10.1.255.249:47081>
...
006 (10671.012.000) 09/01 01:09:57 Image size of job updated: 46020
	34  -  MemoryUsage of job (MB)
	33896  -  ResidentSetSize of job (KB)
...
006 (10671.012.000) 09/01 01:14:58 Image size of job updated: 1704452
	1304  -  MemoryUsage of job (MB)
	1334844  -  ResidentSetSize of job (KB)
...
006 (10671.012.000) 09/01 01:19:59 Image size of job updated: 1704452
	1314  -  MemoryUsage of job (MB)
	1345524  -  ResidentSetSize of job (KB)
...
006 (10671.012.000) 09/01 01:24:59 Image size of job updated: 1705076
	1356  -  MemoryUsage of job (MB)
	1388436  -  ResidentSetSize of job (KB)
...
006 (10671.012.000) 09/01 01:30:00 Image size of job updated: 1705076
	1389  -  MemoryUsage of job (MB)
	1422252  -  ResidentSetSize of job (KB)
...
006 (10671.012.000) 09/01 01:35:01 Image size of job updated: 1705076
	1393  -  MemoryUsage of job (MB)
	1426408  -  ResidentSetSize of job (KB)
...
006 (10671.012.000) 09/01 01:45:01 Image size of job updated: 1705076
	1405  -  MemoryUsage of job (MB)
	1438696  -  ResidentSetSize of job (KB)
...
006 (10671.012.000) 09/01 01:50:02 Image size of job updated: 1705076
	1416  -  MemoryUsage of job (MB)
	1449392  -  ResidentSetSize of job (KB)
...
006 (10671.012.000) 09/01 01:55:02 Image size of job updated: 1705232
	1428  -  MemoryUsage of job (MB)
	1461780  -  ResidentSetSize of job (KB)
...
006 (10671.012.000) 09/01 02:00:02 Image size of job updated: 1705232
	1438  -  MemoryUsage of job (MB)
	1472020  -  ResidentSetSize of job (KB)
...
005 (10671.012.000) 09/01 02:03:50 Job terminated.
	(1) Normal termination (return value 0)
		Usr 0 00:53:49, Sys 0 00:00:00  -  Run Remote Usage
		Usr 0 00:00:00, Sys 0 00:00:00  -  Run Local Usage
		Usr 0 00:53:49, Sys 0 00:00:00  -  Total Remote Usage
		Usr 0 00:00:00, Sys 0 00:00:00  -  Total Local Usage
	0  -  Run Bytes Sent By Job
	0  -  Run Bytes Received By Job
	0  -  Total Bytes Sent By Job
	0  -  Total Bytes Received By Job
	Partitionable Resources :    Usage  Request          
	   Cpus                 :                 1          
	   Disk (KB)            :     7500     7500          
	   Memory (MB)          :     1438     1438          
...
000 (10673.010.000) 09/01 11:26:58 Job submitted from host: <129.10.52.106:42847>
...
001 (10673.010.000) 09/01 11:27:14 Job executing on host: <10.1.255.239:44818>
...
006 (10673.010.000) 09/01 11:27:23 Image size of job updated: 95284
	34  -  MemoryUsage of job (MB)
	33884  -  ResidentSetSize of job (KB)
...
006 (10673.010.000) 09/01 11:32:25 Image size of job updated: 1707528
	1133  -  MemoryUsage of job (MB)
	1159452  -  ResidentSetSize of job (KB)
...
006 (10673.010.000) 09/01 11:37:25 Image size of job updated: 1707528
	1190  -  MemoryUsage of job (MB)
	1217936  -  ResidentSetSize of job (KB)
...
006 (10673.010.000) 09/01 11:39:45 Image size of job updated: 1710728
	1190  -  MemoryUsage of job (MB)
	1217936  -  ResidentSetSize of job (KB)
...
004 (10673.010.000) 09/01 11:39:45 Job was evicted.
	(0) Job was not checkpointed.
		Usr 0 00:12:15, Sys 0 00:00:01  -  Run Remote Usage
		Usr 0 00:00:00, Sys 0 00:00:00  -  Run Local Usage
	0  -  Run Bytes Sent By Job
	0  -  Run Bytes Received By Job
	Partitionable Resources :    Usage  Request          
	   Cpus                 :                 1          
	   Disk (KB)            :     7500     7500          
	   Memory (MB)          :     1190     1190          
...
009 (10673.010.000) 09/01 11:39:47 Job was aborted by the user.
	via condor_rm (by user amir)
...
000 (10675.010.000) 09/01 11:40:18 Job submitted from host: <129.10.52.106:42847>
...
001 (10675.010.000) 09/01 11:40:31 Job executing on host: <10.1.255.253:43139>
...
006 (10675.010.000) 09/01 11:40:40 Image size of job updated: 7500
	3  -  MemoryUsage of job (MB)
	2172  -  ResidentSetSize of job (KB)
...
006 (10675.010.000) 09/01 11:45:41 Image size of job updated: 1707528
	1238  -  MemoryUsage of job (MB)
	1267444  -  ResidentSetSize of job (KB)
...
006 (10675.010.000) 09/01 11:50:42 Image size of job updated: 1707528
	1249  -  MemoryUsage of job (MB)
	1278032  -  ResidentSetSize of job (KB)
...
006 (10675.010.000) 09/01 11:55:42 Image size of job updated: 1707528
	1267  -  MemoryUsage of job (MB)
	1297240  -  ResidentSetSize of job (KB)
...
006 (10675.010.000) 09/01 12:00:42 Image size of job updated: 1710728
	1293  -  MemoryUsage of job (MB)
	1323368  -  ResidentSetSize of job (KB)
...
006 (10675.010.000) 09/01 12:05:43 Image size of job updated: 1710728
	1314  -  MemoryUsage of job (MB)
	1345028  -  ResidentSetSize of job (KB)
...
006 (10675.010.000) 09/01 12:10:44 Image size of job updated: 1710728
	1316  -  MemoryUsage of job (MB)
	1347000  -  ResidentSetSize of job (KB)
...
006 (10675.010.000) 09/01 12:15:44 Image size of job updated: 1710728
	1316  -  MemoryUsage of job (MB)
	1347192  -  ResidentSetSize of job (KB)
...
006 (10675.010.000) 09/01 12:20:44 Image size of job updated: 1710728
	1321  -  MemoryUsage of job (MB)
	1351876  -  ResidentSetSize of job (KB)
...
006 (10675.010.000) 09/01 12:25:44 Image size of job updated: 1710728
	1323  -  MemoryUsage of job (MB)
	1353944  -  ResidentSetSize of job (KB)
...
006 (10675.010.000) 09/01 12:30:45 Image size of job updated: 1710728
	1323  -  MemoryUsage of job (MB)
	1354520  -  ResidentSetSize of job (KB)
...
006 (10675.010.000) 09/01 12:35:46 Image size of job updated: 1710728
	1327  -  MemoryUsage of job (MB)
	1358568  -  ResidentSetSize of job (KB)
...
006 (10675.010.000) 09/01 12:40:47 Image size of job updated: 1710728
	1365  -  MemoryUsage of job (MB)
	1397584  -  ResidentSetSize of job (KB)
...
006 (10675.010.000) 09/01 12:45:47 Image size of job updated: 1710728
	1396  -  MemoryUsage of job (MB)
	1429088  -  ResidentSetSize of job (KB)
...
006 (10675.010.000) 09/01 13:05:49 Image size of job updated: 1711780
	1399  -  MemoryUsage of job (MB)
	1432164  -  ResidentSetSize of job (KB)
...
006 (10675.010.000) 09/01 13:10:50 Image size of job updated: 1711780
	1405  -  MemoryUsage of job (MB)
	1438308  -  ResidentSetSize of job (KB)
...
006 (10675.010.000) 09/01 13:15:51 Image size of job updated: 1711780
	1409  -  MemoryUsage of job (MB)
	1442404  -  ResidentSetSize of job (KB)
...
006 (10675.010.000) 09/01 13:20:52 Image size of job updated: 1711780
	1411  -  MemoryUsage of job (MB)
	1444452  -  ResidentSetSize of job (KB)
...
006 (10675.010.000) 09/01 13:25:52 Image size of job updated: 1711780
	1419  -  MemoryUsage of job (MB)
	1452644  -  ResidentSetSize of job (KB)
...
006 (10675.010.000) 09/01 13:30:52 Image size of job updated: 1711780
	1425  -  MemoryUsage of job (MB)
	1458788  -  ResidentSetSize of job (KB)
...
006 (10675.010.000) 09/01 13:35:52 Image size of job updated: 1711780
	1437  -  MemoryUsage of job (MB)
	1471076  -  ResidentSetSize of job (KB)
...
006 (10675.010.000) 09/01 13:40:53 Image size of job updated: 1711780
	1442  -  MemoryUsage of job (MB)
	1475852  -  ResidentSetSize of job (KB)
...
006 (10675.010.000) 09/01 14:00:56 Image size of job updated: 1711780
	1444  -  MemoryUsage of job (MB)
	1477900  -  ResidentSetSize of job (KB)
...
006 (10675.010.000) 09/01 14:05:56 Image size of job updated: 1711780
	1446  -  MemoryUsage of job (MB)
	1479948  -  ResidentSetSize of job (KB)
...
006 (10675.010.000) 09/01 14:10:57 Image size of job updated: 1711780
	1448  -  MemoryUsage of job (MB)
	1481996  -  ResidentSetSize of job (KB)
...
006 (10675.010.000) 09/01 14:15:58 Image size of job updated: 1711780
	1452  -  MemoryUsage of job (MB)
	1486092  -  ResidentSetSize of job (KB)
...
006 (10675.010.000) 09/01 14:20:59 Image size of job updated: 1711780
	1456  -  MemoryUsage of job (MB)
	1490188  -  ResidentSetSize of job (KB)
...
006 (10675.010.000) 09/01 14:26:00 Image size of job updated: 1712672
	1459  -  MemoryUsage of job (MB)
	1493128  -  ResidentSetSize of job (KB)
...
006 (10675.010.000) 09/01 14:31:00 Image size of job updated: 1712672
	1461  -  MemoryUsage of job (MB)
	1495176  -  ResidentSetSize of job (KB)
...
006 (10675.010.000) 09/01 14:36:00 Image size of job updated: 1712672
	1473  -  MemoryUsage of job (MB)
	1507464  -  ResidentSetSize of job (KB)
...
006 (10675.010.000) 09/01 14:41:00 Image size of job updated: 1712672
	1485  -  MemoryUsage of job (MB)
	1519752  -  ResidentSetSize of job (KB)
...
006 (10675.010.000) 09/01 14:46:00 Image size of job updated: 1712672
	1501  -  MemoryUsage of job (MB)
	1536136  -  ResidentSetSize of job (KB)
...
006 (10675.010.000) 09/01 14:51:01 Image size of job updated: 1712672
	1515  -  MemoryUsage of job (MB)
	1550472  -  ResidentSetSize of job (KB)
...
006 (10675.010.000) 09/01 15:01:04 Image size of job updated: 1712672
	1517  -  MemoryUsage of job (MB)
	1552524  -  ResidentSetSize of job (KB)
...
006 (10675.010.000) 09/01 15:11:04 Image size of job updated: 1712672
	1527  -  MemoryUsage of job (MB)
	1562764  -  ResidentSetSize of job (KB)
...
006 (10675.010.000) 09/01 15:16:04 Image size of job updated: 1712672
	1543  -  MemoryUsage of job (MB)
	1579148  -  ResidentSetSize of job (KB)
...
006 (10675.010.000) 09/01 15:21:05 Image size of job updated: 1712672
	1557  -  MemoryUsage of job (MB)
	1593484  -  ResidentSetSize of job (KB)
...
006 (10675.010.000) 09/01 15:26:06 Image size of job updated: 1712672
	1571  -  MemoryUsage of job (MB)
	1607820  -  ResidentSetSize of job (KB)
...
006 (10675.010.000) 09/01 15:31:07 Image size of job updated: 1712672
	1573  -  MemoryUsage of job (MB)
	1609868  -  ResidentSetSize of job (KB)
...
004 (10675.010.000) 09/01 15:34:52 Job was evicted.
	(0) Job was not checkpointed.
		Usr 0 03:54:00, Sys 0 00:00:01  -  Run Remote Usage
		Usr 0 00:00:00, Sys 0 00:00:00  -  Run Local Usage
	0  -  Run Bytes Sent By Job
	0  -  Run Bytes Received By Job
	Partitionable Resources :    Usage  Request          
	   Cpus                 :                 1          
	   Disk (KB)            :     7500     7500          
	   Memory (MB)          :     1573     1573          
...
009 (10675.010.000) 09/01 15:34:53 Job was aborted by the user.
	via condor_rm (by user amir)
...
000 (10677.010.000) 09/01 15:35:23 Job submitted from host: <129.10.52.106:42847>
...
001 (10677.010.000) 09/01 15:35:35 Job executing on host: <10.1.255.241:47008>
...
006 (10677.010.000) 09/01 15:35:44 Image size of job updated: 38676
	26  -  MemoryUsage of job (MB)
	26596  -  ResidentSetSize of job (KB)
...
006 (10677.010.000) 09/01 15:40:45 Image size of job updated: 1707528
	1238  -  MemoryUsage of job (MB)
	1267440  -  ResidentSetSize of job (KB)
...
006 (10677.010.000) 09/01 15:45:46 Image size of job updated: 1707528
	1261  -  MemoryUsage of job (MB)
	1290784  -  ResidentSetSize of job (KB)
...
006 (10677.010.000) 09/01 15:50:46 Image size of job updated: 1710728
	1298  -  MemoryUsage of job (MB)
	1329096  -  ResidentSetSize of job (KB)
...
006 (10677.010.000) 09/01 15:55:47 Image size of job updated: 1710728
	1315  -  MemoryUsage of job (MB)
	1345884  -  ResidentSetSize of job (KB)
...
006 (10677.010.000) 09/01 16:00:48 Image size of job updated: 1710728
	1315  -  MemoryUsage of job (MB)
	1346076  -  ResidentSetSize of job (KB)
...
006 (10677.010.000) 09/01 16:05:48 Image size of job updated: 1710728
	1318  -  MemoryUsage of job (MB)
	1349204  -  ResidentSetSize of job (KB)
...
006 (10677.010.000) 09/01 16:10:48 Image size of job updated: 1710728
	1319  -  MemoryUsage of job (MB)
	1350220  -  ResidentSetSize of job (KB)
...
006 (10677.010.000) 09/01 16:15:49 Image size of job updated: 1710728
	1321  -  MemoryUsage of job (MB)
	1352332  -  ResidentSetSize of job (KB)
...
004 (10677.010.000) 09/01 16:17:46 Job was evicted.
	(0) Job was not checkpointed.
		Usr 0 00:40:47, Sys 0 00:00:00  -  Run Remote Usage
		Usr 0 00:00:00, Sys 0 00:00:00  -  Run Local Usage
	0  -  Run Bytes Sent By Job
	0  -  Run Bytes Received By Job
	Partitionable Resources :    Usage  Request          
	   Cpus                 :                 1          
	   Disk (KB)            :     7500     7500          
	   Memory (MB)          :     1321     1321          
...
009 (10677.010.000) 09/01 16:17:48 Job was aborted by the user.
	via condor_rm (by user amir)
...
000 (10679.010.000) 09/01 16:18:11 Job submitted from host: <129.10.52.106:42847>
...
001 (10679.010.000) 09/01 16:18:23 Job executing on host: <10.1.255.248:44088>
...
006 (10679.010.000) 09/01 16:18:32 Image size of job updated: 95284
	5  -  MemoryUsage of job (MB)
	4856  -  ResidentSetSize of job (KB)
...
006 (10679.010.000) 09/01 16:23:33 Image size of job updated: 1707528
	1282  -  MemoryUsage of job (MB)
	1312620  -  ResidentSetSize of job (KB)
...
006 (10679.010.000) 09/01 16:28:33 Image size of job updated: 1707528
	1290  -  MemoryUsage of job (MB)
	1320292  -  ResidentSetSize of job (KB)
...
006 (10679.010.000) 09/01 16:33:34 Image size of job updated: 1707528
	1305  -  MemoryUsage of job (MB)
	1336248  -  ResidentSetSize of job (KB)
...
006 (10679.010.000) 09/01 16:38:35 Image size of job updated: 1710728
	1332  -  MemoryUsage of job (MB)
	1363844  -  ResidentSetSize of job (KB)
...
006 (10679.010.000) 09/01 16:43:35 Image size of job updated: 1710728
	1349  -  MemoryUsage of job (MB)
	1380664  -  ResidentSetSize of job (KB)
...
006 (10679.010.000) 09/01 16:48:36 Image size of job updated: 1710728
	1359  -  MemoryUsage of job (MB)
	1391480  -  ResidentSetSize of job (KB)
...
006 (10679.010.000) 09/01 16:53:37 Image size of job updated: 1710728
	1391  -  MemoryUsage of job (MB)
	1424120  -  ResidentSetSize of job (KB)
...
006 (10679.010.000) 09/01 16:58:37 Image size of job updated: 1710728
	1407  -  MemoryUsage of job (MB)
	1439952  -  ResidentSetSize of job (KB)
...
006 (10679.010.000) 09/01 17:13:38 Image size of job updated: 1710728
	1409  -  MemoryUsage of job (MB)
	1442000  -  ResidentSetSize of job (KB)
...
006 (10679.010.000) 09/01 17:18:38 Image size of job updated: 1710728
	1411  -  MemoryUsage of job (MB)
	1444048  -  ResidentSetSize of job (KB)
...
006 (10679.010.000) 09/01 17:43:42 Image size of job updated: 1711780
	1414  -  MemoryUsage of job (MB)
	1447124  -  ResidentSetSize of job (KB)
...
006 (10679.010.000) 09/01 17:48:42 Image size of job updated: 1711780
	1418  -  MemoryUsage of job (MB)
	1451220  -  ResidentSetSize of job (KB)
...
006 (10679.010.000) 09/01 17:53:43 Image size of job updated: 1711780
	1422  -  MemoryUsage of job (MB)
	1455316  -  ResidentSetSize of job (KB)
...
006 (10679.010.000) 09/01 17:58:44 Image size of job updated: 1711780
	1424  -  MemoryUsage of job (MB)
	1457364  -  ResidentSetSize of job (KB)
...
006 (10679.010.000) 09/01 18:03:44 Image size of job updated: 1711780
	1432  -  MemoryUsage of job (MB)
	1465556  -  ResidentSetSize of job (KB)
...
006 (10679.010.000) 09/01 18:08:44 Image size of job updated: 1711780
	1438  -  MemoryUsage of job (MB)
	1471700  -  ResidentSetSize of job (KB)
...
006 (10679.010.000) 09/01 18:13:45 Image size of job updated: 1711780
	1450  -  MemoryUsage of job (MB)
	1483988  -  ResidentSetSize of job (KB)
...
006 (10679.010.000) 09/01 18:18:45 Image size of job updated: 1711780
	1454  -  MemoryUsage of job (MB)
	1488460  -  ResidentSetSize of job (KB)
...
006 (10679.010.000) 09/01 18:38:47 Image size of job updated: 1711780
	1458  -  MemoryUsage of job (MB)
	1492556  -  ResidentSetSize of job (KB)
...
006 (10679.010.000) 09/01 18:43:48 Image size of job updated: 1711780
	1460  -  MemoryUsage of job (MB)
	1494604  -  ResidentSetSize of job (KB)
...
006 (10679.010.000) 09/01 18:48:49 Image size of job updated: 1711780
	1462  -  MemoryUsage of job (MB)
	1496652  -  ResidentSetSize of job (KB)
...
006 (10679.010.000) 09/01 18:58:49 Image size of job updated: 1711780
	1468  -  MemoryUsage of job (MB)
	1502796  -  ResidentSetSize of job (KB)
...
006 (10679.010.000) 09/01 19:08:50 Image size of job updated: 1712672
	1471  -  MemoryUsage of job (MB)
	1505736  -  ResidentSetSize of job (KB)
...
006 (10679.010.000) 09/01 19:13:50 Image size of job updated: 1712672
	1479  -  MemoryUsage of job (MB)
	1513928  -  ResidentSetSize of job (KB)
...
006 (10679.010.000) 09/01 19:18:51 Image size of job updated: 1712672
	1491  -  MemoryUsage of job (MB)
	1526216  -  ResidentSetSize of job (KB)
...
006 (10679.010.000) 09/01 19:23:52 Image size of job updated: 1712672
	1503  -  MemoryUsage of job (MB)
	1538504  -  ResidentSetSize of job (KB)
...
006 (10679.010.000) 09/01 19:28:52 Image size of job updated: 1712672
	1517  -  MemoryUsage of job (MB)
	1552840  -  ResidentSetSize of job (KB)
...
006 (10679.010.000) 09/01 19:33:53 Image size of job updated: 1712672
	1525  -  MemoryUsage of job (MB)
	1561032  -  ResidentSetSize of job (KB)
...
006 (10679.010.000) 09/01 19:43:54 Image size of job updated: 1712672
	1527  -  MemoryUsage of job (MB)
	1563084  -  ResidentSetSize of job (KB)
...
006 (10679.010.000) 09/01 19:53:55 Image size of job updated: 1712672
	1539  -  MemoryUsage of job (MB)
	1575372  -  ResidentSetSize of job (KB)
...
006 (10679.010.000) 09/01 19:58:55 Image size of job updated: 1712672
	1551  -  MemoryUsage of job (MB)
	1587660  -  ResidentSetSize of job (KB)
...
006 (10679.010.000) 09/01 20:03:55 Image size of job updated: 1712672
	1567  -  MemoryUsage of job (MB)
	1604044  -  ResidentSetSize of job (KB)
...
006 (10679.010.000) 09/01 20:08:56 Image size of job updated: 1712672
	1581  -  MemoryUsage of job (MB)
	1618380  -  ResidentSetSize of job (KB)
...
005 (10679.010.000) 09/01 20:17:35 Job terminated.
	(1) Normal termination (return value 0)
		Usr 0 03:58:39, Sys 0 00:00:00  -  Run Remote Usage
		Usr 0 00:00:00, Sys 0 00:00:00  -  Run Local Usage
		Usr 0 03:58:39, Sys 0 00:00:00  -  Total Remote Usage
		Usr 0 00:00:00, Sys 0 00:00:00  -  Total Local Usage
	0  -  Run Bytes Sent By Job
	0  -  Run Bytes Received By Job
	0  -  Total Bytes Sent By Job
	0  -  Total Bytes Received By Job
	Partitionable Resources :    Usage  Request          
	   Cpus                 :                 1          
	   Disk (KB)            :     7500     7500          
	   Memory (MB)          :     1581     1581          
...
