
; Multi2Sim 4.2 - A Simulation Framework for CPU-GPU Heterogeneous Computing
; Please use command 'm2s --help' for a list of command-line options.
; Simulation alpha-numeric ID: hu6aN


;
; Simulation Statistics Summary
;

[ General ]
RealTime = 14350.25 [s]
SimEnd = ContextsFinished
SimTime = 14126387.00 [ns]
Frequency = 1000 [MHz]
Cycles = 14126388

[ SouthernIslands ]
RealTime = 0.00 [s]
Instructions = 631808
InstructionsPerSecond = 0
NDRangeCount = 8
WorkGroupCount = 128
BranchInstructions = 0
LDSInstructions = 114688
ScalarALUInstructions = 137344
ScalarMemInstructions = 1280
VectorALUInstructions = 296576
VectorMemInstructions = 81920
SimTime = 14126283.15 [ns]
Frequency = 925 [MHz]
Cycles = 13067792
CyclesPerSecond = 0

[ x86 ]
RealTime = 45.30 [s]
Instructions = 53279452
InstructionsPerSecond = 1176168
Contexts = 2
Memory = 35540992

sh: gnuplot: command not found
warning: could not execute gnuplot, when creating network results

sh: gnuplot: command not found
warning: could not execute gnuplot, when creating network results

sh: gnuplot: command not found
warning: could not execute gnuplot, when creating network results

sh: gnuplot: command not found
warning: could not execute gnuplot, when creating network results

sh: gnuplot: command not found
warning: could not execute gnuplot, when creating network results

sh: gnuplot: command not found
warning: could not execute gnuplot, when creating network results

