000 (10649.011.000) 08/30 23:02:21 Job submitted from host: <129.10.52.106:42847>
...
001 (10649.011.000) 08/30 23:02:41 Job executing on host: <10.1.255.242:42117>
...
006 (10649.011.000) 08/30 23:02:50 Image size of job updated: 7500
	3  -  MemoryUsage of job (MB)
	2160  -  ResidentSetSize of job (KB)
...
006 (10649.011.000) 08/30 23:02:59 Image size of job updated: 1541076
	3  -  MemoryUsage of job (MB)
	2160  -  ResidentSetSize of job (KB)
...
005 (10649.011.000) 08/30 23:02:59 Job terminated.
	(1) Normal termination (return value 0)
		Usr 0 00:00:14, Sys 0 00:00:00  -  Run Remote Usage
		Usr 0 00:00:00, Sys 0 00:00:00  -  Run Local Usage
		Usr 0 00:00:14, Sys 0 00:00:00  -  Total Remote Usage
		Usr 0 00:00:00, Sys 0 00:00:00  -  Total Local Usage
	0  -  Run Bytes Sent By Job
	0  -  Run Bytes Received By Job
	0  -  Total Bytes Sent By Job
	0  -  Total Bytes Received By Job
	Partitionable Resources :    Usage  Request          
	   Cpus                 :                 1          
	   Disk (KB)            :     7500     7500          
	   Memory (MB)          :        3        3          
...
000 (10651.011.000) 08/31 10:26:00 Job submitted from host: <129.10.52.106:42847>
...
001 (10651.011.000) 08/31 10:26:16 Job executing on host: <10.1.255.246:47592>
...
006 (10651.011.000) 08/31 10:26:24 Image size of job updated: 95284
	9  -  MemoryUsage of job (MB)
	8968  -  ResidentSetSize of job (KB)
...
006 (10651.011.000) 08/31 10:26:34 Image size of job updated: 1541132
	9  -  MemoryUsage of job (MB)
	8968  -  ResidentSetSize of job (KB)
...
005 (10651.011.000) 08/31 10:26:34 Job terminated.
	(1) Normal termination (return value 0)
		Usr 0 00:00:14, Sys 0 00:00:00  -  Run Remote Usage
		Usr 0 00:00:00, Sys 0 00:00:00  -  Run Local Usage
		Usr 0 00:00:14, Sys 0 00:00:00  -  Total Remote Usage
		Usr 0 00:00:00, Sys 0 00:00:00  -  Total Local Usage
	0  -  Run Bytes Sent By Job
	0  -  Run Bytes Received By Job
	0  -  Total Bytes Sent By Job
	0  -  Total Bytes Received By Job
	Partitionable Resources :    Usage  Request          
	   Cpus                 :                 1          
	   Disk (KB)            :     7500     7500          
	   Memory (MB)          :        9        9          
...
000 (10653.011.000) 08/31 19:52:09 Job submitted from host: <129.10.52.106:42847>
...
001 (10653.011.000) 08/31 19:52:10 Job executing on host: <10.1.255.239:44818>
...
006 (10653.011.000) 08/31 19:52:18 Image size of job updated: 105444
	0  -  MemoryUsage of job (MB)
	0  -  ResidentSetSize of job (KB)
...
005 (10653.011.000) 08/31 19:52:18 Job terminated.
	(1) Normal termination (return value 0)
		Usr 0 00:00:04, Sys 0 00:00:00  -  Run Remote Usage
		Usr 0 00:00:00, Sys 0 00:00:00  -  Run Local Usage
		Usr 0 00:00:04, Sys 0 00:00:00  -  Total Remote Usage
		Usr 0 00:00:00, Sys 0 00:00:00  -  Total Local Usage
	0  -  Run Bytes Sent By Job
	0  -  Run Bytes Received By Job
	0  -  Total Bytes Sent By Job
	0  -  Total Bytes Received By Job
	Partitionable Resources :    Usage  Request          
	   Cpus                 :                 1          
	   Disk (KB)            :     7500     7500          
	   Memory (MB)          :        0        0          
...
000 (10655.011.000) 08/31 20:17:22 Job submitted from host: <129.10.52.106:42847>
...
001 (10655.011.000) 08/31 20:17:23 Job executing on host: <10.1.255.241:47008>
...
006 (10655.011.000) 08/31 20:17:31 Image size of job updated: 436656
	0  -  MemoryUsage of job (MB)
	0  -  ResidentSetSize of job (KB)
...
005 (10655.011.000) 08/31 20:17:31 Job terminated.
	(1) Normal termination (return value 0)
		Usr 0 00:00:04, Sys 0 00:00:00  -  Run Remote Usage
		Usr 0 00:00:00, Sys 0 00:00:00  -  Run Local Usage
		Usr 0 00:00:04, Sys 0 00:00:00  -  Total Remote Usage
		Usr 0 00:00:00, Sys 0 00:00:00  -  Total Local Usage
	0  -  Run Bytes Sent By Job
	0  -  Run Bytes Received By Job
	0  -  Total Bytes Sent By Job
	0  -  Total Bytes Received By Job
	Partitionable Resources :    Usage  Request          
	   Cpus                 :                 1          
	   Disk (KB)            :     7500     7500          
	   Memory (MB)          :        0        0          
...
000 (10657.011.000) 08/31 21:02:22 Job submitted from host: <129.10.52.106:42847>
...
001 (10657.011.000) 08/31 21:02:35 Job executing on host: <10.1.255.251:40584>
...
006 (10657.011.000) 08/31 21:02:44 Image size of job updated: 105304
	81  -  MemoryUsage of job (MB)
	82572  -  ResidentSetSize of job (KB)
...
005 (10657.011.000) 08/31 21:02:46 Job terminated.
	(1) Normal termination (return value 0)
		Usr 0 00:00:04, Sys 0 00:00:00  -  Run Remote Usage
		Usr 0 00:00:00, Sys 0 00:00:00  -  Run Local Usage
		Usr 0 00:00:04, Sys 0 00:00:00  -  Total Remote Usage
		Usr 0 00:00:00, Sys 0 00:00:00  -  Total Local Usage
	0  -  Run Bytes Sent By Job
	0  -  Run Bytes Received By Job
	0  -  Total Bytes Sent By Job
	0  -  Total Bytes Received By Job
	Partitionable Resources :    Usage  Request          
	   Cpus                 :                 1          
	   Disk (KB)            :     7500     7500          
	   Memory (MB)          :       81       81          
...
000 (10659.011.000) 08/31 21:08:49 Job submitted from host: <129.10.52.106:42847>
...
009 (10659.011.000) 08/31 21:09:17 Job was aborted by the user.
	via condor_rm (by user amir)
...
000 (10661.011.000) 08/31 21:09:44 Job submitted from host: <129.10.52.106:42847>
...
001 (10661.011.000) 08/31 21:09:57 Job executing on host: <10.1.255.243:43504>
...
006 (10661.011.000) 08/31 21:10:05 Image size of job updated: 7500
	3  -  MemoryUsage of job (MB)
	2172  -  ResidentSetSize of job (KB)
...
006 (10661.011.000) 08/31 21:10:12 Image size of job updated: 112976
	3  -  MemoryUsage of job (MB)
	2172  -  ResidentSetSize of job (KB)
...
005 (10661.011.000) 08/31 21:10:12 Job terminated.
	(1) Normal termination (return value 0)
		Usr 0 00:00:08, Sys 0 00:00:00  -  Run Remote Usage
		Usr 0 00:00:00, Sys 0 00:00:00  -  Run Local Usage
		Usr 0 00:00:08, Sys 0 00:00:00  -  Total Remote Usage
		Usr 0 00:00:00, Sys 0 00:00:00  -  Total Local Usage
	0  -  Run Bytes Sent By Job
	0  -  Run Bytes Received By Job
	0  -  Total Bytes Sent By Job
	0  -  Total Bytes Received By Job
	Partitionable Resources :    Usage  Request          
	   Cpus                 :                 1          
	   Disk (KB)            :     7500     7500          
	   Memory (MB)          :        3        3          
...
000 (10663.011.000) 08/31 21:16:22 Job submitted from host: <129.10.52.106:42847>
...
001 (10663.011.000) 08/31 21:16:40 Job executing on host: <10.1.255.246:47592>
...
006 (10663.011.000) 08/31 21:16:48 Image size of job updated: 26760
	15  -  MemoryUsage of job (MB)
	14464  -  ResidentSetSize of job (KB)
...
006 (10663.011.000) 08/31 21:16:54 Image size of job updated: 112976
	15  -  MemoryUsage of job (MB)
	14464  -  ResidentSetSize of job (KB)
...
005 (10663.011.000) 08/31 21:16:54 Job terminated.
	(1) Normal termination (return value 0)
		Usr 0 00:00:09, Sys 0 00:00:00  -  Run Remote Usage
		Usr 0 00:00:00, Sys 0 00:00:00  -  Run Local Usage
		Usr 0 00:00:09, Sys 0 00:00:00  -  Total Remote Usage
		Usr 0 00:00:00, Sys 0 00:00:00  -  Total Local Usage
	0  -  Run Bytes Sent By Job
	0  -  Run Bytes Received By Job
	0  -  Total Bytes Sent By Job
	0  -  Total Bytes Received By Job
	Partitionable Resources :    Usage  Request          
	   Cpus                 :                 1          
	   Disk (KB)            :     7500     7500          
	   Memory (MB)          :       15       15          
...
000 (10665.011.000) 08/31 23:17:48 Job submitted from host: <129.10.52.106:42847>
...
001 (10665.011.000) 08/31 23:17:59 Job executing on host: <10.1.255.246:47592>
...
006 (10665.011.000) 08/31 23:18:07 Image size of job updated: 28284
	16  -  MemoryUsage of job (MB)
	16204  -  ResidentSetSize of job (KB)
...
005 (10665.011.000) 08/31 23:18:07 Job terminated.
	(1) Normal termination (return value 1)
		Usr 0 00:00:00, Sys 0 00:00:00  -  Run Remote Usage
		Usr 0 00:00:00, Sys 0 00:00:00  -  Run Local Usage
		Usr 0 00:00:00, Sys 0 00:00:00  -  Total Remote Usage
		Usr 0 00:00:00, Sys 0 00:00:00  -  Total Local Usage
	0  -  Run Bytes Sent By Job
	0  -  Run Bytes Received By Job
	0  -  Total Bytes Sent By Job
	0  -  Total Bytes Received By Job
	Partitionable Resources :    Usage  Request          
	   Cpus                 :                 1          
	   Disk (KB)            :     7500     7500          
	   Memory (MB)          :       16       16          
...
000 (10667.011.000) 08/31 23:29:22 Job submitted from host: <129.10.52.106:42847>
...
001 (10667.011.000) 08/31 23:29:35 Job executing on host: <10.1.255.243:43504>
...
006 (10667.011.000) 08/31 23:29:43 Image size of job updated: 7500
	3  -  MemoryUsage of job (MB)
	2164  -  ResidentSetSize of job (KB)
...
005 (10667.011.000) 08/31 23:29:43 Job terminated.
	(1) Normal termination (return value 1)
		Usr 0 00:00:00, Sys 0 00:00:00  -  Run Remote Usage
		Usr 0 00:00:00, Sys 0 00:00:00  -  Run Local Usage
		Usr 0 00:00:00, Sys 0 00:00:00  -  Total Remote Usage
		Usr 0 00:00:00, Sys 0 00:00:00  -  Total Local Usage
	0  -  Run Bytes Sent By Job
	0  -  Run Bytes Received By Job
	0  -  Total Bytes Sent By Job
	0  -  Total Bytes Received By Job
	Partitionable Resources :    Usage  Request          
	   Cpus                 :                 1          
	   Disk (KB)            :     7500     7500          
	   Memory (MB)          :        3        3          
...
000 (10669.011.000) 08/31 23:36:08 Job submitted from host: <129.10.52.106:42847>
...
001 (10669.011.000) 08/31 23:36:19 Job executing on host: <10.1.255.253:43139>
...
006 (10669.011.000) 08/31 23:36:28 Image size of job updated: 46020
	34  -  MemoryUsage of job (MB)
	33848  -  ResidentSetSize of job (KB)
...
005 (10669.011.000) 08/31 23:36:33 Job terminated.
	(1) Normal termination (return value 0)
		Usr 0 00:00:01, Sys 0 00:00:00  -  Run Remote Usage
		Usr 0 00:00:00, Sys 0 00:00:00  -  Run Local Usage
		Usr 0 00:00:01, Sys 0 00:00:00  -  Total Remote Usage
		Usr 0 00:00:00, Sys 0 00:00:00  -  Total Local Usage
	0  -  Run Bytes Sent By Job
	0  -  Run Bytes Received By Job
	0  -  Total Bytes Sent By Job
	0  -  Total Bytes Received By Job
	Partitionable Resources :    Usage  Request          
	   Cpus                 :                 1          
	   Disk (KB)            :     7500     7500          
	   Memory (MB)          :       34       34          
...
000 (10671.011.000) 09/01 01:09:36 Job submitted from host: <129.10.52.106:42847>
...
001 (10671.011.000) 09/01 01:09:48 Job executing on host: <10.1.255.249:47081>
...
006 (10671.011.000) 09/01 01:09:57 Image size of job updated: 46020
	34  -  MemoryUsage of job (MB)
	33852  -  ResidentSetSize of job (KB)
...
005 (10671.011.000) 09/01 01:10:04 Job terminated.
	(1) Normal termination (return value 0)
		Usr 0 00:00:04, Sys 0 00:00:00  -  Run Remote Usage
		Usr 0 00:00:00, Sys 0 00:00:00  -  Run Local Usage
		Usr 0 00:00:04, Sys 0 00:00:00  -  Total Remote Usage
		Usr 0 00:00:00, Sys 0 00:00:00  -  Total Local Usage
	0  -  Run Bytes Sent By Job
	0  -  Run Bytes Received By Job
	0  -  Total Bytes Sent By Job
	0  -  Total Bytes Received By Job
	Partitionable Resources :    Usage  Request          
	   Cpus                 :                 1          
	   Disk (KB)            :     7500     7500          
	   Memory (MB)          :       34       34          
...
