
; Multi2Sim 4.2 - A Simulation Framework for CPU-GPU Heterogeneous Computing
; Please use command 'm2s --help' for a list of command-line options.
; Simulation alpha-numeric ID: dyP76


;
; Simulation Statistics Summary
;

[ General ]
RealTime = 14.56 [s]
SimEnd = ContextsFinished
SimTime = 93967.00 [ns]
Frequency = 1000 [MHz]
Cycles = 93968

[ SouthernIslands ]
RealTime = 0.00 [s]
Instructions = 64576
InstructionsPerSecond = 0
NDRangeCount = 1
WorkGroupCount = 8
BranchInstructions = 0
LDSInstructions = 3840
ScalarALUInstructions = 7552
ScalarMemInstructions = 704
VectorALUInstructions = 51904
VectorMemInstructions = 576
SimTime = 93823.23 [ns]
Frequency = 925 [MHz]
Cycles = 86793
CyclesPerSecond = 0

[ x86 ]
RealTime = 0.54 [s]
Instructions = 573270
InstructionsPerSecond = 1061597
Contexts = 2
Memory = 62124032

Warning: empty y range [0:0], adjusting to [0:1]
