000 (10649.015.000) 08/30 23:02:21 Job submitted from host: <129.10.52.106:42847>
...
001 (10649.015.000) 08/30 23:02:41 Job executing on host: <10.1.255.253:43139>
...
006 (10649.015.000) 08/30 23:02:50 Image size of job updated: 7500
	3  -  MemoryUsage of job (MB)
	2168  -  ResidentSetSize of job (KB)
...
006 (10649.015.000) 08/30 23:07:51 Image size of job updated: 1602844
	1223  -  MemoryUsage of job (MB)
	1251784  -  ResidentSetSize of job (KB)
...
006 (10649.015.000) 08/30 23:17:51 Image size of job updated: 1602844
	1224  -  MemoryUsage of job (MB)
	1253356  -  ResidentSetSize of job (KB)
...
006 (10649.015.000) 08/30 23:22:52 Image size of job updated: 1642068
	1264  -  MemoryUsage of job (MB)
	1293996  -  ResidentSetSize of job (KB)
...
005 (10649.015.000) 08/30 23:22:53 Job terminated.
	(1) Normal termination (return value 0)
		Usr 0 00:19:59, Sys 0 00:00:00  -  Run Remote Usage
		Usr 0 00:00:00, Sys 0 00:00:00  -  Run Local Usage
		Usr 0 00:19:59, Sys 0 00:00:00  -  Total Remote Usage
		Usr 0 00:00:00, Sys 0 00:00:00  -  Total Local Usage
	0  -  Run Bytes Sent By Job
	0  -  Run Bytes Received By Job
	0  -  Total Bytes Sent By Job
	0  -  Total Bytes Received By Job
	Partitionable Resources :    Usage  Request          
	   Cpus                 :                 1          
	   Disk (KB)            :     7500     7500          
	   Memory (MB)          :     1264     1264          
...
000 (10651.015.000) 08/31 10:26:00 Job submitted from host: <129.10.52.106:42847>
...
001 (10651.015.000) 08/31 10:26:16 Job executing on host: <10.1.255.239:44818>
...
006 (10651.015.000) 08/31 10:26:25 Image size of job updated: 95284
	3  -  MemoryUsage of job (MB)
	2340  -  ResidentSetSize of job (KB)
...
006 (10651.015.000) 08/31 10:31:26 Image size of job updated: 1602900
	1213  -  MemoryUsage of job (MB)
	1241168  -  ResidentSetSize of job (KB)
...
006 (10651.015.000) 08/31 10:36:27 Image size of job updated: 1602900
	1225  -  MemoryUsage of job (MB)
	1253864  -  ResidentSetSize of job (KB)
...
005 (10651.015.000) 08/31 10:39:50 Job terminated.
	(1) Normal termination (return value 0)
		Usr 0 00:13:18, Sys 0 00:00:00  -  Run Remote Usage
		Usr 0 00:00:00, Sys 0 00:00:00  -  Run Local Usage
		Usr 0 00:13:18, Sys 0 00:00:00  -  Total Remote Usage
		Usr 0 00:00:00, Sys 0 00:00:00  -  Total Local Usage
	0  -  Run Bytes Sent By Job
	0  -  Run Bytes Received By Job
	0  -  Total Bytes Sent By Job
	0  -  Total Bytes Received By Job
	Partitionable Resources :    Usage  Request          
	   Cpus                 :                 1          
	   Disk (KB)            :     7500     7500          
	   Memory (MB)          :     1225     1225          
...
000 (10653.015.000) 08/31 19:52:09 Job submitted from host: <129.10.52.106:42847>
...
001 (10653.015.000) 08/31 19:52:11 Job executing on host: <10.1.255.241:47008>
...
006 (10653.015.000) 08/31 19:52:19 Image size of job updated: 103596
	79  -  MemoryUsage of job (MB)
	80644  -  ResidentSetSize of job (KB)
...
006 (10653.015.000) 08/31 19:52:33 Image size of job updated: 199084
	79  -  MemoryUsage of job (MB)
	80644  -  ResidentSetSize of job (KB)
...
005 (10653.015.000) 08/31 19:52:33 Job terminated.
	(1) Normal termination (return value 0)
		Usr 0 00:00:18, Sys 0 00:00:00  -  Run Remote Usage
		Usr 0 00:00:00, Sys 0 00:00:00  -  Run Local Usage
		Usr 0 00:00:18, Sys 0 00:00:00  -  Total Remote Usage
		Usr 0 00:00:00, Sys 0 00:00:00  -  Total Local Usage
	0  -  Run Bytes Sent By Job
	0  -  Run Bytes Received By Job
	0  -  Total Bytes Sent By Job
	0  -  Total Bytes Received By Job
	Partitionable Resources :    Usage  Request          
	   Cpus                 :                 1          
	   Disk (KB)            :     7500     7500          
	   Memory (MB)          :       79       79          
...
000 (10655.015.000) 08/31 20:17:22 Job submitted from host: <129.10.52.106:42847>
...
001 (10655.015.000) 08/31 20:17:23 Job executing on host: <10.1.255.239:44818>
...
006 (10655.015.000) 08/31 20:17:32 Image size of job updated: 30232
	13  -  MemoryUsage of job (MB)
	13156  -  ResidentSetSize of job (KB)
...
006 (10655.015.000) 08/31 20:21:46 Image size of job updated: 559784
	13  -  MemoryUsage of job (MB)
	13156  -  ResidentSetSize of job (KB)
...
005 (10655.015.000) 08/31 20:21:46 Job terminated.
	(1) Normal termination (return value 0)
		Usr 0 00:04:15, Sys 0 00:00:00  -  Run Remote Usage
		Usr 0 00:00:00, Sys 0 00:00:00  -  Run Local Usage
		Usr 0 00:04:15, Sys 0 00:00:00  -  Total Remote Usage
		Usr 0 00:00:00, Sys 0 00:00:00  -  Total Local Usage
	0  -  Run Bytes Sent By Job
	0  -  Run Bytes Received By Job
	0  -  Total Bytes Sent By Job
	0  -  Total Bytes Received By Job
	Partitionable Resources :    Usage  Request          
	   Cpus                 :                 1          
	   Disk (KB)            :     7500     7500          
	   Memory (MB)          :       13       13          
...
000 (10657.015.000) 08/31 21:02:22 Job submitted from host: <129.10.52.106:42847>
...
001 (10657.015.000) 08/31 21:02:36 Job executing on host: <10.1.255.243:43504>
...
006 (10657.015.000) 08/31 21:02:44 Image size of job updated: 46012
	34  -  MemoryUsage of job (MB)
	33840  -  ResidentSetSize of job (KB)
...
006 (10657.015.000) 08/31 21:07:44 Image size of job updated: 173868
	151  -  MemoryUsage of job (MB)
	154456  -  ResidentSetSize of job (KB)
...
000 (10659.015.000) 08/31 21:08:49 Job submitted from host: <129.10.52.106:42847>
...
009 (10659.015.000) 08/31 21:09:18 Job was aborted by the user.
	via condor_rm (by user amir)
...
004 (10657.015.000) 08/31 21:09:21 Job was evicted.
	(0) Job was not checkpointed.
		Usr 0 00:06:44, Sys 0 00:00:00  -  Run Remote Usage
		Usr 0 00:00:00, Sys 0 00:00:00  -  Run Local Usage
	0  -  Run Bytes Sent By Job
	0  -  Run Bytes Received By Job
	Partitionable Resources :    Usage  Request          
	   Cpus                 :                 1          
	   Disk (KB)            :     7500     7500          
	   Memory (MB)          :      151      151          
...
009 (10657.015.000) 08/31 21:09:22 Job was aborted by the user.
	via condor_rm (by user amir)
...
000 (10661.015.000) 08/31 21:09:44 Job submitted from host: <129.10.52.106:42847>
...
001 (10661.015.000) 08/31 21:09:57 Job executing on host: <10.1.255.241:47008>
...
006 (10661.015.000) 08/31 21:10:06 Image size of job updated: 151856
	128  -  MemoryUsage of job (MB)
	131012  -  ResidentSetSize of job (KB)
...
006 (10661.015.000) 08/31 21:15:07 Image size of job updated: 173864
	152  -  MemoryUsage of job (MB)
	155012  -  ResidentSetSize of job (KB)
...
004 (10661.015.000) 08/31 21:15:48 Job was evicted.
	(0) Job was not checkpointed.
		Usr 0 00:05:49, Sys 0 00:00:00  -  Run Remote Usage
		Usr 0 00:00:00, Sys 0 00:00:00  -  Run Local Usage
	0  -  Run Bytes Sent By Job
	0  -  Run Bytes Received By Job
	Partitionable Resources :    Usage  Request          
	   Cpus                 :                 1          
	   Disk (KB)            :     7500     7500          
	   Memory (MB)          :      152      152          
...
009 (10661.015.000) 08/31 21:15:49 Job was aborted by the user.
	via condor_rm (by user amir)
...
000 (10663.015.000) 08/31 21:16:22 Job submitted from host: <129.10.52.106:42847>
...
001 (10663.015.000) 08/31 21:16:40 Job executing on host: <10.1.255.242:42117>
...
006 (10663.015.000) 08/31 21:16:48 Image size of job updated: 103592
	79  -  MemoryUsage of job (MB)
	80596  -  ResidentSetSize of job (KB)
...
006 (10663.015.000) 08/31 21:21:48 Image size of job updated: 173864
	152  -  MemoryUsage of job (MB)
	154652  -  ResidentSetSize of job (KB)
...
006 (10663.015.000) 08/31 21:26:49 Image size of job updated: 173864
	159  -  MemoryUsage of job (MB)
	161900  -  ResidentSetSize of job (KB)
...
006 (10663.015.000) 08/31 21:33:35 Image size of job updated: 204628
	159  -  MemoryUsage of job (MB)
	161900  -  ResidentSetSize of job (KB)
...
005 (10663.015.000) 08/31 21:33:35 Job terminated.
	(1) Normal termination (return value 0)
		Usr 0 00:16:47, Sys 0 00:00:00  -  Run Remote Usage
		Usr 0 00:00:00, Sys 0 00:00:00  -  Run Local Usage
		Usr 0 00:16:47, Sys 0 00:00:00  -  Total Remote Usage
		Usr 0 00:00:00, Sys 0 00:00:00  -  Total Local Usage
	0  -  Run Bytes Sent By Job
	0  -  Run Bytes Received By Job
	0  -  Total Bytes Sent By Job
	0  -  Total Bytes Received By Job
	Partitionable Resources :    Usage  Request          
	   Cpus                 :                 1          
	   Disk (KB)            :     7500     7500          
	   Memory (MB)          :      159      159          
...
000 (10665.015.000) 08/31 23:17:48 Job submitted from host: <129.10.52.106:42847>
...
001 (10665.015.000) 08/31 23:17:59 Job executing on host: <10.1.255.243:43504>
...
006 (10665.015.000) 08/31 23:18:07 Image size of job updated: 14004
	0  -  MemoryUsage of job (MB)
	0  -  ResidentSetSize of job (KB)
...
005 (10665.015.000) 08/31 23:18:07 Job terminated.
	(1) Normal termination (return value 1)
		Usr 0 00:00:00, Sys 0 00:00:00  -  Run Remote Usage
		Usr 0 00:00:00, Sys 0 00:00:00  -  Run Local Usage
		Usr 0 00:00:00, Sys 0 00:00:00  -  Total Remote Usage
		Usr 0 00:00:00, Sys 0 00:00:00  -  Total Local Usage
	0  -  Run Bytes Sent By Job
	0  -  Run Bytes Received By Job
	0  -  Total Bytes Sent By Job
	0  -  Total Bytes Received By Job
	Partitionable Resources :    Usage  Request          
	   Cpus                 :                 1          
	   Disk (KB)            :     7500     7500          
	   Memory (MB)          :        0        0          
...
000 (10667.015.000) 08/31 23:29:22 Job submitted from host: <129.10.52.106:42847>
...
001 (10667.015.000) 08/31 23:29:35 Job executing on host: <10.1.255.251:40584>
...
006 (10667.015.000) 08/31 23:29:44 Image size of job updated: 270300
	214  -  MemoryUsage of job (MB)
	219060  -  ResidentSetSize of job (KB)
...
005 (10667.015.000) 08/31 23:29:44 Job terminated.
	(1) Normal termination (return value 1)
		Usr 0 00:00:07, Sys 0 00:00:00  -  Run Remote Usage
		Usr 0 00:00:00, Sys 0 00:00:00  -  Run Local Usage
		Usr 0 00:00:07, Sys 0 00:00:00  -  Total Remote Usage
		Usr 0 00:00:00, Sys 0 00:00:00  -  Total Local Usage
	0  -  Run Bytes Sent By Job
	0  -  Run Bytes Received By Job
	0  -  Total Bytes Sent By Job
	0  -  Total Bytes Received By Job
	Partitionable Resources :    Usage  Request          
	   Cpus                 :                 1          
	   Disk (KB)            :     7500     7500          
	   Memory (MB)          :      214      214          
...
000 (10669.015.000) 08/31 23:36:08 Job submitted from host: <129.10.52.106:42847>
...
001 (10669.015.000) 08/31 23:36:19 Job executing on host: <10.1.255.244:42701>
...
006 (10669.015.000) 08/31 23:36:28 Image size of job updated: 14004
	2  -  MemoryUsage of job (MB)
	1572  -  ResidentSetSize of job (KB)
...
006 (10669.015.000) 08/31 23:41:26 Image size of job updated: 387040
	2  -  MemoryUsage of job (MB)
	1572  -  ResidentSetSize of job (KB)
...
005 (10669.015.000) 08/31 23:41:26 Job terminated.
	(1) Normal termination (return value 0)
		Usr 0 00:04:58, Sys 0 00:00:00  -  Run Remote Usage
		Usr 0 00:00:00, Sys 0 00:00:00  -  Run Local Usage
		Usr 0 00:04:58, Sys 0 00:00:00  -  Total Remote Usage
		Usr 0 00:00:00, Sys 0 00:00:00  -  Total Local Usage
	0  -  Run Bytes Sent By Job
	0  -  Run Bytes Received By Job
	0  -  Total Bytes Sent By Job
	0  -  Total Bytes Received By Job
	Partitionable Resources :    Usage  Request          
	   Cpus                 :                 1          
	   Disk (KB)            :     7500     7500          
	   Memory (MB)          :        2        2          
...
000 (10671.014.000) 09/01 01:09:36 Job submitted from host: <129.10.52.106:42847>
...
001 (10671.014.000) 09/01 01:09:48 Job executing on host: <10.1.255.239:44818>
...
006 (10671.014.000) 09/01 01:09:57 Image size of job updated: 95284
	1  -  MemoryUsage of job (MB)
	4  -  ResidentSetSize of job (KB)
...
006 (10671.014.000) 09/01 01:14:58 Image size of job updated: 2293336
	1852  -  MemoryUsage of job (MB)
	1895508  -  ResidentSetSize of job (KB)
...
006 (10671.014.000) 09/01 01:19:58 Image size of job updated: 2293892
	1860  -  MemoryUsage of job (MB)
	1904000  -  ResidentSetSize of job (KB)
...
006 (10671.014.000) 09/01 01:24:58 Image size of job updated: 2293892
	1871  -  MemoryUsage of job (MB)
	1915056  -  ResidentSetSize of job (KB)
...
006 (10671.014.000) 09/01 01:29:59 Image size of job updated: 2293892
	1872  -  MemoryUsage of job (MB)
	1916024  -  ResidentSetSize of job (KB)
...
006 (10671.014.000) 09/01 01:34:59 Image size of job updated: 2293892
	1888  -  MemoryUsage of job (MB)
	1933224  -  ResidentSetSize of job (KB)
...
006 (10671.014.000) 09/01 01:39:59 Image size of job updated: 2293892
	1892  -  MemoryUsage of job (MB)
	1936588  -  ResidentSetSize of job (KB)
...
006 (10671.014.000) 09/01 01:50:01 Image size of job updated: 2293892
	1906  -  MemoryUsage of job (MB)
	1951000  -  ResidentSetSize of job (KB)
...
006 (10671.014.000) 09/01 01:55:01 Image size of job updated: 2294372
	1909  -  MemoryUsage of job (MB)
	1953816  -  ResidentSetSize of job (KB)
...
006 (10671.014.000) 09/01 02:00:01 Image size of job updated: 2294372
	1909  -  MemoryUsage of job (MB)
	1954592  -  ResidentSetSize of job (KB)
...
006 (10671.014.000) 09/01 02:05:02 Image size of job updated: 2294372
	1910  -  MemoryUsage of job (MB)
	1954872  -  ResidentSetSize of job (KB)
...
006 (10671.014.000) 09/01 02:10:02 Image size of job updated: 2294372
	1919  -  MemoryUsage of job (MB)
	1964932  -  ResidentSetSize of job (KB)
...
006 (10671.014.000) 09/01 02:15:02 Image size of job updated: 2294372
	1928  -  MemoryUsage of job (MB)
	1974232  -  ResidentSetSize of job (KB)
...
006 (10671.014.000) 09/01 02:20:03 Image size of job updated: 2294372
	1938  -  MemoryUsage of job (MB)
	1984492  -  ResidentSetSize of job (KB)
...
006 (10671.014.000) 09/01 02:25:04 Image size of job updated: 2294372
	1947  -  MemoryUsage of job (MB)
	1992884  -  ResidentSetSize of job (KB)
...
006 (10671.014.000) 09/01 02:30:04 Image size of job updated: 2294372
	2001  -  MemoryUsage of job (MB)
	2048436  -  ResidentSetSize of job (KB)
...
006 (10671.014.000) 09/01 02:35:05 Image size of job updated: 2294372
	2137  -  MemoryUsage of job (MB)
	2187484  -  ResidentSetSize of job (KB)
...
006 (10671.014.000) 09/01 02:40:06 Image size of job updated: 2294372
	2166  -  MemoryUsage of job (MB)
	2217980  -  ResidentSetSize of job (KB)
...
006 (10671.014.000) 09/01 02:45:06 Image size of job updated: 2294372
	2168  -  MemoryUsage of job (MB)
	2219060  -  ResidentSetSize of job (KB)
...
006 (10671.014.000) 09/01 02:50:06 Image size of job updated: 2294372
	2168  -  MemoryUsage of job (MB)
	2219316  -  ResidentSetSize of job (KB)
...
006 (10671.014.000) 09/01 02:55:08 Image size of job updated: 2294372
	2168  -  MemoryUsage of job (MB)
	2219388  -  ResidentSetSize of job (KB)
...
006 (10671.014.000) 09/01 03:00:08 Image size of job updated: 2294372
	2168  -  MemoryUsage of job (MB)
	2219632  -  ResidentSetSize of job (KB)
...
006 (10671.014.000) 09/01 03:05:08 Image size of job updated: 2294372
	2169  -  MemoryUsage of job (MB)
	2220124  -  ResidentSetSize of job (KB)
...
006 (10671.014.000) 09/01 03:10:09 Image size of job updated: 2294372
	2169  -  MemoryUsage of job (MB)
	2220544  -  ResidentSetSize of job (KB)
...
006 (10671.014.000) 09/01 03:15:10 Image size of job updated: 2294372
	2170  -  MemoryUsage of job (MB)
	2221112  -  ResidentSetSize of job (KB)
...
006 (10671.014.000) 09/01 03:20:10 Image size of job updated: 2294372
	2171  -  MemoryUsage of job (MB)
	2222428  -  ResidentSetSize of job (KB)
...
006 (10671.014.000) 09/01 03:25:11 Image size of job updated: 2294372
	2172  -  MemoryUsage of job (MB)
	2223420  -  ResidentSetSize of job (KB)
...
006 (10671.014.000) 09/01 03:30:12 Image size of job updated: 2294372
	2207  -  MemoryUsage of job (MB)
	2259308  -  ResidentSetSize of job (KB)
...
006 (10671.014.000) 09/01 03:35:12 Image size of job updated: 2294372
	2209  -  MemoryUsage of job (MB)
	2261144  -  ResidentSetSize of job (KB)
...
006 (10671.014.000) 09/01 03:40:12 Image size of job updated: 2294372
	2209  -  MemoryUsage of job (MB)
	2261552  -  ResidentSetSize of job (KB)
...
006 (10671.014.000) 09/01 03:45:14 Image size of job updated: 2294372
	2209  -  MemoryUsage of job (MB)
	2261876  -  ResidentSetSize of job (KB)
...
006 (10671.014.000) 09/01 03:50:14 Image size of job updated: 2294372
	2210  -  MemoryUsage of job (MB)
	2262460  -  ResidentSetSize of job (KB)
...
005 (10671.014.000) 09/01 03:52:44 Job terminated.
	(1) Normal termination (return value 0)
		Usr 0 02:42:25, Sys 0 00:00:01  -  Run Remote Usage
		Usr 0 00:00:00, Sys 0 00:00:00  -  Run Local Usage
		Usr 0 02:42:25, Sys 0 00:00:01  -  Total Remote Usage
		Usr 0 00:00:00, Sys 0 00:00:00  -  Total Local Usage
	0  -  Run Bytes Sent By Job
	0  -  Run Bytes Received By Job
	0  -  Total Bytes Sent By Job
	0  -  Total Bytes Received By Job
	Partitionable Resources :    Usage  Request          
	   Cpus                 :                 1          
	   Disk (KB)            :     7500     7500          
	   Memory (MB)          :     2210     2210          
...
000 (10673.012.000) 09/01 11:26:58 Job submitted from host: <129.10.52.106:42847>
...
001 (10673.012.000) 09/01 11:27:14 Job executing on host: <10.1.255.239:44818>
...
006 (10673.012.000) 09/01 11:27:23 Image size of job updated: 95284
	34  -  MemoryUsage of job (MB)
	33876  -  ResidentSetSize of job (KB)
...
006 (10673.012.000) 09/01 11:32:24 Image size of job updated: 2240744
	1542  -  MemoryUsage of job (MB)
	1578712  -  ResidentSetSize of job (KB)
...
006 (10673.012.000) 09/01 11:37:24 Image size of job updated: 2305240
	1659  -  MemoryUsage of job (MB)
	1697892  -  ResidentSetSize of job (KB)
...
004 (10673.012.000) 09/01 11:39:45 Job was evicted.
	(0) Job was not checkpointed.
		Usr 0 00:11:58, Sys 0 00:00:01  -  Run Remote Usage
		Usr 0 00:00:00, Sys 0 00:00:00  -  Run Local Usage
	0  -  Run Bytes Sent By Job
	0  -  Run Bytes Received By Job
	Partitionable Resources :    Usage  Request          
	   Cpus                 :                 1          
	   Disk (KB)            :     7500     7500          
	   Memory (MB)          :     1659     1659          
...
009 (10673.012.000) 09/01 11:39:47 Job was aborted by the user.
	via condor_rm (by user amir)
...
000 (10675.012.000) 09/01 11:40:18 Job submitted from host: <129.10.52.106:42847>
...
001 (10675.012.000) 09/01 11:40:31 Job executing on host: <10.1.255.243:43504>
...
006 (10675.012.000) 09/01 11:40:40 Image size of job updated: 27160
	15  -  MemoryUsage of job (MB)
	14916  -  ResidentSetSize of job (KB)
...
006 (10675.012.000) 09/01 11:45:41 Image size of job updated: 2221608
	1752  -  MemoryUsage of job (MB)
	1793332  -  ResidentSetSize of job (KB)
...
006 (10675.012.000) 09/01 11:50:41 Image size of job updated: 2304848
	1907  -  MemoryUsage of job (MB)
	1952660  -  ResidentSetSize of job (KB)
...
006 (10675.012.000) 09/01 11:55:41 Image size of job updated: 2305244
	1923  -  MemoryUsage of job (MB)
	1968160  -  ResidentSetSize of job (KB)
...
006 (10675.012.000) 09/01 12:00:42 Image size of job updated: 2305564
	1937  -  MemoryUsage of job (MB)
	1983204  -  ResidentSetSize of job (KB)
...
006 (10675.012.000) 09/01 12:05:43 Image size of job updated: 2305564
	1952  -  MemoryUsage of job (MB)
	1998048  -  ResidentSetSize of job (KB)
...
006 (10675.012.000) 09/01 12:10:43 Image size of job updated: 2305564
	1956  -  MemoryUsage of job (MB)
	2002488  -  ResidentSetSize of job (KB)
...
006 (10675.012.000) 09/01 12:15:44 Image size of job updated: 2305564
	1962  -  MemoryUsage of job (MB)
	2008840  -  ResidentSetSize of job (KB)
...
006 (10675.012.000) 09/01 12:20:45 Image size of job updated: 2306092
	2052  -  MemoryUsage of job (MB)
	2101076  -  ResidentSetSize of job (KB)
...
006 (10675.012.000) 09/01 12:25:45 Image size of job updated: 2306092
	2102  -  MemoryUsage of job (MB)
	2151432  -  ResidentSetSize of job (KB)
...
006 (10675.012.000) 09/01 12:30:45 Image size of job updated: 2306092
	2124  -  MemoryUsage of job (MB)
	2174172  -  ResidentSetSize of job (KB)
...
006 (10675.012.000) 09/01 12:35:46 Image size of job updated: 2306092
	2140  -  MemoryUsage of job (MB)
	2191056  -  ResidentSetSize of job (KB)
...
006 (10675.012.000) 09/01 12:40:47 Image size of job updated: 2306092
	2140  -  MemoryUsage of job (MB)
	2191276  -  ResidentSetSize of job (KB)
...
006 (10675.012.000) 09/01 12:45:47 Image size of job updated: 2306092
	2141  -  MemoryUsage of job (MB)
	2191728  -  ResidentSetSize of job (KB)
...
006 (10675.012.000) 09/01 12:50:47 Image size of job updated: 2306092
	2141  -  MemoryUsage of job (MB)
	2192248  -  ResidentSetSize of job (KB)
...
006 (10675.012.000) 09/01 12:55:48 Image size of job updated: 2306436
	2142  -  MemoryUsage of job (MB)
	2192528  -  ResidentSetSize of job (KB)
...
006 (10675.012.000) 09/01 13:00:49 Image size of job updated: 2306436
	2142  -  MemoryUsage of job (MB)
	2192624  -  ResidentSetSize of job (KB)
...
006 (10675.012.000) 09/01 13:10:49 Image size of job updated: 2306436
	2161  -  MemoryUsage of job (MB)
	2211964  -  ResidentSetSize of job (KB)
...
006 (10675.012.000) 09/01 13:15:50 Image size of job updated: 2306436
	2196  -  MemoryUsage of job (MB)
	2247852  -  ResidentSetSize of job (KB)
...
006 (10675.012.000) 09/01 13:20:51 Image size of job updated: 2306436
	2215  -  MemoryUsage of job (MB)
	2267248  -  ResidentSetSize of job (KB)
...
006 (10675.012.000) 09/01 13:25:51 Image size of job updated: 2306436
	2217  -  MemoryUsage of job (MB)
	2269792  -  ResidentSetSize of job (KB)
...
006 (10675.012.000) 09/01 13:30:52 Image size of job updated: 2306436
	2217  -  MemoryUsage of job (MB)
	2270196  -  ResidentSetSize of job (KB)
...
006 (10675.012.000) 09/01 13:35:53 Image size of job updated: 2306436
	2218  -  MemoryUsage of job (MB)
	2270668  -  ResidentSetSize of job (KB)
...
006 (10675.012.000) 09/01 13:40:53 Image size of job updated: 2306436
	2218  -  MemoryUsage of job (MB)
	2271088  -  ResidentSetSize of job (KB)
...
006 (10675.012.000) 09/01 13:45:53 Image size of job updated: 2306436
	2219  -  MemoryUsage of job (MB)
	2271276  -  ResidentSetSize of job (KB)
...
006 (10675.012.000) 09/01 13:50:54 Image size of job updated: 2306436
	2227  -  MemoryUsage of job (MB)
	2280016  -  ResidentSetSize of job (KB)
...
006 (10675.012.000) 09/01 13:55:54 Image size of job updated: 2306436
	2239  -  MemoryUsage of job (MB)
	2291880  -  ResidentSetSize of job (KB)
...
006 (10675.012.000) 09/01 14:00:54 Image size of job updated: 2306436
	2239  -  MemoryUsage of job (MB)
	2291892  -  ResidentSetSize of job (KB)
...
006 (10675.012.000) 09/01 14:05:55 Image size of job updated: 2306436
	2239  -  MemoryUsage of job (MB)
	2291904  -  ResidentSetSize of job (KB)
...
006 (10675.012.000) 09/01 14:30:58 Image size of job updated: 2306436
	2239  -  MemoryUsage of job (MB)
	2291908  -  ResidentSetSize of job (KB)
...
006 (10675.012.000) 09/01 14:40:58 Image size of job updated: 2306436
	2239  -  MemoryUsage of job (MB)
	2291928  -  ResidentSetSize of job (KB)
...
006 (10675.012.000) 09/01 14:45:59 Image size of job updated: 2306436
	2239  -  MemoryUsage of job (MB)
	2292004  -  ResidentSetSize of job (KB)
...
006 (10675.012.000) 09/01 14:51:00 Image size of job updated: 2306436
	2239  -  MemoryUsage of job (MB)
	2292044  -  ResidentSetSize of job (KB)
...
006 (10675.012.000) 09/01 14:56:00 Image size of job updated: 2306436
	2239  -  MemoryUsage of job (MB)
	2292108  -  ResidentSetSize of job (KB)
...
006 (10675.012.000) 09/01 15:01:01 Image size of job updated: 2306436
	2239  -  MemoryUsage of job (MB)
	2292212  -  ResidentSetSize of job (KB)
...
006 (10675.012.000) 09/01 15:06:02 Image size of job updated: 2306436
	2239  -  MemoryUsage of job (MB)
	2292256  -  ResidentSetSize of job (KB)
...
006 (10675.012.000) 09/01 15:11:03 Image size of job updated: 2306436
	2239  -  MemoryUsage of job (MB)
	2292260  -  ResidentSetSize of job (KB)
...
006 (10675.012.000) 09/01 15:16:03 Image size of job updated: 2306436
	2239  -  MemoryUsage of job (MB)
	2292268  -  ResidentSetSize of job (KB)
...
006 (10675.012.000) 09/01 15:21:04 Image size of job updated: 2306436
	2239  -  MemoryUsage of job (MB)
	2292292  -  ResidentSetSize of job (KB)
...
006 (10675.012.000) 09/01 15:26:05 Image size of job updated: 2306436
	2239  -  MemoryUsage of job (MB)
	2292312  -  ResidentSetSize of job (KB)
...
006 (10675.012.000) 09/01 15:31:05 Image size of job updated: 2306436
	2239  -  MemoryUsage of job (MB)
	2292320  -  ResidentSetSize of job (KB)
...
004 (10675.012.000) 09/01 15:34:52 Job was evicted.
	(0) Job was not checkpointed.
		Usr 0 03:53:58, Sys 0 00:00:01  -  Run Remote Usage
		Usr 0 00:00:00, Sys 0 00:00:00  -  Run Local Usage
	0  -  Run Bytes Sent By Job
	0  -  Run Bytes Received By Job
	Partitionable Resources :    Usage  Request          
	   Cpus                 :                 1          
	   Disk (KB)            :     7500     7500          
	   Memory (MB)          :     2239     2239          
...
009 (10675.012.000) 09/01 15:34:53 Job was aborted by the user.
	via condor_rm (by user amir)
...
000 (10677.012.000) 09/01 15:35:23 Job submitted from host: <129.10.52.106:42847>
...
001 (10677.012.000) 09/01 15:35:35 Job executing on host: <10.1.255.248:44088>
...
006 (10677.012.000) 09/01 15:35:44 Image size of job updated: 245460
	228  -  MemoryUsage of job (MB)
	233244  -  ResidentSetSize of job (KB)
...
006 (10677.012.000) 09/01 15:40:45 Image size of job updated: 2221604
	1752  -  MemoryUsage of job (MB)
	1793496  -  ResidentSetSize of job (KB)
...
006 (10677.012.000) 09/01 15:45:45 Image size of job updated: 2304844
	1894  -  MemoryUsage of job (MB)
	1938952  -  ResidentSetSize of job (KB)
...
006 (10677.012.000) 09/01 15:50:45 Image size of job updated: 2305240
	1917  -  MemoryUsage of job (MB)
	1962632  -  ResidentSetSize of job (KB)
...
006 (10677.012.000) 09/01 15:55:46 Image size of job updated: 2305560
	1938  -  MemoryUsage of job (MB)
	1984016  -  ResidentSetSize of job (KB)
...
006 (10677.012.000) 09/01 16:00:47 Image size of job updated: 2305560
	1947  -  MemoryUsage of job (MB)
	1992916  -  ResidentSetSize of job (KB)
...
006 (10677.012.000) 09/01 16:05:47 Image size of job updated: 2305560
	1949  -  MemoryUsage of job (MB)
	1995376  -  ResidentSetSize of job (KB)
...
006 (10677.012.000) 09/01 16:10:48 Image size of job updated: 2305560
	1956  -  MemoryUsage of job (MB)
	2001988  -  ResidentSetSize of job (KB)
...
006 (10677.012.000) 09/01 16:15:49 Image size of job updated: 2306088
	2024  -  MemoryUsage of job (MB)
	2072460  -  ResidentSetSize of job (KB)
...
004 (10677.012.000) 09/01 16:17:46 Job was evicted.
	(0) Job was not checkpointed.
		Usr 0 00:42:06, Sys 0 00:00:00  -  Run Remote Usage
		Usr 0 00:00:00, Sys 0 00:00:00  -  Run Local Usage
	0  -  Run Bytes Sent By Job
	0  -  Run Bytes Received By Job
	Partitionable Resources :    Usage  Request          
	   Cpus                 :                 1          
	   Disk (KB)            :     7500     7500          
	   Memory (MB)          :     2024     2024          
...
009 (10677.012.000) 09/01 16:17:47 Job was aborted by the user.
	via condor_rm (by user amir)
...
000 (10679.012.000) 09/01 16:18:11 Job submitted from host: <129.10.52.106:42847>
...
001 (10679.012.000) 09/01 16:18:23 Job executing on host: <10.1.255.248:44088>
...
006 (10679.012.000) 09/01 16:18:32 Image size of job updated: 15940
	4  -  MemoryUsage of job (MB)
	3720  -  ResidentSetSize of job (KB)
...
006 (10679.012.000) 09/01 16:23:33 Image size of job updated: 2221604
	1790  -  MemoryUsage of job (MB)
	1832520  -  ResidentSetSize of job (KB)
...
006 (10679.012.000) 09/01 16:28:33 Image size of job updated: 2304844
	1929  -  MemoryUsage of job (MB)
	1975144  -  ResidentSetSize of job (KB)
...
006 (10679.012.000) 09/01 16:33:34 Image size of job updated: 2305240
	1944  -  MemoryUsage of job (MB)
	1990484  -  ResidentSetSize of job (KB)
...
006 (10679.012.000) 09/01 16:38:35 Image size of job updated: 2305560
	1963  -  MemoryUsage of job (MB)
	2009624  -  ResidentSetSize of job (KB)
...
006 (10679.012.000) 09/01 16:43:35 Image size of job updated: 2305560
	1978  -  MemoryUsage of job (MB)
	2024468  -  ResidentSetSize of job (KB)
...
006 (10679.012.000) 09/01 16:48:36 Image size of job updated: 2305560
	1980  -  MemoryUsage of job (MB)
	2026804  -  ResidentSetSize of job (KB)
...
006 (10679.012.000) 09/01 16:53:37 Image size of job updated: 2305560
	1984  -  MemoryUsage of job (MB)
	2031288  -  ResidentSetSize of job (KB)
...
006 (10679.012.000) 09/01 16:58:37 Image size of job updated: 2306088
	2036  -  MemoryUsage of job (MB)
	2084356  -  ResidentSetSize of job (KB)
...
006 (10679.012.000) 09/01 17:03:37 Image size of job updated: 2306088
	2049  -  MemoryUsage of job (MB)
	2097228  -  ResidentSetSize of job (KB)
...
006 (10679.012.000) 09/01 17:08:38 Image size of job updated: 2306088
	2097  -  MemoryUsage of job (MB)
	2146716  -  ResidentSetSize of job (KB)
...
006 (10679.012.000) 09/01 17:13:38 Image size of job updated: 2306088
	2152  -  MemoryUsage of job (MB)
	2203552  -  ResidentSetSize of job (KB)
...
006 (10679.012.000) 09/01 17:18:38 Image size of job updated: 2306088
	2157  -  MemoryUsage of job (MB)
	2207788  -  ResidentSetSize of job (KB)
...
006 (10679.012.000) 09/01 17:23:40 Image size of job updated: 2306088
	2159  -  MemoryUsage of job (MB)
	2210084  -  ResidentSetSize of job (KB)
...
006 (10679.012.000) 09/01 17:28:40 Image size of job updated: 2306088
	2159  -  MemoryUsage of job (MB)
	2210200  -  ResidentSetSize of job (KB)
...
006 (10679.012.000) 09/01 17:33:40 Image size of job updated: 2306432
	2159  -  MemoryUsage of job (MB)
	2210312  -  ResidentSetSize of job (KB)
...
006 (10679.012.000) 09/01 17:38:41 Image size of job updated: 2306432
	2159  -  MemoryUsage of job (MB)
	2210340  -  ResidentSetSize of job (KB)
...
006 (10679.012.000) 09/01 17:48:42 Image size of job updated: 2306432
	2175  -  MemoryUsage of job (MB)
	2226868  -  ResidentSetSize of job (KB)
...
006 (10679.012.000) 09/01 17:53:43 Image size of job updated: 2306432
	2202  -  MemoryUsage of job (MB)
	2253988  -  ResidentSetSize of job (KB)
...
006 (10679.012.000) 09/01 17:58:44 Image size of job updated: 2306432
	2234  -  MemoryUsage of job (MB)
	2287072  -  ResidentSetSize of job (KB)
...
006 (10679.012.000) 09/01 18:03:44 Image size of job updated: 2306432
	2240  -  MemoryUsage of job (MB)
	2293464  -  ResidentSetSize of job (KB)
...
006 (10679.012.000) 09/01 18:08:44 Image size of job updated: 2306432
	2240  -  MemoryUsage of job (MB)
	2293596  -  ResidentSetSize of job (KB)
...
006 (10679.012.000) 09/01 18:13:45 Image size of job updated: 2306432
	2241  -  MemoryUsage of job (MB)
	2293784  -  ResidentSetSize of job (KB)
...
006 (10679.012.000) 09/01 18:18:45 Image size of job updated: 2306432
	2241  -  MemoryUsage of job (MB)
	2293888  -  ResidentSetSize of job (KB)
...
006 (10679.012.000) 09/01 18:23:45 Image size of job updated: 2306432
	2241  -  MemoryUsage of job (MB)
	2293892  -  ResidentSetSize of job (KB)
...
006 (10679.012.000) 09/01 18:28:46 Image size of job updated: 2306432
	2241  -  MemoryUsage of job (MB)
	2293932  -  ResidentSetSize of job (KB)
...
006 (10679.012.000) 09/01 18:33:47 Image size of job updated: 2306432
	2241  -  MemoryUsage of job (MB)
	2293948  -  ResidentSetSize of job (KB)
...
006 (10679.012.000) 09/01 18:43:48 Image size of job updated: 2306432
	2241  -  MemoryUsage of job (MB)
	2294172  -  ResidentSetSize of job (KB)
...
006 (10679.012.000) 09/01 19:13:50 Image size of job updated: 2306432
	2241  -  MemoryUsage of job (MB)
	2294176  -  ResidentSetSize of job (KB)
...
006 (10679.012.000) 09/01 19:33:53 Image size of job updated: 2306432
	2241  -  MemoryUsage of job (MB)
	2294184  -  ResidentSetSize of job (KB)
...
006 (10679.012.000) 09/01 19:38:54 Image size of job updated: 2306432
	2241  -  MemoryUsage of job (MB)
	2294196  -  ResidentSetSize of job (KB)
...
006 (10679.012.000) 09/01 19:53:55 Image size of job updated: 2306432
	2241  -  MemoryUsage of job (MB)
	2294200  -  ResidentSetSize of job (KB)
...
006 (10679.012.000) 09/01 19:58:55 Image size of job updated: 2306432
	2241  -  MemoryUsage of job (MB)
	2294232  -  ResidentSetSize of job (KB)
...
006 (10679.012.000) 09/01 20:13:57 Image size of job updated: 2306432
	2241  -  MemoryUsage of job (MB)
	2294252  -  ResidentSetSize of job (KB)
...
006 (10679.012.000) 09/01 20:34:00 Image size of job updated: 2306432
	2241  -  MemoryUsage of job (MB)
	2294268  -  ResidentSetSize of job (KB)
...
