000 (10650.001.000) 08/31 10:25:39 Job submitted from host: <129.10.52.106:42847>
...
001 (10650.001.000) 08/31 10:25:54 Job executing on host: <10.1.255.248:44088>
...
006 (10650.001.000) 08/31 10:26:02 Image size of job updated: 45932
	33  -  MemoryUsage of job (MB)
	33776  -  ResidentSetSize of job (KB)
...
006 (10650.001.000) 08/31 10:31:02 Image size of job updated: 618296
	516  -  MemoryUsage of job (MB)
	527588  -  ResidentSetSize of job (KB)
...
006 (10650.001.000) 08/31 10:36:03 Image size of job updated: 625160
	523  -  MemoryUsage of job (MB)
	534736  -  ResidentSetSize of job (KB)
...
006 (10650.001.000) 08/31 10:41:03 Image size of job updated: 625160
	581  -  MemoryUsage of job (MB)
	594736  -  ResidentSetSize of job (KB)
...
006 (10650.001.000) 08/31 10:46:03 Image size of job updated: 625160
	581  -  MemoryUsage of job (MB)
	594772  -  ResidentSetSize of job (KB)
...
006 (10650.001.000) 08/31 10:56:05 Image size of job updated: 625160
	583  -  MemoryUsage of job (MB)
	596820  -  ResidentSetSize of job (KB)
...
005 (10650.001.000) 08/31 11:00:34 Job terminated.
	(1) Normal termination (return value 0)
		Usr 0 00:34:22, Sys 0 00:00:00  -  Run Remote Usage
		Usr 0 00:00:00, Sys 0 00:00:00  -  Run Local Usage
		Usr 0 00:34:22, Sys 0 00:00:00  -  Total Remote Usage
		Usr 0 00:00:00, Sys 0 00:00:00  -  Total Local Usage
	0  -  Run Bytes Sent By Job
	0  -  Run Bytes Received By Job
	0  -  Total Bytes Sent By Job
	0  -  Total Bytes Received By Job
	Partitionable Resources :    Usage  Request          
	   Cpus                 :                 1          
	   Disk (KB)            :     7500     7500          
	   Memory (MB)          :      583      583          
...
000 (10652.001.000) 08/31 19:51:14 Job submitted from host: <129.10.52.106:42847>
...
001 (10652.001.000) 08/31 19:51:21 Job executing on host: <10.1.255.253:43139>
...
006 (10652.001.000) 08/31 19:51:30 Image size of job updated: 422724
	310  -  MemoryUsage of job (MB)
	316500  -  ResidentSetSize of job (KB)
...
006 (10652.001.000) 08/31 19:53:15 Image size of job updated: 552724
	310  -  MemoryUsage of job (MB)
	316500  -  ResidentSetSize of job (KB)
...
005 (10652.001.000) 08/31 19:53:15 Job terminated.
	(1) Normal termination (return value 0)
		Usr 0 00:01:52, Sys 0 00:00:00  -  Run Remote Usage
		Usr 0 00:00:00, Sys 0 00:00:00  -  Run Local Usage
		Usr 0 00:01:52, Sys 0 00:00:00  -  Total Remote Usage
		Usr 0 00:00:00, Sys 0 00:00:00  -  Total Local Usage
	0  -  Run Bytes Sent By Job
	0  -  Run Bytes Received By Job
	0  -  Total Bytes Sent By Job
	0  -  Total Bytes Received By Job
	Partitionable Resources :    Usage  Request          
	   Cpus                 :                 1          
	   Disk (KB)            :     7500     7500          
	   Memory (MB)          :      310      310          
...
000 (10654.001.000) 08/31 20:16:53 Job submitted from host: <129.10.52.106:42847>
...
001 (10654.001.000) 08/31 20:16:54 Job executing on host: <10.1.255.253:43139>
...
006 (10654.001.000) 08/31 20:17:03 Image size of job updated: 29924
	18  -  MemoryUsage of job (MB)
	17776  -  ResidentSetSize of job (KB)
...
006 (10654.001.000) 08/31 20:22:04 Image size of job updated: 614164
	513  -  MemoryUsage of job (MB)
	525076  -  ResidentSetSize of job (KB)
...
006 (10654.001.000) 08/31 20:27:05 Image size of job updated: 623932
	523  -  MemoryUsage of job (MB)
	535168  -  ResidentSetSize of job (KB)
...
006 (10654.001.000) 08/31 20:32:05 Image size of job updated: 631060
	534  -  MemoryUsage of job (MB)
	546796  -  ResidentSetSize of job (KB)
...
006 (10654.001.000) 08/31 20:37:05 Image size of job updated: 631060
	565  -  MemoryUsage of job (MB)
	577788  -  ResidentSetSize of job (KB)
...
006 (10654.001.000) 08/31 20:42:06 Image size of job updated: 631060
	591  -  MemoryUsage of job (MB)
	604760  -  ResidentSetSize of job (KB)
...
006 (10654.001.000) 08/31 20:47:08 Image size of job updated: 631060
	595  -  MemoryUsage of job (MB)
	608856  -  ResidentSetSize of job (KB)
...
006 (10654.001.000) 08/31 20:52:08 Image size of job updated: 631060
	597  -  MemoryUsage of job (MB)
	610904  -  ResidentSetSize of job (KB)
...
005 (10654.001.000) 08/31 20:53:08 Job terminated.
	(1) Normal termination (return value 0)
		Usr 0 00:36:00, Sys 0 00:00:00  -  Run Remote Usage
		Usr 0 00:00:00, Sys 0 00:00:00  -  Run Local Usage
		Usr 0 00:36:00, Sys 0 00:00:00  -  Total Remote Usage
		Usr 0 00:00:00, Sys 0 00:00:00  -  Total Local Usage
	0  -  Run Bytes Sent By Job
	0  -  Run Bytes Received By Job
	0  -  Total Bytes Sent By Job
	0  -  Total Bytes Received By Job
	Partitionable Resources :    Usage  Request          
	   Cpus                 :                 1          
	   Disk (KB)            :     7500     7500          
	   Memory (MB)          :      597      597          
...
000 (10656.001.000) 08/31 21:02:12 Job submitted from host: <129.10.52.106:42847>
...
001 (10656.001.000) 08/31 21:02:13 Job executing on host: <10.1.255.253:43139>
...
006 (10656.001.000) 08/31 21:02:22 Image size of job updated: 45932
	33  -  MemoryUsage of job (MB)
	33752  -  ResidentSetSize of job (KB)
...
006 (10656.001.000) 08/31 21:07:23 Image size of job updated: 614164
	517  -  MemoryUsage of job (MB)
	529172  -  ResidentSetSize of job (KB)
...
000 (10658.001.000) 08/31 21:08:37 Job submitted from host: <129.10.52.106:42847>
...
001 (10658.001.000) 08/31 21:08:55 Job executing on host: <10.1.255.244:42701>
...
006 (10658.001.000) 08/31 21:09:04 Image size of job updated: 45932
	33  -  MemoryUsage of job (MB)
	33748  -  ResidentSetSize of job (KB)
...
006 (10656.001.000) 08/31 21:09:16 Image size of job updated: 619840
	517  -  MemoryUsage of job (MB)
	529172  -  ResidentSetSize of job (KB)
...
004 (10656.001.000) 08/31 21:09:16 Job was evicted.
	(0) Job was not checkpointed.
		Usr 0 00:07:01, Sys 0 00:00:00  -  Run Remote Usage
		Usr 0 00:00:00, Sys 0 00:00:00  -  Run Local Usage
	0  -  Run Bytes Sent By Job
	0  -  Run Bytes Received By Job
	Partitionable Resources :    Usage  Request          
	   Cpus                 :                 1          
	   Disk (KB)            :     7500     7500          
	   Memory (MB)          :      517      517          
...
009 (10656.001.000) 08/31 21:09:17 Job was aborted by the user.
	via condor_rm (by user amir)
...
006 (10658.001.000) 08/31 21:09:17 Image size of job updated: 427608
	33  -  MemoryUsage of job (MB)
	33748  -  ResidentSetSize of job (KB)
...
004 (10658.001.000) 08/31 21:09:17 Job was evicted.
	(0) Job was not checkpointed.
		Usr 0 00:00:21, Sys 0 00:00:00  -  Run Remote Usage
		Usr 0 00:00:00, Sys 0 00:00:00  -  Run Local Usage
	0  -  Run Bytes Sent By Job
	0  -  Run Bytes Received By Job
	Partitionable Resources :    Usage  Request          
	   Cpus                 :                 1          
	   Disk (KB)            :     7500     7500          
	   Memory (MB)          :       33       33          
...
009 (10658.001.000) 08/31 21:09:18 Job was aborted by the user.
	via condor_rm (by user amir)
...
000 (10660.001.000) 08/31 21:09:35 Job submitted from host: <129.10.52.106:42847>
...
001 (10660.001.000) 08/31 21:09:35 Job executing on host: <10.1.255.244:42701>
...
006 (10660.001.000) 08/31 21:09:44 Image size of job updated: 45932
	33  -  MemoryUsage of job (MB)
	33760  -  ResidentSetSize of job (KB)
...
006 (10660.001.000) 08/31 21:14:45 Image size of job updated: 614296
	569  -  MemoryUsage of job (MB)
	581900  -  ResidentSetSize of job (KB)
...
006 (10660.001.000) 08/31 21:15:48 Image size of job updated: 618256
	569  -  MemoryUsage of job (MB)
	581900  -  ResidentSetSize of job (KB)
...
004 (10660.001.000) 08/31 21:15:48 Job was evicted.
	(0) Job was not checkpointed.
		Usr 0 00:06:11, Sys 0 00:00:00  -  Run Remote Usage
		Usr 0 00:00:00, Sys 0 00:00:00  -  Run Local Usage
	0  -  Run Bytes Sent By Job
	0  -  Run Bytes Received By Job
	Partitionable Resources :    Usage  Request          
	   Cpus                 :                 1          
	   Disk (KB)            :     7500     7500          
	   Memory (MB)          :      569      569          
...
009 (10660.001.000) 08/31 21:15:48 Job was aborted by the user.
	via condor_rm (by user amir)
...
000 (10662.001.000) 08/31 21:16:12 Job submitted from host: <129.10.52.106:42847>
...
001 (10662.001.000) 08/31 21:16:18 Job executing on host: <10.1.255.249:47081>
...
006 (10662.001.000) 08/31 21:16:27 Image size of job updated: 45932
	34  -  MemoryUsage of job (MB)
	33804  -  ResidentSetSize of job (KB)
...
006 (10662.001.000) 08/31 21:21:28 Image size of job updated: 614164
	500  -  MemoryUsage of job (MB)
	511452  -  ResidentSetSize of job (KB)
...
006 (10662.001.000) 08/31 21:26:28 Image size of job updated: 623932
	570  -  MemoryUsage of job (MB)
	583408  -  ResidentSetSize of job (KB)
...
006 (10662.001.000) 08/31 21:31:28 Image size of job updated: 631060
	583  -  MemoryUsage of job (MB)
	596592  -  ResidentSetSize of job (KB)
...
006 (10662.001.000) 08/31 21:36:29 Image size of job updated: 631060
	585  -  MemoryUsage of job (MB)
	598640  -  ResidentSetSize of job (KB)
...
006 (10662.001.000) 08/31 21:41:29 Image size of job updated: 631060
	589  -  MemoryUsage of job (MB)
	602736  -  ResidentSetSize of job (KB)
...
005 (10662.001.000) 08/31 21:52:04 Job terminated.
	(1) Normal termination (return value 0)
		Usr 0 00:35:33, Sys 0 00:00:00  -  Run Remote Usage
		Usr 0 00:00:00, Sys 0 00:00:00  -  Run Local Usage
		Usr 0 00:35:33, Sys 0 00:00:00  -  Total Remote Usage
		Usr 0 00:00:00, Sys 0 00:00:00  -  Total Local Usage
	0  -  Run Bytes Sent By Job
	0  -  Run Bytes Received By Job
	0  -  Total Bytes Sent By Job
	0  -  Total Bytes Received By Job
	Partitionable Resources :    Usage  Request          
	   Cpus                 :                 1          
	   Disk (KB)            :     7500     7500          
	   Memory (MB)          :      589      589          
...
000 (10664.001.000) 08/31 23:17:37 Job submitted from host: <129.10.52.106:42847>
...
001 (10664.001.000) 08/31 23:17:37 Job executing on host: <10.1.255.253:43139>
...
006 (10664.001.000) 08/31 23:17:46 Image size of job updated: 418608
	0  -  MemoryUsage of job (MB)
	0  -  ResidentSetSize of job (KB)
...
005 (10664.001.000) 08/31 23:17:46 Job terminated.
	(1) Normal termination (return value 1)
		Usr 0 00:00:07, Sys 0 00:00:00  -  Run Remote Usage
		Usr 0 00:00:00, Sys 0 00:00:00  -  Run Local Usage
		Usr 0 00:00:07, Sys 0 00:00:00  -  Total Remote Usage
		Usr 0 00:00:00, Sys 0 00:00:00  -  Total Local Usage
	0  -  Run Bytes Sent By Job
	0  -  Run Bytes Received By Job
	0  -  Total Bytes Sent By Job
	0  -  Total Bytes Received By Job
	Partitionable Resources :    Usage  Request          
	   Cpus                 :                 1          
	   Disk (KB)            :     7500     7500          
	   Memory (MB)          :        0        0          
...
000 (10666.001.000) 08/31 23:29:12 Job submitted from host: <129.10.52.106:42847>
...
001 (10666.001.000) 08/31 23:29:14 Job executing on host: <10.1.255.244:42701>
...
006 (10666.001.000) 08/31 23:29:22 Image size of job updated: 45932
	33  -  MemoryUsage of job (MB)
	33768  -  ResidentSetSize of job (KB)
...
006 (10666.001.000) 08/31 23:34:22 Image size of job updated: 614164
	513  -  MemoryUsage of job (MB)
	525160  -  ResidentSetSize of job (KB)
...
006 (10666.001.000) 08/31 23:35:21 Image size of job updated: 617992
	513  -  MemoryUsage of job (MB)
	525160  -  ResidentSetSize of job (KB)
...
004 (10666.001.000) 08/31 23:35:21 Job was evicted.
	(0) Job was not checkpointed.
		Usr 0 00:06:05, Sys 0 00:00:00  -  Run Remote Usage
		Usr 0 00:00:00, Sys 0 00:00:00  -  Run Local Usage
	0  -  Run Bytes Sent By Job
	0  -  Run Bytes Received By Job
	Partitionable Resources :    Usage  Request          
	   Cpus                 :                 1          
	   Disk (KB)            :     7500     7500          
	   Memory (MB)          :      513      513          
...
009 (10666.001.000) 08/31 23:35:21 Job was aborted by the user.
	via condor_rm (by user amir)
...
000 (10668.001.000) 08/31 23:35:57 Job submitted from host: <129.10.52.106:42847>
...
001 (10668.001.000) 08/31 23:35:57 Job executing on host: <10.1.255.245:47081>
...
006 (10668.001.000) 08/31 23:36:06 Image size of job updated: 7500
	3  -  MemoryUsage of job (MB)
	2168  -  ResidentSetSize of job (KB)
...
006 (10668.001.000) 08/31 23:41:07 Image size of job updated: 614560
	542  -  MemoryUsage of job (MB)
	553988  -  ResidentSetSize of job (KB)
...
006 (10668.001.000) 08/31 23:46:07 Image size of job updated: 625516
	567  -  MemoryUsage of job (MB)
	580060  -  ResidentSetSize of job (KB)
...
006 (10668.001.000) 08/31 23:51:07 Image size of job updated: 631060
	583  -  MemoryUsage of job (MB)
	596588  -  ResidentSetSize of job (KB)
...
006 (10668.001.000) 08/31 23:56:08 Image size of job updated: 631060
	585  -  MemoryUsage of job (MB)
	598636  -  ResidentSetSize of job (KB)
...
006 (10668.001.000) 09/01 00:01:08 Image size of job updated: 631060
	589  -  MemoryUsage of job (MB)
	602732  -  ResidentSetSize of job (KB)
...
005 (10668.001.000) 09/01 00:09:55 Job terminated.
	(1) Normal termination (return value 0)
		Usr 0 00:33:43, Sys 0 00:00:00  -  Run Remote Usage
		Usr 0 00:00:00, Sys 0 00:00:00  -  Run Local Usage
		Usr 0 00:33:43, Sys 0 00:00:00  -  Total Remote Usage
		Usr 0 00:00:00, Sys 0 00:00:00  -  Total Local Usage
	0  -  Run Bytes Sent By Job
	0  -  Run Bytes Received By Job
	0  -  Total Bytes Sent By Job
	0  -  Total Bytes Received By Job
	Partitionable Resources :    Usage  Request          
	   Cpus                 :                 1          
	   Disk (KB)            :     7500     7500          
	   Memory (MB)          :      589      589          
...
000 (10670.001.000) 09/01 01:09:26 Job submitted from host: <129.10.52.106:42847>
...
001 (10670.001.000) 09/01 01:09:27 Job executing on host: <10.1.255.245:47081>
...
006 (10670.001.000) 09/01 01:09:35 Image size of job updated: 21436
	9  -  MemoryUsage of job (MB)
	9060  -  ResidentSetSize of job (KB)
...
006 (10670.001.000) 09/01 01:14:35 Image size of job updated: 618296
	510  -  MemoryUsage of job (MB)
	521524  -  ResidentSetSize of job (KB)
...
006 (10670.001.000) 09/01 01:19:36 Image size of job updated: 625160
	517  -  MemoryUsage of job (MB)
	528672  -  ResidentSetSize of job (KB)
...
006 (10670.001.000) 09/01 01:24:37 Image size of job updated: 625160
	517  -  MemoryUsage of job (MB)
	528808  -  ResidentSetSize of job (KB)
...
006 (10670.001.000) 09/01 01:29:37 Image size of job updated: 625160
	535  -  MemoryUsage of job (MB)
	546936  -  ResidentSetSize of job (KB)
...
006 (10670.001.000) 09/01 01:34:38 Image size of job updated: 625160
	575  -  MemoryUsage of job (MB)
	588624  -  ResidentSetSize of job (KB)
...
006 (10670.001.000) 09/01 01:39:39 Image size of job updated: 625160
	583  -  MemoryUsage of job (MB)
	596816  -  ResidentSetSize of job (KB)
...
005 (10670.001.000) 09/01 01:44:18 Job terminated.
	(1) Normal termination (return value 0)
		Usr 0 00:34:34, Sys 0 00:00:00  -  Run Remote Usage
		Usr 0 00:00:00, Sys 0 00:00:00  -  Run Local Usage
		Usr 0 00:34:34, Sys 0 00:00:00  -  Total Remote Usage
		Usr 0 00:00:00, Sys 0 00:00:00  -  Total Local Usage
	0  -  Run Bytes Sent By Job
	0  -  Run Bytes Received By Job
	0  -  Total Bytes Sent By Job
	0  -  Total Bytes Received By Job
	Partitionable Resources :    Usage  Request          
	   Cpus                 :                 1          
	   Disk (KB)            :     7500     7500          
	   Memory (MB)          :      583      583          
...
000 (10672.001.000) 09/01 11:26:49 Job submitted from host: <129.10.52.106:42847>
...
001 (10672.001.000) 09/01 11:26:53 Job executing on host: <10.1.255.246:47592>
...
006 (10672.001.000) 09/01 11:27:01 Image size of job updated: 45932
	33  -  MemoryUsage of job (MB)
	33764  -  ResidentSetSize of job (KB)
...
006 (10672.001.000) 09/01 11:32:01 Image size of job updated: 618296
	504  -  MemoryUsage of job (MB)
	515560  -  ResidentSetSize of job (KB)
...
006 (10672.001.000) 09/01 11:37:01 Image size of job updated: 625160
	563  -  MemoryUsage of job (MB)
	575692  -  ResidentSetSize of job (KB)
...
004 (10672.001.000) 09/01 11:39:45 Job was evicted.
	(0) Job was not checkpointed.
		Usr 0 00:12:50, Sys 0 00:00:00  -  Run Remote Usage
		Usr 0 00:00:00, Sys 0 00:00:00  -  Run Local Usage
	0  -  Run Bytes Sent By Job
	0  -  Run Bytes Received By Job
	Partitionable Resources :    Usage  Request          
	   Cpus                 :                 1          
	   Disk (KB)            :     7500     7500          
	   Memory (MB)          :      563      563          
...
009 (10672.001.000) 09/01 11:39:46 Job was aborted by the user.
	via condor_rm (by user amir)
...
000 (10674.001.000) 09/01 11:40:09 Job submitted from host: <129.10.52.106:42847>
...
001 (10674.001.000) 09/01 11:40:10 Job executing on host: <10.1.255.246:47592>
...
006 (10674.001.000) 09/01 11:40:18 Image size of job updated: 7500
	3  -  MemoryUsage of job (MB)
	2168  -  ResidentSetSize of job (KB)
...
006 (10674.001.000) 09/01 11:45:18 Image size of job updated: 618692
	512  -  MemoryUsage of job (MB)
	524160  -  ResidentSetSize of job (KB)
...
006 (10674.001.000) 09/01 11:50:18 Image size of job updated: 625160
	519  -  MemoryUsage of job (MB)
	530780  -  ResidentSetSize of job (KB)
...
006 (10674.001.000) 09/01 11:55:19 Image size of job updated: 625160
	572  -  MemoryUsage of job (MB)
	585316  -  ResidentSetSize of job (KB)
...
006 (10674.001.000) 09/01 12:00:19 Image size of job updated: 625160
	572  -  MemoryUsage of job (MB)
	585372  -  ResidentSetSize of job (KB)
...
006 (10674.001.000) 09/01 12:05:19 Image size of job updated: 625160
	572  -  MemoryUsage of job (MB)
	585416  -  ResidentSetSize of job (KB)
...
006 (10674.001.000) 09/01 12:10:20 Image size of job updated: 625160
	579  -  MemoryUsage of job (MB)
	592596  -  ResidentSetSize of job (KB)
...
005 (10674.001.000) 09/01 12:14:02 Job terminated.
	(1) Normal termination (return value 0)
		Usr 0 00:33:42, Sys 0 00:00:00  -  Run Remote Usage
		Usr 0 00:00:00, Sys 0 00:00:00  -  Run Local Usage
		Usr 0 00:33:42, Sys 0 00:00:00  -  Total Remote Usage
		Usr 0 00:00:00, Sys 0 00:00:00  -  Total Local Usage
	0  -  Run Bytes Sent By Job
	0  -  Run Bytes Received By Job
	0  -  Total Bytes Sent By Job
	0  -  Total Bytes Received By Job
	Partitionable Resources :    Usage  Request          
	   Cpus                 :                 1          
	   Disk (KB)            :     7500     7500          
	   Memory (MB)          :      579      579          
...
000 (10676.001.000) 09/01 15:35:13 Job submitted from host: <129.10.52.106:42847>
...
001 (10676.001.000) 09/01 15:35:13 Job executing on host: <10.1.255.253:43139>
...
006 (10676.001.000) 09/01 15:35:22 Image size of job updated: 30232
	18  -  MemoryUsage of job (MB)
	17628  -  ResidentSetSize of job (KB)
...
006 (10676.001.000) 09/01 15:40:23 Image size of job updated: 618428
	504  -  MemoryUsage of job (MB)
	515664  -  ResidentSetSize of job (KB)
...
006 (10676.001.000) 09/01 15:45:23 Image size of job updated: 625160
	569  -  MemoryUsage of job (MB)
	582476  -  ResidentSetSize of job (KB)
...
006 (10676.001.000) 09/01 15:55:24 Image size of job updated: 625160
	573  -  MemoryUsage of job (MB)
	586572  -  ResidentSetSize of job (KB)
...
006 (10676.001.000) 09/01 16:00:25 Image size of job updated: 625160
	575  -  MemoryUsage of job (MB)
	588620  -  ResidentSetSize of job (KB)
...
006 (10676.001.000) 09/01 16:05:26 Image size of job updated: 625160
	583  -  MemoryUsage of job (MB)
	596812  -  ResidentSetSize of job (KB)
...
005 (10676.001.000) 09/01 16:08:37 Job terminated.
	(1) Normal termination (return value 0)
		Usr 0 00:33:15, Sys 0 00:00:00  -  Run Remote Usage
		Usr 0 00:00:00, Sys 0 00:00:00  -  Run Local Usage
		Usr 0 00:33:15, Sys 0 00:00:00  -  Total Remote Usage
		Usr 0 00:00:00, Sys 0 00:00:00  -  Total Local Usage
	0  -  Run Bytes Sent By Job
	0  -  Run Bytes Received By Job
	0  -  Total Bytes Sent By Job
	0  -  Total Bytes Received By Job
	Partitionable Resources :    Usage  Request          
	   Cpus                 :                 1          
	   Disk (KB)            :     7500     7500          
	   Memory (MB)          :      583      583          
...
000 (10678.001.000) 09/01 16:18:01 Job submitted from host: <129.10.52.106:42847>
...
001 (10678.001.000) 09/01 16:18:01 Job executing on host: <10.1.255.242:42117>
...
006 (10678.001.000) 09/01 16:18:10 Image size of job updated: 7500
	3  -  MemoryUsage of job (MB)
	2164  -  ResidentSetSize of job (KB)
...
006 (10678.001.000) 09/01 16:23:10 Image size of job updated: 618296
	519  -  MemoryUsage of job (MB)
	531140  -  ResidentSetSize of job (KB)
...
006 (10678.001.000) 09/01 16:28:10 Image size of job updated: 625160
	526  -  MemoryUsage of job (MB)
	538264  -  ResidentSetSize of job (KB)
...
006 (10678.001.000) 09/01 16:33:11 Image size of job updated: 625160
	574  -  MemoryUsage of job (MB)
	587284  -  ResidentSetSize of job (KB)
...
006 (10678.001.000) 09/01 16:38:12 Image size of job updated: 625160
	574  -  MemoryUsage of job (MB)
	587336  -  ResidentSetSize of job (KB)
...
006 (10678.001.000) 09/01 16:43:12 Image size of job updated: 625160
	574  -  MemoryUsage of job (MB)
	587360  -  ResidentSetSize of job (KB)
...
006 (10678.001.000) 09/01 16:48:12 Image size of job updated: 625160
	581  -  MemoryUsage of job (MB)
	594308  -  ResidentSetSize of job (KB)
...
005 (10678.001.000) 09/01 16:52:27 Job terminated.
	(1) Normal termination (return value 0)
		Usr 0 00:34:10, Sys 0 00:00:00  -  Run Remote Usage
		Usr 0 00:00:00, Sys 0 00:00:00  -  Run Local Usage
		Usr 0 00:34:10, Sys 0 00:00:00  -  Total Remote Usage
		Usr 0 00:00:00, Sys 0 00:00:00  -  Total Local Usage
	0  -  Run Bytes Sent By Job
	0  -  Run Bytes Received By Job
	0  -  Total Bytes Sent By Job
	0  -  Total Bytes Received By Job
	Partitionable Resources :    Usage  Request          
	   Cpus                 :                 1          
	   Disk (KB)            :     7500     7500          
	   Memory (MB)          :      581      581          
...
