
; Multi2Sim 4.2 - A Simulation Framework for CPU-GPU Heterogeneous Computing
; Please use command 'm2s --help' for a list of command-line options.
; Simulation alpha-numeric ID: Yea0c


;
; Simulation Statistics Summary
;

[ General ]
RealTime = 2064.96 [s]
SimEnd = ContextsFinished
SimTime = 427009.00 [ns]
Frequency = 1000 [MHz]
Cycles = 427010

[ SouthernIslands ]
RealTime = 0.00 [s]
Instructions = 1139712
InstructionsPerSecond = 0
NDRangeCount = 1
WorkGroupCount = 256
BranchInstructions = 0
LDSInstructions = 0
ScalarALUInstructions = 13312
ScalarMemInstructions = 9216
VectorALUInstructions = 1105920
VectorMemInstructions = 11264
SimTime = 426903.11 [ns]
Frequency = 925 [MHz]
Cycles = 394915
CyclesPerSecond = 0

[ x86 ]
RealTime = 19.09 [s]
Instructions = 22342962
InstructionsPerSecond = 1170532
Contexts = 2
Memory = 35782656

Warning: empty y range [0:0], adjusting to [0:1]
